#
# A fatal error has been detected by the Java Runtime Environment:
#
#  EXCEPTION_ACCESS_VIOLATION (0xc0000005) at pc=0x0000000180024e2f, pid=9220, tid=12404
#
# JRE version: OpenJDK Runtime Environment (16.0.2+7) (build 16.0.2+7-67)
# Java VM: OpenJDK 64-Bit Server VM (16.0.2+7-67, mixed mode, tiered, compressed oops, compressed class ptrs, g1 gc, windows-amd64)
# Problematic frame:
# C  [wpcap.dll+0x24e2f]
#
# No core dump will be written. Minidumps are not enabled by default on client versions of Windows
#
# If you would like to submit a bug report, please visit:
#   https://bugreport.java.com/bugreport/crash.jsp
# The crash happened outside the Java Virtual Machine in native code.
# See problematic frame for where to report the bug.
#

---------------  S U M M A R Y ------------

Command Line: -Dfile.encoding=GBK -XX:+ShowCodeDetailsInExceptionMessages control.SnifferDriver

Host: Intel(R) Core(TM) i5-7200U CPU @ 2.50GHz, 4 cores, 7G,  Windows 10 , 64 bit Build 19041 (10.0.19041.1348)
Time: Fri Dec 10 02:05:26 2021  Windows 10 , 64 bit Build 19041 (10.0.19041.1348) elapsed time: 13.571950 seconds (0d 0h 0m 13s)

---------------  T H R E A D  ---------------

Current thread (0x0000015ad9a28020):  JavaThread "AWT-EventQueue-0" [_thread_in_native, id=12404, stack(0x00000052d9500000,0x00000052d9600000)]

Stack: [0x00000052d9500000,0x00000052d9600000],  sp=0x00000052d95fe0b0,  free space=1016k
Native frames: (J=compiled Java code, j=interpreted, Vv=VM code, C=native code)
C  [wpcap.dll+0x24e2f]

Java frames: (J=compiled Java code, j=interpreted, Vv=VM code)
j  jpcap.JpcapCaptor.getPacket()Ljpcap/packet/Packet;+0
j  model.Captor.capture(I)[Ljpcap/packet/IPPacket;+25
j  control.Controller.actionPerformed(Ljava/awt/event/ActionEvent;)V+151
j  javax.swing.AbstractButton.fireActionPerformed(Ljava/awt/event/ActionEvent;)V+84 java.desktop@16.0.2
j  javax.swing.AbstractButton$Handler.actionPerformed(Ljava/awt/event/ActionEvent;)V+5 java.desktop@16.0.2
j  javax.swing.DefaultButtonModel.fireActionPerformed(Ljava/awt/event/ActionEvent;)V+34 java.desktop@16.0.2
j  javax.swing.DefaultButtonModel.setPressed(Z)V+117 java.desktop@16.0.2
j  javax.swing.plaf.basic.BasicButtonListener.mouseReleased(Ljava/awt/event/MouseEvent;)V+35 java.desktop@16.0.2
j  java.awt.Component.processMouseEvent(Ljava/awt/event/MouseEvent;)V+64 java.desktop@16.0.2
j  javax.swing.JComponent.processMouseEvent(Ljava/awt/event/MouseEvent;)V+23 java.desktop@16.0.2
J 1349 c1 java.awt.Component.processEvent(Ljava/awt/AWTEvent;)V java.desktop@16.0.2 (220 bytes) @ 0x0000015ac3302c14 [0x0000015ac3302620+0x00000000000005f4]
J 1348 c1 java.awt.Container.processEvent(Ljava/awt/AWTEvent;)V java.desktop@16.0.2 (22 bytes) @ 0x0000015ac3302104 [0x0000015ac3301de0+0x0000000000000324]
J 1153 c1 java.awt.Component.dispatchEventImpl(Ljava/awt/AWTEvent;)V java.desktop@16.0.2 (777 bytes) @ 0x0000015ac32750c4 [0x0000015ac3271a40+0x0000000000003684]
J 983 c1 java.awt.Container.dispatchEventImpl(Ljava/awt/AWTEvent;)V java.desktop@16.0.2 (129 bytes) @ 0x0000015ac322309c [0x0000015ac3222f60+0x000000000000013c]
J 1157 c1 java.awt.LightweightDispatcher.retargetMouseEvent(Ljava/awt/Component;ILjava/awt/event/MouseEvent;)V java.desktop@16.0.2 (372 bytes) @ 0x0000015ac327dd14 [0x0000015ac327b800+0x0000000000002514]
J 1165 c1 java.awt.LightweightDispatcher.processMouseEvent(Ljava/awt/event/MouseEvent;)Z java.desktop@16.0.2 (265 bytes) @ 0x0000015ac3286a3c [0x0000015ac3285ac0+0x0000000000000f7c]
J 1167 c1 java.awt.LightweightDispatcher.dispatchEvent(Ljava/awt/AWTEvent;)Z java.desktop@16.0.2 (73 bytes) @ 0x0000015ac32884a4 [0x0000015ac3288080+0x0000000000000424]
J 983 c1 java.awt.Container.dispatchEventImpl(Ljava/awt/AWTEvent;)V java.desktop@16.0.2 (129 bytes) @ 0x0000015ac322303c [0x0000015ac3222f60+0x00000000000000dc]
J 1164 c1 java.awt.Window.dispatchEventImpl(Ljava/awt/AWTEvent;)V java.desktop@16.0.2 (23 bytes) @ 0x0000015ac32854cc [0x0000015ac3284f00+0x00000000000005cc]
J 1069 c1 java.awt.EventQueue.dispatchEventImpl(Ljava/awt/AWTEvent;Ljava/lang/Object;)V java.desktop@16.0.2 (136 bytes) @ 0x0000015ac3246c14 [0x0000015ac3246780+0x0000000000000494]
J 1068 c1 java.awt.EventQueue$4.run()Ljava/lang/Void; java.desktop@16.0.2 (60 bytes) @ 0x0000015ac324602c [0x0000015ac3245f00+0x000000000000012c]
J 1331 c1 java.awt.EventQueue$4.run()Ljava/lang/Object; java.desktop@16.0.2 (5 bytes) @ 0x0000015ac32e1434 [0x0000015ac32e13c0+0x0000000000000074]
J 870 c1 java.security.ProtectionDomain$JavaSecurityAccessImpl.doIntersectionPrivilege(Ljava/security/PrivilegedAction;Ljava/security/AccessControlContext;Ljava/security/AccessControlContext;)Ljava/lang/Object; java.base@16.0.2 (22 bytes) @ 0x0000015ac31f54cc [0x0000015ac31f5240+0x000000000000028c]
J 923 c1 java.awt.EventQueue.dispatchEvent(Ljava/awt/AWTEvent;)V java.desktop@16.0.2 (80 bytes) @ 0x0000015ac320361c [0x0000015ac3202b60+0x0000000000000abc]
J 1070 c1 java.awt.EventDispatchThread.pumpOneEventForFilters(I)V java.desktop@16.0.2 (113 bytes) @ 0x0000015ac324a50c [0x0000015ac3249ea0+0x000000000000066c]
j  java.awt.EventDispatchThread.pumpEventsForFilter(ILjava/awt/Conditional;Ljava/awt/EventFilter;)V+35 java.desktop@16.0.2
j  java.awt.EventDispatchThread.pumpEventsForHierarchy(ILjava/awt/Conditional;Ljava/awt/Component;)V+11 java.desktop@16.0.2
j  java.awt.EventDispatchThread.pumpEvents(ILjava/awt/Conditional;)V+4 java.desktop@16.0.2
j  java.awt.EventDispatchThread.pumpEvents(Ljava/awt/Conditional;)V+3 java.desktop@16.0.2
j  java.awt.EventDispatchThread.run()V+9 java.desktop@16.0.2
v  ~StubRoutines::call_stub

siginfo: EXCEPTION_ACCESS_VIOLATION (0xc0000005), reading address 0x00000000000002c0


Register to memory mapping:

RIP=0x0000000180024e2f wpcap.dll
RAX=0x00000000000002b0 is an unknown value
RBX=0x0 is NULL
RCX=0x0 is NULL
RDX=0x00000052d95fe160 is pointing into the stack for thread: 0x0000015ad9a28020
RSP=0x00000052d95fe0b0 is pointing into the stack for thread: 0x0000015ad9a28020
RBP=0x00007ff8619b0000 jpcap.dll
RSI=0x00000052d95fe160 is pointing into the stack for thread: 0x0000015ad9a28020
RDI=0x00000052d95fe150 is pointing into the stack for thread: 0x0000015ad9a28020
R8 =0x00000052d95fe150 is pointing into the stack for thread: 0x0000015ad9a28020
R9 =0x0000000089095a50 is an oop: jpcap.JpcapCaptor 
{0x0000000089095a50} - klass: 'jpcap/JpcapCaptor'
R10=0x00007ff82f191160 jvm.dll
R11=0x0000000000000016 is an unknown value
R12=0x0 is NULL
R13={method} {0x0000015ada806c68} 'getPacket' '()Ljpcap/packet/Packet;' in 'jpcap/JpcapCaptor'
R14=0x00000052d95fe1e8 is pointing into the stack for thread: 0x0000015ad9a28020
R15=0x0000015ad9a28020 is a thread


Registers:
RAX=0x00000000000002b0, RBX=0x0000000000000000, RCX=0x0000000000000000, RDX=0x00000052d95fe160
RSP=0x00000052d95fe0b0, RBP=0x00007ff8619b0000, RSI=0x00000052d95fe160, RDI=0x00000052d95fe150
R8 =0x00000052d95fe150, R9 =0x0000000089095a50, R10=0x00007ff82f191160, R11=0x0000000000000016
R12=0x0000000000000000, R13=0x0000015ada806c60, R14=0x00000052d95fe1e8, R15=0x0000015ad9a28020
RIP=0x0000000180024e2f, EFLAGS=0x0000000000010202

Top of Stack: (sp=0x00000052d95fe0b0)
0x00000052d95fe0b0:   00009dd41bb5062a 0000015ad8e1bbb8
0x00000052d95fe0c0:   0000015ad9a28020 0000015ada806c60
0x00000052d95fe0d0:   0000000000000000 00000052d95fe1e8
0x00000052d95fe0e0:   0000015ad9a28330 00000052d95fe1e8
0x00000052d95fe0f0:   0000000000000000 00007ff8619b1e09
0x00000052d95fe100:   0000000000000000 0000015ad9a28330
0x00000052d95fe110:   00000052d95fe100 0000015ad8e15b96
0x00000052d95fe120:   00000052d95fe180 0000015ad8e18270
0x00000052d95fe130:   0000000088c82318 0000000000000190
0x00000052d95fe140:   00000052d95fe1c8 0000015ac2b2dca2
0x00000052d95fe150:   00000052d95fe178 0000015ada806c60
0x00000052d95fe160:   00000000000002b0 0000000000000000
0x00000052d95fe170:   000000008978bff0 0000000088c82320
0x00000052d95fe180:   00000052d95fe180 0000000000000000
0x00000052d95fe190:   00000052d95fe1e8 0000015ada807800
0x00000052d95fe1a0:   0000000000000000 00000000892adcd0 

Instructions: (pc=0x0000000180024e2f)
0x0000000180024d2f:   85 db 7f bd 33 c0 48 8b 5c 24 30 48 8b 6c 24 38
0x0000000180024d3f:   48 8b 74 24 40 48 83 c4 20 5f c3 cc cc cc cc cc
0x0000000180024d4f:   cc 8b 02 4c 8b 09 41 89 01 8b 42 04 41 89 41 04
0x0000000180024d5f:   8b 42 08 41 89 41 08 8b 42 0c 41 89 41 0c 4c 89
0x0000000180024d6f:   41 08 c3 cc cc cc cc cc cc cc cc cc cc cc cc cc
0x0000000180024d7f:   cc 40 53 48 83 ec 30 83 b9 c0 02 00 00 00 48 8b
0x0000000180024d8f:   d9 48 89 54 24 20 74 12 83 b9 d0 02 00 00 00 75
0x0000000180024d9f:   09 e8 8b be ff ff 85 c0 75 1e 4c 8d 4c 24 20 4c
0x0000000180024daf:   8d 05 9b ff ff ff ba 01 00 00 00 48 8b cb ff 93
0x0000000180024dbf:   30 01 00 00 85 c0 7f 08 33 c0 48 83 c4 30 5b c3
0x0000000180024dcf:   48 8b 44 24 28 48 83 c4 30 5b c3 cc cc cc cc cc
0x0000000180024ddf:   cc 8b 02 4c 8b 09 41 89 01 8b 42 04 41 89 41 04
0x0000000180024def:   8b 42 08 41 89 41 08 8b 42 0c 41 89 41 0c 48 8b
0x0000000180024dff:   41 08 4c 89 00 c3 cc cc cc cc cc cc cc cc cc cc
0x0000000180024e0f:   cc 48 89 5c 24 08 48 89 74 24 10 57 48 83 ec 40
0x0000000180024e1f:   48 8d 81 b0 02 00 00 49 8b f8 48 8b f2 48 89 02
0x0000000180024e2f:   83 b9 c0 02 00 00 00 48 8b d9 48 89 44 24 30 4c
0x0000000180024e3f:   89 44 24 38 74 43 83 b9 d0 02 00 00 00 75 1c e8
0x0000000180024e4f:   dd bd ff ff 85 c0 74 13 83 c8 ff 48 8b 5c 24 50
0x0000000180024e5f:   48 8b 74 24 58 48 83 c4 40 5f c3 4c 8b c7 48 8b
0x0000000180024e6f:   d6 48 8b cb e8 e8 aa ff ff 48 8b 5c 24 50 48 8b
0x0000000180024e7f:   74 24 58 48 83 c4 40 5f c3 48 83 79 58 00 0f 84
0x0000000180024e8f:   68 01 00 00 33 ff 83 7b 54 00 0f 85 3e 01 00 00
0x0000000180024e9f:   44 8b 8b f0 00 00 00 4c 8b 83 f8 00 00 00 48 8d
0x0000000180024eaf:   54 24 20 48 8b cb e8 d6 12 00 00 85 c0 0f 85 12
0x0000000180024ebf:   01 00 00 48 8b 8b 98 01 00 00 48 85 c9 74 1a 44
0x0000000180024ecf:   8b 4c 24 28 44 8b 44 24 2c 48 8b 93 f8 00 00 00
0x0000000180024edf:   e8 fc c1 fd ff 85 c0 74 ad 8b 8b d4 02 00 00 83
0x0000000180024eef:   f9 01 75 19 8b 05 4b 93 03 00 03 c1 99 f7 bb d8
0x0000000180024eff:   02 00 00 85 d2 89 15 3a 93 03 00 75 89 83 f9 02
0x0000000180024f0f:   75 6b 44 8b 44 24 20 8b 05 2c 93 03 00 44 3b c0
0x0000000180024f1f:   0f 8c 70 ff ff ff 8b 54 24 24 75 0c 3b 15 1b 93 


Stack slot to memory mapping:
stack at sp + 0 slots: 0x00009dd41bb5062a is an unknown value
stack at sp + 1 slots: 0x0000015ad8e1bbb8 is pointing into metadata
stack at sp + 2 slots: 0x0000015ad9a28020 is a thread
stack at sp + 3 slots: {method} {0x0000015ada806c68} 'getPacket' '()Ljpcap/packet/Packet;' in 'jpcap/JpcapCaptor'
stack at sp + 4 slots: 0x0 is NULL
stack at sp + 5 slots: 0x00000052d95fe1e8 is pointing into the stack for thread: 0x0000015ad9a28020
stack at sp + 6 slots: 0x0000015ad9a28330 points into unknown readable memory: 0x00007ff82f1133d0 | d0 33 11 2f f8 7f 00 00
stack at sp + 7 slots: 0x00000052d95fe1e8 is pointing into the stack for thread: 0x0000015ad9a28020


---------------  P R O C E S S  ---------------

Threads class SMR info:
_java_thread_list=0x0000015ad9ffdf10, length=17, elements={
0x0000015ad8b3f010, 0x0000015ad8b403b0, 0x0000015ad8b72f00, 0x0000015ad8b73710,
0x0000015ad94150b0, 0x0000015ad9419ef0, 0x0000015ad941eff0, 0x0000015ad941fe90,
0x0000015ad942ac80, 0x0000015ad957b1a0, 0x0000015ad9594010, 0x0000015ad98fff60,
0x0000015ad9900480, 0x0000015ad991e1b0, 0x0000015ad9a28020, 0x0000015ad9ccda60,
0x0000015abf59b390
}

Java Threads: ( => current thread )
  0x0000015ad8b3f010 JavaThread "Reference Handler" daemon [_thread_blocked, id=2904, stack(0x00000052d8600000,0x00000052d8700000)]
  0x0000015ad8b403b0 JavaThread "Finalizer" daemon [_thread_blocked, id=15092, stack(0x00000052d8700000,0x00000052d8800000)]
  0x0000015ad8b72f00 JavaThread "Signal Dispatcher" daemon [_thread_blocked, id=5984, stack(0x00000052d8800000,0x00000052d8900000)]
  0x0000015ad8b73710 JavaThread "Attach Listener" daemon [_thread_blocked, id=11900, stack(0x00000052d8900000,0x00000052d8a00000)]
  0x0000015ad94150b0 JavaThread "Service Thread" daemon [_thread_blocked, id=11260, stack(0x00000052d8a00000,0x00000052d8b00000)]
  0x0000015ad9419ef0 JavaThread "Monitor Deflation Thread" daemon [_thread_blocked, id=13000, stack(0x00000052d8b00000,0x00000052d8c00000)]
  0x0000015ad941eff0 JavaThread "C2 CompilerThread0" daemon [_thread_blocked, id=6556, stack(0x00000052d8c00000,0x00000052d8d00000)]
  0x0000015ad941fe90 JavaThread "C1 CompilerThread0" daemon [_thread_blocked, id=8604, stack(0x00000052d8d00000,0x00000052d8e00000)]
  0x0000015ad942ac80 JavaThread "Sweeper thread" daemon [_thread_blocked, id=16324, stack(0x00000052d8e00000,0x00000052d8f00000)]
  0x0000015ad957b1a0 JavaThread "Notification Thread" daemon [_thread_blocked, id=1088, stack(0x00000052d8f00000,0x00000052d9000000)]
  0x0000015ad9594010 JavaThread "Common-Cleaner" daemon [_thread_blocked, id=5196, stack(0x00000052d9100000,0x00000052d9200000)]
  0x0000015ad98fff60 JavaThread "Java2D Disposer" daemon [_thread_blocked, id=11820, stack(0x00000052d9200000,0x00000052d9300000)]
  0x0000015ad9900480 JavaThread "AWT-Shutdown" [_thread_blocked, id=5688, stack(0x00000052d9300000,0x00000052d9400000)]
  0x0000015ad991e1b0 JavaThread "AWT-Windows" daemon [_thread_in_native, id=6792, stack(0x00000052d9400000,0x00000052d9500000)]
=>0x0000015ad9a28020 JavaThread "AWT-EventQueue-0" [_thread_in_native, id=12404, stack(0x00000052d9500000,0x00000052d9600000)]
  0x0000015ad9ccda60 JavaThread "TimerQueue" daemon [_thread_blocked, id=13948, stack(0x00000052d9900000,0x00000052d9a00000)]
  0x0000015abf59b390 JavaThread "DestroyJavaVM" [_thread_blocked, id=4144, stack(0x00000052d7f00000,0x00000052d8000000)]

Other Threads:
  0x0000015ad8b2ade0 VMThread "VM Thread" [stack: 0x00000052d8500000,0x00000052d8600000] [id=2284]
  0x0000015ad94d1ab0 WatcherThread [stack: 0x00000052d9000000,0x00000052d9100000] [id=2952]
  0x0000015abf5d8370 GCTaskThread "GC Thread#0" [stack: 0x00000052d8000000,0x00000052d8100000] [id=2436]
  0x0000015abf5ea960 ConcurrentGCThread "G1 Main Marker" [stack: 0x00000052d8100000,0x00000052d8200000] [id=9920]
  0x0000015abf5eb450 ConcurrentGCThread "G1 Conc#0" [stack: 0x00000052d8200000,0x00000052d8300000] [id=15948]
  0x0000015abf667450 ConcurrentGCThread "G1 Refine#0" [stack: 0x00000052d8300000,0x00000052d8400000] [id=11764]
  0x0000015abf667f50 ConcurrentGCThread "G1 Service" [stack: 0x00000052d8400000,0x00000052d8500000] [id=3904]

Threads with active compile tasks:

VM state: not at safepoint (normal execution)

VM Mutex/Monitor currently owned by a thread: None

Heap address: 0x0000000081800000, size: 2024 MB, Compressed Oops mode: 32-bit

CDS disabled.
Compressed class space mapped at: 0x0000000100000000-0x0000000140000000, reserved size: 1073741824
Narrow klass base: 0x0000000000000000, Narrow klass shift: 3, Narrow klass range: 0x140000000

GC Precious Log:
 CPUs: 4 total, 4 available
 Memory: 8090M
 Large Page Support: Disabled
 NUMA Support: Disabled
 Compressed Oops: Enabled (32-bit)
 Heap Region Size: 1M
 Heap Min Capacity: 8M
 Heap Initial Capacity: 128M
 Heap Max Capacity: 2024M
 Pre-touch: Disabled
 Parallel Workers: 4
 Concurrent Workers: 1
 Concurrent Refinement Workers: 4
 Periodic GC: Disabled

Heap:
 garbage-first heap   total 131072K, used 19456K [0x0000000081800000, 0x0000000100000000)
  region size 1024K, 12 young (12288K), 0 survivors (0K)
 Metaspace       used 17563K, committed 17728K, reserved 1064960K
  class space    used 1752K, committed 1856K, reserved 1048576K

Heap Regions: E=young(eden), S=young(survivor), O=old, HS=humongous(starts), HC=humongous(continues), CS=collection set, F=free, OA=open archive, CA=closed archive, TAMS=top-at-mark-start (previous, next)
|   0|0x0000000081800000, 0x0000000081900000, 0x0000000081900000|100%|HS|  |TAMS 0x0000000081800000, 0x0000000081800000| Complete 
|   1|0x0000000081900000, 0x0000000081a00000, 0x0000000081a00000|100%|HS|  |TAMS 0x0000000081900000, 0x0000000081900000| Complete 
|   2|0x0000000081a00000, 0x0000000081b00000, 0x0000000081b00000|100%|HC|  |TAMS 0x0000000081a00000, 0x0000000081a00000| Complete 
|   3|0x0000000081b00000, 0x0000000081c00000, 0x0000000081c00000|100%|HC|  |TAMS 0x0000000081b00000, 0x0000000081b00000| Complete 
|   4|0x0000000081c00000, 0x0000000081d00000, 0x0000000081d00000|100%|HC|  |TAMS 0x0000000081c00000, 0x0000000081c00000| Complete 
|   5|0x0000000081d00000, 0x0000000081e00000, 0x0000000081e00000|100%|HC|  |TAMS 0x0000000081d00000, 0x0000000081d00000| Complete 
|   6|0x0000000081e00000, 0x0000000081f00000, 0x0000000081f00000|100%|HS|  |TAMS 0x0000000081e00000, 0x0000000081e00000| Complete 
|   7|0x0000000081f00000, 0x0000000082000000, 0x0000000082000000|100%|HS|  |TAMS 0x0000000081f00000, 0x0000000081f00000| Complete 
|   8|0x0000000082000000, 0x0000000082000000, 0x0000000082100000|  0%| F|  |TAMS 0x0000000082000000, 0x0000000082000000| Untracked 
|   9|0x0000000082100000, 0x0000000082100000, 0x0000000082200000|  0%| F|  |TAMS 0x0000000082100000, 0x0000000082100000| Untracked 
|  10|0x0000000082200000, 0x0000000082200000, 0x0000000082300000|  0%| F|  |TAMS 0x0000000082200000, 0x0000000082200000| Untracked 
|  11|0x0000000082300000, 0x0000000082300000, 0x0000000082400000|  0%| F|  |TAMS 0x0000000082300000, 0x0000000082300000| Untracked 
|  12|0x0000000082400000, 0x0000000082400000, 0x0000000082500000|  0%| F|  |TAMS 0x0000000082400000, 0x0000000082400000| Untracked 
|  13|0x0000000082500000, 0x0000000082500000, 0x0000000082600000|  0%| F|  |TAMS 0x0000000082500000, 0x0000000082500000| Untracked 
|  14|0x0000000082600000, 0x0000000082600000, 0x0000000082700000|  0%| F|  |TAMS 0x0000000082600000, 0x0000000082600000| Untracked 
|  15|0x0000000082700000, 0x0000000082700000, 0x0000000082800000|  0%| F|  |TAMS 0x0000000082700000, 0x0000000082700000| Untracked 
|  16|0x0000000082800000, 0x0000000082800000, 0x0000000082900000|  0%| F|  |TAMS 0x0000000082800000, 0x0000000082800000| Untracked 
|  17|0x0000000082900000, 0x0000000082900000, 0x0000000082a00000|  0%| F|  |TAMS 0x0000000082900000, 0x0000000082900000| Untracked 
|  18|0x0000000082a00000, 0x0000000082a00000, 0x0000000082b00000|  0%| F|  |TAMS 0x0000000082a00000, 0x0000000082a00000| Untracked 
|  19|0x0000000082b00000, 0x0000000082b00000, 0x0000000082c00000|  0%| F|  |TAMS 0x0000000082b00000, 0x0000000082b00000| Untracked 
|  20|0x0000000082c00000, 0x0000000082c00000, 0x0000000082d00000|  0%| F|  |TAMS 0x0000000082c00000, 0x0000000082c00000| Untracked 
|  21|0x0000000082d00000, 0x0000000082d00000, 0x0000000082e00000|  0%| F|  |TAMS 0x0000000082d00000, 0x0000000082d00000| Untracked 
|  22|0x0000000082e00000, 0x0000000082e00000, 0x0000000082f00000|  0%| F|  |TAMS 0x0000000082e00000, 0x0000000082e00000| Untracked 
|  23|0x0000000082f00000, 0x0000000082f00000, 0x0000000083000000|  0%| F|  |TAMS 0x0000000082f00000, 0x0000000082f00000| Untracked 
|  24|0x0000000083000000, 0x0000000083000000, 0x0000000083100000|  0%| F|  |TAMS 0x0000000083000000, 0x0000000083000000| Untracked 
|  25|0x0000000083100000, 0x0000000083100000, 0x0000000083200000|  0%| F|  |TAMS 0x0000000083100000, 0x0000000083100000| Untracked 
|  26|0x0000000083200000, 0x0000000083200000, 0x0000000083300000|  0%| F|  |TAMS 0x0000000083200000, 0x0000000083200000| Untracked 
|  27|0x0000000083300000, 0x0000000083300000, 0x0000000083400000|  0%| F|  |TAMS 0x0000000083300000, 0x0000000083300000| Untracked 
|  28|0x0000000083400000, 0x0000000083400000, 0x0000000083500000|  0%| F|  |TAMS 0x0000000083400000, 0x0000000083400000| Untracked 
|  29|0x0000000083500000, 0x0000000083500000, 0x0000000083600000|  0%| F|  |TAMS 0x0000000083500000, 0x0000000083500000| Untracked 
|  30|0x0000000083600000, 0x0000000083600000, 0x0000000083700000|  0%| F|  |TAMS 0x0000000083600000, 0x0000000083600000| Untracked 
|  31|0x0000000083700000, 0x0000000083700000, 0x0000000083800000|  0%| F|  |TAMS 0x0000000083700000, 0x0000000083700000| Untracked 
|  32|0x0000000083800000, 0x0000000083800000, 0x0000000083900000|  0%| F|  |TAMS 0x0000000083800000, 0x0000000083800000| Untracked 
|  33|0x0000000083900000, 0x0000000083900000, 0x0000000083a00000|  0%| F|  |TAMS 0x0000000083900000, 0x0000000083900000| Untracked 
|  34|0x0000000083a00000, 0x0000000083a00000, 0x0000000083b00000|  0%| F|  |TAMS 0x0000000083a00000, 0x0000000083a00000| Untracked 
|  35|0x0000000083b00000, 0x0000000083b00000, 0x0000000083c00000|  0%| F|  |TAMS 0x0000000083b00000, 0x0000000083b00000| Untracked 
|  36|0x0000000083c00000, 0x0000000083c00000, 0x0000000083d00000|  0%| F|  |TAMS 0x0000000083c00000, 0x0000000083c00000| Untracked 
|  37|0x0000000083d00000, 0x0000000083d00000, 0x0000000083e00000|  0%| F|  |TAMS 0x0000000083d00000, 0x0000000083d00000| Untracked 
|  38|0x0000000083e00000, 0x0000000083e00000, 0x0000000083f00000|  0%| F|  |TAMS 0x0000000083e00000, 0x0000000083e00000| Untracked 
|  39|0x0000000083f00000, 0x0000000083f00000, 0x0000000084000000|  0%| F|  |TAMS 0x0000000083f00000, 0x0000000083f00000| Untracked 
|  40|0x0000000084000000, 0x0000000084000000, 0x0000000084100000|  0%| F|  |TAMS 0x0000000084000000, 0x0000000084000000| Untracked 
|  41|0x0000000084100000, 0x0000000084100000, 0x0000000084200000|  0%| F|  |TAMS 0x0000000084100000, 0x0000000084100000| Untracked 
|  42|0x0000000084200000, 0x0000000084200000, 0x0000000084300000|  0%| F|  |TAMS 0x0000000084200000, 0x0000000084200000| Untracked 
|  43|0x0000000084300000, 0x0000000084300000, 0x0000000084400000|  0%| F|  |TAMS 0x0000000084300000, 0x0000000084300000| Untracked 
|  44|0x0000000084400000, 0x0000000084400000, 0x0000000084500000|  0%| F|  |TAMS 0x0000000084400000, 0x0000000084400000| Untracked 
|  45|0x0000000084500000, 0x0000000084500000, 0x0000000084600000|  0%| F|  |TAMS 0x0000000084500000, 0x0000000084500000| Untracked 
|  46|0x0000000084600000, 0x0000000084600000, 0x0000000084700000|  0%| F|  |TAMS 0x0000000084600000, 0x0000000084600000| Untracked 
|  47|0x0000000084700000, 0x0000000084700000, 0x0000000084800000|  0%| F|  |TAMS 0x0000000084700000, 0x0000000084700000| Untracked 
|  48|0x0000000084800000, 0x0000000084800000, 0x0000000084900000|  0%| F|  |TAMS 0x0000000084800000, 0x0000000084800000| Untracked 
|  49|0x0000000084900000, 0x0000000084900000, 0x0000000084a00000|  0%| F|  |TAMS 0x0000000084900000, 0x0000000084900000| Untracked 
|  50|0x0000000084a00000, 0x0000000084a00000, 0x0000000084b00000|  0%| F|  |TAMS 0x0000000084a00000, 0x0000000084a00000| Untracked 
|  51|0x0000000084b00000, 0x0000000084b00000, 0x0000000084c00000|  0%| F|  |TAMS 0x0000000084b00000, 0x0000000084b00000| Untracked 
|  52|0x0000000084c00000, 0x0000000084c00000, 0x0000000084d00000|  0%| F|  |TAMS 0x0000000084c00000, 0x0000000084c00000| Untracked 
|  53|0x0000000084d00000, 0x0000000084d00000, 0x0000000084e00000|  0%| F|  |TAMS 0x0000000084d00000, 0x0000000084d00000| Untracked 
|  54|0x0000000084e00000, 0x0000000084e00000, 0x0000000084f00000|  0%| F|  |TAMS 0x0000000084e00000, 0x0000000084e00000| Untracked 
|  55|0x0000000084f00000, 0x0000000084f00000, 0x0000000085000000|  0%| F|  |TAMS 0x0000000084f00000, 0x0000000084f00000| Untracked 
|  56|0x0000000085000000, 0x0000000085000000, 0x0000000085100000|  0%| F|  |TAMS 0x0000000085000000, 0x0000000085000000| Untracked 
|  57|0x0000000085100000, 0x0000000085100000, 0x0000000085200000|  0%| F|  |TAMS 0x0000000085100000, 0x0000000085100000| Untracked 
|  58|0x0000000085200000, 0x0000000085200000, 0x0000000085300000|  0%| F|  |TAMS 0x0000000085200000, 0x0000000085200000| Untracked 
|  59|0x0000000085300000, 0x0000000085300000, 0x0000000085400000|  0%| F|  |TAMS 0x0000000085300000, 0x0000000085300000| Untracked 
|  60|0x0000000085400000, 0x0000000085400000, 0x0000000085500000|  0%| F|  |TAMS 0x0000000085400000, 0x0000000085400000| Untracked 
|  61|0x0000000085500000, 0x0000000085500000, 0x0000000085600000|  0%| F|  |TAMS 0x0000000085500000, 0x0000000085500000| Untracked 
|  62|0x0000000085600000, 0x0000000085600000, 0x0000000085700000|  0%| F|  |TAMS 0x0000000085600000, 0x0000000085600000| Untracked 
|  63|0x0000000085700000, 0x0000000085700000, 0x0000000085800000|  0%| F|  |TAMS 0x0000000085700000, 0x0000000085700000| Untracked 
|  64|0x0000000085800000, 0x0000000085800000, 0x0000000085900000|  0%| F|  |TAMS 0x0000000085800000, 0x0000000085800000| Untracked 
|  65|0x0000000085900000, 0x0000000085900000, 0x0000000085a00000|  0%| F|  |TAMS 0x0000000085900000, 0x0000000085900000| Untracked 
|  66|0x0000000085a00000, 0x0000000085a00000, 0x0000000085b00000|  0%| F|  |TAMS 0x0000000085a00000, 0x0000000085a00000| Untracked 
|  67|0x0000000085b00000, 0x0000000085b00000, 0x0000000085c00000|  0%| F|  |TAMS 0x0000000085b00000, 0x0000000085b00000| Untracked 
|  68|0x0000000085c00000, 0x0000000085c00000, 0x0000000085d00000|  0%| F|  |TAMS 0x0000000085c00000, 0x0000000085c00000| Untracked 
|  69|0x0000000085d00000, 0x0000000085d00000, 0x0000000085e00000|  0%| F|  |TAMS 0x0000000085d00000, 0x0000000085d00000| Untracked 
|  70|0x0000000085e00000, 0x0000000085e00000, 0x0000000085f00000|  0%| F|  |TAMS 0x0000000085e00000, 0x0000000085e00000| Untracked 
|  71|0x0000000085f00000, 0x0000000085f00000, 0x0000000086000000|  0%| F|  |TAMS 0x0000000085f00000, 0x0000000085f00000| Untracked 
|  72|0x0000000086000000, 0x0000000086000000, 0x0000000086100000|  0%| F|  |TAMS 0x0000000086000000, 0x0000000086000000| Untracked 
|  73|0x0000000086100000, 0x0000000086100000, 0x0000000086200000|  0%| F|  |TAMS 0x0000000086100000, 0x0000000086100000| Untracked 
|  74|0x0000000086200000, 0x0000000086200000, 0x0000000086300000|  0%| F|  |TAMS 0x0000000086200000, 0x0000000086200000| Untracked 
|  75|0x0000000086300000, 0x0000000086300000, 0x0000000086400000|  0%| F|  |TAMS 0x0000000086300000, 0x0000000086300000| Untracked 
|  76|0x0000000086400000, 0x0000000086400000, 0x0000000086500000|  0%| F|  |TAMS 0x0000000086400000, 0x0000000086400000| Untracked 
|  77|0x0000000086500000, 0x0000000086500000, 0x0000000086600000|  0%| F|  |TAMS 0x0000000086500000, 0x0000000086500000| Untracked 
|  78|0x0000000086600000, 0x0000000086600000, 0x0000000086700000|  0%| F|  |TAMS 0x0000000086600000, 0x0000000086600000| Untracked 
|  79|0x0000000086700000, 0x0000000086700000, 0x0000000086800000|  0%| F|  |TAMS 0x0000000086700000, 0x0000000086700000| Untracked 
|  80|0x0000000086800000, 0x0000000086800000, 0x0000000086900000|  0%| F|  |TAMS 0x0000000086800000, 0x0000000086800000| Untracked 
|  81|0x0000000086900000, 0x0000000086900000, 0x0000000086a00000|  0%| F|  |TAMS 0x0000000086900000, 0x0000000086900000| Untracked 
|  82|0x0000000086a00000, 0x0000000086a00000, 0x0000000086b00000|  0%| F|  |TAMS 0x0000000086a00000, 0x0000000086a00000| Untracked 
|  83|0x0000000086b00000, 0x0000000086b00000, 0x0000000086c00000|  0%| F|  |TAMS 0x0000000086b00000, 0x0000000086b00000| Untracked 
|  84|0x0000000086c00000, 0x0000000086c00000, 0x0000000086d00000|  0%| F|  |TAMS 0x0000000086c00000, 0x0000000086c00000| Untracked 
|  85|0x0000000086d00000, 0x0000000086d00000, 0x0000000086e00000|  0%| F|  |TAMS 0x0000000086d00000, 0x0000000086d00000| Untracked 
|  86|0x0000000086e00000, 0x0000000086e00000, 0x0000000086f00000|  0%| F|  |TAMS 0x0000000086e00000, 0x0000000086e00000| Untracked 
|  87|0x0000000086f00000, 0x0000000086f00000, 0x0000000087000000|  0%| F|  |TAMS 0x0000000086f00000, 0x0000000086f00000| Untracked 
|  88|0x0000000087000000, 0x0000000087000000, 0x0000000087100000|  0%| F|  |TAMS 0x0000000087000000, 0x0000000087000000| Untracked 
|  89|0x0000000087100000, 0x0000000087100000, 0x0000000087200000|  0%| F|  |TAMS 0x0000000087100000, 0x0000000087100000| Untracked 
|  90|0x0000000087200000, 0x0000000087200000, 0x0000000087300000|  0%| F|  |TAMS 0x0000000087200000, 0x0000000087200000| Untracked 
|  91|0x0000000087300000, 0x0000000087300000, 0x0000000087400000|  0%| F|  |TAMS 0x0000000087300000, 0x0000000087300000| Untracked 
|  92|0x0000000087400000, 0x0000000087400000, 0x0000000087500000|  0%| F|  |TAMS 0x0000000087400000, 0x0000000087400000| Untracked 
|  93|0x0000000087500000, 0x0000000087500000, 0x0000000087600000|  0%| F|  |TAMS 0x0000000087500000, 0x0000000087500000| Untracked 
|  94|0x0000000087600000, 0x0000000087600000, 0x0000000087700000|  0%| F|  |TAMS 0x0000000087600000, 0x0000000087600000| Untracked 
|  95|0x0000000087700000, 0x0000000087700000, 0x0000000087800000|  0%| F|  |TAMS 0x0000000087700000, 0x0000000087700000| Untracked 
|  96|0x0000000087800000, 0x0000000087800000, 0x0000000087900000|  0%| F|  |TAMS 0x0000000087800000, 0x0000000087800000| Untracked 
|  97|0x0000000087900000, 0x0000000087900000, 0x0000000087a00000|  0%| F|  |TAMS 0x0000000087900000, 0x0000000087900000| Untracked 
|  98|0x0000000087a00000, 0x0000000087a00000, 0x0000000087b00000|  0%| F|  |TAMS 0x0000000087a00000, 0x0000000087a00000| Untracked 
|  99|0x0000000087b00000, 0x0000000087b00000, 0x0000000087c00000|  0%| F|  |TAMS 0x0000000087b00000, 0x0000000087b00000| Untracked 
| 100|0x0000000087c00000, 0x0000000087c00000, 0x0000000087d00000|  0%| F|  |TAMS 0x0000000087c00000, 0x0000000087c00000| Untracked 
| 101|0x0000000087d00000, 0x0000000087d00000, 0x0000000087e00000|  0%| F|  |TAMS 0x0000000087d00000, 0x0000000087d00000| Untracked 
| 102|0x0000000087e00000, 0x0000000087e00000, 0x0000000087f00000|  0%| F|  |TAMS 0x0000000087e00000, 0x0000000087e00000| Untracked 
| 103|0x0000000087f00000, 0x0000000087f00000, 0x0000000088000000|  0%| F|  |TAMS 0x0000000087f00000, 0x0000000087f00000| Untracked 
| 104|0x0000000088000000, 0x0000000088000000, 0x0000000088100000|  0%| F|  |TAMS 0x0000000088000000, 0x0000000088000000| Untracked 
| 105|0x0000000088100000, 0x0000000088100000, 0x0000000088200000|  0%| F|  |TAMS 0x0000000088100000, 0x0000000088100000| Untracked 
| 106|0x0000000088200000, 0x0000000088200000, 0x0000000088300000|  0%| F|  |TAMS 0x0000000088200000, 0x0000000088200000| Untracked 
| 107|0x0000000088300000, 0x0000000088300000, 0x0000000088400000|  0%| F|  |TAMS 0x0000000088300000, 0x0000000088300000| Untracked 
| 108|0x0000000088400000, 0x0000000088400000, 0x0000000088500000|  0%| F|  |TAMS 0x0000000088400000, 0x0000000088400000| Untracked 
| 109|0x0000000088500000, 0x0000000088500000, 0x0000000088600000|  0%| F|  |TAMS 0x0000000088500000, 0x0000000088500000| Untracked 
| 110|0x0000000088600000, 0x0000000088600000, 0x0000000088700000|  0%| F|  |TAMS 0x0000000088600000, 0x0000000088600000| Untracked 
| 111|0x0000000088700000, 0x0000000088700000, 0x0000000088800000|  0%| F|  |TAMS 0x0000000088700000, 0x0000000088700000| Untracked 
| 112|0x0000000088800000, 0x0000000088800000, 0x0000000088900000|  0%| F|  |TAMS 0x0000000088800000, 0x0000000088800000| Untracked 
| 113|0x0000000088900000, 0x0000000088900000, 0x0000000088a00000|  0%| F|  |TAMS 0x0000000088900000, 0x0000000088900000| Untracked 
| 114|0x0000000088a00000, 0x0000000088a00000, 0x0000000088b00000|  0%| F|  |TAMS 0x0000000088a00000, 0x0000000088a00000| Untracked 
| 115|0x0000000088b00000, 0x0000000088b00000, 0x0000000088c00000|  0%| F|  |TAMS 0x0000000088b00000, 0x0000000088b00000| Untracked 
| 116|0x0000000088c00000, 0x0000000088c89530, 0x0000000088d00000| 53%| E|  |TAMS 0x0000000088c00000, 0x0000000088c00000| Complete 
| 117|0x0000000088d00000, 0x0000000088e00000, 0x0000000088e00000|100%| E|CS|TAMS 0x0000000088d00000, 0x0000000088d00000| Complete 
| 118|0x0000000088e00000, 0x0000000088f00000, 0x0000000088f00000|100%| E|CS|TAMS 0x0000000088e00000, 0x0000000088e00000| Complete 
| 119|0x0000000088f00000, 0x0000000089000000, 0x0000000089000000|100%| E|CS|TAMS 0x0000000088f00000, 0x0000000088f00000| Complete 
| 120|0x0000000089000000, 0x0000000089100000, 0x0000000089100000|100%| E|CS|TAMS 0x0000000089000000, 0x0000000089000000| Complete 
| 121|0x0000000089100000, 0x0000000089200000, 0x0000000089200000|100%| E|CS|TAMS 0x0000000089100000, 0x0000000089100000| Complete 
| 122|0x0000000089200000, 0x0000000089300000, 0x0000000089300000|100%| E|CS|TAMS 0x0000000089200000, 0x0000000089200000| Complete 
| 123|0x0000000089300000, 0x0000000089400000, 0x0000000089400000|100%| E|CS|TAMS 0x0000000089300000, 0x0000000089300000| Complete 
| 124|0x0000000089400000, 0x0000000089500000, 0x0000000089500000|100%| E|CS|TAMS 0x0000000089400000, 0x0000000089400000| Complete 
| 125|0x0000000089500000, 0x0000000089600000, 0x0000000089600000|100%| E|CS|TAMS 0x0000000089500000, 0x0000000089500000| Complete 
| 126|0x0000000089600000, 0x0000000089700000, 0x0000000089700000|100%| E|CS|TAMS 0x0000000089600000, 0x0000000089600000| Complete 
| 127|0x0000000089700000, 0x0000000089800000, 0x0000000089800000|100%| E|CS|TAMS 0x0000000089700000, 0x0000000089700000| Complete 

Card table byte_map: [0x0000015ad1f20000,0x0000015ad2320000] _byte_map_base: 0x0000015ad1b14000

Marking Bits (Prev, Next): (CMBitMap*) 0x0000015abf5d9a70, (CMBitMap*) 0x0000015abf5d9ab0
 Prev Bits: [0x0000015ad2720000, 0x0000015ad46c0000)
 Next Bits: [0x0000015ad46c0000, 0x0000015ad6660000)

Polling page: 0x0000015abd580000

Metaspace:

Usage:
  Non-class:     15.44 MB used.
      Class:      1.71 MB used.
       Both:     17.15 MB used.

Virtual space:
  Non-class space:       16.00 MB reserved,      15.50 MB ( 97%) committed,  2 nodes.
      Class space:        1.00 GB reserved,       1.81 MB ( <1%) committed,  1 nodes.
              Both:        1.02 GB reserved,      17.31 MB (  2%) committed. 

Chunk freelists:
   Non-Class:  448.00 KB
       Class:  2.22 MB
        Both:  2.65 MB

MaxMetaspaceSize: 17179869184.00 GB
CompressedClassSpaceSize: 1.00 GB
 - commit_granule_bytes: 65536.
 - commit_granule_words: 8192.
 - virtual_space_node_default_size: 1048576.
 - enlarge_chunks_in_place: 1.
 - new_chunks_are_fully_committed: 0.
 - uncommit_free_chunks: 1.
 - use_allocation_guard: 0.
 - handle_deallocations: 1.


Internal statistics:

num_allocs_failed_limit: 0.
num_arena_births: 112.
num_arena_deaths: 0.
num_vsnodes_births: 3.
num_vsnodes_deaths: 0.
num_space_committed: 277.
num_space_uncommitted: 0.
num_chunks_returned_to_freelist: 0.
num_chunks_taken_from_freelist: 183.
num_chunk_merges: 0.
num_chunk_splits: 95.
num_chunks_enlarged: 50.
num_purges: 0.

CodeHeap 'non-profiled nmethods': size=120000Kb used=420Kb max_used=420Kb free=119580Kb
 bounds [0x0000015aca5f0000, 0x0000015aca860000, 0x0000015ad1b20000]
CodeHeap 'profiled nmethods': size=120000Kb used=2683Kb max_used=2683Kb free=117316Kb
 bounds [0x0000015ac30c0000, 0x0000015ac3360000, 0x0000015aca5f0000]
CodeHeap 'non-nmethods': size=5760Kb used=1295Kb max_used=1314Kb free=4464Kb
 bounds [0x0000015ac2b20000, 0x0000015ac2d90000, 0x0000015ac30c0000]
 total_blobs=2150 nmethods=1526 adapters=537
 compilation: enabled
              stopped_count=0, restarted_count=0
 full_count=0

Compilation events (20 events):
Event: 13.389 Thread 0x0000015ad941fe90 1518       3       java.awt.geom.Point2D$Double::setLocation (11 bytes)
Event: 13.389 Thread 0x0000015ad941fe90 nmethod 1518 0x0000015ac335ac90 code [0x0000015ac335ae20, 0x0000015ac335af38]
Event: 13.389 Thread 0x0000015ad941fe90 1519       3       sun.swing.SwingUtilities2$KeyPair::<init> (15 bytes)
Event: 13.390 Thread 0x0000015ad941fe90 nmethod 1519 0x0000015ac335b010 code [0x0000015ac335b1c0, 0x0000015ac335b3d8]
Event: 13.420 Thread 0x0000015ad941fe90 1520       1       java.util.LinkedList::size (5 bytes)
Event: 13.420 Thread 0x0000015ad941fe90 nmethod 1520 0x0000015aca658a10 code [0x0000015aca658ba0, 0x0000015aca658c78]
Event: 13.420 Thread 0x0000015ad941fe90 1521       3       java.awt.Rectangle::setLocation (7 bytes)
Event: 13.420 Thread 0x0000015ad941fe90 nmethod 1521 0x0000015ac335b490 code [0x0000015ac335b640, 0x0000015ac335b838]
Event: 13.420 Thread 0x0000015ad941fe90 1522       3       java.awt.Rectangle::move (11 bytes)
Event: 13.421 Thread 0x0000015ad941fe90 nmethod 1522 0x0000015ac335b910 code [0x0000015ac335baa0, 0x0000015ac335bbb8]
Event: 13.421 Thread 0x0000015ad941fe90 1523       3       java.awt.Component::getGraphics (124 bytes)
Event: 13.422 Thread 0x0000015ad941fe90 nmethod 1523 0x0000015ac335bc90 code [0x0000015ac335bf20, 0x0000015ac335cbe8]
Event: 13.422 Thread 0x0000015ad941fe90 1524       3       javax.swing.SwingUtilities::getWindowAncestor (31 bytes)
Event: 13.423 Thread 0x0000015ad941fe90 nmethod 1524 0x0000015ac335ce90 code [0x0000015ac335d080, 0x0000015ac335d5d8]
Event: 13.432 Thread 0x0000015ad941fe90 1525  s    3       javax.swing.RepaintManager::getPaintManager (107 bytes)
Event: 13.433 Thread 0x0000015ad941fe90 nmethod 1525 0x0000015ac335d710 code [0x0000015ac335d940, 0x0000015ac335e108]
Event: 13.433 Thread 0x0000015ad941fe90 1526       3       sun.java2d.SurfaceData::canRenderParallelograms (137 bytes)
Event: 13.433 Thread 0x0000015ad941fe90 nmethod 1526 0x0000015ac335e310 code [0x0000015ac335e520, 0x0000015ac335ed18]
Event: 13.434 Thread 0x0000015ad941fe90 1527       1       javax.swing.AbstractButton::getText (5 bytes)
Event: 13.434 Thread 0x0000015ad941fe90 nmethod 1527 0x0000015aca658d10 code [0x0000015aca658ea0, 0x0000015aca658f78]

GC Heap History (0 events):
No events

Deoptimization events (20 events):
Event: 0.499 Thread 0x0000015abf59b390 Uncommon trap: trap_request=0xffffffde fr.pc=0x0000015aca611dbc relative=0x000000000000019c
Event: 0.499 Thread 0x0000015abf59b390 Uncommon trap: reason=class_check action=maybe_recompile pc=0x0000015aca611dbc method=java.lang.String.equals(Ljava/lang/Object;)Z @ 8 c2
Event: 0.499 Thread 0x0000015abf59b390 DEOPT PACKING pc=0x0000015aca611dbc sp=0x00000052d7ffe7a0
Event: 0.499 Thread 0x0000015abf59b390 DEOPT UNPACKING pc=0x0000015ac2b6d72e sp=0x00000052d7ffe748 mode 2
Event: 0.499 Thread 0x0000015abf59b390 Uncommon trap: trap_request=0xffffffde fr.pc=0x0000015aca611dbc relative=0x000000000000019c
Event: 0.499 Thread 0x0000015abf59b390 Uncommon trap: reason=class_check action=maybe_recompile pc=0x0000015aca611dbc method=java.lang.String.equals(Ljava/lang/Object;)Z @ 8 c2
Event: 0.499 Thread 0x0000015abf59b390 DEOPT PACKING pc=0x0000015aca611dbc sp=0x00000052d7ffe870
Event: 0.499 Thread 0x0000015abf59b390 DEOPT UNPACKING pc=0x0000015ac2b6d72e sp=0x00000052d7ffe818 mode 2
Event: 0.499 Thread 0x0000015abf59b390 Uncommon trap: trap_request=0xffffffde fr.pc=0x0000015aca611dbc relative=0x000000000000019c
Event: 0.499 Thread 0x0000015abf59b390 Uncommon trap: reason=class_check action=maybe_recompile pc=0x0000015aca611dbc method=java.lang.String.equals(Ljava/lang/Object;)Z @ 8 c2
Event: 0.499 Thread 0x0000015abf59b390 DEOPT PACKING pc=0x0000015aca611dbc sp=0x00000052d7ffe790
Event: 0.499 Thread 0x0000015abf59b390 DEOPT UNPACKING pc=0x0000015ac2b6d72e sp=0x00000052d7ffe738 mode 2
Event: 0.589 Thread 0x0000015abf59b390 DEOPT PACKING pc=0x0000015ac30d43e7 sp=0x00000052d7ffd230
Event: 0.589 Thread 0x0000015abf59b390 DEOPT UNPACKING pc=0x0000015ac2b6dece sp=0x00000052d7ffc650 mode 0
Event: 3.675 Thread 0x0000015ad9a28020 DEOPT PACKING pc=0x0000015ac31f8500 sp=0x00000052d95fcf10
Event: 3.675 Thread 0x0000015ad9a28020 DEOPT UNPACKING pc=0x0000015ac2b6dece sp=0x00000052d95fc380 mode 0
Event: 6.776 Thread 0x0000015ad9a28020 Uncommon trap: trap_request=0xffffff45 fr.pc=0x0000015aca645598 relative=0x0000000000000378
Event: 6.776 Thread 0x0000015ad9a28020 Uncommon trap: reason=unstable_if action=reinterpret pc=0x0000015aca645598 method=java.lang.StringLatin1.newString([BII)Ljava/lang/String; @ 1 c2
Event: 6.776 Thread 0x0000015ad9a28020 DEOPT PACKING pc=0x0000015aca645598 sp=0x00000052d95fda70
Event: 6.776 Thread 0x0000015ad9a28020 DEOPT UNPACKING pc=0x0000015ac2b6d72e sp=0x00000052d95fda50 mode 2

Classes unloaded (0 events):
No events

Classes redefined (0 events):
No events

Internal exceptions (13 events):
Event: 0.208 Thread 0x0000015abf59b390 Exception <a 'java/lang/NoSuchMethodError'{0x000000008962bbd8}: 'void java.lang.invoke.DirectMethodHandle$Holder.invokeSpecial(java.lang.Object, java.lang.Object, java.lang.Object)'> (0x000000008962bbd8) 
thrown [t:\workspace\open\src\hotspot\share\interpreter\linkResolver.cpp, line 790]
Event: 0.238 Thread 0x0000015abf59b390 Exception <a 'java/lang/ClassNotFoundException'{0x0000000089655b00}: sun/awt/resources/spi/awtProvider> (0x0000000089655b00) 
thrown [t:\workspace\open\src\hotspot\share\classfile\systemDictionary.cpp, line 256]
Event: 0.282 Thread 0x0000015abf59b390 Exception <a 'java/io/FileNotFoundException'{0x00000000896b2670}> (0x00000000896b2670) 
thrown [t:\workspace\open\src\hotspot\share\prims\jni.cpp, line 579]
Event: 0.296 Thread 0x0000015abf59b390 Exception <a 'java/io/FileNotFoundException'{0x00000000896e1420}> (0x00000000896e1420) 
thrown [t:\workspace\open\src\hotspot\share\prims\jni.cpp, line 579]
Event: 0.297 Thread 0x0000015abf59b390 Exception <a 'java/lang/NoSuchMethodError'{0x00000000896e2b40}: 'java.lang.Object java.lang.invoke.DirectMethodHandle$Holder.invokeStatic(java.lang.Object)'> (0x00000000896e2b40) 
thrown [t:\workspace\open\src\hotspot\share\interpreter\linkResolver.cpp, line 790]
Event: 0.361 Thread 0x0000015abf59b390 Exception <a 'java/lang/NoSuchMethodError'{0x00000000895469e0}: 'java.lang.Object java.lang.invoke.DirectMethodHandle$Holder.invokeStaticInit(java.lang.Object)'> (0x00000000895469e0) 
thrown [t:\workspace\open\src\hotspot\share\interpreter\linkResolver.cpp, line 790]
Event: 0.408 Thread 0x0000015abf59b390 Exception <a 'java/lang/NoSuchMethodError'{0x00000000894325c8}: 'java.lang.Object java.lang.invoke.DirectMethodHandle$Holder.newInvokeSpecial(java.lang.Object, java.lang.Object, java.lang.Object, java.lang.Object, java.lang.Object)'> (0x00000000894325c8) 
thrown [t:\workspace\open\src\hotspot\share\interpreter\linkResolver.cpp, line 790]
Event: 0.409 Thread 0x0000015abf59b390 Exception <a 'java/lang/NoSuchMethodError'{0x000000008943e0b0}: 'java.lang.Object java.lang.invoke.DirectMethodHandle$Holder.invokeStatic(java.lang.Object, int, java.lang.Object, java.lang.Object, java.lang.Object, java.lang.Object)'> (0x000000008943e0b0) 
thrown [t:\workspace\open\src\hotspot\share\interpreter\linkResolver.cpp, line 790]
Event: 0.415 Thread 0x0000015abf59b390 Exception <a 'java/lang/NoSuchMethodError'{0x00000000894643b8}: 'java.lang.Object java.lang.invoke.DirectMethodHandle$Holder.invokeStatic(java.lang.Object, int, java.lang.Object)'> (0x00000000894643b8) 
thrown [t:\workspace\open\src\hotspot\share\interpreter\linkResolver.cpp, line 790]
Event: 0.443 Thread 0x0000015abf59b390 Exception <a 'java/lang/ClassNotFoundException'{0x000000008931cda0}: com/sun/swing/internal/plaf/metal/resources/spi/metalProvider> (0x000000008931cda0) 
thrown [t:\workspace\open\src\hotspot\share\classfile\systemDictionary.cpp, line 256]
Event: 0.445 Thread 0x0000015abf59b390 Exception <a 'java/lang/ClassNotFoundException'{0x0000000089322da8}: com/sun/swing/internal/plaf/basic/resources/spi/basicProvider> (0x0000000089322da8) 
thrown [t:\workspace\open\src\hotspot\share\classfile\systemDictionary.cpp, line 256]
Event: 0.535 Thread 0x0000015ad991e1b0 Exception <a 'java/lang/NoSuchMethodError'{0x00000000895d7c48}: 'void java.lang.invoke.DirectMethodHandle$Holder.invokeVirtual(java.lang.Object, java.lang.Object)'> (0x00000000895d7c48) 
thrown [t:\workspace\open\src\hotspot\share\interpreter\linkResolver.cpp, line 790]
Event: 0.551 Thread 0x0000015abf59b390 Exception <a 'java/lang/NoSuchMethodError'{0x0000000089214398}: 'void java.lang.invoke.DirectMethodHandle$Holder.invokeStaticInit(java.lang.Object)'> (0x0000000089214398) 
thrown [t:\workspace\open\src\hotspot\share\interpreter\linkResolver.cpp, line 790]

Events (20 events):
Event: 6.777 loading class java/text/DontCareFieldPosition$1
Event: 6.777 loading class java/text/Format$FieldDelegate
Event: 6.777 loading class java/text/Format$FieldDelegate done
Event: 6.777 loading class java/text/DontCareFieldPosition$1 done
Event: 6.954 Executing  VM operation: Cleanup
Event: 6.954 Executing  VM operation: Cleanup done
Event: 7.955 Executing  VM operation: Cleanup
Event: 7.955 Executing  VM operation: Cleanup done
Event: 8.970 Executing  VM operation: Cleanup
Event: 8.970 Executing  VM operation: Cleanup done
Event: 9.971 Executing  VM operation: Cleanup
Event: 9.971 Executing  VM operation: Cleanup done
Event: 10.527 loading class java/awt/LightweightDispatcher$2
Event: 10.527 loading class java/awt/LightweightDispatcher$2 done
Event: 10.978 Executing  VM operation: Cleanup
Event: 10.978 Executing  VM operation: Cleanup done
Event: 11.981 Executing  VM operation: Cleanup
Event: 11.981 Executing  VM operation: Cleanup done
Event: 12.985 Executing  VM operation: Cleanup
Event: 12.985 Executing  VM operation: Cleanup done


Dynamic libraries:
0x00007ff7a8ce0000 - 0x00007ff7a8cee000 	C:\Users\71041\.p2\pool\plugins\org.eclipse.justj.openjdk.hotspot.jre.full.win32.x86_64_16.0.2.v20210721-1149\jre\bin\javaw.exe
0x00007ff8802f0000 - 0x00007ff8804e5000 	C:\WINDOWS\SYSTEM32\ntdll.dll
0x00007ff8801f0000 - 0x00007ff8802ae000 	C:\WINDOWS\System32\KERNEL32.DLL
0x00007ff87da70000 - 0x00007ff87dd38000 	C:\WINDOWS\System32\KERNELBASE.dll
0x00007ff87dd40000 - 0x00007ff87de40000 	C:\WINDOWS\System32\ucrtbase.dll
0x00007ff8775f0000 - 0x00007ff877609000 	C:\Users\71041\.p2\pool\plugins\org.eclipse.justj.openjdk.hotspot.jre.full.win32.x86_64_16.0.2.v20210721-1149\jre\bin\VCRUNTIME140.dll
0x00007ff8775d0000 - 0x00007ff8775e8000 	C:\Users\71041\.p2\pool\plugins\org.eclipse.justj.openjdk.hotspot.jre.full.win32.x86_64_16.0.2.v20210721-1149\jre\bin\jli.dll
0x00007ff87f0e0000 - 0x00007ff87f281000 	C:\WINDOWS\System32\USER32.dll
0x00007ff87e020000 - 0x00007ff87e042000 	C:\WINDOWS\System32\win32u.dll
0x00007ff87f790000 - 0x00007ff87f7bb000 	C:\WINDOWS\System32\GDI32.dll
0x00007ff87e050000 - 0x00007ff87e15b000 	C:\WINDOWS\System32\gdi32full.dll
0x00007ff868480000 - 0x00007ff86871a000 	C:\WINDOWS\WinSxS\amd64_microsoft.windows.common-controls_6595b64144ccf1df_6.0.19041.1110_none_60b5254171f9507e\COMCTL32.dll
0x00007ff87e2a0000 - 0x00007ff87e33d000 	C:\WINDOWS\System32\msvcp_win.dll
0x00007ff87ef30000 - 0x00007ff87efce000 	C:\WINDOWS\System32\msvcrt.dll
0x00007ff87f760000 - 0x00007ff87f790000 	C:\WINDOWS\System32\IMM32.DLL
0x00007ff8775c0000 - 0x00007ff8775cc000 	C:\Users\71041\.p2\pool\plugins\org.eclipse.justj.openjdk.hotspot.jre.full.win32.x86_64_16.0.2.v20210721-1149\jre\bin\vcruntime140_1.dll
0x00007ff84b960000 - 0x00007ff84b9f1000 	C:\Users\71041\.p2\pool\plugins\org.eclipse.justj.openjdk.hotspot.jre.full.win32.x86_64_16.0.2.v20210721-1149\jre\bin\msvcp140.dll
0x00007ff82e6a0000 - 0x00007ff82f24b000 	C:\Users\71041\.p2\pool\plugins\org.eclipse.justj.openjdk.hotspot.jre.full.win32.x86_64_16.0.2.v20210721-1149\jre\bin\server\jvm.dll
0x00007ff87f290000 - 0x00007ff87f33c000 	C:\WINDOWS\System32\ADVAPI32.dll
0x00007ff87efd0000 - 0x00007ff87f06b000 	C:\WINDOWS\System32\sechost.dll
0x00007ff87fe00000 - 0x00007ff87ff2a000 	C:\WINDOWS\System32\RPCRT4.dll
0x00007ff87ea80000 - 0x00007ff87ea88000 	C:\WINDOWS\System32\PSAPI.DLL
0x00007ff864350000 - 0x00007ff864359000 	C:\WINDOWS\SYSTEM32\WSOCK32.dll
0x00007ff8676f0000 - 0x00007ff867717000 	C:\WINDOWS\SYSTEM32\WINMM.dll
0x00007ff87f400000 - 0x00007ff87f46b000 	C:\WINDOWS\System32\WS2_32.dll
0x00007ff87d4e0000 - 0x00007ff87d4ea000 	C:\WINDOWS\SYSTEM32\VERSION.dll
0x00007ff87c230000 - 0x00007ff87c242000 	C:\WINDOWS\SYSTEM32\kernel.appcore.dll
0x00007ff8674e0000 - 0x00007ff8674ea000 	C:\Users\71041\.p2\pool\plugins\org.eclipse.justj.openjdk.hotspot.jre.full.win32.x86_64_16.0.2.v20210721-1149\jre\bin\jimage.dll
0x00007ff87beb0000 - 0x00007ff87c094000 	C:\WINDOWS\SYSTEM32\DBGHELP.DLL
0x00007ff862fd0000 - 0x00007ff862ffc000 	C:\WINDOWS\SYSTEM32\dbgcore.DLL
0x00007ff87e160000 - 0x00007ff87e1e3000 	C:\WINDOWS\System32\bcryptPrimitives.dll
0x00007ff852760000 - 0x00007ff852785000 	C:\Users\71041\.p2\pool\plugins\org.eclipse.justj.openjdk.hotspot.jre.full.win32.x86_64_16.0.2.v20210721-1149\jre\bin\java.dll
0x00007ff862a90000 - 0x00007ff862aa8000 	C:\Users\71041\.p2\pool\plugins\org.eclipse.justj.openjdk.hotspot.jre.full.win32.x86_64_16.0.2.v20210721-1149\jre\bin\zip.dll
0x00007ff87e340000 - 0x00007ff87ea7f000 	C:\WINDOWS\System32\SHELL32.dll
0x00007ff87b650000 - 0x00007ff87bde0000 	C:\WINDOWS\SYSTEM32\windows.storage.dll
0x00007ff87eaf0000 - 0x00007ff87ee45000 	C:\WINDOWS\System32\combase.dll
0x00007ff87d240000 - 0x00007ff87d26e000 	C:\WINDOWS\SYSTEM32\Wldp.dll
0x00007ff87f350000 - 0x00007ff87f3fd000 	C:\WINDOWS\System32\SHCORE.dll
0x00007ff87ee50000 - 0x00007ff87eea5000 	C:\WINDOWS\System32\shlwapi.dll
0x00007ff87d950000 - 0x00007ff87d96f000 	C:\WINDOWS\SYSTEM32\profapi.dll
0x00007ff84bd50000 - 0x00007ff84bd69000 	C:\Users\71041\.p2\pool\plugins\org.eclipse.justj.openjdk.hotspot.jre.full.win32.x86_64_16.0.2.v20210721-1149\jre\bin\net.dll
0x00007ff875030000 - 0x00007ff87513c000 	C:\WINDOWS\SYSTEM32\WINHTTP.dll
0x00007ff87d020000 - 0x00007ff87d08a000 	C:\WINDOWS\system32\mswsock.dll
0x00007ff84bd30000 - 0x00007ff84bd43000 	C:\Users\71041\.p2\pool\plugins\org.eclipse.justj.openjdk.hotspot.jre.full.win32.x86_64_16.0.2.v20210721-1149\jre\bin\nio.dll
0x00007ff866e00000 - 0x00007ff866e10000 	C:\Users\71041\.p2\pool\plugins\org.eclipse.justj.openjdk.hotspot.jre.full.win32.x86_64_16.0.2.v20210721-1149\jre\bin\verify.dll
0x00007ff84ba00000 - 0x00007ff84bb7f000 	C:\Users\71041\.p2\pool\plugins\org.eclipse.justj.openjdk.hotspot.jre.full.win32.x86_64_16.0.2.v20210721-1149\jre\bin\awt.dll
0x00007ff87f690000 - 0x00007ff87f75d000 	C:\WINDOWS\System32\OLEAUT32.dll
0x00007ff87ae60000 - 0x00007ff87aef0000 	C:\WINDOWS\SYSTEM32\apphelp.dll
0x00007ff87b180000 - 0x00007ff87b1af000 	C:\WINDOWS\system32\DWMAPI.DLL
0x00007ff87af90000 - 0x00007ff87b02e000 	C:\WINDOWS\system32\uxtheme.dll
0x00007ff85eca0000 - 0x00007ff85edc5000 	C:\WINDOWS\system32\opengl32.dll
0x00007ff860550000 - 0x00007ff86057c000 	C:\WINDOWS\SYSTEM32\GLU32.dll
0x00007ff87f570000 - 0x00007ff87f685000 	C:\WINDOWS\System32\MSCTF.dll
0x00007ff87fcd0000 - 0x00007ff87fdfa000 	C:\WINDOWS\System32\ole32.dll
0x00007ff875fc0000 - 0x00007ff876049000 	C:\Users\71041\.p2\pool\plugins\org.eclipse.justj.openjdk.hotspot.jre.full.win32.x86_64_16.0.2.v20210721-1149\jre\bin\freetype.dll
0x00007ff869890000 - 0x00007ff869986000 	C:\Users\71041\.p2\pool\plugins\org.eclipse.justj.openjdk.hotspot.jre.full.win32.x86_64_16.0.2.v20210721-1149\jre\bin\harfbuzz.dll
0x00007ff877710000 - 0x00007ff877722000 	C:\Users\71041\.p2\pool\plugins\org.eclipse.justj.openjdk.hotspot.jre.full.win32.x86_64_16.0.2.v20210721-1149\jre\bin\fontmanager.dll
0x00007ff880140000 - 0x00007ff8801e9000 	C:\WINDOWS\System32\clbcatq.dll
0x00007ff86f1f0000 - 0x00007ff86f3a4000 	C:\WINDOWS\SYSTEM32\WindowsCodecs.dll
0x00007ff87dfa0000 - 0x00007ff87dfc7000 	C:\WINDOWS\System32\bcrypt.dll
0x00007ff855bb0000 - 0x00007ff855bee000 	C:\WINDOWS\system32\dataexchange.dll
0x00007ff87a110000 - 0x00007ff87a2f5000 	C:\WINDOWS\system32\dcomp.dll
0x00007ff879d60000 - 0x00007ff879fc4000 	C:\WINDOWS\system32\d3d11.dll
0x00007ff87c250000 - 0x00007ff87c344000 	C:\WINDOWS\system32\dxgi.dll
0x00007ff875470000 - 0x00007ff875671000 	C:\WINDOWS\system32\twinapi.appcore.dll
0x00007ff871b80000 - 0x00007ff871c79000 	C:\WINDOWS\SYSTEM32\textinputframework.dll
0x00007ff87ab40000 - 0x00007ff87ac32000 	C:\WINDOWS\System32\CoreMessaging.dll
0x00007ff87a7e0000 - 0x00007ff87ab3e000 	C:\WINDOWS\System32\CoreUIComponents.dll
0x00007ff87c690000 - 0x00007ff87c6c3000 	C:\WINDOWS\SYSTEM32\ntmarta.dll
0x00007ff87a680000 - 0x00007ff87a7d4000 	C:\WINDOWS\SYSTEM32\wintypes.dll
0x00007ff8619b0000 - 0x00007ff8619e9000 	D:\jdk\bin\jpcap.dll
0x0000000180000000 - 0x0000000180065000 	C:\WINDOWS\SYSTEM32\wpcap.dll
0x00007ff87cd30000 - 0x00007ff87cd6b000 	C:\WINDOWS\SYSTEM32\IPHLPAPI.DLL
0x0000015ada380000 - 0x0000015ada39f000 	C:\WINDOWS\SYSTEM32\packet.dll
0x00007ff87f340000 - 0x00007ff87f348000 	C:\WINDOWS\System32\NSI.dll
0x00007ff8744d0000 - 0x00007ff8744e7000 	C:\WINDOWS\SYSTEM32\dhcpcsvc6.DLL
0x00007ff8743d0000 - 0x00007ff8743ed000 	C:\WINDOWS\SYSTEM32\dhcpcsvc.DLL
0x00007ff87cd70000 - 0x00007ff87ce3b000 	C:\WINDOWS\SYSTEM32\DNSAPI.dll
0x00007ff84ddd0000 - 0x00007ff84dfd8000 	C:\WINDOWS\system32\SogouTSF.ime
0x00007ff86d310000 - 0x00007ff86d317000 	C:\WINDOWS\system32\MSIMG32.dll
0x00007ff84d4a0000 - 0x00007ff84ddcc000 	C:\WINDOWS\system32\SogouPy.ime
0x00007ff867680000 - 0x00007ff8676e6000 	C:\WINDOWS\SYSTEM32\OLEACC.dll
0x0000000010000000 - 0x00000000101c1000 	C:\Program Files (x86)\SogouInput\11.1.0.5032\Resource.dll
0x00007ff84be90000 - 0x00007ff84c0fa000 	C:\Program Files (x86)\SogouInput\Components\PicFace\1.1.0.1881\PicFace64.dll
0x00007ff87f470000 - 0x00007ff87f54a000 	C:\WINDOWS\System32\COMDLG32.dll
0x00007ff868c30000 - 0x00007ff868cdc000 	C:\WINDOWS\SYSTEM32\TextShaping.dll

dbghelp: loaded successfully - version: 4.0.5 - missing functions: none
symbol engine: initialized successfully - sym options: 0x614 - pdb path: .;C:\Users\71041\.p2\pool\plugins\org.eclipse.justj.openjdk.hotspot.jre.full.win32.x86_64_16.0.2.v20210721-1149\jre\bin;C:\WINDOWS\SYSTEM32;C:\WINDOWS\WinSxS\amd64_microsoft.windows.common-controls_6595b64144ccf1df_6.0.19041.1110_none_60b5254171f9507e;C:\Users\71041\.p2\pool\plugins\org.eclipse.justj.openjdk.hotspot.jre.full.win32.x86_64_16.0.2.v20210721-1149\jre\bin\server;D:\jdk\bin;C:\Program Files (x86)\SogouInput\11.1.0.5032;C:\Program Files (x86)\SogouInput\Components\PicFace\1.1.0.1881

VM Arguments:
jvm_args: -Dfile.encoding=GBK -XX:+ShowCodeDetailsInExceptionMessages 
java_command: control.SnifferDriver
java_class_path (initial): D:\5004\final_project\Network_Packet_Sniffer\bin;C:\Users\71041\Desktop\jpcap\jpcap.jar;C:\Users\71041\Downloads\jaxb-ri-2.3.1\jaxb-ri\mod\jaxb-api.jar
Launcher Type: SUN_STANDARD

[Global flags]
     intx CICompilerCount                          = 3                                         {product} {ergonomic}
     uint ConcGCThreads                            = 1                                         {product} {ergonomic}
     uint G1ConcRefinementThreads                  = 4                                         {product} {ergonomic}
   size_t G1HeapRegionSize                         = 1048576                                   {product} {ergonomic}
    uintx GCDrainStackTargetSize                   = 64                                        {product} {ergonomic}
   size_t InitialHeapSize                          = 134217728                                 {product} {ergonomic}
   size_t MarkStackSize                            = 4194304                                   {product} {ergonomic}
   size_t MaxHeapSize                              = 2122317824                                {product} {ergonomic}
   size_t MaxNewSize                               = 1272971264                                {product} {ergonomic}
   size_t MinHeapDeltaBytes                        = 1048576                                   {product} {ergonomic}
   size_t MinHeapSize                              = 8388608                                   {product} {ergonomic}
    uintx NonNMethodCodeHeapSize                   = 5832780                                {pd product} {ergonomic}
    uintx NonProfiledCodeHeapSize                  = 122912730                              {pd product} {ergonomic}
    uintx ProfiledCodeHeapSize                     = 122912730                              {pd product} {ergonomic}
    uintx ReservedCodeCacheSize                    = 251658240                              {pd product} {ergonomic}
     bool SegmentedCodeCache                       = true                                      {product} {ergonomic}
     bool ShowCodeDetailsInExceptionMessages       = true                                   {manageable} {command line}
   size_t SoftMaxHeapSize                          = 2122317824                             {manageable} {ergonomic}
     bool UseCompressedClassPointers               = true                           {product lp64_product} {ergonomic}
     bool UseCompressedOops                        = true                           {product lp64_product} {ergonomic}
     bool UseG1GC                                  = true                                      {product} {ergonomic}
     bool UseLargePagesIndividualAllocation        = false                                  {pd product} {ergonomic}

Logging:
Log output configuration:
 #0: stdout all=warning uptime,level,tags
 #1: stderr all=off uptime,level,tags

Environment Variables:
JAVA_HOME=D:\jdk
CLASSPATH=.;D:\jdk\lib\dt.jar;D:\jdk\lib\tools.jar;
PATH=C:/Users/71041/.p2/pool/plugins/org.eclipse.justj.openjdk.hotspot.jre.full.win32.x86_64_16.0.2.v20210721-1149/jre/bin/server;C:/Users/71041/.p2/pool/plugins/org.eclipse.justj.openjdk.hotspot.jre.full.win32.x86_64_16.0.2.v20210721-1149/jre/bin;D:\jdk\bin;D:\IntelliJ IDEA Community Edition 2021.2.1\bin;C:\Program Files\NVIDIA GPU Computing Toolkit\CUDA\v10.1\libnvvp;C:\WINDOWS\system32;C:\WINDOWS;C:\WINDOWS\System32\Wbem;C:\WINDOWS\System32\WindowsPowerShell\v1.0\;C:\Program Files (x86)\NVIDIA Corporation\PhysX\Common;C:\Program Files\NVIDIA Corporation\NVIDIA NvDLISR;D:\anaconda\Scripts;D:\anaconda;C:\WINDOWS\system32;C:\WINDOWS;C:\WINDOWS\System32\Wbem;C:\WINDOWS\System32\WindowsPowerShell\v1.0\;C:\WINDOWS\System32\OpenSSH\;D:\puuty\;C:\Program Files\Git\cmd;D:\jdk\bin;C:\Program Files\MySQL\MySQL Shell 8.0\bin\;C:\Users\71041\Anaconda3;C:\Users\71041\Anaconda3\Library\mingw-w64\bin;C:\Users\71041\Anaconda3\Library\usr\bin;C:\Users\71041\Anaconda3\Library\bin;C:\Users\71041\Anaconda3\Scripts;C:\Users\71041\AppData\Local\Microsoft\WindowsApps;E:\PyCharm Community Edition 2021.1.3\bin;?C:\Users\71041\anaconda3\Scripts;D:\IntelliJ IDEA Community Edition 2021.2.1\bin;D:\IntelliJ IDEA Community Edition 2021.2.1\bin;D:\latex\miktex\bin\x64\;C:\ProgramData\71041\atom\bin;D:\Hyper\resources\bin;C:\WINDOWS\system32;
USERNAME=71041
OS=Windows_NT
PROCESSOR_IDENTIFIER=Intel64 Family 6 Model 142 Stepping 9, GenuineIntel



---------------  S Y S T E M  ---------------

OS:
 Windows 10 , 64 bit Build 19041 (10.0.19041.1348)
OS uptime: 0 days 13:26 hours
Hyper-V role detected

CPU: total 4 (initial active 4) (2 cores per cpu, 2 threads per core) family 6 model 142 stepping 9 microcode 0xb4, cx8, cmov, fxsr, ht, mmx, 3dnowpref, sse, sse2, sse3, ssse3, sse4.1, sse4.2, popcnt, lzcnt, tsc, tscinvbit, avx, avx2, aes, erms, clmul, bmi1, bmi2, adx, fma, vzeroupper, clflush, clflushopt, hv

Memory: 4k page, system-wide physical 8090M (1401M free)
TotalPageFile size 16026M (AvailPageFile size 5203M)
current process WorkingSet (physical memory assigned to process): 100M, peak: 101M
current process commit charge ("private bytes"): 224M, peak: 228M

vm_info: OpenJDK 64-Bit Server VM (16.0.2+7-67) for windows-amd64 JRE (16.0.2+7-67), built on Jun  8 2021 23:21:43 by "mach5one" with MS VC++ 16.7 (VS2019)

END.
