#
# A fatal error has been detected by the Java Runtime Environment:
#
#  EXCEPTION_ACCESS_VIOLATION (0xc0000005) at pc=0x0000000180024e2f, pid=10632, tid=8676
#
# JRE version: OpenJDK Runtime Environment (16.0.2+7) (build 16.0.2+7-67)
# Java VM: OpenJDK 64-Bit Server VM (16.0.2+7-67, mixed mode, tiered, compressed oops, compressed class ptrs, g1 gc, windows-amd64)
# Problematic frame:
# C  [wpcap.dll+0x24e2f]
#
# No core dump will be written. Minidumps are not enabled by default on client versions of Windows
#
# If you would like to submit a bug report, please visit:
#   https://bugreport.java.com/bugreport/crash.jsp
# The crash happened outside the Java Virtual Machine in native code.
# See problematic frame for where to report the bug.
#

---------------  S U M M A R Y ------------

Command Line: -Dfile.encoding=GBK -XX:+ShowCodeDetailsInExceptionMessages control.SnifferDriver

Host: Intel(R) Core(TM) i5-7200U CPU @ 2.50GHz, 4 cores, 7G,  Windows 10 , 64 bit Build 19041 (10.0.19041.1348)
Time: Fri Dec 10 16:25:18 2021  Windows 10 , 64 bit Build 19041 (10.0.19041.1348) elapsed time: 10.555418 seconds (0d 0h 0m 10s)

---------------  T H R E A D  ---------------

Current thread (0x000001c074d86010):  JavaThread "AWT-EventQueue-0" [_thread_in_native, id=8676, stack(0x00000001fd200000,0x00000001fd300000)]

Stack: [0x00000001fd200000,0x00000001fd300000],  sp=0x00000001fd2fe000,  free space=1016k
Native frames: (J=compiled Java code, j=interpreted, Vv=VM code, C=native code)
C  [wpcap.dll+0x24e2f]

Java frames: (J=compiled Java code, j=interpreted, Vv=VM code)
j  jpcap.JpcapCaptor.getPacket()Ljpcap/packet/Packet;+0
j  model.Captor.capture(I)[Ljpcap/packet/IPPacket;+25
j  control.Controller.actionPerformed(Ljava/awt/event/ActionEvent;)V+151
j  javax.swing.AbstractButton.fireActionPerformed(Ljava/awt/event/ActionEvent;)V+84 java.desktop@16.0.2
j  javax.swing.AbstractButton$Handler.actionPerformed(Ljava/awt/event/ActionEvent;)V+5 java.desktop@16.0.2
j  javax.swing.DefaultButtonModel.fireActionPerformed(Ljava/awt/event/ActionEvent;)V+34 java.desktop@16.0.2
j  javax.swing.DefaultButtonModel.setPressed(Z)V+117 java.desktop@16.0.2
j  javax.swing.plaf.basic.BasicButtonListener.mouseReleased(Ljava/awt/event/MouseEvent;)V+35 java.desktop@16.0.2
j  java.awt.Component.processMouseEvent(Ljava/awt/event/MouseEvent;)V+64 java.desktop@16.0.2
j  javax.swing.JComponent.processMouseEvent(Ljava/awt/event/MouseEvent;)V+23 java.desktop@16.0.2
j  java.awt.Component.processEvent(Ljava/awt/AWTEvent;)V+81 java.desktop@16.0.2
j  java.awt.Container.processEvent(Ljava/awt/AWTEvent;)V+18 java.desktop@16.0.2
J 1144 c1 java.awt.Component.dispatchEventImpl(Ljava/awt/AWTEvent;)V java.desktop@16.0.2 (777 bytes) @ 0x000001c05e61e0c4 [0x000001c05e61aa40+0x0000000000003684]
J 1039 c1 java.awt.Container.dispatchEventImpl(Ljava/awt/AWTEvent;)V java.desktop@16.0.2 (129 bytes) @ 0x000001c05e5c869c [0x000001c05e5c8560+0x000000000000013c]
J 1344 c1 java.awt.Component.dispatchEvent(Ljava/awt/AWTEvent;)V java.desktop@16.0.2 (6 bytes) @ 0x000001c05e68a4b4 [0x000001c05e68a3c0+0x00000000000000f4]
j  java.awt.LightweightDispatcher.retargetMouseEvent(Ljava/awt/Component;ILjava/awt/event/MouseEvent;)V+349 java.desktop@16.0.2
J 1141 c1 java.awt.LightweightDispatcher.processMouseEvent(Ljava/awt/event/MouseEvent;)Z java.desktop@16.0.2 (265 bytes) @ 0x000001c05e6186bc [0x000001c05e617740+0x0000000000000f7c]
J 1145 c1 java.awt.LightweightDispatcher.dispatchEvent(Ljava/awt/AWTEvent;)Z java.desktop@16.0.2 (73 bytes) @ 0x000001c05e6223a4 [0x000001c05e621f80+0x0000000000000424]
J 1039 c1 java.awt.Container.dispatchEventImpl(Ljava/awt/AWTEvent;)V java.desktop@16.0.2 (129 bytes) @ 0x000001c05e5c863c [0x000001c05e5c8560+0x00000000000000dc]
J 1136 c1 java.awt.Window.dispatchEventImpl(Ljava/awt/AWTEvent;)V java.desktop@16.0.2 (23 bytes) @ 0x000001c05e6156cc [0x000001c05e615100+0x00000000000005cc]
J 993 c1 java.awt.EventQueue.dispatchEventImpl(Ljava/awt/AWTEvent;Ljava/lang/Object;)V java.desktop@16.0.2 (136 bytes) @ 0x000001c05e5ae094 [0x000001c05e5adc00+0x0000000000000494]
J 992 c1 java.awt.EventQueue$4.run()Ljava/lang/Void; java.desktop@16.0.2 (60 bytes) @ 0x000001c05e5ad4ac [0x000001c05e5ad380+0x000000000000012c]
J 991 c1 java.awt.EventQueue$4.run()Ljava/lang/Object; java.desktop@16.0.2 (5 bytes) @ 0x000001c05e5ad044 [0x000001c05e5acfc0+0x0000000000000084]
J 848 c1 java.security.ProtectionDomain$JavaSecurityAccessImpl.doIntersectionPrivilege(Ljava/security/PrivilegedAction;Ljava/security/AccessControlContext;Ljava/security/AccessControlContext;)Ljava/lang/Object; java.base@16.0.2 (22 bytes) @ 0x000001c05e56e6cc [0x000001c05e56e440+0x000000000000028c]
J 995 c1 java.awt.EventQueue.dispatchEvent(Ljava/awt/AWTEvent;)V java.desktop@16.0.2 (80 bytes) @ 0x000001c05e5b0ffc [0x000001c05e5b0560+0x0000000000000a9c]
J 920 c1 java.awt.EventDispatchThread.pumpOneEventForFilters(I)V java.desktop@16.0.2 (113 bytes) @ 0x000001c05e58d90c [0x000001c05e58d2a0+0x000000000000066c]
j  java.awt.EventDispatchThread.pumpEventsForFilter(ILjava/awt/Conditional;Ljava/awt/EventFilter;)V+35 java.desktop@16.0.2
j  java.awt.EventDispatchThread.pumpEventsForHierarchy(ILjava/awt/Conditional;Ljava/awt/Component;)V+11 java.desktop@16.0.2
j  java.awt.EventDispatchThread.pumpEvents(ILjava/awt/Conditional;)V+4 java.desktop@16.0.2
j  java.awt.EventDispatchThread.pumpEvents(Ljava/awt/Conditional;)V+3 java.desktop@16.0.2
j  java.awt.EventDispatchThread.run()V+9 java.desktop@16.0.2
v  ~StubRoutines::call_stub

siginfo: EXCEPTION_ACCESS_VIOLATION (0xc0000005), reading address 0x00000000000002c0


Register to memory mapping:

RIP=0x0000000180024e2f wpcap.dll
RAX=0x00000000000002b0 is an unknown value
RBX=0x0 is NULL
RCX=0x0 is NULL
RDX=0x00000001fd2fe0b0 is pointing into the stack for thread: 0x000001c074d86010
RSP=0x00000001fd2fe000 is pointing into the stack for thread: 0x000001c074d86010
RBP=0x00007ff877760000 jpcap.dll
RSI=0x00000001fd2fe0b0 is pointing into the stack for thread: 0x000001c074d86010
RDI=0x00000001fd2fe0a0 is pointing into the stack for thread: 0x000001c074d86010
R8 =0x00000001fd2fe0a0 is pointing into the stack for thread: 0x000001c074d86010
R9 =0x000000008906be00 is an oop: jpcap.JpcapCaptor 
{0x000000008906be00} - klass: 'jpcap/JpcapCaptor'
R10=0x00007ff82f191160 jvm.dll
R11=0x0000000000000012 is an unknown value
R12=0x0 is NULL
R13=0x000001c07470dfb0 is pointing into metadata
R14=0x00000001fd2fe138 is pointing into the stack for thread: 0x000001c074d86010
R15=0x000001c074d86010 is a thread


Registers:
RAX=0x00000000000002b0, RBX=0x0000000000000000, RCX=0x0000000000000000, RDX=0x00000001fd2fe0b0
RSP=0x00000001fd2fe000, RBP=0x00007ff877760000, RSI=0x00000001fd2fe0b0, RDI=0x00000001fd2fe0a0
R8 =0x00000001fd2fe0a0, R9 =0x000000008906be00, R10=0x00007ff82f191160, R11=0x0000000000000012
R12=0x0000000000000000, R13=0x000001c07470dfb0, R14=0x00000001fd2fe138, R15=0x000001c074d86010
RIP=0x0000000180024e2f, EFLAGS=0x0000000000010206

Top of Stack: (sp=0x00000001fd2fe000)
0x00000001fd2fe000:   000062b88d14e27b 000001c07421bbb8
0x00000001fd2fe010:   000001c074d86010 000001c07470dfb0
0x00000001fd2fe020:   0000000000000000 00000001fd2fe138
0x00000001fd2fe030:   000001c074d86320 00000001fd2fe138
0x00000001fd2fe040:   0000000000000000 00007ff877761e09
0x00000001fd2fe050:   0000000000000000 000001c074d86320
0x00000001fd2fe060:   00000001fd2fe050 000001c074215b96
0x00000001fd2fe070:   00000001fd2fe0d0 000001c074218270
0x00000001fd2fe080:   0000000088d195e0 00000000000000c8
0x00000001fd2fe090:   00000001fd2fe118 000001c05deadca2
0x00000001fd2fe0a0:   00000001fd2fe0c8 000001c075806000
0x00000001fd2fe0b0:   00000000000002b0 0000000000000000
0x00000001fd2fe0c0:   000000008978bff0 0000000088d195e8
0x00000001fd2fe0d0:   00000001fd2fe0d0 0000000000000000
0x00000001fd2fe0e0:   00000001fd2fe138 000001c075806b50
0x00000001fd2fe0f0:   0000000000000000 0000000089275560 

Instructions: (pc=0x0000000180024e2f)
0x0000000180024d2f:   85 db 7f bd 33 c0 48 8b 5c 24 30 48 8b 6c 24 38
0x0000000180024d3f:   48 8b 74 24 40 48 83 c4 20 5f c3 cc cc cc cc cc
0x0000000180024d4f:   cc 8b 02 4c 8b 09 41 89 01 8b 42 04 41 89 41 04
0x0000000180024d5f:   8b 42 08 41 89 41 08 8b 42 0c 41 89 41 0c 4c 89
0x0000000180024d6f:   41 08 c3 cc cc cc cc cc cc cc cc cc cc cc cc cc
0x0000000180024d7f:   cc 40 53 48 83 ec 30 83 b9 c0 02 00 00 00 48 8b
0x0000000180024d8f:   d9 48 89 54 24 20 74 12 83 b9 d0 02 00 00 00 75
0x0000000180024d9f:   09 e8 8b be ff ff 85 c0 75 1e 4c 8d 4c 24 20 4c
0x0000000180024daf:   8d 05 9b ff ff ff ba 01 00 00 00 48 8b cb ff 93
0x0000000180024dbf:   30 01 00 00 85 c0 7f 08 33 c0 48 83 c4 30 5b c3
0x0000000180024dcf:   48 8b 44 24 28 48 83 c4 30 5b c3 cc cc cc cc cc
0x0000000180024ddf:   cc 8b 02 4c 8b 09 41 89 01 8b 42 04 41 89 41 04
0x0000000180024def:   8b 42 08 41 89 41 08 8b 42 0c 41 89 41 0c 48 8b
0x0000000180024dff:   41 08 4c 89 00 c3 cc cc cc cc cc cc cc cc cc cc
0x0000000180024e0f:   cc 48 89 5c 24 08 48 89 74 24 10 57 48 83 ec 40
0x0000000180024e1f:   48 8d 81 b0 02 00 00 49 8b f8 48 8b f2 48 89 02
0x0000000180024e2f:   83 b9 c0 02 00 00 00 48 8b d9 48 89 44 24 30 4c
0x0000000180024e3f:   89 44 24 38 74 43 83 b9 d0 02 00 00 00 75 1c e8
0x0000000180024e4f:   dd bd ff ff 85 c0 74 13 83 c8 ff 48 8b 5c 24 50
0x0000000180024e5f:   48 8b 74 24 58 48 83 c4 40 5f c3 4c 8b c7 48 8b
0x0000000180024e6f:   d6 48 8b cb e8 e8 aa ff ff 48 8b 5c 24 50 48 8b
0x0000000180024e7f:   74 24 58 48 83 c4 40 5f c3 48 83 79 58 00 0f 84
0x0000000180024e8f:   68 01 00 00 33 ff 83 7b 54 00 0f 85 3e 01 00 00
0x0000000180024e9f:   44 8b 8b f0 00 00 00 4c 8b 83 f8 00 00 00 48 8d
0x0000000180024eaf:   54 24 20 48 8b cb e8 d6 12 00 00 85 c0 0f 85 12
0x0000000180024ebf:   01 00 00 48 8b 8b 98 01 00 00 48 85 c9 74 1a 44
0x0000000180024ecf:   8b 4c 24 28 44 8b 44 24 2c 48 8b 93 f8 00 00 00
0x0000000180024edf:   e8 fc c1 fd ff 85 c0 74 ad 8b 8b d4 02 00 00 83
0x0000000180024eef:   f9 01 75 19 8b 05 4b 93 03 00 03 c1 99 f7 bb d8
0x0000000180024eff:   02 00 00 85 d2 89 15 3a 93 03 00 75 89 83 f9 02
0x0000000180024f0f:   75 6b 44 8b 44 24 20 8b 05 2c 93 03 00 44 3b c0
0x0000000180024f1f:   0f 8c 70 ff ff ff 8b 54 24 24 75 0c 3b 15 1b 93 


Stack slot to memory mapping:
stack at sp + 0 slots: 0x000062b88d14e27b is an unknown value
stack at sp + 1 slots: 0x000001c07421bbb8 is pointing into metadata
stack at sp + 2 slots: 0x000001c074d86010 is a thread
stack at sp + 3 slots: 0x000001c07470dfb0 is pointing into metadata
stack at sp + 4 slots: 0x0 is NULL
stack at sp + 5 slots: 0x00000001fd2fe138 is pointing into the stack for thread: 0x000001c074d86010
stack at sp + 6 slots: 0x000001c074d86320 points into unknown readable memory: 0x00007ff82f1133d0 | d0 33 11 2f f8 7f 00 00
stack at sp + 7 slots: 0x00000001fd2fe138 is pointing into the stack for thread: 0x000001c074d86010


---------------  P R O C E S S  ---------------

Threads class SMR info:
_java_thread_list=0x000001c07747fa80, length=17, elements={
0x000001c073ed2010, 0x000001c073ed2ed0, 0x000001c073efb000, 0x000001c073f04e80,
0x000001c073f077a0, 0x000001c073f080b0, 0x000001c07482d7e0, 0x000001c07482f240,
0x000001c0748360a0, 0x000001c07497eef0, 0x000001c074994020, 0x000001c074cf8b00,
0x000001c074cff3a0, 0x000001c074cfc040, 0x000001c074d86010, 0x000001c0775a2cf0,
0x000001c05a921a00
}

Java Threads: ( => current thread )
  0x000001c073ed2010 JavaThread "Reference Handler" daemon [_thread_blocked, id=12456, stack(0x00000001fc300000,0x00000001fc400000)]
  0x000001c073ed2ed0 JavaThread "Finalizer" daemon [_thread_blocked, id=9448, stack(0x00000001fc400000,0x00000001fc500000)]
  0x000001c073efb000 JavaThread "Signal Dispatcher" daemon [_thread_blocked, id=5032, stack(0x00000001fc500000,0x00000001fc600000)]
  0x000001c073f04e80 JavaThread "Attach Listener" daemon [_thread_blocked, id=13344, stack(0x00000001fc600000,0x00000001fc700000)]
  0x000001c073f077a0 JavaThread "Service Thread" daemon [_thread_blocked, id=2840, stack(0x00000001fc700000,0x00000001fc800000)]
  0x000001c073f080b0 JavaThread "Monitor Deflation Thread" daemon [_thread_blocked, id=6728, stack(0x00000001fc800000,0x00000001fc900000)]
  0x000001c07482d7e0 JavaThread "C2 CompilerThread0" daemon [_thread_blocked, id=2932, stack(0x00000001fc900000,0x00000001fca00000)]
  0x000001c07482f240 JavaThread "C1 CompilerThread0" daemon [_thread_blocked, id=13128, stack(0x00000001fca00000,0x00000001fcb00000)]
  0x000001c0748360a0 JavaThread "Sweeper thread" daemon [_thread_blocked, id=4020, stack(0x00000001fcb00000,0x00000001fcc00000)]
  0x000001c07497eef0 JavaThread "Notification Thread" daemon [_thread_blocked, id=8444, stack(0x00000001fcc00000,0x00000001fcd00000)]
  0x000001c074994020 JavaThread "Common-Cleaner" daemon [_thread_blocked, id=16392, stack(0x00000001fce00000,0x00000001fcf00000)]
  0x000001c074cf8b00 JavaThread "Java2D Disposer" daemon [_thread_blocked, id=7876, stack(0x00000001fcf00000,0x00000001fd000000)]
  0x000001c074cff3a0 JavaThread "AWT-Shutdown" [_thread_blocked, id=3756, stack(0x00000001fd000000,0x00000001fd100000)]
  0x000001c074cfc040 JavaThread "AWT-Windows" daemon [_thread_in_native, id=6812, stack(0x00000001fd100000,0x00000001fd200000)]
=>0x000001c074d86010 JavaThread "AWT-EventQueue-0" [_thread_in_native, id=8676, stack(0x00000001fd200000,0x00000001fd300000)]
  0x000001c0775a2cf0 JavaThread "TimerQueue" daemon [_thread_blocked, id=15528, stack(0x00000001fd700000,0x00000001fd800000)]
  0x000001c05a921a00 JavaThread "DestroyJavaVM" [_thread_blocked, id=9340, stack(0x00000001fbc00000,0x00000001fbd00000)]

Other Threads:
  0x000001c073eb3b60 VMThread "VM Thread" [stack: 0x00000001fc200000,0x00000001fc300000] [id=3436]
  0x000001c07497f410 WatcherThread [stack: 0x00000001fcd00000,0x00000001fce00000] [id=13068]
  0x000001c05a962be0 GCTaskThread "GC Thread#0" [stack: 0x00000001fbd00000,0x00000001fbe00000] [id=11804]
  0x000001c05a974930 ConcurrentGCThread "G1 Main Marker" [stack: 0x00000001fbe00000,0x00000001fbf00000] [id=18116]
  0x000001c05a975b40 ConcurrentGCThread "G1 Conc#0" [stack: 0x00000001fbf00000,0x00000001fc000000] [id=18288]
  0x000001c05a9efe60 ConcurrentGCThread "G1 Refine#0" [stack: 0x00000001fc000000,0x00000001fc100000] [id=6180]
  0x000001c05a9f08e0 ConcurrentGCThread "G1 Service" [stack: 0x00000001fc100000,0x00000001fc200000] [id=18236]

Threads with active compile tasks:

VM state: not at safepoint (normal execution)

VM Mutex/Monitor currently owned by a thread: None

Heap address: 0x0000000081800000, size: 2024 MB, Compressed Oops mode: 32-bit

CDS disabled.
Compressed class space mapped at: 0x0000000100000000-0x0000000140000000, reserved size: 1073741824
Narrow klass base: 0x0000000000000000, Narrow klass shift: 3, Narrow klass range: 0x140000000

GC Precious Log:
 CPUs: 4 total, 4 available
 Memory: 8090M
 Large Page Support: Disabled
 NUMA Support: Disabled
 Compressed Oops: Enabled (32-bit)
 Heap Region Size: 1M
 Heap Min Capacity: 8M
 Heap Initial Capacity: 128M
 Heap Max Capacity: 2024M
 Pre-touch: Disabled
 Parallel Workers: 4
 Concurrent Workers: 1
 Concurrent Refinement Workers: 4
 Periodic GC: Disabled

Heap:
 garbage-first heap   total 131072K, used 18432K [0x0000000081800000, 0x0000000100000000)
  region size 1024K, 11 young (11264K), 0 survivors (0K)
 Metaspace       used 17442K, committed 17600K, reserved 1064960K
  class space    used 1752K, committed 1856K, reserved 1048576K

Heap Regions: E=young(eden), S=young(survivor), O=old, HS=humongous(starts), HC=humongous(continues), CS=collection set, F=free, OA=open archive, CA=closed archive, TAMS=top-at-mark-start (previous, next)
|   0|0x0000000081800000, 0x0000000081900000, 0x0000000081900000|100%|HS|  |TAMS 0x0000000081800000, 0x0000000081800000| Complete 
|   1|0x0000000081900000, 0x0000000081a00000, 0x0000000081a00000|100%|HS|  |TAMS 0x0000000081900000, 0x0000000081900000| Complete 
|   2|0x0000000081a00000, 0x0000000081b00000, 0x0000000081b00000|100%|HC|  |TAMS 0x0000000081a00000, 0x0000000081a00000| Complete 
|   3|0x0000000081b00000, 0x0000000081c00000, 0x0000000081c00000|100%|HC|  |TAMS 0x0000000081b00000, 0x0000000081b00000| Complete 
|   4|0x0000000081c00000, 0x0000000081d00000, 0x0000000081d00000|100%|HC|  |TAMS 0x0000000081c00000, 0x0000000081c00000| Complete 
|   5|0x0000000081d00000, 0x0000000081e00000, 0x0000000081e00000|100%|HC|  |TAMS 0x0000000081d00000, 0x0000000081d00000| Complete 
|   6|0x0000000081e00000, 0x0000000081f00000, 0x0000000081f00000|100%|HS|  |TAMS 0x0000000081e00000, 0x0000000081e00000| Complete 
|   7|0x0000000081f00000, 0x0000000082000000, 0x0000000082000000|100%|HS|  |TAMS 0x0000000081f00000, 0x0000000081f00000| Complete 
|   8|0x0000000082000000, 0x0000000082000000, 0x0000000082100000|  0%| F|  |TAMS 0x0000000082000000, 0x0000000082000000| Untracked 
|   9|0x0000000082100000, 0x0000000082100000, 0x0000000082200000|  0%| F|  |TAMS 0x0000000082100000, 0x0000000082100000| Untracked 
|  10|0x0000000082200000, 0x0000000082200000, 0x0000000082300000|  0%| F|  |TAMS 0x0000000082200000, 0x0000000082200000| Untracked 
|  11|0x0000000082300000, 0x0000000082300000, 0x0000000082400000|  0%| F|  |TAMS 0x0000000082300000, 0x0000000082300000| Untracked 
|  12|0x0000000082400000, 0x0000000082400000, 0x0000000082500000|  0%| F|  |TAMS 0x0000000082400000, 0x0000000082400000| Untracked 
|  13|0x0000000082500000, 0x0000000082500000, 0x0000000082600000|  0%| F|  |TAMS 0x0000000082500000, 0x0000000082500000| Untracked 
|  14|0x0000000082600000, 0x0000000082600000, 0x0000000082700000|  0%| F|  |TAMS 0x0000000082600000, 0x0000000082600000| Untracked 
|  15|0x0000000082700000, 0x0000000082700000, 0x0000000082800000|  0%| F|  |TAMS 0x0000000082700000, 0x0000000082700000| Untracked 
|  16|0x0000000082800000, 0x0000000082800000, 0x0000000082900000|  0%| F|  |TAMS 0x0000000082800000, 0x0000000082800000| Untracked 
|  17|0x0000000082900000, 0x0000000082900000, 0x0000000082a00000|  0%| F|  |TAMS 0x0000000082900000, 0x0000000082900000| Untracked 
|  18|0x0000000082a00000, 0x0000000082a00000, 0x0000000082b00000|  0%| F|  |TAMS 0x0000000082a00000, 0x0000000082a00000| Untracked 
|  19|0x0000000082b00000, 0x0000000082b00000, 0x0000000082c00000|  0%| F|  |TAMS 0x0000000082b00000, 0x0000000082b00000| Untracked 
|  20|0x0000000082c00000, 0x0000000082c00000, 0x0000000082d00000|  0%| F|  |TAMS 0x0000000082c00000, 0x0000000082c00000| Untracked 
|  21|0x0000000082d00000, 0x0000000082d00000, 0x0000000082e00000|  0%| F|  |TAMS 0x0000000082d00000, 0x0000000082d00000| Untracked 
|  22|0x0000000082e00000, 0x0000000082e00000, 0x0000000082f00000|  0%| F|  |TAMS 0x0000000082e00000, 0x0000000082e00000| Untracked 
|  23|0x0000000082f00000, 0x0000000082f00000, 0x0000000083000000|  0%| F|  |TAMS 0x0000000082f00000, 0x0000000082f00000| Untracked 
|  24|0x0000000083000000, 0x0000000083000000, 0x0000000083100000|  0%| F|  |TAMS 0x0000000083000000, 0x0000000083000000| Untracked 
|  25|0x0000000083100000, 0x0000000083100000, 0x0000000083200000|  0%| F|  |TAMS 0x0000000083100000, 0x0000000083100000| Untracked 
|  26|0x0000000083200000, 0x0000000083200000, 0x0000000083300000|  0%| F|  |TAMS 0x0000000083200000, 0x0000000083200000| Untracked 
|  27|0x0000000083300000, 0x0000000083300000, 0x0000000083400000|  0%| F|  |TAMS 0x0000000083300000, 0x0000000083300000| Untracked 
|  28|0x0000000083400000, 0x0000000083400000, 0x0000000083500000|  0%| F|  |TAMS 0x0000000083400000, 0x0000000083400000| Untracked 
|  29|0x0000000083500000, 0x0000000083500000, 0x0000000083600000|  0%| F|  |TAMS 0x0000000083500000, 0x0000000083500000| Untracked 
|  30|0x0000000083600000, 0x0000000083600000, 0x0000000083700000|  0%| F|  |TAMS 0x0000000083600000, 0x0000000083600000| Untracked 
|  31|0x0000000083700000, 0x0000000083700000, 0x0000000083800000|  0%| F|  |TAMS 0x0000000083700000, 0x0000000083700000| Untracked 
|  32|0x0000000083800000, 0x0000000083800000, 0x0000000083900000|  0%| F|  |TAMS 0x0000000083800000, 0x0000000083800000| Untracked 
|  33|0x0000000083900000, 0x0000000083900000, 0x0000000083a00000|  0%| F|  |TAMS 0x0000000083900000, 0x0000000083900000| Untracked 
|  34|0x0000000083a00000, 0x0000000083a00000, 0x0000000083b00000|  0%| F|  |TAMS 0x0000000083a00000, 0x0000000083a00000| Untracked 
|  35|0x0000000083b00000, 0x0000000083b00000, 0x0000000083c00000|  0%| F|  |TAMS 0x0000000083b00000, 0x0000000083b00000| Untracked 
|  36|0x0000000083c00000, 0x0000000083c00000, 0x0000000083d00000|  0%| F|  |TAMS 0x0000000083c00000, 0x0000000083c00000| Untracked 
|  37|0x0000000083d00000, 0x0000000083d00000, 0x0000000083e00000|  0%| F|  |TAMS 0x0000000083d00000, 0x0000000083d00000| Untracked 
|  38|0x0000000083e00000, 0x0000000083e00000, 0x0000000083f00000|  0%| F|  |TAMS 0x0000000083e00000, 0x0000000083e00000| Untracked 
|  39|0x0000000083f00000, 0x0000000083f00000, 0x0000000084000000|  0%| F|  |TAMS 0x0000000083f00000, 0x0000000083f00000| Untracked 
|  40|0x0000000084000000, 0x0000000084000000, 0x0000000084100000|  0%| F|  |TAMS 0x0000000084000000, 0x0000000084000000| Untracked 
|  41|0x0000000084100000, 0x0000000084100000, 0x0000000084200000|  0%| F|  |TAMS 0x0000000084100000, 0x0000000084100000| Untracked 
|  42|0x0000000084200000, 0x0000000084200000, 0x0000000084300000|  0%| F|  |TAMS 0x0000000084200000, 0x0000000084200000| Untracked 
|  43|0x0000000084300000, 0x0000000084300000, 0x0000000084400000|  0%| F|  |TAMS 0x0000000084300000, 0x0000000084300000| Untracked 
|  44|0x0000000084400000, 0x0000000084400000, 0x0000000084500000|  0%| F|  |TAMS 0x0000000084400000, 0x0000000084400000| Untracked 
|  45|0x0000000084500000, 0x0000000084500000, 0x0000000084600000|  0%| F|  |TAMS 0x0000000084500000, 0x0000000084500000| Untracked 
|  46|0x0000000084600000, 0x0000000084600000, 0x0000000084700000|  0%| F|  |TAMS 0x0000000084600000, 0x0000000084600000| Untracked 
|  47|0x0000000084700000, 0x0000000084700000, 0x0000000084800000|  0%| F|  |TAMS 0x0000000084700000, 0x0000000084700000| Untracked 
|  48|0x0000000084800000, 0x0000000084800000, 0x0000000084900000|  0%| F|  |TAMS 0x0000000084800000, 0x0000000084800000| Untracked 
|  49|0x0000000084900000, 0x0000000084900000, 0x0000000084a00000|  0%| F|  |TAMS 0x0000000084900000, 0x0000000084900000| Untracked 
|  50|0x0000000084a00000, 0x0000000084a00000, 0x0000000084b00000|  0%| F|  |TAMS 0x0000000084a00000, 0x0000000084a00000| Untracked 
|  51|0x0000000084b00000, 0x0000000084b00000, 0x0000000084c00000|  0%| F|  |TAMS 0x0000000084b00000, 0x0000000084b00000| Untracked 
|  52|0x0000000084c00000, 0x0000000084c00000, 0x0000000084d00000|  0%| F|  |TAMS 0x0000000084c00000, 0x0000000084c00000| Untracked 
|  53|0x0000000084d00000, 0x0000000084d00000, 0x0000000084e00000|  0%| F|  |TAMS 0x0000000084d00000, 0x0000000084d00000| Untracked 
|  54|0x0000000084e00000, 0x0000000084e00000, 0x0000000084f00000|  0%| F|  |TAMS 0x0000000084e00000, 0x0000000084e00000| Untracked 
|  55|0x0000000084f00000, 0x0000000084f00000, 0x0000000085000000|  0%| F|  |TAMS 0x0000000084f00000, 0x0000000084f00000| Untracked 
|  56|0x0000000085000000, 0x0000000085000000, 0x0000000085100000|  0%| F|  |TAMS 0x0000000085000000, 0x0000000085000000| Untracked 
|  57|0x0000000085100000, 0x0000000085100000, 0x0000000085200000|  0%| F|  |TAMS 0x0000000085100000, 0x0000000085100000| Untracked 
|  58|0x0000000085200000, 0x0000000085200000, 0x0000000085300000|  0%| F|  |TAMS 0x0000000085200000, 0x0000000085200000| Untracked 
|  59|0x0000000085300000, 0x0000000085300000, 0x0000000085400000|  0%| F|  |TAMS 0x0000000085300000, 0x0000000085300000| Untracked 
|  60|0x0000000085400000, 0x0000000085400000, 0x0000000085500000|  0%| F|  |TAMS 0x0000000085400000, 0x0000000085400000| Untracked 
|  61|0x0000000085500000, 0x0000000085500000, 0x0000000085600000|  0%| F|  |TAMS 0x0000000085500000, 0x0000000085500000| Untracked 
|  62|0x0000000085600000, 0x0000000085600000, 0x0000000085700000|  0%| F|  |TAMS 0x0000000085600000, 0x0000000085600000| Untracked 
|  63|0x0000000085700000, 0x0000000085700000, 0x0000000085800000|  0%| F|  |TAMS 0x0000000085700000, 0x0000000085700000| Untracked 
|  64|0x0000000085800000, 0x0000000085800000, 0x0000000085900000|  0%| F|  |TAMS 0x0000000085800000, 0x0000000085800000| Untracked 
|  65|0x0000000085900000, 0x0000000085900000, 0x0000000085a00000|  0%| F|  |TAMS 0x0000000085900000, 0x0000000085900000| Untracked 
|  66|0x0000000085a00000, 0x0000000085a00000, 0x0000000085b00000|  0%| F|  |TAMS 0x0000000085a00000, 0x0000000085a00000| Untracked 
|  67|0x0000000085b00000, 0x0000000085b00000, 0x0000000085c00000|  0%| F|  |TAMS 0x0000000085b00000, 0x0000000085b00000| Untracked 
|  68|0x0000000085c00000, 0x0000000085c00000, 0x0000000085d00000|  0%| F|  |TAMS 0x0000000085c00000, 0x0000000085c00000| Untracked 
|  69|0x0000000085d00000, 0x0000000085d00000, 0x0000000085e00000|  0%| F|  |TAMS 0x0000000085d00000, 0x0000000085d00000| Untracked 
|  70|0x0000000085e00000, 0x0000000085e00000, 0x0000000085f00000|  0%| F|  |TAMS 0x0000000085e00000, 0x0000000085e00000| Untracked 
|  71|0x0000000085f00000, 0x0000000085f00000, 0x0000000086000000|  0%| F|  |TAMS 0x0000000085f00000, 0x0000000085f00000| Untracked 
|  72|0x0000000086000000, 0x0000000086000000, 0x0000000086100000|  0%| F|  |TAMS 0x0000000086000000, 0x0000000086000000| Untracked 
|  73|0x0000000086100000, 0x0000000086100000, 0x0000000086200000|  0%| F|  |TAMS 0x0000000086100000, 0x0000000086100000| Untracked 
|  74|0x0000000086200000, 0x0000000086200000, 0x0000000086300000|  0%| F|  |TAMS 0x0000000086200000, 0x0000000086200000| Untracked 
|  75|0x0000000086300000, 0x0000000086300000, 0x0000000086400000|  0%| F|  |TAMS 0x0000000086300000, 0x0000000086300000| Untracked 
|  76|0x0000000086400000, 0x0000000086400000, 0x0000000086500000|  0%| F|  |TAMS 0x0000000086400000, 0x0000000086400000| Untracked 
|  77|0x0000000086500000, 0x0000000086500000, 0x0000000086600000|  0%| F|  |TAMS 0x0000000086500000, 0x0000000086500000| Untracked 
|  78|0x0000000086600000, 0x0000000086600000, 0x0000000086700000|  0%| F|  |TAMS 0x0000000086600000, 0x0000000086600000| Untracked 
|  79|0x0000000086700000, 0x0000000086700000, 0x0000000086800000|  0%| F|  |TAMS 0x0000000086700000, 0x0000000086700000| Untracked 
|  80|0x0000000086800000, 0x0000000086800000, 0x0000000086900000|  0%| F|  |TAMS 0x0000000086800000, 0x0000000086800000| Untracked 
|  81|0x0000000086900000, 0x0000000086900000, 0x0000000086a00000|  0%| F|  |TAMS 0x0000000086900000, 0x0000000086900000| Untracked 
|  82|0x0000000086a00000, 0x0000000086a00000, 0x0000000086b00000|  0%| F|  |TAMS 0x0000000086a00000, 0x0000000086a00000| Untracked 
|  83|0x0000000086b00000, 0x0000000086b00000, 0x0000000086c00000|  0%| F|  |TAMS 0x0000000086b00000, 0x0000000086b00000| Untracked 
|  84|0x0000000086c00000, 0x0000000086c00000, 0x0000000086d00000|  0%| F|  |TAMS 0x0000000086c00000, 0x0000000086c00000| Untracked 
|  85|0x0000000086d00000, 0x0000000086d00000, 0x0000000086e00000|  0%| F|  |TAMS 0x0000000086d00000, 0x0000000086d00000| Untracked 
|  86|0x0000000086e00000, 0x0000000086e00000, 0x0000000086f00000|  0%| F|  |TAMS 0x0000000086e00000, 0x0000000086e00000| Untracked 
|  87|0x0000000086f00000, 0x0000000086f00000, 0x0000000087000000|  0%| F|  |TAMS 0x0000000086f00000, 0x0000000086f00000| Untracked 
|  88|0x0000000087000000, 0x0000000087000000, 0x0000000087100000|  0%| F|  |TAMS 0x0000000087000000, 0x0000000087000000| Untracked 
|  89|0x0000000087100000, 0x0000000087100000, 0x0000000087200000|  0%| F|  |TAMS 0x0000000087100000, 0x0000000087100000| Untracked 
|  90|0x0000000087200000, 0x0000000087200000, 0x0000000087300000|  0%| F|  |TAMS 0x0000000087200000, 0x0000000087200000| Untracked 
|  91|0x0000000087300000, 0x0000000087300000, 0x0000000087400000|  0%| F|  |TAMS 0x0000000087300000, 0x0000000087300000| Untracked 
|  92|0x0000000087400000, 0x0000000087400000, 0x0000000087500000|  0%| F|  |TAMS 0x0000000087400000, 0x0000000087400000| Untracked 
|  93|0x0000000087500000, 0x0000000087500000, 0x0000000087600000|  0%| F|  |TAMS 0x0000000087500000, 0x0000000087500000| Untracked 
|  94|0x0000000087600000, 0x0000000087600000, 0x0000000087700000|  0%| F|  |TAMS 0x0000000087600000, 0x0000000087600000| Untracked 
|  95|0x0000000087700000, 0x0000000087700000, 0x0000000087800000|  0%| F|  |TAMS 0x0000000087700000, 0x0000000087700000| Untracked 
|  96|0x0000000087800000, 0x0000000087800000, 0x0000000087900000|  0%| F|  |TAMS 0x0000000087800000, 0x0000000087800000| Untracked 
|  97|0x0000000087900000, 0x0000000087900000, 0x0000000087a00000|  0%| F|  |TAMS 0x0000000087900000, 0x0000000087900000| Untracked 
|  98|0x0000000087a00000, 0x0000000087a00000, 0x0000000087b00000|  0%| F|  |TAMS 0x0000000087a00000, 0x0000000087a00000| Untracked 
|  99|0x0000000087b00000, 0x0000000087b00000, 0x0000000087c00000|  0%| F|  |TAMS 0x0000000087b00000, 0x0000000087b00000| Untracked 
| 100|0x0000000087c00000, 0x0000000087c00000, 0x0000000087d00000|  0%| F|  |TAMS 0x0000000087c00000, 0x0000000087c00000| Untracked 
| 101|0x0000000087d00000, 0x0000000087d00000, 0x0000000087e00000|  0%| F|  |TAMS 0x0000000087d00000, 0x0000000087d00000| Untracked 
| 102|0x0000000087e00000, 0x0000000087e00000, 0x0000000087f00000|  0%| F|  |TAMS 0x0000000087e00000, 0x0000000087e00000| Untracked 
| 103|0x0000000087f00000, 0x0000000087f00000, 0x0000000088000000|  0%| F|  |TAMS 0x0000000087f00000, 0x0000000087f00000| Untracked 
| 104|0x0000000088000000, 0x0000000088000000, 0x0000000088100000|  0%| F|  |TAMS 0x0000000088000000, 0x0000000088000000| Untracked 
| 105|0x0000000088100000, 0x0000000088100000, 0x0000000088200000|  0%| F|  |TAMS 0x0000000088100000, 0x0000000088100000| Untracked 
| 106|0x0000000088200000, 0x0000000088200000, 0x0000000088300000|  0%| F|  |TAMS 0x0000000088200000, 0x0000000088200000| Untracked 
| 107|0x0000000088300000, 0x0000000088300000, 0x0000000088400000|  0%| F|  |TAMS 0x0000000088300000, 0x0000000088300000| Untracked 
| 108|0x0000000088400000, 0x0000000088400000, 0x0000000088500000|  0%| F|  |TAMS 0x0000000088400000, 0x0000000088400000| Untracked 
| 109|0x0000000088500000, 0x0000000088500000, 0x0000000088600000|  0%| F|  |TAMS 0x0000000088500000, 0x0000000088500000| Untracked 
| 110|0x0000000088600000, 0x0000000088600000, 0x0000000088700000|  0%| F|  |TAMS 0x0000000088600000, 0x0000000088600000| Untracked 
| 111|0x0000000088700000, 0x0000000088700000, 0x0000000088800000|  0%| F|  |TAMS 0x0000000088700000, 0x0000000088700000| Untracked 
| 112|0x0000000088800000, 0x0000000088800000, 0x0000000088900000|  0%| F|  |TAMS 0x0000000088800000, 0x0000000088800000| Untracked 
| 113|0x0000000088900000, 0x0000000088900000, 0x0000000088a00000|  0%| F|  |TAMS 0x0000000088900000, 0x0000000088900000| Untracked 
| 114|0x0000000088a00000, 0x0000000088a00000, 0x0000000088b00000|  0%| F|  |TAMS 0x0000000088a00000, 0x0000000088a00000| Untracked 
| 115|0x0000000088b00000, 0x0000000088b00000, 0x0000000088c00000|  0%| F|  |TAMS 0x0000000088b00000, 0x0000000088b00000| Untracked 
| 116|0x0000000088c00000, 0x0000000088c00000, 0x0000000088d00000|  0%| F|  |TAMS 0x0000000088c00000, 0x0000000088c00000| Untracked 
| 117|0x0000000088d00000, 0x0000000088d46400, 0x0000000088e00000| 27%| E|  |TAMS 0x0000000088d00000, 0x0000000088d00000| Complete 
| 118|0x0000000088e00000, 0x0000000088f00000, 0x0000000088f00000|100%| E|CS|TAMS 0x0000000088e00000, 0x0000000088e00000| Complete 
| 119|0x0000000088f00000, 0x0000000089000000, 0x0000000089000000|100%| E|CS|TAMS 0x0000000088f00000, 0x0000000088f00000| Complete 
| 120|0x0000000089000000, 0x0000000089100000, 0x0000000089100000|100%| E|CS|TAMS 0x0000000089000000, 0x0000000089000000| Complete 
| 121|0x0000000089100000, 0x0000000089200000, 0x0000000089200000|100%| E|CS|TAMS 0x0000000089100000, 0x0000000089100000| Complete 
| 122|0x0000000089200000, 0x0000000089300000, 0x0000000089300000|100%| E|CS|TAMS 0x0000000089200000, 0x0000000089200000| Complete 
| 123|0x0000000089300000, 0x0000000089400000, 0x0000000089400000|100%| E|CS|TAMS 0x0000000089300000, 0x0000000089300000| Complete 
| 124|0x0000000089400000, 0x0000000089500000, 0x0000000089500000|100%| E|CS|TAMS 0x0000000089400000, 0x0000000089400000| Complete 
| 125|0x0000000089500000, 0x0000000089600000, 0x0000000089600000|100%| E|CS|TAMS 0x0000000089500000, 0x0000000089500000| Complete 
| 126|0x0000000089600000, 0x0000000089700000, 0x0000000089700000|100%| E|CS|TAMS 0x0000000089600000, 0x0000000089600000| Complete 
| 127|0x0000000089700000, 0x0000000089800000, 0x0000000089800000|100%| E|CS|TAMS 0x0000000089700000, 0x0000000089700000| Complete 

Card table byte_map: [0x000001c06d2a0000,0x000001c06d6a0000] _byte_map_base: 0x000001c06ce94000

Marking Bits (Prev, Next): (CMBitMap*) 0x000001c05a964260, (CMBitMap*) 0x000001c05a9642a0
 Prev Bits: [0x000001c06daa0000, 0x000001c06fa40000)
 Next Bits: [0x000001c06fa40000, 0x000001c0719e0000)

Polling page: 0x000001c058880000

Metaspace:

Usage:
  Non-class:     15.32 MB used.
      Class:      1.71 MB used.
       Both:     17.03 MB used.

Virtual space:
  Non-class space:       16.00 MB reserved,      15.38 MB ( 96%) committed,  2 nodes.
      Class space:        1.00 GB reserved,       1.81 MB ( <1%) committed,  1 nodes.
              Both:        1.02 GB reserved,      17.19 MB (  2%) committed. 

Chunk freelists:
   Non-Class:  448.00 KB
       Class:  2.22 MB
        Both:  2.65 MB

MaxMetaspaceSize: 17179869184.00 GB
CompressedClassSpaceSize: 1.00 GB
 - commit_granule_bytes: 65536.
 - commit_granule_words: 8192.
 - virtual_space_node_default_size: 1048576.
 - enlarge_chunks_in_place: 1.
 - new_chunks_are_fully_committed: 0.
 - uncommit_free_chunks: 1.
 - use_allocation_guard: 0.
 - handle_deallocations: 1.


Internal statistics:

num_allocs_failed_limit: 0.
num_arena_births: 112.
num_arena_deaths: 0.
num_vsnodes_births: 3.
num_vsnodes_deaths: 0.
num_space_committed: 275.
num_space_uncommitted: 0.
num_chunks_returned_to_freelist: 0.
num_chunks_taken_from_freelist: 184.
num_chunk_merges: 0.
num_chunk_splits: 95.
num_chunks_enlarged: 51.
num_purges: 0.

CodeHeap 'non-profiled nmethods': size=120000Kb used=369Kb max_used=369Kb free=119630Kb
 bounds [0x000001c065970000, 0x000001c065be0000, 0x000001c06cea0000]
CodeHeap 'profiled nmethods': size=120000Kb used=2363Kb max_used=2363Kb free=117636Kb
 bounds [0x000001c05e440000, 0x000001c05e6b0000, 0x000001c065970000]
CodeHeap 'non-nmethods': size=5760Kb used=1296Kb max_used=1313Kb free=4463Kb
 bounds [0x000001c05dea0000, 0x000001c05e110000, 0x000001c05e440000]
 total_blobs=1976 nmethods=1352 adapters=537
 compilation: enabled
              stopped_count=0, restarted_count=0
 full_count=0

Compilation events (20 events):
Event: 9.758 Thread 0x000001c07482f240 1343       3       java.lang.Math::max (45 bytes)
Event: 9.758 Thread 0x000001c07482f240 nmethod 1343 0x000001c05e689c90 code [0x000001c05e689e40, 0x000001c05e68a198]
Event: 9.780 Thread 0x000001c07482f240 1344       3       java.awt.Component::dispatchEvent (6 bytes)
Event: 9.781 Thread 0x000001c07482f240 nmethod 1344 0x000001c05e68a210 code [0x000001c05e68a3c0, 0x000001c05e68a588]
Event: 9.839 Thread 0x000001c07482f240 1345       3       java.awt.geom.AffineTransform::hashCode (87 bytes)
Event: 9.841 Thread 0x000001c07482f240 nmethod 1345 0x000001c05e68a610 code [0x000001c05e68a840, 0x000001c05e68b398]
Event: 9.841 Thread 0x000001c07482f240 1346       3       sun.java2d.SunGraphics2D::setRenderingHint (539 bytes)
Event: 9.844 Thread 0x000001c07482f240 nmethod 1346 0x000001c05e68b590 code [0x000001c05e68b860, 0x000001c05e68ccf8]
Event: 9.935 Thread 0x000001c07482d7e0 1347       4       java.lang.Math::min (11 bytes)
Event: 9.935 Thread 0x000001c07482f240 1348  s    3       sun.java2d.loops.RenderCache::get (100 bytes)
Event: 9.935 Thread 0x000001c07482d7e0 nmethod 1347 0x000001c0659cb610 code [0x000001c0659cb780, 0x000001c0659cb7d8]
Event: 9.936 Thread 0x000001c07482f240 nmethod 1348 0x000001c05e68d090 code [0x000001c05e68d2a0, 0x000001c05e68da48]
Event: 9.936 Thread 0x000001c07482f240 1349       3       java.util.Arrays$ArrayList::get (7 bytes)
Event: 9.936 Thread 0x000001c07482f240 nmethod 1349 0x000001c05e68dc90 code [0x000001c05e68de20, 0x000001c05e68df58]
Event: 10.171 Thread 0x000001c07482d7e0 1350   !   4       sun.awt.AWTAutoShutdown::setToolkitBusy (124 bytes)
Event: 10.184 Thread 0x000001c07482d7e0 nmethod 1350 0x000001c0659cb910 code [0x000001c0659cbac0, 0x000001c0659cc018]
Event: 10.441 Thread 0x000001c07482f240 1351       3       sun.java2d.SunGraphics2D::setFont (105 bytes)
Event: 10.444 Thread 0x000001c07482f240 nmethod 1351 0x000001c05e68e010 code [0x000001c05e68e200, 0x000001c05e68ea98]
Event: 10.444 Thread 0x000001c07482f240 1352       1       javax.swing.AbstractButton::getModel (5 bytes)
Event: 10.444 Thread 0x000001c07482f240 nmethod 1352 0x000001c0659cc390 code [0x000001c0659cc520, 0x000001c0659cc5f8]

GC Heap History (0 events):
No events

Deoptimization events (20 events):
Event: 0.455 Thread 0x000001c05a921a00 Uncommon trap: trap_request=0xffffffde fr.pc=0x000001c06598f944 relative=0x00000000000001a4
Event: 0.455 Thread 0x000001c05a921a00 Uncommon trap: reason=class_check action=maybe_recompile pc=0x000001c06598f944 method=java.lang.String.equals(Ljava/lang/Object;)Z @ 8 c2
Event: 0.455 Thread 0x000001c05a921a00 DEOPT PACKING pc=0x000001c06598f944 sp=0x00000001fbcfe740
Event: 0.455 Thread 0x000001c05a921a00 DEOPT UNPACKING pc=0x000001c05deed72e sp=0x00000001fbcfe6e8 mode 2
Event: 0.455 Thread 0x000001c05a921a00 Uncommon trap: trap_request=0xffffffde fr.pc=0x000001c06598f944 relative=0x00000000000001a4
Event: 0.455 Thread 0x000001c05a921a00 Uncommon trap: reason=class_check action=maybe_recompile pc=0x000001c06598f944 method=java.lang.String.equals(Ljava/lang/Object;)Z @ 8 c2
Event: 0.455 Thread 0x000001c05a921a00 DEOPT PACKING pc=0x000001c06598f944 sp=0x00000001fbcfe810
Event: 0.455 Thread 0x000001c05a921a00 DEOPT UNPACKING pc=0x000001c05deed72e sp=0x00000001fbcfe7b8 mode 2
Event: 0.455 Thread 0x000001c05a921a00 Uncommon trap: trap_request=0xffffffde fr.pc=0x000001c06598f944 relative=0x00000000000001a4
Event: 0.455 Thread 0x000001c05a921a00 Uncommon trap: reason=class_check action=maybe_recompile pc=0x000001c06598f944 method=java.lang.String.equals(Ljava/lang/Object;)Z @ 8 c2
Event: 0.455 Thread 0x000001c05a921a00 DEOPT PACKING pc=0x000001c06598f944 sp=0x00000001fbcfe730
Event: 0.455 Thread 0x000001c05a921a00 DEOPT UNPACKING pc=0x000001c05deed72e sp=0x00000001fbcfe6d8 mode 2
Event: 0.550 Thread 0x000001c05a921a00 DEOPT PACKING pc=0x000001c05e454ee7 sp=0x00000001fbcfd1a0
Event: 0.550 Thread 0x000001c05a921a00 DEOPT UNPACKING pc=0x000001c05deedece sp=0x00000001fbcfc5c0 mode 0
Event: 5.105 Thread 0x000001c074d86010 DEOPT PACKING pc=0x000001c05e59ce00 sp=0x00000001fd2fcef0
Event: 5.105 Thread 0x000001c074d86010 DEOPT UNPACKING pc=0x000001c05deedece sp=0x00000001fd2fc360 mode 0
Event: 8.544 Thread 0x000001c074d86010 Uncommon trap: trap_request=0xffffff45 fr.pc=0x000001c0659c3898 relative=0x0000000000000378
Event: 8.544 Thread 0x000001c074d86010 Uncommon trap: reason=unstable_if action=reinterpret pc=0x000001c0659c3898 method=java.lang.StringLatin1.newString([BII)Ljava/lang/String; @ 1 c2
Event: 8.544 Thread 0x000001c074d86010 DEOPT PACKING pc=0x000001c0659c3898 sp=0x00000001fd2fda10
Event: 8.544 Thread 0x000001c074d86010 DEOPT UNPACKING pc=0x000001c05deed72e sp=0x00000001fd2fd9f0 mode 2

Classes unloaded (0 events):
No events

Classes redefined (0 events):
No events

Internal exceptions (13 events):
Event: 0.180 Thread 0x000001c05a921a00 Exception <a 'java/lang/NoSuchMethodError'{0x000000008962bed0}: 'void java.lang.invoke.DirectMethodHandle$Holder.invokeSpecial(java.lang.Object, java.lang.Object, java.lang.Object)'> (0x000000008962bed0) 
thrown [t:\workspace\open\src\hotspot\share\interpreter\linkResolver.cpp, line 790]
Event: 0.211 Thread 0x000001c05a921a00 Exception <a 'java/lang/ClassNotFoundException'{0x0000000089655dd0}: sun/awt/resources/spi/awtProvider> (0x0000000089655dd0) 
thrown [t:\workspace\open\src\hotspot\share\classfile\systemDictionary.cpp, line 256]
Event: 0.243 Thread 0x000001c05a921a00 Exception <a 'java/io/FileNotFoundException'{0x00000000896b2b18}> (0x00000000896b2b18) 
thrown [t:\workspace\open\src\hotspot\share\prims\jni.cpp, line 579]
Event: 0.252 Thread 0x000001c05a921a00 Exception <a 'java/io/FileNotFoundException'{0x00000000896e1810}> (0x00000000896e1810) 
thrown [t:\workspace\open\src\hotspot\share\prims\jni.cpp, line 579]
Event: 0.253 Thread 0x000001c05a921a00 Exception <a 'java/lang/NoSuchMethodError'{0x00000000896e2f30}: 'java.lang.Object java.lang.invoke.DirectMethodHandle$Holder.invokeStatic(java.lang.Object)'> (0x00000000896e2f30) 
thrown [t:\workspace\open\src\hotspot\share\interpreter\linkResolver.cpp, line 790]
Event: 0.313 Thread 0x000001c05a921a00 Exception <a 'java/lang/NoSuchMethodError'{0x0000000089547170}: 'java.lang.Object java.lang.invoke.DirectMethodHandle$Holder.invokeStaticInit(java.lang.Object)'> (0x0000000089547170) 
thrown [t:\workspace\open\src\hotspot\share\interpreter\linkResolver.cpp, line 790]
Event: 0.361 Thread 0x000001c05a921a00 Exception <a 'java/lang/NoSuchMethodError'{0x00000000895faeb8}: 'java.lang.Object java.lang.invoke.DirectMethodHandle$Holder.newInvokeSpecial(java.lang.Object, java.lang.Object, java.lang.Object, java.lang.Object, java.lang.Object)'> (0x00000000895faeb8) 
thrown [t:\workspace\open\src\hotspot\share\interpreter\linkResolver.cpp, line 790]
Event: 0.363 Thread 0x000001c05a921a00 Exception <a 'java/lang/NoSuchMethodError'{0x0000000089407638}: 'java.lang.Object java.lang.invoke.DirectMethodHandle$Holder.invokeStatic(java.lang.Object, int, java.lang.Object, java.lang.Object, java.lang.Object, java.lang.Object)'> (0x0000000089407638) 
thrown [t:\workspace\open\src\hotspot\share\interpreter\linkResolver.cpp, line 790]
Event: 0.369 Thread 0x000001c05a921a00 Exception <a 'java/lang/NoSuchMethodError'{0x000000008942d700}: 'java.lang.Object java.lang.invoke.DirectMethodHandle$Holder.invokeStatic(java.lang.Object, int, java.lang.Object)'> (0x000000008942d700) 
thrown [t:\workspace\open\src\hotspot\share\interpreter\linkResolver.cpp, line 790]
Event: 0.402 Thread 0x000001c05a921a00 Exception <a 'java/lang/ClassNotFoundException'{0x00000000894e5f38}: com/sun/swing/internal/plaf/metal/resources/spi/metalProvider> (0x00000000894e5f38) 
thrown [t:\workspace\open\src\hotspot\share\classfile\systemDictionary.cpp, line 256]
Event: 0.404 Thread 0x000001c05a921a00 Exception <a 'java/lang/ClassNotFoundException'{0x00000000894ebf40}: com/sun/swing/internal/plaf/basic/resources/spi/basicProvider> (0x00000000894ebf40) 
thrown [t:\workspace\open\src\hotspot\share\classfile\systemDictionary.cpp, line 256]
Event: 0.495 Thread 0x000001c074cfc040 Exception <a 'java/lang/NoSuchMethodError'{0x0000000089595368}: 'void java.lang.invoke.DirectMethodHandle$Holder.invokeVirtual(java.lang.Object, java.lang.Object)'> (0x0000000089595368) 
thrown [t:\workspace\open\src\hotspot\share\interpreter\linkResolver.cpp, line 790]
Event: 0.512 Thread 0x000001c05a921a00 Exception <a 'java/lang/NoSuchMethodError'{0x00000000893dcd48}: 'void java.lang.invoke.DirectMethodHandle$Holder.invokeStaticInit(java.lang.Object)'> (0x00000000893dcd48) 
thrown [t:\workspace\open\src\hotspot\share\interpreter\linkResolver.cpp, line 790]

Events (20 events):
Event: 8.543 loading class java/text/FieldPosition
Event: 8.543 loading class java/text/FieldPosition done
Event: 8.543 loading class java/text/DigitList
Event: 8.544 loading class java/text/DigitList done
Event: 8.544 loading class java/math/RoundingMode
Event: 8.544 loading class java/math/RoundingMode done
Event: 8.544 loading class java/text/DontCareFieldPosition
Event: 8.544 loading class java/text/DontCareFieldPosition done
Event: 8.544 loading class java/text/DontCareFieldPosition$1
Event: 8.544 loading class java/text/Format$FieldDelegate
Event: 8.544 loading class java/text/Format$FieldDelegate done
Event: 8.544 loading class java/text/DontCareFieldPosition$1 done
Event: 8.548 loading class javax/swing/JTable$PrintMode
Event: 8.548 loading class javax/swing/JTable$PrintMode done
Event: 8.549 loading class javax/swing/table/DefaultTableCellRenderer$UIResource
Event: 8.549 loading class javax/swing/table/DefaultTableCellRenderer$UIResource done
Event: 8.957 Executing  VM operation: Cleanup
Event: 8.958 Executing  VM operation: Cleanup done
Event: 9.961 Executing  VM operation: Cleanup
Event: 9.961 Executing  VM operation: Cleanup done


Dynamic libraries:
0x00007ff7f8b60000 - 0x00007ff7f8b6e000 	C:\Users\71041\.p2\pool\plugins\org.eclipse.justj.openjdk.hotspot.jre.full.win32.x86_64_16.0.2.v20210721-1149\jre\bin\javaw.exe
0x00007ff8802f0000 - 0x00007ff8804e5000 	C:\WINDOWS\SYSTEM32\ntdll.dll
0x00007ff8801f0000 - 0x00007ff8802ae000 	C:\WINDOWS\System32\KERNEL32.DLL
0x00007ff87da70000 - 0x00007ff87dd38000 	C:\WINDOWS\System32\KERNELBASE.dll
0x00007ff87dd40000 - 0x00007ff87de40000 	C:\WINDOWS\System32\ucrtbase.dll
0x00007ff878930000 - 0x00007ff878948000 	C:\Users\71041\.p2\pool\plugins\org.eclipse.justj.openjdk.hotspot.jre.full.win32.x86_64_16.0.2.v20210721-1149\jre\bin\jli.dll
0x00007ff878980000 - 0x00007ff878999000 	C:\Users\71041\.p2\pool\plugins\org.eclipse.justj.openjdk.hotspot.jre.full.win32.x86_64_16.0.2.v20210721-1149\jre\bin\VCRUNTIME140.dll
0x00007ff87f0e0000 - 0x00007ff87f281000 	C:\WINDOWS\System32\USER32.dll
0x00007ff87e020000 - 0x00007ff87e042000 	C:\WINDOWS\System32\win32u.dll
0x00007ff87f790000 - 0x00007ff87f7bb000 	C:\WINDOWS\System32\GDI32.dll
0x00007ff868480000 - 0x00007ff86871a000 	C:\WINDOWS\WinSxS\amd64_microsoft.windows.common-controls_6595b64144ccf1df_6.0.19041.1110_none_60b5254171f9507e\COMCTL32.dll
0x00007ff87e050000 - 0x00007ff87e15b000 	C:\WINDOWS\System32\gdi32full.dll
0x00007ff87ef30000 - 0x00007ff87efce000 	C:\WINDOWS\System32\msvcrt.dll
0x00007ff87e2a0000 - 0x00007ff87e33d000 	C:\WINDOWS\System32\msvcp_win.dll
0x00007ff87f760000 - 0x00007ff87f790000 	C:\WINDOWS\System32\IMM32.DLL
0x00007ff8789f0000 - 0x00007ff8789fc000 	C:\Users\71041\.p2\pool\plugins\org.eclipse.justj.openjdk.hotspot.jre.full.win32.x86_64_16.0.2.v20210721-1149\jre\bin\vcruntime140_1.dll
0x00007ff877190000 - 0x00007ff877221000 	C:\Users\71041\.p2\pool\plugins\org.eclipse.justj.openjdk.hotspot.jre.full.win32.x86_64_16.0.2.v20210721-1149\jre\bin\msvcp140.dll
0x00007ff82e6a0000 - 0x00007ff82f24b000 	C:\Users\71041\.p2\pool\plugins\org.eclipse.justj.openjdk.hotspot.jre.full.win32.x86_64_16.0.2.v20210721-1149\jre\bin\server\jvm.dll
0x00007ff87f290000 - 0x00007ff87f33c000 	C:\WINDOWS\System32\ADVAPI32.dll
0x00007ff87efd0000 - 0x00007ff87f06b000 	C:\WINDOWS\System32\sechost.dll
0x00007ff87fe00000 - 0x00007ff87ff2a000 	C:\WINDOWS\System32\RPCRT4.dll
0x00007ff87ea80000 - 0x00007ff87ea88000 	C:\WINDOWS\System32\PSAPI.DLL
0x00007ff87d4e0000 - 0x00007ff87d4ea000 	C:\WINDOWS\SYSTEM32\VERSION.dll
0x00007ff864350000 - 0x00007ff864359000 	C:\WINDOWS\SYSTEM32\WSOCK32.dll
0x00007ff8676f0000 - 0x00007ff867717000 	C:\WINDOWS\SYSTEM32\WINMM.dll
0x00007ff87f400000 - 0x00007ff87f46b000 	C:\WINDOWS\System32\WS2_32.dll
0x00007ff87c230000 - 0x00007ff87c242000 	C:\WINDOWS\SYSTEM32\kernel.appcore.dll
0x00007ff8674e0000 - 0x00007ff8674ea000 	C:\Users\71041\.p2\pool\plugins\org.eclipse.justj.openjdk.hotspot.jre.full.win32.x86_64_16.0.2.v20210721-1149\jre\bin\jimage.dll
0x00007ff87beb0000 - 0x00007ff87c094000 	C:\WINDOWS\SYSTEM32\DBGHELP.DLL
0x00007ff862fd0000 - 0x00007ff862ffc000 	C:\WINDOWS\SYSTEM32\dbgcore.DLL
0x00007ff87e160000 - 0x00007ff87e1e3000 	C:\WINDOWS\System32\bcryptPrimitives.dll
0x00007ff852760000 - 0x00007ff852785000 	C:\Users\71041\.p2\pool\plugins\org.eclipse.justj.openjdk.hotspot.jre.full.win32.x86_64_16.0.2.v20210721-1149\jre\bin\java.dll
0x00007ff862a90000 - 0x00007ff862aa8000 	C:\Users\71041\.p2\pool\plugins\org.eclipse.justj.openjdk.hotspot.jre.full.win32.x86_64_16.0.2.v20210721-1149\jre\bin\zip.dll
0x00007ff87e340000 - 0x00007ff87ea7f000 	C:\WINDOWS\System32\SHELL32.dll
0x00007ff87b650000 - 0x00007ff87bde0000 	C:\WINDOWS\SYSTEM32\windows.storage.dll
0x00007ff87eaf0000 - 0x00007ff87ee45000 	C:\WINDOWS\System32\combase.dll
0x00007ff87d240000 - 0x00007ff87d26e000 	C:\WINDOWS\SYSTEM32\Wldp.dll
0x00007ff87f350000 - 0x00007ff87f3fd000 	C:\WINDOWS\System32\SHCORE.dll
0x00007ff87ee50000 - 0x00007ff87eea5000 	C:\WINDOWS\System32\shlwapi.dll
0x00007ff87d950000 - 0x00007ff87d96f000 	C:\WINDOWS\SYSTEM32\profapi.dll
0x00007ff84bd50000 - 0x00007ff84bd69000 	C:\Users\71041\.p2\pool\plugins\org.eclipse.justj.openjdk.hotspot.jre.full.win32.x86_64_16.0.2.v20210721-1149\jre\bin\net.dll
0x00007ff875030000 - 0x00007ff87513c000 	C:\WINDOWS\SYSTEM32\WINHTTP.dll
0x00007ff87d020000 - 0x00007ff87d08a000 	C:\WINDOWS\system32\mswsock.dll
0x00007ff84bd30000 - 0x00007ff84bd43000 	C:\Users\71041\.p2\pool\plugins\org.eclipse.justj.openjdk.hotspot.jre.full.win32.x86_64_16.0.2.v20210721-1149\jre\bin\nio.dll
0x00007ff866e00000 - 0x00007ff866e10000 	C:\Users\71041\.p2\pool\plugins\org.eclipse.justj.openjdk.hotspot.jre.full.win32.x86_64_16.0.2.v20210721-1149\jre\bin\verify.dll
0x00007ff84ba00000 - 0x00007ff84bb7f000 	C:\Users\71041\.p2\pool\plugins\org.eclipse.justj.openjdk.hotspot.jre.full.win32.x86_64_16.0.2.v20210721-1149\jre\bin\awt.dll
0x00007ff87f690000 - 0x00007ff87f75d000 	C:\WINDOWS\System32\OLEAUT32.dll
0x00007ff87ae60000 - 0x00007ff87aef0000 	C:\WINDOWS\SYSTEM32\apphelp.dll
0x00007ff87b180000 - 0x00007ff87b1af000 	C:\WINDOWS\system32\DWMAPI.DLL
0x00007ff87af90000 - 0x00007ff87b02e000 	C:\WINDOWS\system32\uxtheme.dll
0x00007ff85eca0000 - 0x00007ff85edc5000 	C:\WINDOWS\system32\opengl32.dll
0x00007ff860550000 - 0x00007ff86057c000 	C:\WINDOWS\SYSTEM32\GLU32.dll
0x00007ff87f570000 - 0x00007ff87f685000 	C:\WINDOWS\System32\MSCTF.dll
0x00007ff87fcd0000 - 0x00007ff87fdfa000 	C:\WINDOWS\System32\ole32.dll
0x00007ff875fc0000 - 0x00007ff876049000 	C:\Users\71041\.p2\pool\plugins\org.eclipse.justj.openjdk.hotspot.jre.full.win32.x86_64_16.0.2.v20210721-1149\jre\bin\freetype.dll
0x00007ff869890000 - 0x00007ff869986000 	C:\Users\71041\.p2\pool\plugins\org.eclipse.justj.openjdk.hotspot.jre.full.win32.x86_64_16.0.2.v20210721-1149\jre\bin\harfbuzz.dll
0x00007ff877710000 - 0x00007ff877722000 	C:\Users\71041\.p2\pool\plugins\org.eclipse.justj.openjdk.hotspot.jre.full.win32.x86_64_16.0.2.v20210721-1149\jre\bin\fontmanager.dll
0x00007ff880140000 - 0x00007ff8801e9000 	C:\WINDOWS\System32\clbcatq.dll
0x00007ff86f1f0000 - 0x00007ff86f3a4000 	C:\WINDOWS\SYSTEM32\WindowsCodecs.dll
0x00007ff87dfa0000 - 0x00007ff87dfc7000 	C:\WINDOWS\System32\bcrypt.dll
0x00007ff855bb0000 - 0x00007ff855bee000 	C:\WINDOWS\system32\dataexchange.dll
0x00007ff879d60000 - 0x00007ff879fc4000 	C:\WINDOWS\system32\d3d11.dll
0x00007ff87a110000 - 0x00007ff87a2f5000 	C:\WINDOWS\system32\dcomp.dll
0x00007ff87c250000 - 0x00007ff87c344000 	C:\WINDOWS\system32\dxgi.dll
0x00007ff875470000 - 0x00007ff875671000 	C:\WINDOWS\system32\twinapi.appcore.dll
0x00007ff871b80000 - 0x00007ff871c79000 	C:\WINDOWS\SYSTEM32\textinputframework.dll
0x00007ff87a7e0000 - 0x00007ff87ab3e000 	C:\WINDOWS\System32\CoreUIComponents.dll
0x00007ff87ab40000 - 0x00007ff87ac32000 	C:\WINDOWS\System32\CoreMessaging.dll
0x00007ff87a680000 - 0x00007ff87a7d4000 	C:\WINDOWS\SYSTEM32\wintypes.dll
0x00007ff87c690000 - 0x00007ff87c6c3000 	C:\WINDOWS\SYSTEM32\ntmarta.dll
0x00007ff877760000 - 0x00007ff877799000 	D:\jdk\bin\jpcap.dll
0x0000000180000000 - 0x0000000180065000 	C:\WINDOWS\SYSTEM32\wpcap.dll
0x00007ff87cd30000 - 0x00007ff87cd6b000 	C:\WINDOWS\SYSTEM32\IPHLPAPI.DLL
0x000001c075d70000 - 0x000001c075d8f000 	C:\WINDOWS\SYSTEM32\packet.dll
0x00007ff87f340000 - 0x00007ff87f348000 	C:\WINDOWS\System32\NSI.dll
0x00007ff8744d0000 - 0x00007ff8744e7000 	C:\WINDOWS\SYSTEM32\dhcpcsvc6.DLL
0x00007ff8743d0000 - 0x00007ff8743ed000 	C:\WINDOWS\SYSTEM32\dhcpcsvc.DLL
0x00007ff87cd70000 - 0x00007ff87ce3b000 	C:\WINDOWS\SYSTEM32\DNSAPI.dll
0x00007ff84ddd0000 - 0x00007ff84dfd8000 	C:\WINDOWS\system32\SogouTSF.ime
0x00007ff86d310000 - 0x00007ff86d317000 	C:\WINDOWS\system32\MSIMG32.dll
0x00007ff84d4a0000 - 0x00007ff84ddcc000 	C:\WINDOWS\system32\SogouPy.ime
0x00007ff867680000 - 0x00007ff8676e6000 	C:\WINDOWS\SYSTEM32\OLEACC.dll
0x0000000010000000 - 0x00000000101c1000 	C:\Program Files (x86)\SogouInput\11.1.0.5032\Resource.dll
0x00007ff84be90000 - 0x00007ff84c0fa000 	C:\Program Files (x86)\SogouInput\Components\PicFace\1.1.0.1881\PicFace64.dll
0x00007ff87f470000 - 0x00007ff87f54a000 	C:\WINDOWS\System32\COMDLG32.dll
0x00007ff868c30000 - 0x00007ff868cdc000 	C:\WINDOWS\SYSTEM32\TextShaping.dll

dbghelp: loaded successfully - version: 4.0.5 - missing functions: none
symbol engine: initialized successfully - sym options: 0x614 - pdb path: .;C:\Users\71041\.p2\pool\plugins\org.eclipse.justj.openjdk.hotspot.jre.full.win32.x86_64_16.0.2.v20210721-1149\jre\bin;C:\WINDOWS\SYSTEM32;C:\WINDOWS\WinSxS\amd64_microsoft.windows.common-controls_6595b64144ccf1df_6.0.19041.1110_none_60b5254171f9507e;C:\Users\71041\.p2\pool\plugins\org.eclipse.justj.openjdk.hotspot.jre.full.win32.x86_64_16.0.2.v20210721-1149\jre\bin\server;D:\jdk\bin;C:\Program Files (x86)\SogouInput\11.1.0.5032;C:\Program Files (x86)\SogouInput\Components\PicFace\1.1.0.1881

VM Arguments:
jvm_args: -Dfile.encoding=GBK -XX:+ShowCodeDetailsInExceptionMessages 
java_command: control.SnifferDriver
java_class_path (initial): D:\5004\final_project\Network_Packet_Sniffer\bin;C:\Users\71041\Desktop\jpcap\jpcap.jar;C:\Users\71041\Downloads\jaxb-ri-2.3.1\jaxb-ri\mod\jaxb-api.jar
Launcher Type: SUN_STANDARD

[Global flags]
     intx CICompilerCount                          = 3                                         {product} {ergonomic}
     uint ConcGCThreads                            = 1                                         {product} {ergonomic}
     uint G1ConcRefinementThreads                  = 4                                         {product} {ergonomic}
   size_t G1HeapRegionSize                         = 1048576                                   {product} {ergonomic}
    uintx GCDrainStackTargetSize                   = 64                                        {product} {ergonomic}
   size_t InitialHeapSize                          = 134217728                                 {product} {ergonomic}
   size_t MarkStackSize                            = 4194304                                   {product} {ergonomic}
   size_t MaxHeapSize                              = 2122317824                                {product} {ergonomic}
   size_t MaxNewSize                               = 1272971264                                {product} {ergonomic}
   size_t MinHeapDeltaBytes                        = 1048576                                   {product} {ergonomic}
   size_t MinHeapSize                              = 8388608                                   {product} {ergonomic}
    uintx NonNMethodCodeHeapSize                   = 5832780                                {pd product} {ergonomic}
    uintx NonProfiledCodeHeapSize                  = 122912730                              {pd product} {ergonomic}
    uintx ProfiledCodeHeapSize                     = 122912730                              {pd product} {ergonomic}
    uintx ReservedCodeCacheSize                    = 251658240                              {pd product} {ergonomic}
     bool SegmentedCodeCache                       = true                                      {product} {ergonomic}
     bool ShowCodeDetailsInExceptionMessages       = true                                   {manageable} {command line}
   size_t SoftMaxHeapSize                          = 2122317824                             {manageable} {ergonomic}
     bool UseCompressedClassPointers               = true                           {product lp64_product} {ergonomic}
     bool UseCompressedOops                        = true                           {product lp64_product} {ergonomic}
     bool UseG1GC                                  = true                                      {product} {ergonomic}
     bool UseLargePagesIndividualAllocation        = false                                  {pd product} {ergonomic}

Logging:
Log output configuration:
 #0: stdout all=warning uptime,level,tags
 #1: stderr all=off uptime,level,tags

Environment Variables:
JAVA_HOME=D:\jdk
CLASSPATH=.;D:\jdk\lib\dt.jar;D:\jdk\lib\tools.jar;
PATH=C:/Users/71041/.p2/pool/plugins/org.eclipse.justj.openjdk.hotspot.jre.full.win32.x86_64_16.0.2.v20210721-1149/jre/bin/server;C:/Users/71041/.p2/pool/plugins/org.eclipse.justj.openjdk.hotspot.jre.full.win32.x86_64_16.0.2.v20210721-1149/jre/bin;D:\jdk\bin;D:\IntelliJ IDEA Community Edition 2021.2.1\bin;C:\Program Files\NVIDIA GPU Computing Toolkit\CUDA\v10.1\libnvvp;C:\WINDOWS\system32;C:\WINDOWS;C:\WINDOWS\System32\Wbem;C:\WINDOWS\System32\WindowsPowerShell\v1.0\;C:\Program Files (x86)\NVIDIA Corporation\PhysX\Common;C:\Program Files\NVIDIA Corporation\NVIDIA NvDLISR;D:\anaconda\Scripts;D:\anaconda;C:\WINDOWS\system32;C:\WINDOWS;C:\WINDOWS\System32\Wbem;C:\WINDOWS\System32\WindowsPowerShell\v1.0\;C:\WINDOWS\System32\OpenSSH\;D:\puuty\;C:\Program Files\Git\cmd;D:\jdk\bin;C:\Program Files\MySQL\MySQL Shell 8.0\bin\;C:\Users\71041\Anaconda3;C:\Users\71041\Anaconda3\Library\mingw-w64\bin;C:\Users\71041\Anaconda3\Library\usr\bin;C:\Users\71041\Anaconda3\Library\bin;C:\Users\71041\Anaconda3\Scripts;C:\Users\71041\AppData\Local\Microsoft\WindowsApps;E:\PyCharm Community Edition 2021.1.3\bin;?C:\Users\71041\anaconda3\Scripts;D:\IntelliJ IDEA Community Edition 2021.2.1\bin;D:\IntelliJ IDEA Community Edition 2021.2.1\bin;D:\latex\miktex\bin\x64\;C:\ProgramData\71041\atom\bin;D:\Hyper\resources\bin;C:\WINDOWS\system32;
USERNAME=71041
OS=Windows_NT
PROCESSOR_IDENTIFIER=Intel64 Family 6 Model 142 Stepping 9, GenuineIntel



---------------  S Y S T E M  ---------------

OS:
 Windows 10 , 64 bit Build 19041 (10.0.19041.1348)
OS uptime: 1 days 3:46 hours
Hyper-V role detected

CPU: total 4 (initial active 4) (2 cores per cpu, 2 threads per core) family 6 model 142 stepping 9 microcode 0xb4, cx8, cmov, fxsr, ht, mmx, 3dnowpref, sse, sse2, sse3, ssse3, sse4.1, sse4.2, popcnt, lzcnt, tsc, tscinvbit, avx, avx2, aes, erms, clmul, bmi1, bmi2, adx, fma, vzeroupper, clflush, clflushopt, hv

Memory: 4k page, system-wide physical 8090M (1492M free)
TotalPageFile size 16026M (AvailPageFile size 4225M)
current process WorkingSet (physical memory assigned to process): 97M, peak: 98M
current process commit charge ("private bytes"): 223M, peak: 227M

vm_info: OpenJDK 64-Bit Server VM (16.0.2+7-67) for windows-amd64 JRE (16.0.2+7-67), built on Jun  8 2021 23:21:43 by "mach5one" with MS VC++ 16.7 (VS2019)

END.
