#
# A fatal error has been detected by the Java Runtime Environment:
#
#  EXCEPTION_ACCESS_VIOLATION (0xc0000005) at pc=0x00007ff82ea8522f, pid=18384, tid=13892
#
# JRE version: OpenJDK Runtime Environment (16.0.2+7) (build 16.0.2+7-67)
# Java VM: OpenJDK 64-Bit Server VM (16.0.2+7-67, mixed mode, tiered, compressed oops, compressed class ptrs, g1 gc, windows-amd64)
# Problematic frame:
# V  [jvm.dll+0x3e522f]
#
# No core dump will be written. Minidumps are not enabled by default on client versions of Windows
#
# If you would like to submit a bug report, please visit:
#   https://bugreport.java.com/bugreport/crash.jsp
#

---------------  S U M M A R Y ------------

Command Line: -Dfile.encoding=GBK -XX:+ShowCodeDetailsInExceptionMessages control.SnifferDriver

Host: Intel(R) Core(TM) i5-7200U CPU @ 2.50GHz, 4 cores, 7G,  Windows 10 , 64 bit Build 19041 (10.0.19041.1348)
Time: Fri Dec 10 21:10:59 2021  Windows 10 , 64 bit Build 19041 (10.0.19041.1348) elapsed time: 3.051802 seconds (0d 0h 0m 3s)

---------------  T H R E A D  ---------------

Current thread (0x00000264c8f191f0):  JavaThread "main" [_thread_in_vm, id=13892, stack(0x000000d362100000,0x000000d362200000)]

Stack: [0x000000d362100000,0x000000d362200000],  sp=0x000000d3621feca0,  free space=1019k
Native frames: (J=compiled Java code, j=interpreted, Vv=VM code, C=native code)
V  [jvm.dll+0x3e522f]
V  [jvm.dll+0x3cce44]
C  [jpcap.dll+0x17f6]

Java frames: (J=compiled Java code, j=interpreted, Vv=VM code)
j  jpcap.JpcapCaptor.getDeviceList()[Ljpcap/NetworkInterface;+0
j  model.Captor.searchDevices()V+1
j  model.Captor.getDevices()[Ljava/lang/String;+1
j  control.Controller.<init>()V+81
j  control.SnifferDriver.main([Ljava/lang/String;)V+4
v  ~StubRoutines::call_stub

siginfo: EXCEPTION_ACCESS_VIOLATION (0xc0000005), reading address 0x0000000000001048


Register to memory mapping:

RIP=0x00007ff82ea8522f jvm.dll
RAX=0x0000000000001048 is an unknown value
RBX=0x0000000000001048 is an unknown value
RCX=0x00000000896f8b80 is an oop: view.GUI 
{0x00000000896f8b80} - klass: 'view/GUI'
RDX=0x0000000000000010 is an unknown value
RSP=0x000000d3621feca0 is pointing into the stack for thread: 0x00000264c8f191f0
RBP=0x00000264c8f19500 points into unknown readable memory: 0x00007ff82f1133d0 | d0 33 11 2f f8 7f 00 00
RSI=0x0 is NULL
RDI=0x00000264c8f191f0 is a thread
R8 =0x00000264e3161838 points into unknown readable memory: 0x00000264e4007a30 | 30 7a 00 e4 64 02 00 00
R9 =0x00000264c8fe6e48 points into unknown readable memory: 0x00000000892b40c8 | c8 40 2b 89 00 00 00 00
R10=0x00000264e51e0ef0 points into unknown readable memory: 0x5c6563697665445c | 5c 44 65 76 69 63 65 5c
R11=0x00000000892b40f0 is pointing into object: [B 
{0x00000000892b40e0} - klass: {type array byte}
 - length: 50
R12=0x00000264c8fe6d70 points into unknown readable memory: 0x00000000892b3ff0 | f0 3f 2b 89 00 00 00 00
R13=0x00000264e51e7620 points into unknown readable memory: 0x00000264e51e7680 | 80 76 1e e5 64 02 00 00
R14=0x00000264c8fe6d60 points into unknown readable memory: 0x00000000892b4018 | 18 40 2b 89 00 00 00 00
R15=0x00000264c8fe6e58 points into unknown readable memory: 0x00000000892b4048 | 48 40 2b 89 00 00 00 00


Registers:
RAX=0x0000000000001048, RBX=0x0000000000001048, RCX=0x00000000896f8b80, RDX=0x0000000000000010
RSP=0x000000d3621feca0, RBP=0x00000264c8f19500, RSI=0x0000000000000000, RDI=0x00000264c8f191f0
R8 =0x00000264e3161838, R9 =0x00000264c8fe6e48, R10=0x00000264e51e0ef0, R11=0x00000000892b40f0
R12=0x00000264c8fe6d70, R13=0x00000264e51e7620, R14=0x00000264c8fe6d60, R15=0x00000264c8fe6e58
RIP=0x00007ff82ea8522f, EFLAGS=0x0000000000010206

Top of Stack: (sp=0x000000d3621feca0)
0x000000d3621feca0:   00000264e51e0000 00000264e51e0000
0x000000d3621fecb0:   00009e4111797b40 00000264e51e0000
0x000000d3621fecc0:   00000264e51e0e01 00000264c8f191f0
0x000000d3621fecd0:   00000000892b40c8 00000264e34d43a0
0x000000d3621fece0:   00000264c8f191f0 00007ff82ea6ce44
0x000000d3621fecf0:   000000d3621fed90 00007ff8803147b1
0x000000d3621fed00:   00000264c8f191f0 0000000000000032
0x000000d3621fed10:   00000264e51e7620 00000264c8fe6d68
0x000000d3621fed20:   00000264e51e0ef0 00007ff82eaa404e
0x000000d3621fed30:   00000264e51e0ef0 00000264c8f191f0
0x000000d3621fed40:   0000000000000000 00000264c8f191f0
0x000000d3621fed50:   0000000000000000 00000264e51e7620
0x000000d3621fed60:   00000264c8fe6d68 00000264e51e0ef0
0x000000d3621fed70:   0000000000000000 00007ff82ea7c0a4
0x000000d3621fed80:   00000264c8fe6d60 00000264c8f191f0
0x000000d3621fed90:   00007ff82f1133d0 00007ff82f1133d0 

Instructions: (pc=0x00007ff82ea8522f)
0x00007ff82ea8512f:   8b b4 24 b0 00 00 00 48 8b 9c 24 d0 00 00 00 48
0x00007ff82ea8513f:   81 c4 b8 00 00 00 41 5f 41 5e c3 cc cc cc cc cc
0x00007ff82ea8514f:   cc 4c 89 44 24 18 4c 89 4c 24 20 48 83 ec 28 48
0x00007ff82ea8515f:   8b 01 4c 8d 4c 24 48 ff 90 e8 00 00 00 48 83 c4
0x00007ff82ea8516f:   28 c3 cc cc cc cc cc cc cc cc cc cc cc cc cc cc
0x00007ff82ea8517f:   cc 40 53 57 48 83 ec 38 48 8b fa 8b 15 cc 36 6f
0x00007ff82ea8518f:   00 e8 bb f5 26 00 48 8b d8 48 85 c0 0f 85 8e 00
0x00007ff82ea8519f:   00 00 48 8b 9f 78 02 00 00 48 8d 15 d1 3f 51 00
0x00007ff82ea851af:   4c 8b 0d fa 0b 71 00 41 b8 f3 00 00 00 48 89 6c
0x00007ff82ea851bf:   24 50 48 8b cf 48 89 74 24 58 48 8b 73 10 48 8b
0x00007ff82ea851cf:   6b 18 4c 89 74 24 60 4c 8b 73 20 4c 89 7c 24 30
0x00007ff82ea851df:   4c 8b 7b 28 48 89 44 24 20 e8 23 04 ed ff 48 83
0x00007ff82ea851ef:   3e 00 74 13 49 8b d7 48 8b cb e8 22 95 cc ff 48
0x00007ff82ea851ff:   8b ce e8 8a 94 cc ff 4c 8b 7c 24 30 48 89 73 10
0x00007ff82ea8520f:   48 8b 74 24 58 48 89 6b 18 48 8b 6c 24 50 4c 89
0x00007ff82ea8521f:   73 20 4c 8b 74 24 60 33 c0 48 83 c4 38 5f 5b c3
0x00007ff82ea8522f:   48 8b 00 4c 8b c7 33 d2 48 8b cb ff 90 98 00 00
0x00007ff82ea8523f:   00 48 83 7f 08 00 75 df 48 8b 03 48 8b d7 48 8b
0x00007ff82ea8524f:   cb ff 90 b0 00 00 00 48 83 7f 08 00 75 c9 48 8b
0x00007ff82ea8525f:   d7 48 8b cb 48 83 c4 38 5f 5b e9 c2 d1 f7 ff cc
0x00007ff82ea8526f:   cc 48 89 5c 24 08 48 89 6c 24 10 48 89 74 24 18
0x00007ff82ea8527f:   57 41 54 41 55 41 56 41 57 48 81 ec 90 00 00 00
0x00007ff82ea8528f:   49 8b b9 78 02 00 00 4d 8b f1 48 63 d9 45 8b f8
0x00007ff82ea8529f:   48 63 ea 48 8b 4f 28 48 8b 77 10 4c 8b 67 18 4c
0x00007ff82ea852af:   8b 6f 20 48 89 8c 24 d8 00 00 00 85 d2 79 3e ba
0x00007ff82ea852bf:   00 01 00 00 48 8d 4c 24 30 e8 33 39 28 00 44 8b
0x00007ff82ea852cf:   c5 48 8d 15 a9 40 51 00 48 8d 4c 24 30 e8 ef 4f
0x00007ff82ea852df:   28 00 48 8b 1d 70 0a 71 00 48 8d 4c 24 30 33 d2
0x00007ff82ea852ef:   e8 3c 40 28 00 41 b8 74 0a 00 00 eb 52 85 db 78
0x00007ff82ea852ff:   09 41 8b c7 2b c5 3b d8 7e 6e ba 00 01 00 00 48
0x00007ff82ea8530f:   8d 4c 24 30 e8 e8 38 28 00 4c 8d 0c 2b 44 89 7c
0x00007ff82ea8531f:   24 20 44 8b c3 48 8d 15 6d 40 51 00 48 8d 4c 24 


Stack slot to memory mapping:
stack at sp + 0 slots: 0x00000264e51e0000 points into unknown readable memory: 0x0000000000000000 | 00 00 00 00 00 00 00 00
stack at sp + 1 slots: 0x00000264e51e0000 points into unknown readable memory: 0x0000000000000000 | 00 00 00 00 00 00 00 00
stack at sp + 2 slots: 0x00009e4111797b40 is an unknown value
stack at sp + 3 slots: 0x00000264e51e0000 points into unknown readable memory: 0x0000000000000000 | 00 00 00 00 00 00 00 00
stack at sp + 4 slots: 0x00000264e51e0e01 points into unknown readable memory: 53 61 6e 67 66 6f 72
stack at sp + 5 slots: 0x00000264c8f191f0 is a thread
stack at sp + 6 slots: 0x00000000892b40c8 is an oop: java.lang.String 
{0x00000000892b40c8} - klass: 'java/lang/String'
stack at sp + 7 slots: 0x00000264e34d43a0 points into unknown readable memory: 0x0000000089355b70 | 70 5b 35 89 00 00 00 00


---------------  P R O C E S S  ---------------

Threads class SMR info:
_java_thread_list=0x00000264e31e2950, length=17, elements={
0x00000264c8f191f0, 0x00000264e24bb010, 0x00000264e24bc150, 0x00000264e2506a70,
0x00000264e2507480, 0x00000264e24ef830, 0x00000264e24f08e0, 0x00000264e3020bf0,
0x00000264e3022570, 0x00000264e3039b50, 0x00000264e31807b0, 0x00000264e318b5b0,
0x00000264e3484ea0, 0x00000264e34c8ae0, 0x00000264e34d5aa0, 0x00000264e355b450,
0x00000264e5ea6130
}

Java Threads: ( => current thread )
=>0x00000264c8f191f0 JavaThread "main" [_thread_in_vm, id=13892, stack(0x000000d362100000,0x000000d362200000)]
  0x00000264e24bb010 JavaThread "Reference Handler" daemon [_thread_blocked, id=13960, stack(0x000000d362800000,0x000000d362900000)]
  0x00000264e24bc150 JavaThread "Finalizer" daemon [_thread_blocked, id=6984, stack(0x000000d362900000,0x000000d362a00000)]
  0x00000264e2506a70 JavaThread "Signal Dispatcher" daemon [_thread_blocked, id=7316, stack(0x000000d362a00000,0x000000d362b00000)]
  0x00000264e2507480 JavaThread "Attach Listener" daemon [_thread_blocked, id=10420, stack(0x000000d362b00000,0x000000d362c00000)]
  0x00000264e24ef830 JavaThread "Service Thread" daemon [_thread_blocked, id=6912, stack(0x000000d362c00000,0x000000d362d00000)]
  0x00000264e24f08e0 JavaThread "Monitor Deflation Thread" daemon [_thread_blocked, id=11072, stack(0x000000d362d00000,0x000000d362e00000)]
  0x00000264e3020bf0 JavaThread "C2 CompilerThread0" daemon [_thread_blocked, id=3112, stack(0x000000d362e00000,0x000000d362f00000)]
  0x00000264e3022570 JavaThread "C1 CompilerThread0" daemon [_thread_blocked, id=4148, stack(0x000000d362f00000,0x000000d363000000)]
  0x00000264e3039b50 JavaThread "Sweeper thread" daemon [_thread_blocked, id=17072, stack(0x000000d363000000,0x000000d363100000)]
  0x00000264e31807b0 JavaThread "Notification Thread" daemon [_thread_blocked, id=13540, stack(0x000000d363100000,0x000000d363200000)]
  0x00000264e318b5b0 JavaThread "Common-Cleaner" daemon [_thread_blocked, id=12384, stack(0x000000d363300000,0x000000d363400000)]
  0x00000264e3484ea0 JavaThread "Java2D Disposer" daemon [_thread_blocked, id=17976, stack(0x000000d363400000,0x000000d363500000)]
  0x00000264e34c8ae0 JavaThread "AWT-Shutdown" [_thread_blocked, id=3160, stack(0x000000d363500000,0x000000d363600000)]
  0x00000264e34d5aa0 JavaThread "AWT-Windows" daemon [_thread_in_native, id=9992, stack(0x000000d363600000,0x000000d363700000)]
  0x00000264e355b450 JavaThread "AWT-EventQueue-0" [_thread_blocked, id=2668, stack(0x000000d363700000,0x000000d363800000)]
  0x00000264e5ea6130 JavaThread "TimerQueue" daemon [_thread_blocked, id=10992, stack(0x000000d363b00000,0x000000d363c00000)]

Other Threads:
  0x00000264e245dca0 VMThread "VM Thread" [stack: 0x000000d362700000,0x000000d362800000] [id=17148]
  0x00000264e31870f0 WatcherThread [stack: 0x000000d363200000,0x000000d363300000] [id=9836]
  0x00000264c8f5ad30 GCTaskThread "GC Thread#0" [stack: 0x000000d362200000,0x000000d362300000] [id=17796]
  0x00000264c8f6ca80 ConcurrentGCThread "G1 Main Marker" [stack: 0x000000d362300000,0x000000d362400000] [id=14984]
  0x00000264c8f6e500 ConcurrentGCThread "G1 Conc#0" [stack: 0x000000d362400000,0x000000d362500000] [id=10464]
  0x00000264c8fe8820 ConcurrentGCThread "G1 Refine#0" [stack: 0x000000d362500000,0x000000d362600000] [id=10712]
  0x00000264c8fe9a40 ConcurrentGCThread "G1 Service" [stack: 0x000000d362600000,0x000000d362700000] [id=17248]

Threads with active compile tasks:

VM state: not at safepoint (normal execution)

VM Mutex/Monitor currently owned by a thread: None

Heap address: 0x0000000081800000, size: 2024 MB, Compressed Oops mode: 32-bit

CDS disabled.
Compressed class space mapped at: 0x0000000100000000-0x0000000140000000, reserved size: 1073741824
Narrow klass base: 0x0000000000000000, Narrow klass shift: 3, Narrow klass range: 0x140000000

GC Precious Log:
 CPUs: 4 total, 4 available
 Memory: 8090M
 Large Page Support: Disabled
 NUMA Support: Disabled
 Compressed Oops: Enabled (32-bit)
 Heap Region Size: 1M
 Heap Min Capacity: 8M
 Heap Initial Capacity: 128M
 Heap Max Capacity: 2024M
 Pre-touch: Disabled
 Parallel Workers: 4
 Concurrent Workers: 1
 Concurrent Refinement Workers: 4
 Periodic GC: Disabled

Heap:
 garbage-first heap   total 131072K, used 14336K [0x0000000081800000, 0x0000000100000000)
  region size 1024K, 7 young (7168K), 0 survivors (0K)
 Metaspace       used 15812K, committed 16000K, reserved 1064960K
  class space    used 1629K, committed 1728K, reserved 1048576K

Heap Regions: E=young(eden), S=young(survivor), O=old, HS=humongous(starts), HC=humongous(continues), CS=collection set, F=free, OA=open archive, CA=closed archive, TAMS=top-at-mark-start (previous, next)
|   0|0x0000000081800000, 0x0000000081900000, 0x0000000081900000|100%|HS|  |TAMS 0x0000000081800000, 0x0000000081800000| Complete 
|   1|0x0000000081900000, 0x0000000081a00000, 0x0000000081a00000|100%|HS|  |TAMS 0x0000000081900000, 0x0000000081900000| Complete 
|   2|0x0000000081a00000, 0x0000000081b00000, 0x0000000081b00000|100%|HC|  |TAMS 0x0000000081a00000, 0x0000000081a00000| Complete 
|   3|0x0000000081b00000, 0x0000000081c00000, 0x0000000081c00000|100%|HC|  |TAMS 0x0000000081b00000, 0x0000000081b00000| Complete 
|   4|0x0000000081c00000, 0x0000000081d00000, 0x0000000081d00000|100%|HC|  |TAMS 0x0000000081c00000, 0x0000000081c00000| Complete 
|   5|0x0000000081d00000, 0x0000000081e00000, 0x0000000081e00000|100%|HC|  |TAMS 0x0000000081d00000, 0x0000000081d00000| Complete 
|   6|0x0000000081e00000, 0x0000000081f00000, 0x0000000081f00000|100%|HS|  |TAMS 0x0000000081e00000, 0x0000000081e00000| Complete 
|   7|0x0000000081f00000, 0x0000000082000000, 0x0000000082000000|100%|HS|  |TAMS 0x0000000081f00000, 0x0000000081f00000| Complete 
|   8|0x0000000082000000, 0x0000000082000000, 0x0000000082100000|  0%| F|  |TAMS 0x0000000082000000, 0x0000000082000000| Untracked 
|   9|0x0000000082100000, 0x0000000082100000, 0x0000000082200000|  0%| F|  |TAMS 0x0000000082100000, 0x0000000082100000| Untracked 
|  10|0x0000000082200000, 0x0000000082200000, 0x0000000082300000|  0%| F|  |TAMS 0x0000000082200000, 0x0000000082200000| Untracked 
|  11|0x0000000082300000, 0x0000000082300000, 0x0000000082400000|  0%| F|  |TAMS 0x0000000082300000, 0x0000000082300000| Untracked 
|  12|0x0000000082400000, 0x0000000082400000, 0x0000000082500000|  0%| F|  |TAMS 0x0000000082400000, 0x0000000082400000| Untracked 
|  13|0x0000000082500000, 0x0000000082500000, 0x0000000082600000|  0%| F|  |TAMS 0x0000000082500000, 0x0000000082500000| Untracked 
|  14|0x0000000082600000, 0x0000000082600000, 0x0000000082700000|  0%| F|  |TAMS 0x0000000082600000, 0x0000000082600000| Untracked 
|  15|0x0000000082700000, 0x0000000082700000, 0x0000000082800000|  0%| F|  |TAMS 0x0000000082700000, 0x0000000082700000| Untracked 
|  16|0x0000000082800000, 0x0000000082800000, 0x0000000082900000|  0%| F|  |TAMS 0x0000000082800000, 0x0000000082800000| Untracked 
|  17|0x0000000082900000, 0x0000000082900000, 0x0000000082a00000|  0%| F|  |TAMS 0x0000000082900000, 0x0000000082900000| Untracked 
|  18|0x0000000082a00000, 0x0000000082a00000, 0x0000000082b00000|  0%| F|  |TAMS 0x0000000082a00000, 0x0000000082a00000| Untracked 
|  19|0x0000000082b00000, 0x0000000082b00000, 0x0000000082c00000|  0%| F|  |TAMS 0x0000000082b00000, 0x0000000082b00000| Untracked 
|  20|0x0000000082c00000, 0x0000000082c00000, 0x0000000082d00000|  0%| F|  |TAMS 0x0000000082c00000, 0x0000000082c00000| Untracked 
|  21|0x0000000082d00000, 0x0000000082d00000, 0x0000000082e00000|  0%| F|  |TAMS 0x0000000082d00000, 0x0000000082d00000| Untracked 
|  22|0x0000000082e00000, 0x0000000082e00000, 0x0000000082f00000|  0%| F|  |TAMS 0x0000000082e00000, 0x0000000082e00000| Untracked 
|  23|0x0000000082f00000, 0x0000000082f00000, 0x0000000083000000|  0%| F|  |TAMS 0x0000000082f00000, 0x0000000082f00000| Untracked 
|  24|0x0000000083000000, 0x0000000083000000, 0x0000000083100000|  0%| F|  |TAMS 0x0000000083000000, 0x0000000083000000| Untracked 
|  25|0x0000000083100000, 0x0000000083100000, 0x0000000083200000|  0%| F|  |TAMS 0x0000000083100000, 0x0000000083100000| Untracked 
|  26|0x0000000083200000, 0x0000000083200000, 0x0000000083300000|  0%| F|  |TAMS 0x0000000083200000, 0x0000000083200000| Untracked 
|  27|0x0000000083300000, 0x0000000083300000, 0x0000000083400000|  0%| F|  |TAMS 0x0000000083300000, 0x0000000083300000| Untracked 
|  28|0x0000000083400000, 0x0000000083400000, 0x0000000083500000|  0%| F|  |TAMS 0x0000000083400000, 0x0000000083400000| Untracked 
|  29|0x0000000083500000, 0x0000000083500000, 0x0000000083600000|  0%| F|  |TAMS 0x0000000083500000, 0x0000000083500000| Untracked 
|  30|0x0000000083600000, 0x0000000083600000, 0x0000000083700000|  0%| F|  |TAMS 0x0000000083600000, 0x0000000083600000| Untracked 
|  31|0x0000000083700000, 0x0000000083700000, 0x0000000083800000|  0%| F|  |TAMS 0x0000000083700000, 0x0000000083700000| Untracked 
|  32|0x0000000083800000, 0x0000000083800000, 0x0000000083900000|  0%| F|  |TAMS 0x0000000083800000, 0x0000000083800000| Untracked 
|  33|0x0000000083900000, 0x0000000083900000, 0x0000000083a00000|  0%| F|  |TAMS 0x0000000083900000, 0x0000000083900000| Untracked 
|  34|0x0000000083a00000, 0x0000000083a00000, 0x0000000083b00000|  0%| F|  |TAMS 0x0000000083a00000, 0x0000000083a00000| Untracked 
|  35|0x0000000083b00000, 0x0000000083b00000, 0x0000000083c00000|  0%| F|  |TAMS 0x0000000083b00000, 0x0000000083b00000| Untracked 
|  36|0x0000000083c00000, 0x0000000083c00000, 0x0000000083d00000|  0%| F|  |TAMS 0x0000000083c00000, 0x0000000083c00000| Untracked 
|  37|0x0000000083d00000, 0x0000000083d00000, 0x0000000083e00000|  0%| F|  |TAMS 0x0000000083d00000, 0x0000000083d00000| Untracked 
|  38|0x0000000083e00000, 0x0000000083e00000, 0x0000000083f00000|  0%| F|  |TAMS 0x0000000083e00000, 0x0000000083e00000| Untracked 
|  39|0x0000000083f00000, 0x0000000083f00000, 0x0000000084000000|  0%| F|  |TAMS 0x0000000083f00000, 0x0000000083f00000| Untracked 
|  40|0x0000000084000000, 0x0000000084000000, 0x0000000084100000|  0%| F|  |TAMS 0x0000000084000000, 0x0000000084000000| Untracked 
|  41|0x0000000084100000, 0x0000000084100000, 0x0000000084200000|  0%| F|  |TAMS 0x0000000084100000, 0x0000000084100000| Untracked 
|  42|0x0000000084200000, 0x0000000084200000, 0x0000000084300000|  0%| F|  |TAMS 0x0000000084200000, 0x0000000084200000| Untracked 
|  43|0x0000000084300000, 0x0000000084300000, 0x0000000084400000|  0%| F|  |TAMS 0x0000000084300000, 0x0000000084300000| Untracked 
|  44|0x0000000084400000, 0x0000000084400000, 0x0000000084500000|  0%| F|  |TAMS 0x0000000084400000, 0x0000000084400000| Untracked 
|  45|0x0000000084500000, 0x0000000084500000, 0x0000000084600000|  0%| F|  |TAMS 0x0000000084500000, 0x0000000084500000| Untracked 
|  46|0x0000000084600000, 0x0000000084600000, 0x0000000084700000|  0%| F|  |TAMS 0x0000000084600000, 0x0000000084600000| Untracked 
|  47|0x0000000084700000, 0x0000000084700000, 0x0000000084800000|  0%| F|  |TAMS 0x0000000084700000, 0x0000000084700000| Untracked 
|  48|0x0000000084800000, 0x0000000084800000, 0x0000000084900000|  0%| F|  |TAMS 0x0000000084800000, 0x0000000084800000| Untracked 
|  49|0x0000000084900000, 0x0000000084900000, 0x0000000084a00000|  0%| F|  |TAMS 0x0000000084900000, 0x0000000084900000| Untracked 
|  50|0x0000000084a00000, 0x0000000084a00000, 0x0000000084b00000|  0%| F|  |TAMS 0x0000000084a00000, 0x0000000084a00000| Untracked 
|  51|0x0000000084b00000, 0x0000000084b00000, 0x0000000084c00000|  0%| F|  |TAMS 0x0000000084b00000, 0x0000000084b00000| Untracked 
|  52|0x0000000084c00000, 0x0000000084c00000, 0x0000000084d00000|  0%| F|  |TAMS 0x0000000084c00000, 0x0000000084c00000| Untracked 
|  53|0x0000000084d00000, 0x0000000084d00000, 0x0000000084e00000|  0%| F|  |TAMS 0x0000000084d00000, 0x0000000084d00000| Untracked 
|  54|0x0000000084e00000, 0x0000000084e00000, 0x0000000084f00000|  0%| F|  |TAMS 0x0000000084e00000, 0x0000000084e00000| Untracked 
|  55|0x0000000084f00000, 0x0000000084f00000, 0x0000000085000000|  0%| F|  |TAMS 0x0000000084f00000, 0x0000000084f00000| Untracked 
|  56|0x0000000085000000, 0x0000000085000000, 0x0000000085100000|  0%| F|  |TAMS 0x0000000085000000, 0x0000000085000000| Untracked 
|  57|0x0000000085100000, 0x0000000085100000, 0x0000000085200000|  0%| F|  |TAMS 0x0000000085100000, 0x0000000085100000| Untracked 
|  58|0x0000000085200000, 0x0000000085200000, 0x0000000085300000|  0%| F|  |TAMS 0x0000000085200000, 0x0000000085200000| Untracked 
|  59|0x0000000085300000, 0x0000000085300000, 0x0000000085400000|  0%| F|  |TAMS 0x0000000085300000, 0x0000000085300000| Untracked 
|  60|0x0000000085400000, 0x0000000085400000, 0x0000000085500000|  0%| F|  |TAMS 0x0000000085400000, 0x0000000085400000| Untracked 
|  61|0x0000000085500000, 0x0000000085500000, 0x0000000085600000|  0%| F|  |TAMS 0x0000000085500000, 0x0000000085500000| Untracked 
|  62|0x0000000085600000, 0x0000000085600000, 0x0000000085700000|  0%| F|  |TAMS 0x0000000085600000, 0x0000000085600000| Untracked 
|  63|0x0000000085700000, 0x0000000085700000, 0x0000000085800000|  0%| F|  |TAMS 0x0000000085700000, 0x0000000085700000| Untracked 
|  64|0x0000000085800000, 0x0000000085800000, 0x0000000085900000|  0%| F|  |TAMS 0x0000000085800000, 0x0000000085800000| Untracked 
|  65|0x0000000085900000, 0x0000000085900000, 0x0000000085a00000|  0%| F|  |TAMS 0x0000000085900000, 0x0000000085900000| Untracked 
|  66|0x0000000085a00000, 0x0000000085a00000, 0x0000000085b00000|  0%| F|  |TAMS 0x0000000085a00000, 0x0000000085a00000| Untracked 
|  67|0x0000000085b00000, 0x0000000085b00000, 0x0000000085c00000|  0%| F|  |TAMS 0x0000000085b00000, 0x0000000085b00000| Untracked 
|  68|0x0000000085c00000, 0x0000000085c00000, 0x0000000085d00000|  0%| F|  |TAMS 0x0000000085c00000, 0x0000000085c00000| Untracked 
|  69|0x0000000085d00000, 0x0000000085d00000, 0x0000000085e00000|  0%| F|  |TAMS 0x0000000085d00000, 0x0000000085d00000| Untracked 
|  70|0x0000000085e00000, 0x0000000085e00000, 0x0000000085f00000|  0%| F|  |TAMS 0x0000000085e00000, 0x0000000085e00000| Untracked 
|  71|0x0000000085f00000, 0x0000000085f00000, 0x0000000086000000|  0%| F|  |TAMS 0x0000000085f00000, 0x0000000085f00000| Untracked 
|  72|0x0000000086000000, 0x0000000086000000, 0x0000000086100000|  0%| F|  |TAMS 0x0000000086000000, 0x0000000086000000| Untracked 
|  73|0x0000000086100000, 0x0000000086100000, 0x0000000086200000|  0%| F|  |TAMS 0x0000000086100000, 0x0000000086100000| Untracked 
|  74|0x0000000086200000, 0x0000000086200000, 0x0000000086300000|  0%| F|  |TAMS 0x0000000086200000, 0x0000000086200000| Untracked 
|  75|0x0000000086300000, 0x0000000086300000, 0x0000000086400000|  0%| F|  |TAMS 0x0000000086300000, 0x0000000086300000| Untracked 
|  76|0x0000000086400000, 0x0000000086400000, 0x0000000086500000|  0%| F|  |TAMS 0x0000000086400000, 0x0000000086400000| Untracked 
|  77|0x0000000086500000, 0x0000000086500000, 0x0000000086600000|  0%| F|  |TAMS 0x0000000086500000, 0x0000000086500000| Untracked 
|  78|0x0000000086600000, 0x0000000086600000, 0x0000000086700000|  0%| F|  |TAMS 0x0000000086600000, 0x0000000086600000| Untracked 
|  79|0x0000000086700000, 0x0000000086700000, 0x0000000086800000|  0%| F|  |TAMS 0x0000000086700000, 0x0000000086700000| Untracked 
|  80|0x0000000086800000, 0x0000000086800000, 0x0000000086900000|  0%| F|  |TAMS 0x0000000086800000, 0x0000000086800000| Untracked 
|  81|0x0000000086900000, 0x0000000086900000, 0x0000000086a00000|  0%| F|  |TAMS 0x0000000086900000, 0x0000000086900000| Untracked 
|  82|0x0000000086a00000, 0x0000000086a00000, 0x0000000086b00000|  0%| F|  |TAMS 0x0000000086a00000, 0x0000000086a00000| Untracked 
|  83|0x0000000086b00000, 0x0000000086b00000, 0x0000000086c00000|  0%| F|  |TAMS 0x0000000086b00000, 0x0000000086b00000| Untracked 
|  84|0x0000000086c00000, 0x0000000086c00000, 0x0000000086d00000|  0%| F|  |TAMS 0x0000000086c00000, 0x0000000086c00000| Untracked 
|  85|0x0000000086d00000, 0x0000000086d00000, 0x0000000086e00000|  0%| F|  |TAMS 0x0000000086d00000, 0x0000000086d00000| Untracked 
|  86|0x0000000086e00000, 0x0000000086e00000, 0x0000000086f00000|  0%| F|  |TAMS 0x0000000086e00000, 0x0000000086e00000| Untracked 
|  87|0x0000000086f00000, 0x0000000086f00000, 0x0000000087000000|  0%| F|  |TAMS 0x0000000086f00000, 0x0000000086f00000| Untracked 
|  88|0x0000000087000000, 0x0000000087000000, 0x0000000087100000|  0%| F|  |TAMS 0x0000000087000000, 0x0000000087000000| Untracked 
|  89|0x0000000087100000, 0x0000000087100000, 0x0000000087200000|  0%| F|  |TAMS 0x0000000087100000, 0x0000000087100000| Untracked 
|  90|0x0000000087200000, 0x0000000087200000, 0x0000000087300000|  0%| F|  |TAMS 0x0000000087200000, 0x0000000087200000| Untracked 
|  91|0x0000000087300000, 0x0000000087300000, 0x0000000087400000|  0%| F|  |TAMS 0x0000000087300000, 0x0000000087300000| Untracked 
|  92|0x0000000087400000, 0x0000000087400000, 0x0000000087500000|  0%| F|  |TAMS 0x0000000087400000, 0x0000000087400000| Untracked 
|  93|0x0000000087500000, 0x0000000087500000, 0x0000000087600000|  0%| F|  |TAMS 0x0000000087500000, 0x0000000087500000| Untracked 
|  94|0x0000000087600000, 0x0000000087600000, 0x0000000087700000|  0%| F|  |TAMS 0x0000000087600000, 0x0000000087600000| Untracked 
|  95|0x0000000087700000, 0x0000000087700000, 0x0000000087800000|  0%| F|  |TAMS 0x0000000087700000, 0x0000000087700000| Untracked 
|  96|0x0000000087800000, 0x0000000087800000, 0x0000000087900000|  0%| F|  |TAMS 0x0000000087800000, 0x0000000087800000| Untracked 
|  97|0x0000000087900000, 0x0000000087900000, 0x0000000087a00000|  0%| F|  |TAMS 0x0000000087900000, 0x0000000087900000| Untracked 
|  98|0x0000000087a00000, 0x0000000087a00000, 0x0000000087b00000|  0%| F|  |TAMS 0x0000000087a00000, 0x0000000087a00000| Untracked 
|  99|0x0000000087b00000, 0x0000000087b00000, 0x0000000087c00000|  0%| F|  |TAMS 0x0000000087b00000, 0x0000000087b00000| Untracked 
| 100|0x0000000087c00000, 0x0000000087c00000, 0x0000000087d00000|  0%| F|  |TAMS 0x0000000087c00000, 0x0000000087c00000| Untracked 
| 101|0x0000000087d00000, 0x0000000087d00000, 0x0000000087e00000|  0%| F|  |TAMS 0x0000000087d00000, 0x0000000087d00000| Untracked 
| 102|0x0000000087e00000, 0x0000000087e00000, 0x0000000087f00000|  0%| F|  |TAMS 0x0000000087e00000, 0x0000000087e00000| Untracked 
| 103|0x0000000087f00000, 0x0000000087f00000, 0x0000000088000000|  0%| F|  |TAMS 0x0000000087f00000, 0x0000000087f00000| Untracked 
| 104|0x0000000088000000, 0x0000000088000000, 0x0000000088100000|  0%| F|  |TAMS 0x0000000088000000, 0x0000000088000000| Untracked 
| 105|0x0000000088100000, 0x0000000088100000, 0x0000000088200000|  0%| F|  |TAMS 0x0000000088100000, 0x0000000088100000| Untracked 
| 106|0x0000000088200000, 0x0000000088200000, 0x0000000088300000|  0%| F|  |TAMS 0x0000000088200000, 0x0000000088200000| Untracked 
| 107|0x0000000088300000, 0x0000000088300000, 0x0000000088400000|  0%| F|  |TAMS 0x0000000088300000, 0x0000000088300000| Untracked 
| 108|0x0000000088400000, 0x0000000088400000, 0x0000000088500000|  0%| F|  |TAMS 0x0000000088400000, 0x0000000088400000| Untracked 
| 109|0x0000000088500000, 0x0000000088500000, 0x0000000088600000|  0%| F|  |TAMS 0x0000000088500000, 0x0000000088500000| Untracked 
| 110|0x0000000088600000, 0x0000000088600000, 0x0000000088700000|  0%| F|  |TAMS 0x0000000088600000, 0x0000000088600000| Untracked 
| 111|0x0000000088700000, 0x0000000088700000, 0x0000000088800000|  0%| F|  |TAMS 0x0000000088700000, 0x0000000088700000| Untracked 
| 112|0x0000000088800000, 0x0000000088800000, 0x0000000088900000|  0%| F|  |TAMS 0x0000000088800000, 0x0000000088800000| Untracked 
| 113|0x0000000088900000, 0x0000000088900000, 0x0000000088a00000|  0%| F|  |TAMS 0x0000000088900000, 0x0000000088900000| Untracked 
| 114|0x0000000088a00000, 0x0000000088a00000, 0x0000000088b00000|  0%| F|  |TAMS 0x0000000088a00000, 0x0000000088a00000| Untracked 
| 115|0x0000000088b00000, 0x0000000088b00000, 0x0000000088c00000|  0%| F|  |TAMS 0x0000000088b00000, 0x0000000088b00000| Untracked 
| 116|0x0000000088c00000, 0x0000000088c00000, 0x0000000088d00000|  0%| F|  |TAMS 0x0000000088c00000, 0x0000000088c00000| Untracked 
| 117|0x0000000088d00000, 0x0000000088d00000, 0x0000000088e00000|  0%| F|  |TAMS 0x0000000088d00000, 0x0000000088d00000| Untracked 
| 118|0x0000000088e00000, 0x0000000088e00000, 0x0000000088f00000|  0%| F|  |TAMS 0x0000000088e00000, 0x0000000088e00000| Untracked 
| 119|0x0000000088f00000, 0x0000000088f00000, 0x0000000089000000|  0%| F|  |TAMS 0x0000000088f00000, 0x0000000088f00000| Untracked 
| 120|0x0000000089000000, 0x0000000089000000, 0x0000000089100000|  0%| F|  |TAMS 0x0000000089000000, 0x0000000089000000| Untracked 
| 121|0x0000000089100000, 0x000000008918b820, 0x0000000089200000| 54%| E|  |TAMS 0x0000000089100000, 0x0000000089100000| Complete 
| 122|0x0000000089200000, 0x0000000089300000, 0x0000000089300000|100%| E|CS|TAMS 0x0000000089200000, 0x0000000089200000| Complete 
| 123|0x0000000089300000, 0x0000000089400000, 0x0000000089400000|100%| E|CS|TAMS 0x0000000089300000, 0x0000000089300000| Complete 
| 124|0x0000000089400000, 0x0000000089500000, 0x0000000089500000|100%| E|CS|TAMS 0x0000000089400000, 0x0000000089400000| Complete 
| 125|0x0000000089500000, 0x0000000089600000, 0x0000000089600000|100%| E|CS|TAMS 0x0000000089500000, 0x0000000089500000| Complete 
| 126|0x0000000089600000, 0x0000000089700000, 0x0000000089700000|100%| E|CS|TAMS 0x0000000089600000, 0x0000000089600000| Complete 
| 127|0x0000000089700000, 0x0000000089800000, 0x0000000089800000|100%| E|CS|TAMS 0x0000000089700000, 0x0000000089700000| Complete 

Card table byte_map: [0x00000264db8a0000,0x00000264dbca0000] _byte_map_base: 0x00000264db494000

Marking Bits (Prev, Next): (CMBitMap*) 0x00000264c8f5c3b0, (CMBitMap*) 0x00000264c8f5c3f0
 Prev Bits: [0x00000264dc0a0000, 0x00000264de040000)
 Next Bits: [0x00000264de040000, 0x00000264dffe0000)

Polling page: 0x00000264c8700000

Metaspace:

Usage:
  Non-class:     13.85 MB used.
      Class:      1.59 MB used.
       Both:     15.44 MB used.

Virtual space:
  Non-class space:       16.00 MB reserved,      13.94 MB ( 87%) committed,  2 nodes.
      Class space:        1.00 GB reserved,       1.69 MB ( <1%) committed,  1 nodes.
              Both:        1.02 GB reserved,      15.62 MB (  2%) committed. 

Chunk freelists:
   Non-Class:  2.09 MB
       Class:  2.24 MB
        Both:  4.33 MB

MaxMetaspaceSize: 17179869184.00 GB
CompressedClassSpaceSize: 1.00 GB
 - commit_granule_bytes: 65536.
 - commit_granule_words: 8192.
 - virtual_space_node_default_size: 1048576.
 - enlarge_chunks_in_place: 1.
 - new_chunks_are_fully_committed: 0.
 - uncommit_free_chunks: 1.
 - use_allocation_guard: 0.
 - handle_deallocations: 1.


Internal statistics:

num_allocs_failed_limit: 0.
num_arena_births: 110.
num_arena_deaths: 0.
num_vsnodes_births: 3.
num_vsnodes_deaths: 0.
num_space_committed: 250.
num_space_uncommitted: 0.
num_chunks_returned_to_freelist: 0.
num_chunks_taken_from_freelist: 171.
num_chunk_merges: 0.
num_chunk_splits: 91.
num_chunks_enlarged: 49.
num_purges: 0.

CodeHeap 'non-profiled nmethods': size=120000Kb used=239Kb max_used=239Kb free=119760Kb
 bounds [0x00000264d3f70000, 0x00000264d41e0000, 0x00000264db4a0000]
CodeHeap 'profiled nmethods': size=120000Kb used=1232Kb max_used=1232Kb free=118768Kb
 bounds [0x00000264cca40000, 0x00000264cccb0000, 0x00000264d3f70000]
CodeHeap 'non-nmethods': size=5760Kb used=1276Kb max_used=1291Kb free=4483Kb
 bounds [0x00000264cc4a0000, 0x00000264cc710000, 0x00000264cca40000]
 total_blobs=1488 nmethods=890 adapters=511
 compilation: enabled
              stopped_count=0, restarted_count=0
 full_count=0

Compilation events (20 events):
Event: 3.019 Thread 0x00000264e3022570 nmethod 865 0x00000264d3fa9890 code [0x00000264d3fa9a20, 0x00000264d3fa9af8]
Event: 3.020 Thread 0x00000264e3022570  867       3       java.awt.RenderingHints$Key::hashCode (5 bytes)
Event: 3.020 Thread 0x00000264e3022570 nmethod 867 0x00000264ccb6c990 code [0x00000264ccb6cb40, 0x00000264ccb6cc88]
Event: 3.020 Thread 0x00000264e3022570  866       3       java.lang.Float::isNaN (12 bytes)
Event: 3.020 Thread 0x00000264e3022570 nmethod 866 0x00000264ccb6cd10 code [0x00000264ccb6cea0, 0x00000264ccb6d018]
Event: 3.020 Thread 0x00000264e3022570  868       3       java.awt.geom.Point2D$Float::getX (6 bytes)
Event: 3.020 Thread 0x00000264e3022570 nmethod 868 0x00000264ccb6d090 code [0x00000264ccb6d220, 0x00000264ccb6d338]
Event: 3.020 Thread 0x00000264e3022570  869       3       java.awt.geom.Point2D$Float::getY (6 bytes)
Event: 3.020 Thread 0x00000264e3022570 nmethod 869 0x00000264ccb6d410 code [0x00000264ccb6d5a0, 0x00000264ccb6d6b8]
Event: 3.020 Thread 0x00000264e3022570  870       1       sun.java2d.SunGraphics2D::getSurfaceData (5 bytes)
Event: 3.020 Thread 0x00000264e3022570 nmethod 870 0x00000264d3fa9b90 code [0x00000264d3fa9d20, 0x00000264d3fa9df8]
Event: 3.020 Thread 0x00000264e3022570  872       3       java.awt.RenderingHints::put (39 bytes)
Event: 3.020 Thread 0x00000264e3020bf0  875       4       sun.java2d.loops.GraphicsPrimitiveMgr::locate (104 bytes)
Event: 3.020 Thread 0x00000264e3022570 nmethod 872 0x00000264ccb6d790 code [0x00000264ccb6d980, 0x00000264ccb6df78]
Event: 3.020 Thread 0x00000264e3022570  871       1       sun.awt.image.VolatileSurfaceManager::getPrimarySurfaceData (5 bytes)
Event: 3.020 Thread 0x00000264e3022570 nmethod 871 0x00000264d3fa9e90 code [0x00000264d3faa020, 0x00000264d3faa0f8]
Event: 3.020 Thread 0x00000264e3022570  873       1       java.awt.image.Raster::getMinX (5 bytes)
Event: 3.021 Thread 0x00000264e3022570 nmethod 873 0x00000264d3faa190 code [0x00000264d3faa320, 0x00000264d3faa3f8]
Event: 3.021 Thread 0x00000264e3022570  874       1       java.awt.image.Raster::getMinY (5 bytes)
Event: 3.021 Thread 0x00000264e3022570 nmethod 874 0x00000264d3faa490 code [0x00000264d3faa620, 0x00000264d3faa6f8]

GC Heap History (0 events):
No events

Deoptimization events (20 events):
Event: 0.486 Thread 0x00000264c8f191f0 DEOPT PACKING pc=0x00000264d3f78450 sp=0x000000d3621fd8a0
Event: 0.486 Thread 0x00000264c8f191f0 DEOPT UNPACKING pc=0x00000264cc4ed72e sp=0x000000d3621fd7d0 mode 2
Event: 0.594 Thread 0x00000264c8f191f0 Uncommon trap: trap_request=0xffffffde fr.pc=0x00000264d3f91fbc relative=0x000000000000019c
Event: 0.594 Thread 0x00000264c8f191f0 Uncommon trap: reason=class_check action=maybe_recompile pc=0x00000264d3f91fbc method=java.lang.String.equals(Ljava/lang/Object;)Z @ 8 c2
Event: 0.594 Thread 0x00000264c8f191f0 DEOPT PACKING pc=0x00000264d3f91fbc sp=0x000000d3621fe8e0
Event: 0.594 Thread 0x00000264c8f191f0 DEOPT UNPACKING pc=0x00000264cc4ed72e sp=0x000000d3621fe888 mode 2
Event: 0.594 Thread 0x00000264c8f191f0 Uncommon trap: trap_request=0xffffffde fr.pc=0x00000264d3f91fbc relative=0x000000000000019c
Event: 0.594 Thread 0x00000264c8f191f0 Uncommon trap: reason=class_check action=maybe_recompile pc=0x00000264d3f91fbc method=java.lang.String.equals(Ljava/lang/Object;)Z @ 8 c2
Event: 0.594 Thread 0x00000264c8f191f0 DEOPT PACKING pc=0x00000264d3f91fbc sp=0x000000d3621fe800
Event: 0.594 Thread 0x00000264c8f191f0 DEOPT UNPACKING pc=0x00000264cc4ed72e sp=0x000000d3621fe7a8 mode 2
Event: 0.594 Thread 0x00000264c8f191f0 Uncommon trap: trap_request=0xffffffde fr.pc=0x00000264d3f91fbc relative=0x000000000000019c
Event: 0.594 Thread 0x00000264c8f191f0 Uncommon trap: reason=class_check action=maybe_recompile pc=0x00000264d3f91fbc method=java.lang.String.equals(Ljava/lang/Object;)Z @ 8 c2
Event: 0.594 Thread 0x00000264c8f191f0 DEOPT PACKING pc=0x00000264d3f91fbc sp=0x000000d3621fe8d0
Event: 0.594 Thread 0x00000264c8f191f0 DEOPT UNPACKING pc=0x00000264cc4ed72e sp=0x000000d3621fe878 mode 2
Event: 0.594 Thread 0x00000264c8f191f0 Uncommon trap: trap_request=0xffffffde fr.pc=0x00000264d3f91fbc relative=0x000000000000019c
Event: 0.594 Thread 0x00000264c8f191f0 Uncommon trap: reason=class_check action=maybe_recompile pc=0x00000264d3f91fbc method=java.lang.String.equals(Ljava/lang/Object;)Z @ 8 c2
Event: 0.594 Thread 0x00000264c8f191f0 DEOPT PACKING pc=0x00000264d3f91fbc sp=0x000000d3621fe7f0
Event: 0.594 Thread 0x00000264c8f191f0 DEOPT UNPACKING pc=0x00000264cc4ed72e sp=0x000000d3621fe798 mode 2
Event: 0.692 Thread 0x00000264c8f191f0 DEOPT PACKING pc=0x00000264cca58067 sp=0x000000d3621fd260
Event: 0.692 Thread 0x00000264c8f191f0 DEOPT UNPACKING pc=0x00000264cc4edece sp=0x000000d3621fc680 mode 0

Classes unloaded (0 events):
No events

Classes redefined (0 events):
No events

Internal exceptions (13 events):
Event: 0.254 Thread 0x00000264c8f191f0 Exception <a 'java/lang/NoSuchMethodError'{0x000000008962c100}: 'void java.lang.invoke.DirectMethodHandle$Holder.invokeSpecial(java.lang.Object, java.lang.Object, java.lang.Object)'> (0x000000008962c100) 
thrown [t:\workspace\open\src\hotspot\share\interpreter\linkResolver.cpp, line 790]
Event: 0.286 Thread 0x00000264c8f191f0 Exception <a 'java/lang/ClassNotFoundException'{0x0000000089656000}: sun/awt/resources/spi/awtProvider> (0x0000000089656000) 
thrown [t:\workspace\open\src\hotspot\share\classfile\systemDictionary.cpp, line 256]
Event: 0.337 Thread 0x00000264c8f191f0 Exception <a 'java/io/FileNotFoundException'{0x00000000896b2b78}> (0x00000000896b2b78) 
thrown [t:\workspace\open\src\hotspot\share\prims\jni.cpp, line 579]
Event: 0.352 Thread 0x00000264c8f191f0 Exception <a 'java/io/FileNotFoundException'{0x00000000896e1850}> (0x00000000896e1850) 
thrown [t:\workspace\open\src\hotspot\share\prims\jni.cpp, line 579]
Event: 0.353 Thread 0x00000264c8f191f0 Exception <a 'java/lang/NoSuchMethodError'{0x00000000896e2f70}: 'java.lang.Object java.lang.invoke.DirectMethodHandle$Holder.invokeStatic(java.lang.Object)'> (0x00000000896e2f70) 
thrown [t:\workspace\open\src\hotspot\share\interpreter\linkResolver.cpp, line 790]
Event: 0.436 Thread 0x00000264c8f191f0 Exception <a 'java/lang/NoSuchMethodError'{0x0000000089547308}: 'java.lang.Object java.lang.invoke.DirectMethodHandle$Holder.invokeStaticInit(java.lang.Object)'> (0x0000000089547308) 
thrown [t:\workspace\open\src\hotspot\share\interpreter\linkResolver.cpp, line 790]
Event: 0.504 Thread 0x00000264c8f191f0 Exception <a 'java/lang/NoSuchMethodError'{0x0000000089432e38}: 'java.lang.Object java.lang.invoke.DirectMethodHandle$Holder.newInvokeSpecial(java.lang.Object, java.lang.Object, java.lang.Object, java.lang.Object, java.lang.Object)'> (0x0000000089432e38) 
thrown [t:\workspace\open\src\hotspot\share\interpreter\linkResolver.cpp, line 790]
Event: 0.505 Thread 0x00000264c8f191f0 Exception <a 'java/lang/NoSuchMethodError'{0x000000008943e920}: 'java.lang.Object java.lang.invoke.DirectMethodHandle$Holder.invokeStatic(java.lang.Object, int, java.lang.Object, java.lang.Object, java.lang.Object, java.lang.Object)'> (0x000000008943e920) 
thrown [t:\workspace\open\src\hotspot\share\interpreter\linkResolver.cpp, line 790]
Event: 0.511 Thread 0x00000264c8f191f0 Exception <a 'java/lang/NoSuchMethodError'{0x0000000089464c40}: 'java.lang.Object java.lang.invoke.DirectMethodHandle$Holder.invokeStatic(java.lang.Object, int, java.lang.Object)'> (0x0000000089464c40) 
thrown [t:\workspace\open\src\hotspot\share\interpreter\linkResolver.cpp, line 790]
Event: 0.542 Thread 0x00000264c8f191f0 Exception <a 'java/lang/ClassNotFoundException'{0x000000008931d758}: com/sun/swing/internal/plaf/metal/resources/spi/metalProvider> (0x000000008931d758) 
thrown [t:\workspace\open\src\hotspot\share\classfile\systemDictionary.cpp, line 256]
Event: 0.544 Thread 0x00000264c8f191f0 Exception <a 'java/lang/ClassNotFoundException'{0x0000000089323760}: com/sun/swing/internal/plaf/basic/resources/spi/basicProvider> (0x0000000089323760) 
thrown [t:\workspace\open\src\hotspot\share\classfile\systemDictionary.cpp, line 256]
Event: 0.636 Thread 0x00000264e34d5aa0 Exception <a 'java/lang/NoSuchMethodError'{0x0000000089595310}: 'void java.lang.invoke.DirectMethodHandle$Holder.invokeVirtual(java.lang.Object, java.lang.Object)'> (0x0000000089595310) 
thrown [t:\workspace\open\src\hotspot\share\interpreter\linkResolver.cpp, line 790]
Event: 0.652 Thread 0x00000264c8f191f0 Exception <a 'java/lang/NoSuchMethodError'{0x0000000089214398}: 'void java.lang.invoke.DirectMethodHandle$Holder.invokeStaticInit(java.lang.Object)'> (0x0000000089214398) 
thrown [t:\workspace\open\src\hotspot\share\interpreter\linkResolver.cpp, line 790]

Events (20 events):
Event: 3.017 loading class java/util/concurrent/DelayQueue done
Event: 3.017 loading class java/util/PriorityQueue
Event: 3.017 loading class java/util/PriorityQueue done
Event: 3.018 Thread 0x00000264e5ea6130 Thread added: 0x00000264e5ea6130
Event: 3.018 loading class javax/swing/TimerQueue$DelayedTimer
Event: 3.018 loading class java/util/concurrent/Delayed
Event: 3.018 loading class java/util/concurrent/Delayed done
Event: 3.018 loading class javax/swing/TimerQueue$DelayedTimer done
Event: 3.018 loading class java/util/concurrent/TimeUnit$1
Event: 3.018 loading class java/util/concurrent/TimeUnit$1 done
Event: 3.018 loading class java/time/temporal/ChronoUnit
Event: 3.018 loading class java/time/temporal/TemporalUnit
Event: 3.018 loading class java/time/temporal/TemporalUnit done
Event: 3.019 loading class java/time/temporal/ChronoUnit done
Event: 3.019 loading class java/time/Duration
Event: 3.019 loading class java/time/temporal/TemporalAmount
Event: 3.019 loading class java/time/temporal/TemporalAmount done
Event: 3.019 loading class java/time/Duration done
Event: 3.019 loading class java/math/BigInteger
Event: 3.021 loading class java/math/BigInteger done


Dynamic libraries:
0x00007ff7f8b60000 - 0x00007ff7f8b6e000 	C:\Users\71041\.p2\pool\plugins\org.eclipse.justj.openjdk.hotspot.jre.full.win32.x86_64_16.0.2.v20210721-1149\jre\bin\javaw.exe
0x00007ff8802f0000 - 0x00007ff8804e5000 	C:\WINDOWS\SYSTEM32\ntdll.dll
0x00007ff8801f0000 - 0x00007ff8802ae000 	C:\WINDOWS\System32\KERNEL32.DLL
0x00007ff87da70000 - 0x00007ff87dd38000 	C:\WINDOWS\System32\KERNELBASE.dll
0x00007ff87dd40000 - 0x00007ff87de40000 	C:\WINDOWS\System32\ucrtbase.dll
0x00007ff8789a0000 - 0x00007ff8789b9000 	C:\Users\71041\.p2\pool\plugins\org.eclipse.justj.openjdk.hotspot.jre.full.win32.x86_64_16.0.2.v20210721-1149\jre\bin\VCRUNTIME140.dll
0x00007ff878980000 - 0x00007ff878998000 	C:\Users\71041\.p2\pool\plugins\org.eclipse.justj.openjdk.hotspot.jre.full.win32.x86_64_16.0.2.v20210721-1149\jre\bin\jli.dll
0x00007ff87f0e0000 - 0x00007ff87f281000 	C:\WINDOWS\System32\USER32.dll
0x00007ff87e020000 - 0x00007ff87e042000 	C:\WINDOWS\System32\win32u.dll
0x00007ff87f790000 - 0x00007ff87f7bb000 	C:\WINDOWS\System32\GDI32.dll
0x00007ff868480000 - 0x00007ff86871a000 	C:\WINDOWS\WinSxS\amd64_microsoft.windows.common-controls_6595b64144ccf1df_6.0.19041.1110_none_60b5254171f9507e\COMCTL32.dll
0x00007ff87e050000 - 0x00007ff87e15b000 	C:\WINDOWS\System32\gdi32full.dll
0x00007ff87ef30000 - 0x00007ff87efce000 	C:\WINDOWS\System32\msvcrt.dll
0x00007ff87e2a0000 - 0x00007ff87e33d000 	C:\WINDOWS\System32\msvcp_win.dll
0x00007ff87f760000 - 0x00007ff87f790000 	C:\WINDOWS\System32\IMM32.DLL
0x00007ff8789f0000 - 0x00007ff8789fc000 	C:\Users\71041\.p2\pool\plugins\org.eclipse.justj.openjdk.hotspot.jre.full.win32.x86_64_16.0.2.v20210721-1149\jre\bin\vcruntime140_1.dll
0x00007ff8771a0000 - 0x00007ff877231000 	C:\Users\71041\.p2\pool\plugins\org.eclipse.justj.openjdk.hotspot.jre.full.win32.x86_64_16.0.2.v20210721-1149\jre\bin\msvcp140.dll
0x00007ff82e6a0000 - 0x00007ff82f24b000 	C:\Users\71041\.p2\pool\plugins\org.eclipse.justj.openjdk.hotspot.jre.full.win32.x86_64_16.0.2.v20210721-1149\jre\bin\server\jvm.dll
0x00007ff87f290000 - 0x00007ff87f33c000 	C:\WINDOWS\System32\ADVAPI32.dll
0x00007ff87efd0000 - 0x00007ff87f06b000 	C:\WINDOWS\System32\sechost.dll
0x00007ff87fe00000 - 0x00007ff87ff2a000 	C:\WINDOWS\System32\RPCRT4.dll
0x00007ff87ea80000 - 0x00007ff87ea88000 	C:\WINDOWS\System32\PSAPI.DLL
0x00007ff864350000 - 0x00007ff864359000 	C:\WINDOWS\SYSTEM32\WSOCK32.dll
0x00007ff87d4e0000 - 0x00007ff87d4ea000 	C:\WINDOWS\SYSTEM32\VERSION.dll
0x00007ff8676f0000 - 0x00007ff867717000 	C:\WINDOWS\SYSTEM32\WINMM.dll
0x00007ff87f400000 - 0x00007ff87f46b000 	C:\WINDOWS\System32\WS2_32.dll
0x00007ff87c230000 - 0x00007ff87c242000 	C:\WINDOWS\SYSTEM32\kernel.appcore.dll
0x00007ff8674e0000 - 0x00007ff8674ea000 	C:\Users\71041\.p2\pool\plugins\org.eclipse.justj.openjdk.hotspot.jre.full.win32.x86_64_16.0.2.v20210721-1149\jre\bin\jimage.dll
0x00007ff87beb0000 - 0x00007ff87c094000 	C:\WINDOWS\SYSTEM32\DBGHELP.DLL
0x00007ff862fd0000 - 0x00007ff862ffc000 	C:\WINDOWS\SYSTEM32\dbgcore.DLL
0x00007ff87e160000 - 0x00007ff87e1e3000 	C:\WINDOWS\System32\bcryptPrimitives.dll
0x00007ff852760000 - 0x00007ff852785000 	C:\Users\71041\.p2\pool\plugins\org.eclipse.justj.openjdk.hotspot.jre.full.win32.x86_64_16.0.2.v20210721-1149\jre\bin\java.dll
0x00007ff862a90000 - 0x00007ff862aa8000 	C:\Users\71041\.p2\pool\plugins\org.eclipse.justj.openjdk.hotspot.jre.full.win32.x86_64_16.0.2.v20210721-1149\jre\bin\zip.dll
0x00007ff87e340000 - 0x00007ff87ea7f000 	C:\WINDOWS\System32\SHELL32.dll
0x00007ff87b650000 - 0x00007ff87bde0000 	C:\WINDOWS\SYSTEM32\windows.storage.dll
0x00007ff87eaf0000 - 0x00007ff87ee45000 	C:\WINDOWS\System32\combase.dll
0x00007ff87d240000 - 0x00007ff87d26e000 	C:\WINDOWS\SYSTEM32\Wldp.dll
0x00007ff87f350000 - 0x00007ff87f3fd000 	C:\WINDOWS\System32\SHCORE.dll
0x00007ff87ee50000 - 0x00007ff87eea5000 	C:\WINDOWS\System32\shlwapi.dll
0x00007ff87d950000 - 0x00007ff87d96f000 	C:\WINDOWS\SYSTEM32\profapi.dll
0x00007ff84bd50000 - 0x00007ff84bd69000 	C:\Users\71041\.p2\pool\plugins\org.eclipse.justj.openjdk.hotspot.jre.full.win32.x86_64_16.0.2.v20210721-1149\jre\bin\net.dll
0x00007ff875030000 - 0x00007ff87513c000 	C:\WINDOWS\SYSTEM32\WINHTTP.dll
0x00007ff87d020000 - 0x00007ff87d08a000 	C:\WINDOWS\system32\mswsock.dll
0x00007ff84bd30000 - 0x00007ff84bd43000 	C:\Users\71041\.p2\pool\plugins\org.eclipse.justj.openjdk.hotspot.jre.full.win32.x86_64_16.0.2.v20210721-1149\jre\bin\nio.dll
0x00007ff866e00000 - 0x00007ff866e10000 	C:\Users\71041\.p2\pool\plugins\org.eclipse.justj.openjdk.hotspot.jre.full.win32.x86_64_16.0.2.v20210721-1149\jre\bin\verify.dll
0x00007ff84ba00000 - 0x00007ff84bb7f000 	C:\Users\71041\.p2\pool\plugins\org.eclipse.justj.openjdk.hotspot.jre.full.win32.x86_64_16.0.2.v20210721-1149\jre\bin\awt.dll
0x00007ff87f690000 - 0x00007ff87f75d000 	C:\WINDOWS\System32\OLEAUT32.dll
0x00007ff87ae60000 - 0x00007ff87aef0000 	C:\WINDOWS\SYSTEM32\apphelp.dll
0x00007ff87b180000 - 0x00007ff87b1af000 	C:\WINDOWS\system32\DWMAPI.DLL
0x00007ff87af90000 - 0x00007ff87b02e000 	C:\WINDOWS\system32\uxtheme.dll
0x00007ff85eca0000 - 0x00007ff85edc5000 	C:\WINDOWS\system32\opengl32.dll
0x00007ff860550000 - 0x00007ff86057c000 	C:\WINDOWS\SYSTEM32\GLU32.dll
0x00007ff87f570000 - 0x00007ff87f685000 	C:\WINDOWS\System32\MSCTF.dll
0x00007ff87fcd0000 - 0x00007ff87fdfa000 	C:\WINDOWS\System32\ole32.dll
0x00007ff875fc0000 - 0x00007ff876049000 	C:\Users\71041\.p2\pool\plugins\org.eclipse.justj.openjdk.hotspot.jre.full.win32.x86_64_16.0.2.v20210721-1149\jre\bin\freetype.dll
0x00007ff869890000 - 0x00007ff869986000 	C:\Users\71041\.p2\pool\plugins\org.eclipse.justj.openjdk.hotspot.jre.full.win32.x86_64_16.0.2.v20210721-1149\jre\bin\harfbuzz.dll
0x00007ff877710000 - 0x00007ff877722000 	C:\Users\71041\.p2\pool\plugins\org.eclipse.justj.openjdk.hotspot.jre.full.win32.x86_64_16.0.2.v20210721-1149\jre\bin\fontmanager.dll
0x00007ff880140000 - 0x00007ff8801e9000 	C:\WINDOWS\System32\clbcatq.dll
0x00007ff86f1f0000 - 0x00007ff86f3a4000 	C:\WINDOWS\SYSTEM32\WindowsCodecs.dll
0x00007ff87dfa0000 - 0x00007ff87dfc7000 	C:\WINDOWS\System32\bcrypt.dll
0x00007ff855bb0000 - 0x00007ff855bee000 	C:\WINDOWS\system32\dataexchange.dll
0x00007ff879d60000 - 0x00007ff879fc4000 	C:\WINDOWS\system32\d3d11.dll
0x00007ff87a110000 - 0x00007ff87a2f5000 	C:\WINDOWS\system32\dcomp.dll
0x00007ff87c250000 - 0x00007ff87c344000 	C:\WINDOWS\system32\dxgi.dll
0x00007ff875470000 - 0x00007ff875671000 	C:\WINDOWS\system32\twinapi.appcore.dll
0x00007ff871b80000 - 0x00007ff871c79000 	C:\WINDOWS\SYSTEM32\textinputframework.dll
0x00007ff87a7e0000 - 0x00007ff87ab3e000 	C:\WINDOWS\System32\CoreUIComponents.dll
0x00007ff87ab40000 - 0x00007ff87ac32000 	C:\WINDOWS\System32\CoreMessaging.dll
0x00007ff87c690000 - 0x00007ff87c6c3000 	C:\WINDOWS\SYSTEM32\ntmarta.dll
0x00007ff87a680000 - 0x00007ff87a7d4000 	C:\WINDOWS\SYSTEM32\wintypes.dll
0x00007ff8775d0000 - 0x00007ff877609000 	D:\jdk\bin\jpcap.dll
0x0000000180000000 - 0x0000000180065000 	C:\WINDOWS\SYSTEM32\wpcap.dll
0x00007ff87cd30000 - 0x00007ff87cd6b000 	C:\WINDOWS\SYSTEM32\IPHLPAPI.DLL
0x00000264e5170000 - 0x00000264e518f000 	C:\WINDOWS\SYSTEM32\packet.dll
0x00007ff87f340000 - 0x00007ff87f348000 	C:\WINDOWS\System32\NSI.dll
0x00007ff8744d0000 - 0x00007ff8744e7000 	C:\WINDOWS\SYSTEM32\dhcpcsvc6.DLL
0x00007ff8743d0000 - 0x00007ff8743ed000 	C:\WINDOWS\SYSTEM32\dhcpcsvc.DLL
0x00007ff87cd70000 - 0x00007ff87ce3b000 	C:\WINDOWS\SYSTEM32\DNSAPI.dll
0x00007ff84ddd0000 - 0x00007ff84dfd8000 	C:\WINDOWS\system32\SogouTSF.ime
0x00007ff86d310000 - 0x00007ff86d317000 	C:\WINDOWS\system32\MSIMG32.dll
0x00007ff84d4a0000 - 0x00007ff84ddcc000 	C:\WINDOWS\system32\SogouPy.ime
0x00007ff867680000 - 0x00007ff8676e6000 	C:\WINDOWS\SYSTEM32\OLEACC.dll
0x0000000010000000 - 0x00000000101c1000 	C:\Program Files (x86)\SogouInput\11.1.0.5032\Resource.dll
0x00007ff84be90000 - 0x00007ff84c0fa000 	C:\Program Files (x86)\SogouInput\Components\PicFace\1.1.0.1881\PicFace64.dll
0x00007ff87f470000 - 0x00007ff87f54a000 	C:\WINDOWS\System32\COMDLG32.dll
0x00007ff868c30000 - 0x00007ff868cdc000 	C:\WINDOWS\SYSTEM32\TextShaping.dll

dbghelp: loaded successfully - version: 4.0.5 - missing functions: none
symbol engine: initialized successfully - sym options: 0x614 - pdb path: .;C:\Users\71041\.p2\pool\plugins\org.eclipse.justj.openjdk.hotspot.jre.full.win32.x86_64_16.0.2.v20210721-1149\jre\bin;C:\WINDOWS\SYSTEM32;C:\WINDOWS\WinSxS\amd64_microsoft.windows.common-controls_6595b64144ccf1df_6.0.19041.1110_none_60b5254171f9507e;C:\Users\71041\.p2\pool\plugins\org.eclipse.justj.openjdk.hotspot.jre.full.win32.x86_64_16.0.2.v20210721-1149\jre\bin\server;D:\jdk\bin;C:\Program Files (x86)\SogouInput\11.1.0.5032;C:\Program Files (x86)\SogouInput\Components\PicFace\1.1.0.1881

VM Arguments:
jvm_args: -Dfile.encoding=GBK -XX:+ShowCodeDetailsInExceptionMessages 
java_command: control.SnifferDriver
java_class_path (initial): D:\5004\final_project\Network_Packet_Sniffer\bin;C:\Users\71041\Desktop\jpcap\jpcap.jar;C:\Users\71041\Downloads\jaxb-ri-2.3.1\jaxb-ri\mod\jaxb-api.jar
Launcher Type: SUN_STANDARD

[Global flags]
     intx CICompilerCount                          = 3                                         {product} {ergonomic}
     uint ConcGCThreads                            = 1                                         {product} {ergonomic}
     uint G1ConcRefinementThreads                  = 4                                         {product} {ergonomic}
   size_t G1HeapRegionSize                         = 1048576                                   {product} {ergonomic}
    uintx GCDrainStackTargetSize                   = 64                                        {product} {ergonomic}
   size_t InitialHeapSize                          = 134217728                                 {product} {ergonomic}
   size_t MarkStackSize                            = 4194304                                   {product} {ergonomic}
   size_t MaxHeapSize                              = 2122317824                                {product} {ergonomic}
   size_t MaxNewSize                               = 1272971264                                {product} {ergonomic}
   size_t MinHeapDeltaBytes                        = 1048576                                   {product} {ergonomic}
   size_t MinHeapSize                              = 8388608                                   {product} {ergonomic}
    uintx NonNMethodCodeHeapSize                   = 5832780                                {pd product} {ergonomic}
    uintx NonProfiledCodeHeapSize                  = 122912730                              {pd product} {ergonomic}
    uintx ProfiledCodeHeapSize                     = 122912730                              {pd product} {ergonomic}
    uintx ReservedCodeCacheSize                    = 251658240                              {pd product} {ergonomic}
     bool SegmentedCodeCache                       = true                                      {product} {ergonomic}
     bool ShowCodeDetailsInExceptionMessages       = true                                   {manageable} {command line}
   size_t SoftMaxHeapSize                          = 2122317824                             {manageable} {ergonomic}
     bool UseCompressedClassPointers               = true                           {product lp64_product} {ergonomic}
     bool UseCompressedOops                        = true                           {product lp64_product} {ergonomic}
     bool UseG1GC                                  = true                                      {product} {ergonomic}
     bool UseLargePagesIndividualAllocation        = false                                  {pd product} {ergonomic}

Logging:
Log output configuration:
 #0: stdout all=warning uptime,level,tags
 #1: stderr all=off uptime,level,tags

Environment Variables:
JAVA_HOME=D:\jdk
CLASSPATH=.;D:\jdk\lib\dt.jar;D:\jdk\lib\tools.jar;
PATH=C:/Users/71041/.p2/pool/plugins/org.eclipse.justj.openjdk.hotspot.jre.full.win32.x86_64_16.0.2.v20210721-1149/jre/bin/server;C:/Users/71041/.p2/pool/plugins/org.eclipse.justj.openjdk.hotspot.jre.full.win32.x86_64_16.0.2.v20210721-1149/jre/bin;D:\jdk\bin;D:\IntelliJ IDEA Community Edition 2021.2.1\bin;C:\Program Files\NVIDIA GPU Computing Toolkit\CUDA\v10.1\libnvvp;C:\WINDOWS\system32;C:\WINDOWS;C:\WINDOWS\System32\Wbem;C:\WINDOWS\System32\WindowsPowerShell\v1.0\;C:\Program Files (x86)\NVIDIA Corporation\PhysX\Common;C:\Program Files\NVIDIA Corporation\NVIDIA NvDLISR;D:\anaconda\Scripts;D:\anaconda;C:\WINDOWS\system32;C:\WINDOWS;C:\WINDOWS\System32\Wbem;C:\WINDOWS\System32\WindowsPowerShell\v1.0\;C:\WINDOWS\System32\OpenSSH\;D:\puuty\;C:\Program Files\Git\cmd;D:\jdk\bin;C:\Program Files\MySQL\MySQL Shell 8.0\bin\;C:\Users\71041\Anaconda3;C:\Users\71041\Anaconda3\Library\mingw-w64\bin;C:\Users\71041\Anaconda3\Library\usr\bin;C:\Users\71041\Anaconda3\Library\bin;C:\Users\71041\Anaconda3\Scripts;C:\Users\71041\AppData\Local\Microsoft\WindowsApps;E:\PyCharm Community Edition 2021.1.3\bin;?C:\Users\71041\anaconda3\Scripts;D:\IntelliJ IDEA Community Edition 2021.2.1\bin;D:\IntelliJ IDEA Community Edition 2021.2.1\bin;D:\latex\miktex\bin\x64\;C:\ProgramData\71041\atom\bin;D:\Hyper\resources\bin;C:\WINDOWS\system32;
USERNAME=71041
OS=Windows_NT
PROCESSOR_IDENTIFIER=Intel64 Family 6 Model 142 Stepping 9, GenuineIntel



---------------  S Y S T E M  ---------------

OS:
 Windows 10 , 64 bit Build 19041 (10.0.19041.1348)
OS uptime: 1 days 8:32 hours
Hyper-V role detected

CPU: total 4 (initial active 4) (2 cores per cpu, 2 threads per core) family 6 model 142 stepping 9 microcode 0xb4, cx8, cmov, fxsr, ht, mmx, 3dnowpref, sse, sse2, sse3, ssse3, sse4.1, sse4.2, popcnt, lzcnt, tsc, tscinvbit, avx, avx2, aes, erms, clmul, bmi1, bmi2, adx, fma, vzeroupper, clflush, clflushopt, hv

Memory: 4k page, system-wide physical 8090M (903M free)
TotalPageFile size 16026M (AvailPageFile size 2111M)
current process WorkingSet (physical memory assigned to process): 91M, peak: 91M
current process commit charge ("private bytes"): 222M, peak: 227M

vm_info: OpenJDK 64-Bit Server VM (16.0.2+7-67) for windows-amd64 JRE (16.0.2+7-67), built on Jun  8 2021 23:21:43 by "mach5one" with MS VC++ 16.7 (VS2019)

END.
