#
# A fatal error has been detected by the Java Runtime Environment:
#
#  EXCEPTION_ACCESS_VIOLATION (0xc0000005) at pc=0x00007ff82ebd4d83, pid=16396, tid=2032
#
# JRE version: OpenJDK Runtime Environment (16.0.2+7) (build 16.0.2+7-67)
# Java VM: OpenJDK 64-Bit Server VM (16.0.2+7-67, mixed mode, tiered, compressed oops, compressed class ptrs, g1 gc, windows-amd64)
# Problematic frame:
# V  [jvm.dll+0x534d83]
#
# No core dump will be written. Minidumps are not enabled by default on client versions of Windows
#
# If you would like to submit a bug report, please visit:
#   https://bugreport.java.com/bugreport/crash.jsp
#

---------------  S U M M A R Y ------------

Command Line: -Dfile.encoding=GBK -XX:+ShowCodeDetailsInExceptionMessages control.SnifferDriver

Host: Intel(R) Core(TM) i5-7200U CPU @ 2.50GHz, 4 cores, 7G,  Windows 10 , 64 bit Build 19041 (10.0.19041.1348)
Time: Fri Dec 10 15:49:06 2021  Windows 10 , 64 bit Build 19041 (10.0.19041.1348) elapsed time: 2.995010 seconds (0d 0h 0m 2s)

---------------  T H R E A D  ---------------

Current thread (0x00000201dbd2ada0):  JavaThread "Unknown thread" [_thread_in_vm, id=2032, stack(0x0000007a5ac00000,0x0000007a5ad00000)]

Stack: [0x0000007a5ac00000,0x0000007a5ad00000],  sp=0x0000007a5acfec98,  free space=1019k
Native frames: (J=compiled Java code, j=interpreted, Vv=VM code, C=native code)
V  [jvm.dll+0x534d83]

Java frames: (J=compiled Java code, j=interpreted, Vv=VM code)
j  java.awt.EventDispatchThread.pumpEventsForFilter(ILjava/awt/Conditional;Ljava/awt/EventFilter;)V+43 java.desktop@16.0.2
j  java.awt.EventDispatchThread.pumpEventsForHierarchy(ILjava/awt/Conditional;Ljava/awt/Component;)V+11 java.desktop@16.0.2
j  java.awt.EventDispatchThread.pumpEvents(ILjava/awt/Conditional;)V+4 java.desktop@16.0.2
j  java.awt.EventDispatchThread.pumpEvents(Ljava/awt/Conditional;)V+3 java.desktop@16.0.2
j  java.awt.EventDispatchThread.run()V+9 java.desktop@16.0.2
v  ~StubRoutines::call_stub

siginfo: EXCEPTION_ACCESS_VIOLATION (0xc0000005), reading address 0x0000000000000298


Register to memory mapping:

RIP=0x00007ff82ebd4d83 jvm.dll
RAX=0x000000000000001a is an unknown value
RBX=0x00000201dbd2ada0 is a thread
RCX=0x0 is NULL
RDX=0x000000000000001a is an unknown value
RSP=0x0000007a5acfec98 is pointing into the stack for thread: 0x00000201dbd2ada0
RBP=0x0000007a5acfed00 is pointing into the stack for thread: 0x00000201dbd2ada0
RSI=0x000000000000001a is an unknown value
RDI=0x0000007a5acfed70 is pointing into the stack for thread: 0x00000201dbd2ada0
R8 =0x0000000100119c00 is a pointer to class: 
java.awt.EventDispatchThread {0x0000000100119c08}
R9 =0x00000201dbd65258 points into unknown readable memory: 0x0000000089355170 | 70 51 35 89 00 00 00 00
R10=0x00000201dbd6c170 points into unknown readable memory: 0x0000001e00000005 | 05 00 00 00 1e 00 00 00
R11={method} {0x00000201dc605cd0} 'removeEventFilter' '(Ljava/awt/EventFilter;)V' in 'java/awt/EventDispatchThread'
R12=0x00000201dc6059eb is pointing into metadata
R13=0x0000000100119c00 is a pointer to class: 
java.awt.EventDispatchThread {0x0000000100119c08}
R14=0x0 is NULL
R15=0x0000007a5acfeec0 is pointing into the stack for thread: 0x00000201dbd2ada0


Registers:
RAX=0x000000000000001a, RBX=0x00000201dbd2ada0, RCX=0x0000000000000000, RDX=0x000000000000001a
RSP=0x0000007a5acfec98, RBP=0x0000007a5acfed00, RSI=0x000000000000001a, RDI=0x0000007a5acfed70
R8 =0x0000000100119c00, R9 =0x00000201dbd65258, R10=0x00000201dbd6c170, R11=0x00000201dc605cc8
R12=0x00000201dc6059eb, R13=0x0000000100119c00, R14=0x0000000000000000, R15=0x0000007a5acfeec0
RIP=0x00007ff82ebd4d83, EFLAGS=0x0000000000010213

Top of Stack: (sp=0x0000007a5acfec98)
0x0000007a5acfec98:   00007ff82ebf6932 00000201c4cc9401
0x0000007a5acfeca8:   000000008933fb28 00000201dc604770
0x0000007a5acfecb8:   00000201dbd2ada0 0000007a5acfed80
0x0000007a5acfecc8:   00007ff82ebf1cdb 00000201dc604770
0x0000007a5acfecd8:   0000000000000000 0000000000000000
0x0000007a5acfece8:   0000007a5acfece8 00000000000000b6
0x0000007a5acfecf8:   00000201dbd2ada0 00000000000000b6
0x0000007a5acfed08:   00000201dc6059eb 0000007a5acfed99
0x0000007a5acfed18:   00007ff82ebf4bf1 00000201dbd65258
0x0000007a5acfed28:   0000007a5acfeec0 00000201dbd2ada0
0x0000007a5acfed38:   0000000000000000 0000000000000000
0x0000007a5acfed48:   00000201dbd62901 00000201dbd2ada0
0x0000007a5acfed58:   00007ff82e96113f 00000201dc605cc8
0x0000007a5acfed68:   0000001900000018 00000201dc605cc8
0x0000007a5acfed78:   00000201dbd2ada0 00000201dbbd9178
0x0000007a5acfed88:   00000201dbbd9118 0000000100119c00 

Instructions: (pc=0x00007ff82ebd4d83)
0x00007ff82ebd4c83:   8d 8e 88 00 00 00 c7 40 08 02 00 00 00 48 89 48
0x00007ff82ebd4c93:   20 c6 40 0c 00 48 89 58 10 48 89 58 18 4c 89 38
0x00007ff82ebd4ca3:   eb 03 48 8b c3 48 8b d0 49 8b ce e8 cd bf 0d 00
0x00007ff82ebd4cb3:   45 33 c0 41 8d 50 17 8d 4a 11 e8 be 39 b7 ff 48
0x00007ff82ebd4cc3:   85 c0 74 23 48 8d 8e 90 00 00 00 c7 40 08 02 00
0x00007ff82ebd4cd3:   00 00 48 89 48 20 c6 40 0c 00 48 89 58 10 48 89
0x00007ff82ebd4ce3:   58 18 4c 89 38 eb 03 48 8b c3 48 8b d0 49 8b ce
0x00007ff82ebd4cf3:   e8 88 bf 0d 00 83 7e 10 00 8b fb 4c 8b 7c 24 48
0x00007ff82ebd4d03:   7e 5b 48 8d 2d 0c e6 3b 00 0f 1f 40 00 45 33 c0
0x00007ff82ebd4d13:   41 8d 50 17 8d 4a 11 e8 61 39 b7 ff 48 85 c0 74
0x00007ff82ebd4d23:   27 48 63 d7 48 83 c2 39 c7 40 08 02 00 00 00 c6
0x00007ff82ebd4d33:   40 0c 00 48 89 58 10 48 89 58 18 48 8d 14 d6 48
0x00007ff82ebd4d43:   89 28 48 89 50 20 eb 03 48 8b c3 48 8b d0 49 8b
0x00007ff82ebd4d53:   ce e8 27 bf 0d 00 ff c7 3b 7e 10 7c b0 48 8b 5c
0x00007ff82ebd4d63:   24 50 48 8b 6c 24 58 48 83 c4 20 41 5e 5f 5e c3
0x00007ff82ebd4d73:   cc cc cc cc cc cc cc cc cc cc cc cc cc 48 63 c2
0x00007ff82ebd4d83:   48 8b 84 c1 c8 01 00 00 c3 cc cc cc cc 48 89 5c
0x00007ff82ebd4d93:   24 08 48 89 6c 24 10 48 89 74 24 18 57 41 54 41
0x00007ff82ebd4da3:   55 41 56 41 57 48 83 ec 20 48 8b 99 88 00 00 00
0x00007ff82ebd4db3:   44 0f b6 e2 48 85 db 0f 84 dd 00 00 00 8b 0d 02
0x00007ff82ebd4dc3:   0b 5e 00 65 48 8b 04 25 58 00 00 00 be 40 00 00
0x00007ff82ebd4dd3:   00 bd 10 00 00 00 4c 8d 2c c8 0f 1f 00 48 8b 8b
0x00007ff82ebd4de3:   98 00 00 00 e8 c4 f3 cb ff 84 c0 0f 85 c8 00 00
0x00007ff82ebd4df3:   00 45 84 e4 0f 84 90 00 00 00 48 8b 15 2c 37 5a
0x00007ff82ebd4e03:   00 48 85 d2 0f 84 80 00 00 00 49 8b 7d 00 8b c6
0x00007ff82ebd4e13:   80 3c 38 00 75 0c e8 2e f2 2e 00 48 8b 15 0b 37
0x00007ff82ebd4e23:   5a 00 8b c5 48 8b 0c 38 48 8b b9 78 02 00 00 48
0x00007ff82ebd4e33:   8b 77 10 48 8b 6f 18 4c 8b 77 20 4c 8b 7f 28 48
0x00007ff82ebd4e43:   85 d2 74 17 48 8b cb e8 41 f5 ff ff 48 8b d0 48
0x00007ff82ebd4e53:   8d 0d 7f 70 3e 00 e8 a2 bb e2 ff 48 83 3e 00 74
0x00007ff82ebd4e63:   13 49 8b d7 48 8b cf e8 b1 98 b7 ff 48 8b ce e8
0x00007ff82ebd4e73:   19 98 b7 ff 48 89 77 10 48 89 6f 18 be 40 00 00 


Stack slot to memory mapping:
stack at sp + 0 slots: 0x00007ff82ebf6932 jvm.dll
stack at sp + 1 slots: 0x00000201c4cc9401 is at code_begin+865 in an Interpreter codelet
return entry points  [0x00000201c4cc90a0, 0x00000201c4cc9ba0]  2816 bytes
stack at sp + 2 slots: 0x000000008933fb28 points into unknown readable memory: 0x0000000000000000 | 00 00 00 00 00 00 00 00
stack at sp + 3 slots: 0x00000201dc604770 is pointing into metadata
stack at sp + 4 slots: 0x00000201dbd2ada0 is a thread
stack at sp + 5 slots: 0x0000007a5acfed80 is pointing into the stack for thread: 0x00000201dbd2ada0
stack at sp + 6 slots: 0x00007ff82ebf1cdb jvm.dll
stack at sp + 7 slots: 0x00000201dc604770 is pointing into metadata


---------------  P R O C E S S  ---------------

Threads class SMR info:
_java_thread_list=0x00000201dbd0fc60, length=16, elements={
0x00000201c173a9f0, 0x00000201dace0010, 0x00000201dace1d80, 0x00000201dad2e690,
0x00000201dad12c10, 0x00000201db814420, 0x00000201db818230, 0x00000201db820f70,
0x00000201db8259d0, 0x00000201db8407e0, 0x00000201db99e800, 0x00000201db9b8560,
0x00000201dbceb010, 0x00000201dbcf1cc0, 0x00000201dbced940, 0x00000201dbd2ada0
}

Java Threads: ( => current thread )
  0x00000201c173a9f0 JavaThread "Unknown thread" [_thread_in_vm, id=16184, stack(0x0000007a59600000,0x0000007a59700000)]
  0x00000201dace0010 JavaThread "Unknown thread" [_thread_blocked, id=3532, stack(0x0000007a59d00000,0x0000007a59e00000)]
  0x00000201dace1d80 JavaThread "Unknown thread" [_thread_blocked, id=14296, stack(0x0000007a59e00000,0x0000007a59f00000)]
  0x00000201dad2e690 JavaThread "Unknown thread" [_thread_blocked, id=1324, stack(0x0000007a59f00000,0x0000007a5a000000)]
  0x00000201dad12c10 JavaThread "Unknown thread" [_thread_blocked, id=8548, stack(0x0000007a5a000000,0x0000007a5a100000)]
  0x00000201db814420 JavaThread "Unknown thread" [_thread_blocked, id=9732, stack(0x0000007a5a100000,0x0000007a5a200000)]
  0x00000201db818230 JavaThread "Unknown thread" [_thread_blocked, id=8748, stack(0x0000007a5a200000,0x0000007a5a300000)]
  0x00000201db820f70 JavaThread "Unknown thread" [_thread_blocked, id=12332, stack(0x0000007a5a300000,0x0000007a5a400000)]
  0x00000201db8259d0 JavaThread "Unknown thread" [_thread_blocked, id=16748, stack(0x0000007a5a400000,0x0000007a5a500000)]
  0x00000201db8407e0 JavaThread "Unknown thread" [_thread_blocked, id=15176, stack(0x0000007a5a500000,0x0000007a5a600000)]
  0x00000201db99e800 JavaThread "Unknown thread" [_thread_blocked, id=256, stack(0x0000007a5a600000,0x0000007a5a700000)]
  0x00000201db9b8560 JavaThread "Unknown thread" [_thread_blocked, id=18252, stack(0x0000007a5a800000,0x0000007a5a900000)]
  0x00000201dbceb010 JavaThread "Unknown thread" [_thread_blocked, id=7284, stack(0x0000007a5a900000,0x0000007a5aa00000)]
  0x00000201dbcf1cc0 JavaThread "Unknown thread" [_thread_blocked, id=13184, stack(0x0000007a5aa00000,0x0000007a5ab00000)]
  0x00000201dbced940 JavaThread "Unknown thread" [_thread_in_vm, id=5540, stack(0x0000007a5ab00000,0x0000007a5ac00000)]
=>0x00000201dbd2ada0 JavaThread "Unknown thread" [_thread_in_vm, id=2032, stack(0x0000007a5ac00000,0x0000007a5ad00000)]

Other Threads:
  0x00000201daccb910 VMThread "VM Thread" [stack: 0x0000007a59c00000,0x0000007a59d00000] [id=4228]
  0x00000201db8f6750 WatcherThread [stack: 0x0000007a5a700000,0x0000007a5a800000] [id=18232]
  0x00000201c1777e90 GCTaskThread "GC Thread#0" [stack: 0x0000007a59700000,0x0000007a59800000] [id=12164]
  0x00000201c178a480 ConcurrentGCThread "G1 Main Marker" [stack: 0x0000007a59800000,0x0000007a59900000] [id=16640]
  0x00000201c178af70 ConcurrentGCThread "G1 Conc#0" [stack: 0x0000007a59900000,0x0000007a59a00000] [id=9328]
  0x00000201c1806270 ConcurrentGCThread "G1 Refine#0" [stack: 0x0000007a59a00000,0x0000007a59b00000] [id=13672]
  0x00000201c1807d00 ConcurrentGCThread "G1 Service" [stack: 0x0000007a59b00000,0x0000007a59c00000] [id=15592]

Threads with active compile tasks:

VM state: not at safepoint (normal execution)

VM Mutex/Monitor currently owned by a thread: None

Heap address: 0x0000000081800000, size: 2024 MB, Compressed Oops mode: 32-bit

CDS disabled.
Compressed class space mapped at: 0x0000000100000000-0x0000000140000000, reserved size: 1073741824
Narrow klass base: 0x0000000000000000, Narrow klass shift: 3, Narrow klass range: 0x140000000

GC Precious Log:
 CPUs: 4 total, 4 available
 Memory: 8090M
 Large Page Support: Disabled
 NUMA Support: Disabled
 Compressed Oops: Enabled (32-bit)
 Heap Region Size: 1M
 Heap Min Capacity: 8M
 Heap Initial Capacity: 128M
 Heap Max Capacity: 2024M
 Pre-touch: Disabled
 Parallel Workers: 4
 Concurrent Workers: 1
 Concurrent Refinement Workers: 4
 Periodic GC: Disabled

Heap:
 garbage-first heap   total 131072K, used 14336K [0x0000000081800000, 0x0000000100000000)
  region size 1024K, 7 young (7168K), 0 survivors (0K)
 Metaspace       used 15784K, committed 16000K, reserved 1064960K
  class space    used 1631K, committed 1728K, reserved 1048576K

Heap Regions: E=young(eden), S=young(survivor), O=old, HS=humongous(starts), HC=humongous(continues), CS=collection set, F=free, OA=open archive, CA=closed archive, TAMS=top-at-mark-start (previous, next)
|   0|0x0000000081800000, 0x0000000081900000, 0x0000000081900000|100%|HS|  |TAMS 0x0000000081800000, 0x0000000081800000| Complete 
|   1|0x0000000081900000, 0x0000000081a00000, 0x0000000081a00000|100%|HS|  |TAMS 0x0000000081900000, 0x0000000081900000| Complete 
|   2|0x0000000081a00000, 0x0000000081b00000, 0x0000000081b00000|100%|HC|  |TAMS 0x0000000081a00000, 0x0000000081a00000| Complete 
|   3|0x0000000081b00000, 0x0000000081c00000, 0x0000000081c00000|100%|HC|  |TAMS 0x0000000081b00000, 0x0000000081b00000| Complete 
|   4|0x0000000081c00000, 0x0000000081d00000, 0x0000000081d00000|100%|HC|  |TAMS 0x0000000081c00000, 0x0000000081c00000| Complete 
|   5|0x0000000081d00000, 0x0000000081e00000, 0x0000000081e00000|100%|HC|  |TAMS 0x0000000081d00000, 0x0000000081d00000| Complete 
|   6|0x0000000081e00000, 0x0000000081f00000, 0x0000000081f00000|100%|HS|  |TAMS 0x0000000081e00000, 0x0000000081e00000| Complete 
|   7|0x0000000081f00000, 0x0000000082000000, 0x0000000082000000|100%|HS|  |TAMS 0x0000000081f00000, 0x0000000081f00000| Complete 
|   8|0x0000000082000000, 0x0000000082000000, 0x0000000082100000|  0%| F|  |TAMS 0x0000000082000000, 0x0000000082000000| Untracked 
|   9|0x0000000082100000, 0x0000000082100000, 0x0000000082200000|  0%| F|  |TAMS 0x0000000082100000, 0x0000000082100000| Untracked 
|  10|0x0000000082200000, 0x0000000082200000, 0x0000000082300000|  0%| F|  |TAMS 0x0000000082200000, 0x0000000082200000| Untracked 
|  11|0x0000000082300000, 0x0000000082300000, 0x0000000082400000|  0%| F|  |TAMS 0x0000000082300000, 0x0000000082300000| Untracked 
|  12|0x0000000082400000, 0x0000000082400000, 0x0000000082500000|  0%| F|  |TAMS 0x0000000082400000, 0x0000000082400000| Untracked 
|  13|0x0000000082500000, 0x0000000082500000, 0x0000000082600000|  0%| F|  |TAMS 0x0000000082500000, 0x0000000082500000| Untracked 
|  14|0x0000000082600000, 0x0000000082600000, 0x0000000082700000|  0%| F|  |TAMS 0x0000000082600000, 0x0000000082600000| Untracked 
|  15|0x0000000082700000, 0x0000000082700000, 0x0000000082800000|  0%| F|  |TAMS 0x0000000082700000, 0x0000000082700000| Untracked 
|  16|0x0000000082800000, 0x0000000082800000, 0x0000000082900000|  0%| F|  |TAMS 0x0000000082800000, 0x0000000082800000| Untracked 
|  17|0x0000000082900000, 0x0000000082900000, 0x0000000082a00000|  0%| F|  |TAMS 0x0000000082900000, 0x0000000082900000| Untracked 
|  18|0x0000000082a00000, 0x0000000082a00000, 0x0000000082b00000|  0%| F|  |TAMS 0x0000000082a00000, 0x0000000082a00000| Untracked 
|  19|0x0000000082b00000, 0x0000000082b00000, 0x0000000082c00000|  0%| F|  |TAMS 0x0000000082b00000, 0x0000000082b00000| Untracked 
|  20|0x0000000082c00000, 0x0000000082c00000, 0x0000000082d00000|  0%| F|  |TAMS 0x0000000082c00000, 0x0000000082c00000| Untracked 
|  21|0x0000000082d00000, 0x0000000082d00000, 0x0000000082e00000|  0%| F|  |TAMS 0x0000000082d00000, 0x0000000082d00000| Untracked 
|  22|0x0000000082e00000, 0x0000000082e00000, 0x0000000082f00000|  0%| F|  |TAMS 0x0000000082e00000, 0x0000000082e00000| Untracked 
|  23|0x0000000082f00000, 0x0000000082f00000, 0x0000000083000000|  0%| F|  |TAMS 0x0000000082f00000, 0x0000000082f00000| Untracked 
|  24|0x0000000083000000, 0x0000000083000000, 0x0000000083100000|  0%| F|  |TAMS 0x0000000083000000, 0x0000000083000000| Untracked 
|  25|0x0000000083100000, 0x0000000083100000, 0x0000000083200000|  0%| F|  |TAMS 0x0000000083100000, 0x0000000083100000| Untracked 
|  26|0x0000000083200000, 0x0000000083200000, 0x0000000083300000|  0%| F|  |TAMS 0x0000000083200000, 0x0000000083200000| Untracked 
|  27|0x0000000083300000, 0x0000000083300000, 0x0000000083400000|  0%| F|  |TAMS 0x0000000083300000, 0x0000000083300000| Untracked 
|  28|0x0000000083400000, 0x0000000083400000, 0x0000000083500000|  0%| F|  |TAMS 0x0000000083400000, 0x0000000083400000| Untracked 
|  29|0x0000000083500000, 0x0000000083500000, 0x0000000083600000|  0%| F|  |TAMS 0x0000000083500000, 0x0000000083500000| Untracked 
|  30|0x0000000083600000, 0x0000000083600000, 0x0000000083700000|  0%| F|  |TAMS 0x0000000083600000, 0x0000000083600000| Untracked 
|  31|0x0000000083700000, 0x0000000083700000, 0x0000000083800000|  0%| F|  |TAMS 0x0000000083700000, 0x0000000083700000| Untracked 
|  32|0x0000000083800000, 0x0000000083800000, 0x0000000083900000|  0%| F|  |TAMS 0x0000000083800000, 0x0000000083800000| Untracked 
|  33|0x0000000083900000, 0x0000000083900000, 0x0000000083a00000|  0%| F|  |TAMS 0x0000000083900000, 0x0000000083900000| Untracked 
|  34|0x0000000083a00000, 0x0000000083a00000, 0x0000000083b00000|  0%| F|  |TAMS 0x0000000083a00000, 0x0000000083a00000| Untracked 
|  35|0x0000000083b00000, 0x0000000083b00000, 0x0000000083c00000|  0%| F|  |TAMS 0x0000000083b00000, 0x0000000083b00000| Untracked 
|  36|0x0000000083c00000, 0x0000000083c00000, 0x0000000083d00000|  0%| F|  |TAMS 0x0000000083c00000, 0x0000000083c00000| Untracked 
|  37|0x0000000083d00000, 0x0000000083d00000, 0x0000000083e00000|  0%| F|  |TAMS 0x0000000083d00000, 0x0000000083d00000| Untracked 
|  38|0x0000000083e00000, 0x0000000083e00000, 0x0000000083f00000|  0%| F|  |TAMS 0x0000000083e00000, 0x0000000083e00000| Untracked 
|  39|0x0000000083f00000, 0x0000000083f00000, 0x0000000084000000|  0%| F|  |TAMS 0x0000000083f00000, 0x0000000083f00000| Untracked 
|  40|0x0000000084000000, 0x0000000084000000, 0x0000000084100000|  0%| F|  |TAMS 0x0000000084000000, 0x0000000084000000| Untracked 
|  41|0x0000000084100000, 0x0000000084100000, 0x0000000084200000|  0%| F|  |TAMS 0x0000000084100000, 0x0000000084100000| Untracked 
|  42|0x0000000084200000, 0x0000000084200000, 0x0000000084300000|  0%| F|  |TAMS 0x0000000084200000, 0x0000000084200000| Untracked 
|  43|0x0000000084300000, 0x0000000084300000, 0x0000000084400000|  0%| F|  |TAMS 0x0000000084300000, 0x0000000084300000| Untracked 
|  44|0x0000000084400000, 0x0000000084400000, 0x0000000084500000|  0%| F|  |TAMS 0x0000000084400000, 0x0000000084400000| Untracked 
|  45|0x0000000084500000, 0x0000000084500000, 0x0000000084600000|  0%| F|  |TAMS 0x0000000084500000, 0x0000000084500000| Untracked 
|  46|0x0000000084600000, 0x0000000084600000, 0x0000000084700000|  0%| F|  |TAMS 0x0000000084600000, 0x0000000084600000| Untracked 
|  47|0x0000000084700000, 0x0000000084700000, 0x0000000084800000|  0%| F|  |TAMS 0x0000000084700000, 0x0000000084700000| Untracked 
|  48|0x0000000084800000, 0x0000000084800000, 0x0000000084900000|  0%| F|  |TAMS 0x0000000084800000, 0x0000000084800000| Untracked 
|  49|0x0000000084900000, 0x0000000084900000, 0x0000000084a00000|  0%| F|  |TAMS 0x0000000084900000, 0x0000000084900000| Untracked 
|  50|0x0000000084a00000, 0x0000000084a00000, 0x0000000084b00000|  0%| F|  |TAMS 0x0000000084a00000, 0x0000000084a00000| Untracked 
|  51|0x0000000084b00000, 0x0000000084b00000, 0x0000000084c00000|  0%| F|  |TAMS 0x0000000084b00000, 0x0000000084b00000| Untracked 
|  52|0x0000000084c00000, 0x0000000084c00000, 0x0000000084d00000|  0%| F|  |TAMS 0x0000000084c00000, 0x0000000084c00000| Untracked 
|  53|0x0000000084d00000, 0x0000000084d00000, 0x0000000084e00000|  0%| F|  |TAMS 0x0000000084d00000, 0x0000000084d00000| Untracked 
|  54|0x0000000084e00000, 0x0000000084e00000, 0x0000000084f00000|  0%| F|  |TAMS 0x0000000084e00000, 0x0000000084e00000| Untracked 
|  55|0x0000000084f00000, 0x0000000084f00000, 0x0000000085000000|  0%| F|  |TAMS 0x0000000084f00000, 0x0000000084f00000| Untracked 
|  56|0x0000000085000000, 0x0000000085000000, 0x0000000085100000|  0%| F|  |TAMS 0x0000000085000000, 0x0000000085000000| Untracked 
|  57|0x0000000085100000, 0x0000000085100000, 0x0000000085200000|  0%| F|  |TAMS 0x0000000085100000, 0x0000000085100000| Untracked 
|  58|0x0000000085200000, 0x0000000085200000, 0x0000000085300000|  0%| F|  |TAMS 0x0000000085200000, 0x0000000085200000| Untracked 
|  59|0x0000000085300000, 0x0000000085300000, 0x0000000085400000|  0%| F|  |TAMS 0x0000000085300000, 0x0000000085300000| Untracked 
|  60|0x0000000085400000, 0x0000000085400000, 0x0000000085500000|  0%| F|  |TAMS 0x0000000085400000, 0x0000000085400000| Untracked 
|  61|0x0000000085500000, 0x0000000085500000, 0x0000000085600000|  0%| F|  |TAMS 0x0000000085500000, 0x0000000085500000| Untracked 
|  62|0x0000000085600000, 0x0000000085600000, 0x0000000085700000|  0%| F|  |TAMS 0x0000000085600000, 0x0000000085600000| Untracked 
|  63|0x0000000085700000, 0x0000000085700000, 0x0000000085800000|  0%| F|  |TAMS 0x0000000085700000, 0x0000000085700000| Untracked 
|  64|0x0000000085800000, 0x0000000085800000, 0x0000000085900000|  0%| F|  |TAMS 0x0000000085800000, 0x0000000085800000| Untracked 
|  65|0x0000000085900000, 0x0000000085900000, 0x0000000085a00000|  0%| F|  |TAMS 0x0000000085900000, 0x0000000085900000| Untracked 
|  66|0x0000000085a00000, 0x0000000085a00000, 0x0000000085b00000|  0%| F|  |TAMS 0x0000000085a00000, 0x0000000085a00000| Untracked 
|  67|0x0000000085b00000, 0x0000000085b00000, 0x0000000085c00000|  0%| F|  |TAMS 0x0000000085b00000, 0x0000000085b00000| Untracked 
|  68|0x0000000085c00000, 0x0000000085c00000, 0x0000000085d00000|  0%| F|  |TAMS 0x0000000085c00000, 0x0000000085c00000| Untracked 
|  69|0x0000000085d00000, 0x0000000085d00000, 0x0000000085e00000|  0%| F|  |TAMS 0x0000000085d00000, 0x0000000085d00000| Untracked 
|  70|0x0000000085e00000, 0x0000000085e00000, 0x0000000085f00000|  0%| F|  |TAMS 0x0000000085e00000, 0x0000000085e00000| Untracked 
|  71|0x0000000085f00000, 0x0000000085f00000, 0x0000000086000000|  0%| F|  |TAMS 0x0000000085f00000, 0x0000000085f00000| Untracked 
|  72|0x0000000086000000, 0x0000000086000000, 0x0000000086100000|  0%| F|  |TAMS 0x0000000086000000, 0x0000000086000000| Untracked 
|  73|0x0000000086100000, 0x0000000086100000, 0x0000000086200000|  0%| F|  |TAMS 0x0000000086100000, 0x0000000086100000| Untracked 
|  74|0x0000000086200000, 0x0000000086200000, 0x0000000086300000|  0%| F|  |TAMS 0x0000000086200000, 0x0000000086200000| Untracked 
|  75|0x0000000086300000, 0x0000000086300000, 0x0000000086400000|  0%| F|  |TAMS 0x0000000086300000, 0x0000000086300000| Untracked 
|  76|0x0000000086400000, 0x0000000086400000, 0x0000000086500000|  0%| F|  |TAMS 0x0000000086400000, 0x0000000086400000| Untracked 
|  77|0x0000000086500000, 0x0000000086500000, 0x0000000086600000|  0%| F|  |TAMS 0x0000000086500000, 0x0000000086500000| Untracked 
|  78|0x0000000086600000, 0x0000000086600000, 0x0000000086700000|  0%| F|  |TAMS 0x0000000086600000, 0x0000000086600000| Untracked 
|  79|0x0000000086700000, 0x0000000086700000, 0x0000000086800000|  0%| F|  |TAMS 0x0000000086700000, 0x0000000086700000| Untracked 
|  80|0x0000000086800000, 0x0000000086800000, 0x0000000086900000|  0%| F|  |TAMS 0x0000000086800000, 0x0000000086800000| Untracked 
|  81|0x0000000086900000, 0x0000000086900000, 0x0000000086a00000|  0%| F|  |TAMS 0x0000000086900000, 0x0000000086900000| Untracked 
|  82|0x0000000086a00000, 0x0000000086a00000, 0x0000000086b00000|  0%| F|  |TAMS 0x0000000086a00000, 0x0000000086a00000| Untracked 
|  83|0x0000000086b00000, 0x0000000086b00000, 0x0000000086c00000|  0%| F|  |TAMS 0x0000000086b00000, 0x0000000086b00000| Untracked 
|  84|0x0000000086c00000, 0x0000000086c00000, 0x0000000086d00000|  0%| F|  |TAMS 0x0000000086c00000, 0x0000000086c00000| Untracked 
|  85|0x0000000086d00000, 0x0000000086d00000, 0x0000000086e00000|  0%| F|  |TAMS 0x0000000086d00000, 0x0000000086d00000| Untracked 
|  86|0x0000000086e00000, 0x0000000086e00000, 0x0000000086f00000|  0%| F|  |TAMS 0x0000000086e00000, 0x0000000086e00000| Untracked 
|  87|0x0000000086f00000, 0x0000000086f00000, 0x0000000087000000|  0%| F|  |TAMS 0x0000000086f00000, 0x0000000086f00000| Untracked 
|  88|0x0000000087000000, 0x0000000087000000, 0x0000000087100000|  0%| F|  |TAMS 0x0000000087000000, 0x0000000087000000| Untracked 
|  89|0x0000000087100000, 0x0000000087100000, 0x0000000087200000|  0%| F|  |TAMS 0x0000000087100000, 0x0000000087100000| Untracked 
|  90|0x0000000087200000, 0x0000000087200000, 0x0000000087300000|  0%| F|  |TAMS 0x0000000087200000, 0x0000000087200000| Untracked 
|  91|0x0000000087300000, 0x0000000087300000, 0x0000000087400000|  0%| F|  |TAMS 0x0000000087300000, 0x0000000087300000| Untracked 
|  92|0x0000000087400000, 0x0000000087400000, 0x0000000087500000|  0%| F|  |TAMS 0x0000000087400000, 0x0000000087400000| Untracked 
|  93|0x0000000087500000, 0x0000000087500000, 0x0000000087600000|  0%| F|  |TAMS 0x0000000087500000, 0x0000000087500000| Untracked 
|  94|0x0000000087600000, 0x0000000087600000, 0x0000000087700000|  0%| F|  |TAMS 0x0000000087600000, 0x0000000087600000| Untracked 
|  95|0x0000000087700000, 0x0000000087700000, 0x0000000087800000|  0%| F|  |TAMS 0x0000000087700000, 0x0000000087700000| Untracked 
|  96|0x0000000087800000, 0x0000000087800000, 0x0000000087900000|  0%| F|  |TAMS 0x0000000087800000, 0x0000000087800000| Untracked 
|  97|0x0000000087900000, 0x0000000087900000, 0x0000000087a00000|  0%| F|  |TAMS 0x0000000087900000, 0x0000000087900000| Untracked 
|  98|0x0000000087a00000, 0x0000000087a00000, 0x0000000087b00000|  0%| F|  |TAMS 0x0000000087a00000, 0x0000000087a00000| Untracked 
|  99|0x0000000087b00000, 0x0000000087b00000, 0x0000000087c00000|  0%| F|  |TAMS 0x0000000087b00000, 0x0000000087b00000| Untracked 
| 100|0x0000000087c00000, 0x0000000087c00000, 0x0000000087d00000|  0%| F|  |TAMS 0x0000000087c00000, 0x0000000087c00000| Untracked 
| 101|0x0000000087d00000, 0x0000000087d00000, 0x0000000087e00000|  0%| F|  |TAMS 0x0000000087d00000, 0x0000000087d00000| Untracked 
| 102|0x0000000087e00000, 0x0000000087e00000, 0x0000000087f00000|  0%| F|  |TAMS 0x0000000087e00000, 0x0000000087e00000| Untracked 
| 103|0x0000000087f00000, 0x0000000087f00000, 0x0000000088000000|  0%| F|  |TAMS 0x0000000087f00000, 0x0000000087f00000| Untracked 
| 104|0x0000000088000000, 0x0000000088000000, 0x0000000088100000|  0%| F|  |TAMS 0x0000000088000000, 0x0000000088000000| Untracked 
| 105|0x0000000088100000, 0x0000000088100000, 0x0000000088200000|  0%| F|  |TAMS 0x0000000088100000, 0x0000000088100000| Untracked 
| 106|0x0000000088200000, 0x0000000088200000, 0x0000000088300000|  0%| F|  |TAMS 0x0000000088200000, 0x0000000088200000| Untracked 
| 107|0x0000000088300000, 0x0000000088300000, 0x0000000088400000|  0%| F|  |TAMS 0x0000000088300000, 0x0000000088300000| Untracked 
| 108|0x0000000088400000, 0x0000000088400000, 0x0000000088500000|  0%| F|  |TAMS 0x0000000088400000, 0x0000000088400000| Untracked 
| 109|0x0000000088500000, 0x0000000088500000, 0x0000000088600000|  0%| F|  |TAMS 0x0000000088500000, 0x0000000088500000| Untracked 
| 110|0x0000000088600000, 0x0000000088600000, 0x0000000088700000|  0%| F|  |TAMS 0x0000000088600000, 0x0000000088600000| Untracked 
| 111|0x0000000088700000, 0x0000000088700000, 0x0000000088800000|  0%| F|  |TAMS 0x0000000088700000, 0x0000000088700000| Untracked 
| 112|0x0000000088800000, 0x0000000088800000, 0x0000000088900000|  0%| F|  |TAMS 0x0000000088800000, 0x0000000088800000| Untracked 
| 113|0x0000000088900000, 0x0000000088900000, 0x0000000088a00000|  0%| F|  |TAMS 0x0000000088900000, 0x0000000088900000| Untracked 
| 114|0x0000000088a00000, 0x0000000088a00000, 0x0000000088b00000|  0%| F|  |TAMS 0x0000000088a00000, 0x0000000088a00000| Untracked 
| 115|0x0000000088b00000, 0x0000000088b00000, 0x0000000088c00000|  0%| F|  |TAMS 0x0000000088b00000, 0x0000000088b00000| Untracked 
| 116|0x0000000088c00000, 0x0000000088c00000, 0x0000000088d00000|  0%| F|  |TAMS 0x0000000088c00000, 0x0000000088c00000| Untracked 
| 117|0x0000000088d00000, 0x0000000088d00000, 0x0000000088e00000|  0%| F|  |TAMS 0x0000000088d00000, 0x0000000088d00000| Untracked 
| 118|0x0000000088e00000, 0x0000000088e00000, 0x0000000088f00000|  0%| F|  |TAMS 0x0000000088e00000, 0x0000000088e00000| Untracked 
| 119|0x0000000088f00000, 0x0000000088f00000, 0x0000000089000000|  0%| F|  |TAMS 0x0000000088f00000, 0x0000000088f00000| Untracked 
| 120|0x0000000089000000, 0x0000000089000000, 0x0000000089100000|  0%| F|  |TAMS 0x0000000089000000, 0x0000000089000000| Untracked 
| 121|0x0000000089100000, 0x0000000089148f10, 0x0000000089200000| 28%| E|  |TAMS 0x0000000089100000, 0x0000000089100000| Complete 
| 122|0x0000000089200000, 0x0000000089300000, 0x0000000089300000|100%| E|CS|TAMS 0x0000000089200000, 0x0000000089200000| Complete 
| 123|0x0000000089300000, 0x0000000089400000, 0x0000000089400000|100%| E|CS|TAMS 0x0000000089300000, 0x0000000089300000| Complete 
| 124|0x0000000089400000, 0x0000000089500000, 0x0000000089500000|100%| E|CS|TAMS 0x0000000089400000, 0x0000000089400000| Complete 
| 125|0x0000000089500000, 0x0000000089600000, 0x0000000089600000|100%| E|CS|TAMS 0x0000000089500000, 0x0000000089500000| Complete 
| 126|0x0000000089600000, 0x0000000089700000, 0x0000000089700000|100%| E|CS|TAMS 0x0000000089600000, 0x0000000089600000| Complete 
| 127|0x0000000089700000, 0x0000000089800000, 0x0000000089800000|100%| E|CS|TAMS 0x0000000089700000, 0x0000000089700000| Complete 

Card table byte_map: [0x00000201d40c0000,0x00000201d44c0000] _byte_map_base: 0x00000201d3cb4000

Marking Bits (Prev, Next): (CMBitMap*) 0x00000201c1779590, (CMBitMap*) 0x00000201c17795d0
 Prev Bits: [0x00000201d48c0000, 0x00000201d6860000)
 Next Bits: [0x00000201d6860000, 0x00000201d8800000)

Polling page: 0x00000201bf8e0000

Metaspace:

Usage:
  Non-class:     13.82 MB used.
      Class:      1.59 MB used.
       Both:     15.41 MB used.

Virtual space:
  Non-class space:       16.00 MB reserved,      13.94 MB ( 87%) committed,  2 nodes.
      Class space:        1.00 GB reserved,       1.69 MB ( <1%) committed,  1 nodes.
              Both:        1.02 GB reserved,      15.62 MB (  2%) committed. 

Chunk freelists:
   Non-Class:  2.09 MB
       Class:  2.24 MB
        Both:  4.33 MB

MaxMetaspaceSize: 17179869184.00 GB
CompressedClassSpaceSize: 1.00 GB
 - commit_granule_bytes: 65536.
 - commit_granule_words: 8192.
 - virtual_space_node_default_size: 1048576.
 - enlarge_chunks_in_place: 1.
 - new_chunks_are_fully_committed: 0.
 - uncommit_free_chunks: 1.
 - use_allocation_guard: 0.
 - handle_deallocations: 1.


Internal statistics:

num_allocs_failed_limit: 0.
num_arena_births: 110.
num_arena_deaths: 0.
num_vsnodes_births: 3.
num_vsnodes_deaths: 0.
num_space_committed: 250.
num_space_uncommitted: 0.
num_chunks_returned_to_freelist: 0.
num_chunks_taken_from_freelist: 170.
num_chunk_merges: 0.
num_chunk_splits: 91.
num_chunks_enlarged: 48.
num_purges: 0.

CodeHeap 'non-profiled nmethods': size=120000Kb used=239Kb max_used=239Kb free=119760Kb
 bounds [0x00000201cc790000, 0x00000201cca00000, 0x00000201d3cc0000]
CodeHeap 'profiled nmethods': size=120000Kb used=1230Kb max_used=1230Kb free=118769Kb
 bounds [0x00000201c5260000, 0x00000201c54d0000, 0x00000201cc790000]
CodeHeap 'non-nmethods': size=5760Kb used=1275Kb max_used=1288Kb free=4484Kb
 bounds [0x00000201c4cc0000, 0x00000201c4f30000, 0x00000201c5260000]
 total_blobs=1485 nmethods=887 adapters=511
 compilation: enabled
              stopped_count=0, restarted_count=0
 full_count=0

Compilation events (20 events):
Event: 1.469 Thread 0x00000201db8259d0  876       3       javax.swing.JComponent::getWidth (5 bytes)
Event: 1.469 Thread 0x00000201db8259d0 nmethod 876 0x00000201c538e910 code [0x00000201c538eaa0, 0x00000201c538ebb8]
Event: 1.469 Thread 0x00000201db8259d0  877       3       java.awt.geom.AffineTransform::<init> (15 bytes)
Event: 1.470 Thread 0x00000201db8259d0 nmethod 877 0x00000201c538ec90 code [0x00000201c538ee40, 0x00000201c538efb8]
Event: 1.598 Thread 0x00000201db8259d0  878       3       java.security.AccessController::doPrivileged (17 bytes)
Event: 1.598 Thread 0x00000201db8259d0 nmethod 878 0x00000201c538f090 code [0x00000201c538f280, 0x00000201c538f638]
Event: 1.855 Thread 0x00000201db8259d0  880       3       java.awt.event.InputEvent::getModifiers (8 bytes)
Event: 1.855 Thread 0x00000201db8259d0 nmethod 880 0x00000201c538f810 code [0x00000201c538f9a0, 0x00000201c538fab8]
Event: 1.918 Thread 0x00000201db8259d0  881       3       java.awt.AWTEvent::<init> (81 bytes)
Event: 1.918 Thread 0x00000201db8259d0 nmethod 881 0x00000201c538fb90 code [0x00000201c538fd60, 0x00000201c53901f8]
Event: 2.726 Thread 0x00000201db8259d0  882       3       java.awt.GraphicsEnvironment::isHeadless (4 bytes)
Event: 2.726 Thread 0x00000201db8259d0 nmethod 882 0x00000201c5390390 code [0x00000201c53905a0, 0x00000201c5390c38]
Event: 2.727 Thread 0x00000201db8259d0  883       3       java.awt.GraphicsEnvironment::getHeadlessProperty (22 bytes)
Event: 2.727 Thread 0x00000201db8259d0 nmethod 883 0x00000201c5390e90 code [0x00000201c53910a0, 0x00000201c53916d8]
Event: 2.966 Thread 0x00000201db8259d0  885       3       java.lang.invoke.MethodHandles$Lookup::checkSecurityManager (97 bytes)
Event: 2.967 Thread 0x00000201db8259d0 nmethod 885 0x00000201c5391910 code [0x00000201c5391c60, 0x00000201c5392fb8]
Event: 2.972 Thread 0x00000201db8259d0  886       1       java.awt.Component::isCoalescingEnabled (5 bytes)
Event: 2.972 Thread 0x00000201db8259d0 nmethod 886 0x00000201cc7cbc90 code [0x00000201cc7cbe20, 0x00000201cc7cbef8]
Event: 2.972 Thread 0x00000201db8259d0  887       3       javax.swing.JComponent::getHeight (5 bytes)
Event: 2.972 Thread 0x00000201db8259d0 nmethod 887 0x00000201c5393610 code [0x00000201c53937a0, 0x00000201c53938b8]

GC Heap History (0 events):
No events

Deoptimization events (20 events):
Event: 0.474 Thread 0x00000201c173a9f0 DEOPT PACKING pc=0x00000201cc798754 sp=0x0000007a596fda60
Event: 0.475 Thread 0x00000201c173a9f0 DEOPT UNPACKING pc=0x00000201c4d0d72e sp=0x0000007a596fd990 mode 2
Event: 0.586 Thread 0x00000201c173a9f0 Uncommon trap: trap_request=0xffffffde fr.pc=0x00000201cc7b00c4 relative=0x00000000000001a4
Event: 0.586 Thread 0x00000201c173a9f0 Uncommon trap: reason=class_check action=maybe_recompile pc=0x00000201cc7b00c4 method=java.lang.String.equals(Ljava/lang/Object;)Z @ 8 c2
Event: 0.586 Thread 0x00000201c173a9f0 DEOPT PACKING pc=0x00000201cc7b00c4 sp=0x0000007a596feaa0
Event: 0.586 Thread 0x00000201c173a9f0 DEOPT UNPACKING pc=0x00000201c4d0d72e sp=0x0000007a596fea48 mode 2
Event: 0.586 Thread 0x00000201c173a9f0 Uncommon trap: trap_request=0xffffffde fr.pc=0x00000201cc7b00c4 relative=0x00000000000001a4
Event: 0.586 Thread 0x00000201c173a9f0 Uncommon trap: reason=class_check action=maybe_recompile pc=0x00000201cc7b00c4 method=java.lang.String.equals(Ljava/lang/Object;)Z @ 8 c2
Event: 0.586 Thread 0x00000201c173a9f0 DEOPT PACKING pc=0x00000201cc7b00c4 sp=0x0000007a596fe9c0
Event: 0.586 Thread 0x00000201c173a9f0 DEOPT UNPACKING pc=0x00000201c4d0d72e sp=0x0000007a596fe968 mode 2
Event: 0.586 Thread 0x00000201c173a9f0 Uncommon trap: trap_request=0xffffffde fr.pc=0x00000201cc7b00c4 relative=0x00000000000001a4
Event: 0.586 Thread 0x00000201c173a9f0 Uncommon trap: reason=class_check action=maybe_recompile pc=0x00000201cc7b00c4 method=java.lang.String.equals(Ljava/lang/Object;)Z @ 8 c2
Event: 0.586 Thread 0x00000201c173a9f0 DEOPT PACKING pc=0x00000201cc7b00c4 sp=0x0000007a596fea90
Event: 0.586 Thread 0x00000201c173a9f0 DEOPT UNPACKING pc=0x00000201c4d0d72e sp=0x0000007a596fea38 mode 2
Event: 0.586 Thread 0x00000201c173a9f0 Uncommon trap: trap_request=0xffffffde fr.pc=0x00000201cc7b00c4 relative=0x00000000000001a4
Event: 0.586 Thread 0x00000201c173a9f0 Uncommon trap: reason=class_check action=maybe_recompile pc=0x00000201cc7b00c4 method=java.lang.String.equals(Ljava/lang/Object;)Z @ 8 c2
Event: 0.586 Thread 0x00000201c173a9f0 DEOPT PACKING pc=0x00000201cc7b00c4 sp=0x0000007a596fe9b0
Event: 0.586 Thread 0x00000201c173a9f0 DEOPT UNPACKING pc=0x00000201c4d0d72e sp=0x0000007a596fe958 mode 2
Event: 0.679 Thread 0x00000201c173a9f0 DEOPT PACKING pc=0x00000201c52747e7 sp=0x0000007a596fd450
Event: 0.679 Thread 0x00000201c173a9f0 DEOPT UNPACKING pc=0x00000201c4d0dece sp=0x0000007a596fc870 mode 0

Classes unloaded (0 events):
No events

Classes redefined (0 events):
No events

Internal exceptions (13 events):
Event: 0.220 Thread 0x00000201c173a9f0 Exception <a 'java/lang/NoSuchMethodError'{0x000000008962bc48}: 'void java.lang.invoke.DirectMethodHandle$Holder.invokeSpecial(java.lang.Object, java.lang.Object, java.lang.Object)'> (0x000000008962bc48) 
thrown [t:\workspace\open\src\hotspot\share\interpreter\linkResolver.cpp, line 790]
Event: 0.267 Thread 0x00000201c173a9f0 Exception <a 'java/lang/ClassNotFoundException'{0x0000000089655bd8}: sun/awt/resources/spi/awtProvider> (0x0000000089655bd8) 
thrown [t:\workspace\open\src\hotspot\share\classfile\systemDictionary.cpp, line 256]
Event: 0.327 Thread 0x00000201c173a9f0 Exception <a 'java/io/FileNotFoundException'{0x00000000896b2750}> (0x00000000896b2750) 
thrown [t:\workspace\open\src\hotspot\share\prims\jni.cpp, line 579]
Event: 0.348 Thread 0x00000201c173a9f0 Exception <a 'java/io/FileNotFoundException'{0x00000000896e1420}> (0x00000000896e1420) 
thrown [t:\workspace\open\src\hotspot\share\prims\jni.cpp, line 579]
Event: 0.350 Thread 0x00000201c173a9f0 Exception <a 'java/lang/NoSuchMethodError'{0x00000000896e2b40}: 'java.lang.Object java.lang.invoke.DirectMethodHandle$Holder.invokeStatic(java.lang.Object)'> (0x00000000896e2b40) 
thrown [t:\workspace\open\src\hotspot\share\interpreter\linkResolver.cpp, line 790]
Event: 0.431 Thread 0x00000201c173a9f0 Exception <a 'java/lang/NoSuchMethodError'{0x0000000089589310}: 'java.lang.Object java.lang.invoke.DirectMethodHandle$Holder.invokeStaticInit(java.lang.Object)'> (0x0000000089589310) 
thrown [t:\workspace\open\src\hotspot\share\interpreter\linkResolver.cpp, line 790]
Event: 0.500 Thread 0x00000201c173a9f0 Exception <a 'java/lang/NoSuchMethodError'{0x00000000894325c8}: 'java.lang.Object java.lang.invoke.DirectMethodHandle$Holder.newInvokeSpecial(java.lang.Object, java.lang.Object, java.lang.Object, java.lang.Object, java.lang.Object)'> (0x00000000894325c8) 
thrown [t:\workspace\open\src\hotspot\share\interpreter\linkResolver.cpp, line 790]
Event: 0.502 Thread 0x00000201c173a9f0 Exception <a 'java/lang/NoSuchMethodError'{0x000000008943e0b0}: 'java.lang.Object java.lang.invoke.DirectMethodHandle$Holder.invokeStatic(java.lang.Object, int, java.lang.Object, java.lang.Object, java.lang.Object, java.lang.Object)'> (0x000000008943e0b0) 
thrown [t:\workspace\open\src\hotspot\share\interpreter\linkResolver.cpp, line 790]
Event: 0.506 Thread 0x00000201c173a9f0 Exception <a 'java/lang/NoSuchMethodError'{0x00000000894643b8}: 'java.lang.Object java.lang.invoke.DirectMethodHandle$Holder.invokeStatic(java.lang.Object, int, java.lang.Object)'> (0x00000000894643b8) 
thrown [t:\workspace\open\src\hotspot\share\interpreter\linkResolver.cpp, line 790]
Event: 0.538 Thread 0x00000201c173a9f0 Exception <a 'java/lang/ClassNotFoundException'{0x000000008931cce0}: com/sun/swing/internal/plaf/metal/resources/spi/metalProvider> (0x000000008931cce0) 
thrown [t:\workspace\open\src\hotspot\share\classfile\systemDictionary.cpp, line 256]
Event: 0.540 Thread 0x00000201c173a9f0 Exception <a 'java/lang/ClassNotFoundException'{0x0000000089322ce8}: com/sun/swing/internal/plaf/basic/resources/spi/basicProvider> (0x0000000089322ce8) 
thrown [t:\workspace\open\src\hotspot\share\classfile\systemDictionary.cpp, line 256]
Event: 0.626 Thread 0x00000201dbced940 Exception <a 'java/lang/NoSuchMethodError'{0x00000000895d7c58}: 'void java.lang.invoke.DirectMethodHandle$Holder.invokeVirtual(java.lang.Object, java.lang.Object)'> (0x00000000895d7c58) 
thrown [t:\workspace\open\src\hotspot\share\interpreter\linkResolver.cpp, line 790]
Event: 0.642 Thread 0x00000201c173a9f0 Exception <a 'java/lang/NoSuchMethodError'{0x0000000089214398}: 'void java.lang.invoke.DirectMethodHandle$Holder.invokeStaticInit(java.lang.Object)'> (0x0000000089214398) 
thrown [t:\workspace\open\src\hotspot\share\interpreter\linkResolver.cpp, line 790]

Events (20 events):
Event: 2.966 loading class java/util/concurrent/ConcurrentSkipListMap$Node
Event: 2.966 loading class java/util/concurrent/ConcurrentSkipListMap$Node done
Event: 2.966 loading class java/net/InetAddressImplFactory
Event: 2.966 loading class java/net/InetAddressImplFactory done
Event: 2.966 loading class java/net/Inet6AddressImpl
Event: 2.966 loading class java/net/InetAddressImpl
Event: 2.966 loading class java/net/InetAddressImpl done
Event: 2.966 loading class java/net/Inet6AddressImpl done
Event: 2.966 loading class java/net/InetAddress$PlatformNameService
Event: 2.966 loading class java/net/InetAddress$NameService
Event: 2.966 loading class java/net/InetAddress$NameService done
Event: 2.966 loading class java/net/InetAddress$PlatformNameService done
Event: 2.966 loading class java/net/Inet6Address
Event: 2.966 loading class java/net/Inet6Address done
Event: 2.967 loading class java/net/Inet6Address$Inet6AddressHolder
Event: 2.967 loading class java/net/Inet6Address$Inet6AddressHolder done
Event: 2.967 loading class java/net/Inet4Address
Event: 2.967 loading class java/net/Inet4Address done
Event: 2.971 loading class javax/swing/JList$4
Event: 2.971 loading class javax/swing/JList$4 done


Dynamic libraries:
0x00007ff7f8b60000 - 0x00007ff7f8b6e000 	C:\Users\71041\.p2\pool\plugins\org.eclipse.justj.openjdk.hotspot.jre.full.win32.x86_64_16.0.2.v20210721-1149\jre\bin\javaw.exe
0x00007ff8802f0000 - 0x00007ff8804e5000 	C:\WINDOWS\SYSTEM32\ntdll.dll
0x00007ff8801f0000 - 0x00007ff8802ae000 	C:\WINDOWS\System32\KERNEL32.DLL
0x00007ff87da70000 - 0x00007ff87dd38000 	C:\WINDOWS\System32\KERNELBASE.dll
0x00007ff87dd40000 - 0x00007ff87de40000 	C:\WINDOWS\System32\ucrtbase.dll
0x00007ff878980000 - 0x00007ff878998000 	C:\Users\71041\.p2\pool\plugins\org.eclipse.justj.openjdk.hotspot.jre.full.win32.x86_64_16.0.2.v20210721-1149\jre\bin\jli.dll
0x00007ff87f0e0000 - 0x00007ff87f281000 	C:\WINDOWS\System32\USER32.dll
0x00007ff87e020000 - 0x00007ff87e042000 	C:\WINDOWS\System32\win32u.dll
0x00007ff87f790000 - 0x00007ff87f7bb000 	C:\WINDOWS\System32\GDI32.dll
0x00007ff87e050000 - 0x00007ff87e15b000 	C:\WINDOWS\System32\gdi32full.dll
0x00007ff87e2a0000 - 0x00007ff87e33d000 	C:\WINDOWS\System32\msvcp_win.dll
0x00007ff878930000 - 0x00007ff878949000 	C:\Users\71041\.p2\pool\plugins\org.eclipse.justj.openjdk.hotspot.jre.full.win32.x86_64_16.0.2.v20210721-1149\jre\bin\VCRUNTIME140.dll
0x00007ff868480000 - 0x00007ff86871a000 	C:\WINDOWS\WinSxS\amd64_microsoft.windows.common-controls_6595b64144ccf1df_6.0.19041.1110_none_60b5254171f9507e\COMCTL32.dll
0x00007ff87ef30000 - 0x00007ff87efce000 	C:\WINDOWS\System32\msvcrt.dll
0x00007ff87f760000 - 0x00007ff87f790000 	C:\WINDOWS\System32\IMM32.DLL
0x00007ff8789f0000 - 0x00007ff8789fc000 	C:\Users\71041\.p2\pool\plugins\org.eclipse.justj.openjdk.hotspot.jre.full.win32.x86_64_16.0.2.v20210721-1149\jre\bin\vcruntime140_1.dll
0x00007ff8562a0000 - 0x00007ff856331000 	C:\Users\71041\.p2\pool\plugins\org.eclipse.justj.openjdk.hotspot.jre.full.win32.x86_64_16.0.2.v20210721-1149\jre\bin\msvcp140.dll
0x00007ff82e6a0000 - 0x00007ff82f24b000 	C:\Users\71041\.p2\pool\plugins\org.eclipse.justj.openjdk.hotspot.jre.full.win32.x86_64_16.0.2.v20210721-1149\jre\bin\server\jvm.dll
0x00007ff87f290000 - 0x00007ff87f33c000 	C:\WINDOWS\System32\ADVAPI32.dll
0x00007ff87efd0000 - 0x00007ff87f06b000 	C:\WINDOWS\System32\sechost.dll
0x00007ff87fe00000 - 0x00007ff87ff2a000 	C:\WINDOWS\System32\RPCRT4.dll
0x00007ff87ea80000 - 0x00007ff87ea88000 	C:\WINDOWS\System32\PSAPI.DLL
0x00007ff864350000 - 0x00007ff864359000 	C:\WINDOWS\SYSTEM32\WSOCK32.dll
0x00007ff87f400000 - 0x00007ff87f46b000 	C:\WINDOWS\System32\WS2_32.dll
0x00007ff8676f0000 - 0x00007ff867717000 	C:\WINDOWS\SYSTEM32\WINMM.dll
0x00007ff87d4e0000 - 0x00007ff87d4ea000 	C:\WINDOWS\SYSTEM32\VERSION.dll
0x00007ff87c230000 - 0x00007ff87c242000 	C:\WINDOWS\SYSTEM32\kernel.appcore.dll
0x00007ff8674e0000 - 0x00007ff8674ea000 	C:\Users\71041\.p2\pool\plugins\org.eclipse.justj.openjdk.hotspot.jre.full.win32.x86_64_16.0.2.v20210721-1149\jre\bin\jimage.dll
0x00007ff87beb0000 - 0x00007ff87c094000 	C:\WINDOWS\SYSTEM32\DBGHELP.DLL
0x00007ff862fd0000 - 0x00007ff862ffc000 	C:\WINDOWS\SYSTEM32\dbgcore.DLL
0x00007ff87e160000 - 0x00007ff87e1e3000 	C:\WINDOWS\System32\bcryptPrimitives.dll
0x00007ff852760000 - 0x00007ff852785000 	C:\Users\71041\.p2\pool\plugins\org.eclipse.justj.openjdk.hotspot.jre.full.win32.x86_64_16.0.2.v20210721-1149\jre\bin\java.dll
0x00007ff862a90000 - 0x00007ff862aa8000 	C:\Users\71041\.p2\pool\plugins\org.eclipse.justj.openjdk.hotspot.jre.full.win32.x86_64_16.0.2.v20210721-1149\jre\bin\zip.dll
0x00007ff87e340000 - 0x00007ff87ea7f000 	C:\WINDOWS\System32\SHELL32.dll
0x00007ff87b650000 - 0x00007ff87bde0000 	C:\WINDOWS\SYSTEM32\windows.storage.dll
0x00007ff87eaf0000 - 0x00007ff87ee45000 	C:\WINDOWS\System32\combase.dll
0x00007ff87d240000 - 0x00007ff87d26e000 	C:\WINDOWS\SYSTEM32\Wldp.dll
0x00007ff87f350000 - 0x00007ff87f3fd000 	C:\WINDOWS\System32\SHCORE.dll
0x00007ff87ee50000 - 0x00007ff87eea5000 	C:\WINDOWS\System32\shlwapi.dll
0x00007ff87d950000 - 0x00007ff87d96f000 	C:\WINDOWS\SYSTEM32\profapi.dll
0x00007ff84bd50000 - 0x00007ff84bd69000 	C:\Users\71041\.p2\pool\plugins\org.eclipse.justj.openjdk.hotspot.jre.full.win32.x86_64_16.0.2.v20210721-1149\jre\bin\net.dll
0x00007ff875030000 - 0x00007ff87513c000 	C:\WINDOWS\SYSTEM32\WINHTTP.dll
0x00007ff87d020000 - 0x00007ff87d08a000 	C:\WINDOWS\system32\mswsock.dll
0x00007ff84bd30000 - 0x00007ff84bd43000 	C:\Users\71041\.p2\pool\plugins\org.eclipse.justj.openjdk.hotspot.jre.full.win32.x86_64_16.0.2.v20210721-1149\jre\bin\nio.dll
0x00007ff866e00000 - 0x00007ff866e10000 	C:\Users\71041\.p2\pool\plugins\org.eclipse.justj.openjdk.hotspot.jre.full.win32.x86_64_16.0.2.v20210721-1149\jre\bin\verify.dll
0x00007ff84ba00000 - 0x00007ff84bb7f000 	C:\Users\71041\.p2\pool\plugins\org.eclipse.justj.openjdk.hotspot.jre.full.win32.x86_64_16.0.2.v20210721-1149\jre\bin\awt.dll
0x00007ff87f690000 - 0x00007ff87f75d000 	C:\WINDOWS\System32\OLEAUT32.dll
0x00007ff87ae60000 - 0x00007ff87aef0000 	C:\WINDOWS\SYSTEM32\apphelp.dll
0x00007ff87b180000 - 0x00007ff87b1af000 	C:\WINDOWS\system32\DWMAPI.DLL
0x00007ff87af90000 - 0x00007ff87b02e000 	C:\WINDOWS\system32\uxtheme.dll
0x00007ff85eca0000 - 0x00007ff85edc5000 	C:\WINDOWS\system32\opengl32.dll
0x00007ff860550000 - 0x00007ff86057c000 	C:\WINDOWS\SYSTEM32\GLU32.dll
0x00007ff87f570000 - 0x00007ff87f685000 	C:\WINDOWS\System32\MSCTF.dll
0x00007ff87fcd0000 - 0x00007ff87fdfa000 	C:\WINDOWS\System32\ole32.dll
0x00007ff875fc0000 - 0x00007ff876049000 	C:\Users\71041\.p2\pool\plugins\org.eclipse.justj.openjdk.hotspot.jre.full.win32.x86_64_16.0.2.v20210721-1149\jre\bin\freetype.dll
0x00007ff869890000 - 0x00007ff869986000 	C:\Users\71041\.p2\pool\plugins\org.eclipse.justj.openjdk.hotspot.jre.full.win32.x86_64_16.0.2.v20210721-1149\jre\bin\harfbuzz.dll
0x00007ff877710000 - 0x00007ff877722000 	C:\Users\71041\.p2\pool\plugins\org.eclipse.justj.openjdk.hotspot.jre.full.win32.x86_64_16.0.2.v20210721-1149\jre\bin\fontmanager.dll
0x00007ff880140000 - 0x00007ff8801e9000 	C:\WINDOWS\System32\clbcatq.dll
0x00007ff86f1f0000 - 0x00007ff86f3a4000 	C:\WINDOWS\SYSTEM32\WindowsCodecs.dll
0x00007ff87dfa0000 - 0x00007ff87dfc7000 	C:\WINDOWS\System32\bcrypt.dll
0x00007ff855bb0000 - 0x00007ff855bee000 	C:\WINDOWS\system32\dataexchange.dll
0x00007ff879d60000 - 0x00007ff879fc4000 	C:\WINDOWS\system32\d3d11.dll
0x00007ff87a110000 - 0x00007ff87a2f5000 	C:\WINDOWS\system32\dcomp.dll
0x00007ff87c250000 - 0x00007ff87c344000 	C:\WINDOWS\system32\dxgi.dll
0x00007ff875470000 - 0x00007ff875671000 	C:\WINDOWS\system32\twinapi.appcore.dll
0x00007ff871b80000 - 0x00007ff871c79000 	C:\WINDOWS\SYSTEM32\textinputframework.dll
0x00007ff87ab40000 - 0x00007ff87ac32000 	C:\WINDOWS\System32\CoreMessaging.dll
0x00007ff87a7e0000 - 0x00007ff87ab3e000 	C:\WINDOWS\System32\CoreUIComponents.dll
0x00007ff87c690000 - 0x00007ff87c6c3000 	C:\WINDOWS\SYSTEM32\ntmarta.dll
0x00007ff87a680000 - 0x00007ff87a7d4000 	C:\WINDOWS\SYSTEM32\wintypes.dll
0x00007ff877760000 - 0x00007ff877799000 	D:\jdk\bin\jpcap.dll
0x0000000180000000 - 0x0000000180065000 	C:\WINDOWS\SYSTEM32\wpcap.dll
0x00007ff87cd30000 - 0x00007ff87cd6b000 	C:\WINDOWS\SYSTEM32\IPHLPAPI.DLL
0x00000201dd980000 - 0x00000201dd99f000 	C:\WINDOWS\SYSTEM32\packet.dll
0x00007ff87f340000 - 0x00007ff87f348000 	C:\WINDOWS\System32\NSI.dll
0x00007ff8744d0000 - 0x00007ff8744e7000 	C:\WINDOWS\SYSTEM32\dhcpcsvc6.DLL
0x00007ff8743d0000 - 0x00007ff8743ed000 	C:\WINDOWS\SYSTEM32\dhcpcsvc.DLL
0x00007ff87cd70000 - 0x00007ff87ce3b000 	C:\WINDOWS\SYSTEM32\DNSAPI.dll
0x00007ff84ddd0000 - 0x00007ff84dfd8000 	C:\WINDOWS\system32\SogouTSF.ime
0x00007ff86d310000 - 0x00007ff86d317000 	C:\WINDOWS\system32\MSIMG32.dll
0x00007ff84d4a0000 - 0x00007ff84ddcc000 	C:\WINDOWS\system32\SogouPy.ime
0x00007ff867680000 - 0x00007ff8676e6000 	C:\WINDOWS\SYSTEM32\OLEACC.dll
0x0000000010000000 - 0x00000000101c1000 	C:\Program Files (x86)\SogouInput\11.1.0.5032\Resource.dll
0x00007ff84be90000 - 0x00007ff84c0fa000 	C:\Program Files (x86)\SogouInput\Components\PicFace\1.1.0.1881\PicFace64.dll
0x00007ff87f470000 - 0x00007ff87f54a000 	C:\WINDOWS\System32\COMDLG32.dll
0x00007ff868c30000 - 0x00007ff868cdc000 	C:\WINDOWS\SYSTEM32\TextShaping.dll

dbghelp: loaded successfully - version: 4.0.5 - missing functions: none
symbol engine: initialized successfully - sym options: 0x614 - pdb path: .;C:\Users\71041\.p2\pool\plugins\org.eclipse.justj.openjdk.hotspot.jre.full.win32.x86_64_16.0.2.v20210721-1149\jre\bin;C:\WINDOWS\SYSTEM32;C:\WINDOWS\WinSxS\amd64_microsoft.windows.common-controls_6595b64144ccf1df_6.0.19041.1110_none_60b5254171f9507e;C:\Users\71041\.p2\pool\plugins\org.eclipse.justj.openjdk.hotspot.jre.full.win32.x86_64_16.0.2.v20210721-1149\jre\bin\server;D:\jdk\bin;C:\Program Files (x86)\SogouInput\11.1.0.5032;C:\Program Files (x86)\SogouInput\Components\PicFace\1.1.0.1881

VM Arguments:
jvm_args: -Dfile.encoding=GBK -XX:+ShowCodeDetailsInExceptionMessages 
java_command: control.SnifferDriver
java_class_path (initial): D:\5004\final_project\Network_Packet_Sniffer\bin;C:\Users\71041\Desktop\jpcap\jpcap.jar;C:\Users\71041\Downloads\jaxb-ri-2.3.1\jaxb-ri\mod\jaxb-api.jar
Launcher Type: SUN_STANDARD

[Global flags]
     intx CICompilerCount                          = 3                                         {product} {ergonomic}
     uint ConcGCThreads                            = 1                                         {product} {ergonomic}
     uint G1ConcRefinementThreads                  = 4                                         {product} {ergonomic}
   size_t G1HeapRegionSize                         = 1048576                                   {product} {ergonomic}
    uintx GCDrainStackTargetSize                   = 64                                        {product} {ergonomic}
   size_t InitialHeapSize                          = 134217728                                 {product} {ergonomic}
   size_t MarkStackSize                            = 4194304                                   {product} {ergonomic}
   size_t MaxHeapSize                              = 2122317824                                {product} {ergonomic}
   size_t MaxNewSize                               = 1272971264                                {product} {ergonomic}
   size_t MinHeapDeltaBytes                        = 1048576                                   {product} {ergonomic}
   size_t MinHeapSize                              = 8388608                                   {product} {ergonomic}
    uintx NonNMethodCodeHeapSize                   = 5832780                                {pd product} {ergonomic}
    uintx NonProfiledCodeHeapSize                  = 122912730                              {pd product} {ergonomic}
    uintx ProfiledCodeHeapSize                     = 122912730                              {pd product} {ergonomic}
    uintx ReservedCodeCacheSize                    = 251658240                              {pd product} {ergonomic}
     bool SegmentedCodeCache                       = true                                      {product} {ergonomic}
     bool ShowCodeDetailsInExceptionMessages       = true                                   {manageable} {command line}
   size_t SoftMaxHeapSize                          = 2122317824                             {manageable} {ergonomic}
     bool UseCompressedClassPointers               = true                           {product lp64_product} {ergonomic}
     bool UseCompressedOops                        = true                           {product lp64_product} {ergonomic}
     bool UseG1GC                                  = true                                      {product} {ergonomic}
     bool UseLargePagesIndividualAllocation        = false                                  {pd product} {ergonomic}

Logging:
Log output configuration:
 #0: stdout all=warning uptime,level,tags
 #1: stderr all=off uptime,level,tags

Environment Variables:
JAVA_HOME=D:\jdk
CLASSPATH=.;D:\jdk\lib\dt.jar;D:\jdk\lib\tools.jar;
PATH=C:/Users/71041/.p2/pool/plugins/org.eclipse.justj.openjdk.hotspot.jre.full.win32.x86_64_16.0.2.v20210721-1149/jre/bin/server;C:/Users/71041/.p2/pool/plugins/org.eclipse.justj.openjdk.hotspot.jre.full.win32.x86_64_16.0.2.v20210721-1149/jre/bin;D:\jdk\bin;D:\IntelliJ IDEA Community Edition 2021.2.1\bin;C:\Program Files\NVIDIA GPU Computing Toolkit\CUDA\v10.1\libnvvp;C:\WINDOWS\system32;C:\WINDOWS;C:\WINDOWS\System32\Wbem;C:\WINDOWS\System32\WindowsPowerShell\v1.0\;C:\Program Files (x86)\NVIDIA Corporation\PhysX\Common;C:\Program Files\NVIDIA Corporation\NVIDIA NvDLISR;D:\anaconda\Scripts;D:\anaconda;C:\WINDOWS\system32;C:\WINDOWS;C:\WINDOWS\System32\Wbem;C:\WINDOWS\System32\WindowsPowerShell\v1.0\;C:\WINDOWS\System32\OpenSSH\;D:\puuty\;C:\Program Files\Git\cmd;D:\jdk\bin;C:\Program Files\MySQL\MySQL Shell 8.0\bin\;C:\Users\71041\Anaconda3;C:\Users\71041\Anaconda3\Library\mingw-w64\bin;C:\Users\71041\Anaconda3\Library\usr\bin;C:\Users\71041\Anaconda3\Library\bin;C:\Users\71041\Anaconda3\Scripts;C:\Users\71041\AppData\Local\Microsoft\WindowsApps;E:\PyCharm Community Edition 2021.1.3\bin;?C:\Users\71041\anaconda3\Scripts;D:\IntelliJ IDEA Community Edition 2021.2.1\bin;D:\IntelliJ IDEA Community Edition 2021.2.1\bin;D:\latex\miktex\bin\x64\;C:\ProgramData\71041\atom\bin;D:\Hyper\resources\bin;C:\WINDOWS\system32;
USERNAME=71041
OS=Windows_NT
PROCESSOR_IDENTIFIER=Intel64 Family 6 Model 142 Stepping 9, GenuineIntel



---------------  S Y S T E M  ---------------

OS:
 Windows 10 , 64 bit Build 19041 (10.0.19041.1348)
OS uptime: 1 days 3:10 hours
Hyper-V role detected

CPU: total 4 (initial active 4) (2 cores per cpu, 2 threads per core) family 6 model 142 stepping 9 microcode 0xb4, cx8, cmov, fxsr, ht, mmx, 3dnowpref, sse, sse2, sse3, ssse3, sse4.1, sse4.2, popcnt, lzcnt, tsc, tscinvbit, avx, avx2, aes, erms, clmul, bmi1, bmi2, adx, fma, vzeroupper, clflush, clflushopt, hv

Memory: 4k page, system-wide physical 8090M (1716M free)
TotalPageFile size 16026M (AvailPageFile size 4581M)
current process WorkingSet (physical memory assigned to process): 91M, peak: 91M
current process commit charge ("private bytes"): 221M, peak: 226M

vm_info: OpenJDK 64-Bit Server VM (16.0.2+7-67) for windows-amd64 JRE (16.0.2+7-67), built on Jun  8 2021 23:21:43 by "mach5one" with MS VC++ 16.7 (VS2019)

END.
