#
# A fatal error has been detected by the Java Runtime Environment:
#
#  EXCEPTION_ACCESS_VIOLATION (0xc0000005) at pc=0x00007ff82ea8522f, pid=8764, tid=13972
#
# JRE version: OpenJDK Runtime Environment (16.0.2+7) (build 16.0.2+7-67)
# Java VM: OpenJDK 64-Bit Server VM (16.0.2+7-67, mixed mode, tiered, compressed oops, compressed class ptrs, g1 gc, windows-amd64)
# Problematic frame:
# V  [jvm.dll+0x3e522f]
#
# No core dump will be written. Minidumps are not enabled by default on client versions of Windows
#
# If you would like to submit a bug report, please visit:
#   https://bugreport.java.com/bugreport/crash.jsp
#

---------------  S U M M A R Y ------------

Command Line: -Dfile.encoding=GBK -XX:+ShowCodeDetailsInExceptionMessages control.SnifferDriver

Host: Intel(R) Core(TM) i5-7200U CPU @ 2.50GHz, 4 cores, 7G,  Windows 10 , 64 bit Build 19041 (10.0.19041.1348)
Time: Sat Dec 11 00:13:37 2021  Windows 10 , 64 bit Build 19041 (10.0.19041.1348) elapsed time: 3.020852 seconds (0d 0h 0m 3s)

---------------  T H R E A D  ---------------

Current thread (0x000001ab1d1f9590):  JavaThread "main" [_thread_in_vm, id=13972, stack(0x000000418b000000,0x000000418b100000)]

Stack: [0x000000418b000000,0x000000418b100000],  sp=0x000000418b0fed10,  free space=1019k
Native frames: (J=compiled Java code, j=interpreted, Vv=VM code, C=native code)
V  [jvm.dll+0x3e522f]
V  [jvm.dll+0x3cce44]
C  [jpcap.dll+0x17f6]

Java frames: (J=compiled Java code, j=interpreted, Vv=VM code)
j  jpcap.JpcapCaptor.getDeviceList()[Ljpcap/NetworkInterface;+0
j  model.Captor.searchDevices()V+1
j  model.Captor.getDevices()[Ljava/lang/String;+1
j  control.Controller.<init>()V+81
j  control.SnifferDriver.main([Ljava/lang/String;)V+4
v  ~StubRoutines::call_stub

siginfo: EXCEPTION_ACCESS_VIOLATION (0xc0000005), reading address 0x00000000000014ec


Register to memory mapping:

RIP=0x00007ff82ea8522f jvm.dll
RAX=0x00000000000014ec is an unknown value
RBX=0x00000000000014ec is an unknown value
RCX=0x0000000089789ac8 is an oop: java.io.FileDescriptor 
{0x0000000089789ac8} - klass: 'java/io/FileDescriptor'
RDX=0x0000000000000010 is an unknown value
RSP=0x000000418b0fed10 is pointing into the stack for thread: 0x000001ab1d1f9590
RBP=0x000001ab1d1f98a0 points into unknown readable memory: 0x00007ff82f1133d0 | d0 33 11 2f f8 7f 00 00
RSI=0x0 is NULL
RDI=0x000001ab1d1f9590 is a thread
R8 =0x000001ab3915d0e8 points into unknown readable memory: 0x000001ab3a407d18 | 18 7d 40 3a ab 01 00 00
R9 =0x000001ab1d2c4968 points into unknown readable memory: 0x000000008929d4f0 | f0 d4 29 89 00 00 00 00
R10=0x000001ab42620290 points into unknown readable memory: 0x5c6563697665445c | 5c 44 65 76 69 63 65 5c
R11=0x000000008929d518 is pointing into object: [B 
{0x000000008929d508} - klass: {type array byte}
 - length: 50
R12=0x000001ab1d2c4910 points into unknown readable memory: 0x000000008929d270 | 70 d2 29 89 00 00 00 00
R13=0x000001ab3b607730 points into unknown readable memory: 0x000001ab3b607880 | 80 78 60 3b ab 01 00 00
R14=0x000001ab1d2c4950 points into unknown readable memory: 0x000000008929d450 | 50 d4 29 89 00 00 00 00
R15=0x000001ab1d2c4958 points into unknown readable memory: 0x000000008929d480 | 80 d4 29 89 00 00 00 00


Registers:
RAX=0x00000000000014ec, RBX=0x00000000000014ec, RCX=0x0000000089789ac8, RDX=0x0000000000000010
RSP=0x000000418b0fed10, RBP=0x000001ab1d1f98a0, RSI=0x0000000000000000, RDI=0x000001ab1d1f9590
R8 =0x000001ab3915d0e8, R9 =0x000001ab1d2c4968, R10=0x000001ab42620290, R11=0x000000008929d518
R12=0x000001ab1d2c4910, R13=0x000001ab3b607730, R14=0x000001ab1d2c4950, R15=0x000001ab1d2c4958
RIP=0x00007ff82ea8522f, EFLAGS=0x0000000000010202

Top of Stack: (sp=0x000000418b0fed10)
0x000000418b0fed10:   000001ab3b600000 000001ab3b600000
0x000000418b0fed20:   00001c5becc9e1d8 000001ab3b600000
0x000000418b0fed30:   000001ab42620201 000001ab1d1f9590
0x000000418b0fed40:   000000008929d4f0 000001ab3958d7c0
0x000000418b0fed50:   000001ab1d1f9590 00007ff82ea6ce44
0x000000418b0fed60:   000000418b0fee00 00007ff8803147b1
0x000000418b0fed70:   000001ab1d1f9590 0000000000000032
0x000000418b0fed80:   000001ab3b607730 000001ab1d2c4928
0x000000418b0fed90:   000001ab42620290 00007ff82eaa404e
0x000000418b0feda0:   000001ab42620290 000001ab1d1f9590
0x000000418b0fedb0:   0000000000000000 000001ab1d1f9590
0x000000418b0fedc0:   0000000000000000 000001ab3b607730
0x000000418b0fedd0:   000001ab1d2c4928 000001ab42620290
0x000000418b0fede0:   0000000000000000 00007ff82ea7c0a4
0x000000418b0fedf0:   000001ab1d2c4950 000001ab1d1f9590
0x000000418b0fee00:   00007ff82f1133d0 00007ff82f1133d0 

Instructions: (pc=0x00007ff82ea8522f)
0x00007ff82ea8512f:   8b b4 24 b0 00 00 00 48 8b 9c 24 d0 00 00 00 48
0x00007ff82ea8513f:   81 c4 b8 00 00 00 41 5f 41 5e c3 cc cc cc cc cc
0x00007ff82ea8514f:   cc 4c 89 44 24 18 4c 89 4c 24 20 48 83 ec 28 48
0x00007ff82ea8515f:   8b 01 4c 8d 4c 24 48 ff 90 e8 00 00 00 48 83 c4
0x00007ff82ea8516f:   28 c3 cc cc cc cc cc cc cc cc cc cc cc cc cc cc
0x00007ff82ea8517f:   cc 40 53 57 48 83 ec 38 48 8b fa 8b 15 cc 36 6f
0x00007ff82ea8518f:   00 e8 bb f5 26 00 48 8b d8 48 85 c0 0f 85 8e 00
0x00007ff82ea8519f:   00 00 48 8b 9f 78 02 00 00 48 8d 15 d1 3f 51 00
0x00007ff82ea851af:   4c 8b 0d fa 0b 71 00 41 b8 f3 00 00 00 48 89 6c
0x00007ff82ea851bf:   24 50 48 8b cf 48 89 74 24 58 48 8b 73 10 48 8b
0x00007ff82ea851cf:   6b 18 4c 89 74 24 60 4c 8b 73 20 4c 89 7c 24 30
0x00007ff82ea851df:   4c 8b 7b 28 48 89 44 24 20 e8 23 04 ed ff 48 83
0x00007ff82ea851ef:   3e 00 74 13 49 8b d7 48 8b cb e8 22 95 cc ff 48
0x00007ff82ea851ff:   8b ce e8 8a 94 cc ff 4c 8b 7c 24 30 48 89 73 10
0x00007ff82ea8520f:   48 8b 74 24 58 48 89 6b 18 48 8b 6c 24 50 4c 89
0x00007ff82ea8521f:   73 20 4c 8b 74 24 60 33 c0 48 83 c4 38 5f 5b c3
0x00007ff82ea8522f:   48 8b 00 4c 8b c7 33 d2 48 8b cb ff 90 98 00 00
0x00007ff82ea8523f:   00 48 83 7f 08 00 75 df 48 8b 03 48 8b d7 48 8b
0x00007ff82ea8524f:   cb ff 90 b0 00 00 00 48 83 7f 08 00 75 c9 48 8b
0x00007ff82ea8525f:   d7 48 8b cb 48 83 c4 38 5f 5b e9 c2 d1 f7 ff cc
0x00007ff82ea8526f:   cc 48 89 5c 24 08 48 89 6c 24 10 48 89 74 24 18
0x00007ff82ea8527f:   57 41 54 41 55 41 56 41 57 48 81 ec 90 00 00 00
0x00007ff82ea8528f:   49 8b b9 78 02 00 00 4d 8b f1 48 63 d9 45 8b f8
0x00007ff82ea8529f:   48 63 ea 48 8b 4f 28 48 8b 77 10 4c 8b 67 18 4c
0x00007ff82ea852af:   8b 6f 20 48 89 8c 24 d8 00 00 00 85 d2 79 3e ba
0x00007ff82ea852bf:   00 01 00 00 48 8d 4c 24 30 e8 33 39 28 00 44 8b
0x00007ff82ea852cf:   c5 48 8d 15 a9 40 51 00 48 8d 4c 24 30 e8 ef 4f
0x00007ff82ea852df:   28 00 48 8b 1d 70 0a 71 00 48 8d 4c 24 30 33 d2
0x00007ff82ea852ef:   e8 3c 40 28 00 41 b8 74 0a 00 00 eb 52 85 db 78
0x00007ff82ea852ff:   09 41 8b c7 2b c5 3b d8 7e 6e ba 00 01 00 00 48
0x00007ff82ea8530f:   8d 4c 24 30 e8 e8 38 28 00 4c 8d 0c 2b 44 89 7c
0x00007ff82ea8531f:   24 20 44 8b c3 48 8d 15 6d 40 51 00 48 8d 4c 24 


Stack slot to memory mapping:
stack at sp + 0 slots: 0x000001ab3b600000 points into unknown readable memory: 0x0000000000000000 | 00 00 00 00 00 00 00 00
stack at sp + 1 slots: 0x000001ab3b600000 points into unknown readable memory: 0x0000000000000000 | 00 00 00 00 00 00 00 00
stack at sp + 2 slots: 0x00001c5becc9e1d8 is an unknown value
stack at sp + 3 slots: 0x000001ab3b600000 points into unknown readable memory: 0x0000000000000000 | 00 00 00 00 00 00 00 00
stack at sp + 4 slots: 0x000001ab42620201 points into unknown readable memory: 00 00 00 00 00 00 00
stack at sp + 5 slots: 0x000001ab1d1f9590 is a thread
stack at sp + 6 slots: 0x000000008929d4f0 is an oop: java.lang.String 
{0x000000008929d4f0} - klass: 'java/lang/String'
stack at sp + 7 slots: 0x000001ab3958d7c0 points into unknown readable memory: 0x000000008931ecf0 | f0 ec 31 89 00 00 00 00


---------------  P R O C E S S  ---------------

Threads class SMR info:
_java_thread_list=0x000001ab3969b6f0, length=17, elements={
0x000001ab1d1f9590, 0x000001ab386dd010, 0x000001ab386de580, 0x000001ab3872d930,
0x000001ab3870ec80, 0x000001ab3870fa40, 0x000001ab390167e0, 0x000001ab39017bc0,
0x000001ab39019d00, 0x000001ab390315f0, 0x000001ab39177900, 0x000001ab3917f2e0,
0x000001ab39585af0, 0x000001ab3958a790, 0x000001ab39587020, 0x000001ab395e46b0,
0x000001ab3960e310
}

Java Threads: ( => current thread )
=>0x000001ab1d1f9590 JavaThread "main" [_thread_in_vm, id=13972, stack(0x000000418b000000,0x000000418b100000)]
  0x000001ab386dd010 JavaThread "Reference Handler" daemon [_thread_blocked, id=16252, stack(0x000000418b700000,0x000000418b800000)]
  0x000001ab386de580 JavaThread "Finalizer" daemon [_thread_blocked, id=10608, stack(0x000000418b800000,0x000000418b900000)]
  0x000001ab3872d930 JavaThread "Signal Dispatcher" daemon [_thread_blocked, id=7284, stack(0x000000418b900000,0x000000418ba00000)]
  0x000001ab3870ec80 JavaThread "Attach Listener" daemon [_thread_blocked, id=15236, stack(0x000000418ba00000,0x000000418bb00000)]
  0x000001ab3870fa40 JavaThread "Service Thread" daemon [_thread_blocked, id=6780, stack(0x000000418bb00000,0x000000418bc00000)]
  0x000001ab390167e0 JavaThread "Monitor Deflation Thread" daemon [_thread_blocked, id=13080, stack(0x000000418bc00000,0x000000418bd00000)]
  0x000001ab39017bc0 JavaThread "C2 CompilerThread0" daemon [_thread_blocked, id=17392, stack(0x000000418bd00000,0x000000418be00000)]
  0x000001ab39019d00 JavaThread "C1 CompilerThread0" daemon [_thread_blocked, id=16580, stack(0x000000418be00000,0x000000418bf00000)]
  0x000001ab390315f0 JavaThread "Sweeper thread" daemon [_thread_blocked, id=18208, stack(0x000000418bf00000,0x000000418c000000)]
  0x000001ab39177900 JavaThread "Notification Thread" daemon [_thread_blocked, id=10388, stack(0x000000418c000000,0x000000418c100000)]
  0x000001ab3917f2e0 JavaThread "Common-Cleaner" daemon [_thread_blocked, id=10112, stack(0x000000418c200000,0x000000418c300000)]
  0x000001ab39585af0 JavaThread "Java2D Disposer" daemon [_thread_blocked, id=2436, stack(0x000000418c300000,0x000000418c400000)]
  0x000001ab3958a790 JavaThread "AWT-Shutdown" [_thread_blocked, id=12236, stack(0x000000418c400000,0x000000418c500000)]
  0x000001ab39587020 JavaThread "AWT-Windows" daemon [_thread_in_native, id=15872, stack(0x000000418c500000,0x000000418c600000)]
  0x000001ab395e46b0 JavaThread "AWT-EventQueue-0" [_thread_blocked, id=12348, stack(0x000000418c600000,0x000000418c700000)]
  0x000001ab3960e310 JavaThread "TimerQueue" daemon [_thread_blocked, id=7852, stack(0x000000418ca00000,0x000000418cb00000)]

Other Threads:
  0x000001ab386c8a80 VMThread "VM Thread" [stack: 0x000000418b600000,0x000000418b700000] [id=16912]
  0x000001ab3917de40 WatcherThread [stack: 0x000000418c100000,0x000000418c200000] [id=9276]
  0x000001ab1d237640 GCTaskThread "GC Thread#0" [stack: 0x000000418b100000,0x000000418b200000] [id=13272]
  0x000001ab1d249ac0 ConcurrentGCThread "G1 Main Marker" [stack: 0x000000418b200000,0x000000418b300000] [id=15488]
  0x000001ab1d24a4c0 ConcurrentGCThread "G1 Conc#0" [stack: 0x000000418b300000,0x000000418b400000] [id=260]
  0x000001ab1d2c63d0 ConcurrentGCThread "G1 Refine#0" [stack: 0x000000418b400000,0x000000418b500000] [id=12460]
  0x000001ab1d2c6de0 ConcurrentGCThread "G1 Service" [stack: 0x000000418b500000,0x000000418b600000] [id=2012]

Threads with active compile tasks:
C2 CompilerThread0     3188  951       4       java.util.concurrent.locks.AbstractQueuedSynchronizer::compareAndSetState (13 bytes)
C1 CompilerThread0     3188  952       3       sun.awt.AWTAccessor::getEventQueueAccessor (15 bytes)

VM state: not at safepoint (normal execution)

VM Mutex/Monitor currently owned by a thread: None

Heap address: 0x0000000081800000, size: 2024 MB, Compressed Oops mode: 32-bit

CDS disabled.
Compressed class space mapped at: 0x0000000100000000-0x0000000140000000, reserved size: 1073741824
Narrow klass base: 0x0000000000000000, Narrow klass shift: 3, Narrow klass range: 0x140000000

GC Precious Log:
 CPUs: 4 total, 4 available
 Memory: 8090M
 Large Page Support: Disabled
 NUMA Support: Disabled
 Compressed Oops: Enabled (32-bit)
 Heap Region Size: 1M
 Heap Min Capacity: 8M
 Heap Initial Capacity: 128M
 Heap Max Capacity: 2024M
 Pre-touch: Disabled
 Parallel Workers: 4
 Concurrent Workers: 1
 Concurrent Refinement Workers: 4
 Periodic GC: Disabled

Heap:
 garbage-first heap   total 131072K, used 15360K [0x0000000081800000, 0x0000000100000000)
  region size 1024K, 8 young (8192K), 0 survivors (0K)
 Metaspace       used 16026K, committed 16192K, reserved 1064960K
  class space    used 1643K, committed 1728K, reserved 1048576K

Heap Regions: E=young(eden), S=young(survivor), O=old, HS=humongous(starts), HC=humongous(continues), CS=collection set, F=free, OA=open archive, CA=closed archive, TAMS=top-at-mark-start (previous, next)
|   0|0x0000000081800000, 0x0000000081900000, 0x0000000081900000|100%|HS|  |TAMS 0x0000000081800000, 0x0000000081800000| Complete 
|   1|0x0000000081900000, 0x0000000081a00000, 0x0000000081a00000|100%|HS|  |TAMS 0x0000000081900000, 0x0000000081900000| Complete 
|   2|0x0000000081a00000, 0x0000000081b00000, 0x0000000081b00000|100%|HC|  |TAMS 0x0000000081a00000, 0x0000000081a00000| Complete 
|   3|0x0000000081b00000, 0x0000000081c00000, 0x0000000081c00000|100%|HC|  |TAMS 0x0000000081b00000, 0x0000000081b00000| Complete 
|   4|0x0000000081c00000, 0x0000000081d00000, 0x0000000081d00000|100%|HC|  |TAMS 0x0000000081c00000, 0x0000000081c00000| Complete 
|   5|0x0000000081d00000, 0x0000000081e00000, 0x0000000081e00000|100%|HC|  |TAMS 0x0000000081d00000, 0x0000000081d00000| Complete 
|   6|0x0000000081e00000, 0x0000000081f00000, 0x0000000081f00000|100%|HS|  |TAMS 0x0000000081e00000, 0x0000000081e00000| Complete 
|   7|0x0000000081f00000, 0x0000000082000000, 0x0000000082000000|100%|HS|  |TAMS 0x0000000081f00000, 0x0000000081f00000| Complete 
|   8|0x0000000082000000, 0x0000000082000000, 0x0000000082100000|  0%| F|  |TAMS 0x0000000082000000, 0x0000000082000000| Untracked 
|   9|0x0000000082100000, 0x0000000082100000, 0x0000000082200000|  0%| F|  |TAMS 0x0000000082100000, 0x0000000082100000| Untracked 
|  10|0x0000000082200000, 0x0000000082200000, 0x0000000082300000|  0%| F|  |TAMS 0x0000000082200000, 0x0000000082200000| Untracked 
|  11|0x0000000082300000, 0x0000000082300000, 0x0000000082400000|  0%| F|  |TAMS 0x0000000082300000, 0x0000000082300000| Untracked 
|  12|0x0000000082400000, 0x0000000082400000, 0x0000000082500000|  0%| F|  |TAMS 0x0000000082400000, 0x0000000082400000| Untracked 
|  13|0x0000000082500000, 0x0000000082500000, 0x0000000082600000|  0%| F|  |TAMS 0x0000000082500000, 0x0000000082500000| Untracked 
|  14|0x0000000082600000, 0x0000000082600000, 0x0000000082700000|  0%| F|  |TAMS 0x0000000082600000, 0x0000000082600000| Untracked 
|  15|0x0000000082700000, 0x0000000082700000, 0x0000000082800000|  0%| F|  |TAMS 0x0000000082700000, 0x0000000082700000| Untracked 
|  16|0x0000000082800000, 0x0000000082800000, 0x0000000082900000|  0%| F|  |TAMS 0x0000000082800000, 0x0000000082800000| Untracked 
|  17|0x0000000082900000, 0x0000000082900000, 0x0000000082a00000|  0%| F|  |TAMS 0x0000000082900000, 0x0000000082900000| Untracked 
|  18|0x0000000082a00000, 0x0000000082a00000, 0x0000000082b00000|  0%| F|  |TAMS 0x0000000082a00000, 0x0000000082a00000| Untracked 
|  19|0x0000000082b00000, 0x0000000082b00000, 0x0000000082c00000|  0%| F|  |TAMS 0x0000000082b00000, 0x0000000082b00000| Untracked 
|  20|0x0000000082c00000, 0x0000000082c00000, 0x0000000082d00000|  0%| F|  |TAMS 0x0000000082c00000, 0x0000000082c00000| Untracked 
|  21|0x0000000082d00000, 0x0000000082d00000, 0x0000000082e00000|  0%| F|  |TAMS 0x0000000082d00000, 0x0000000082d00000| Untracked 
|  22|0x0000000082e00000, 0x0000000082e00000, 0x0000000082f00000|  0%| F|  |TAMS 0x0000000082e00000, 0x0000000082e00000| Untracked 
|  23|0x0000000082f00000, 0x0000000082f00000, 0x0000000083000000|  0%| F|  |TAMS 0x0000000082f00000, 0x0000000082f00000| Untracked 
|  24|0x0000000083000000, 0x0000000083000000, 0x0000000083100000|  0%| F|  |TAMS 0x0000000083000000, 0x0000000083000000| Untracked 
|  25|0x0000000083100000, 0x0000000083100000, 0x0000000083200000|  0%| F|  |TAMS 0x0000000083100000, 0x0000000083100000| Untracked 
|  26|0x0000000083200000, 0x0000000083200000, 0x0000000083300000|  0%| F|  |TAMS 0x0000000083200000, 0x0000000083200000| Untracked 
|  27|0x0000000083300000, 0x0000000083300000, 0x0000000083400000|  0%| F|  |TAMS 0x0000000083300000, 0x0000000083300000| Untracked 
|  28|0x0000000083400000, 0x0000000083400000, 0x0000000083500000|  0%| F|  |TAMS 0x0000000083400000, 0x0000000083400000| Untracked 
|  29|0x0000000083500000, 0x0000000083500000, 0x0000000083600000|  0%| F|  |TAMS 0x0000000083500000, 0x0000000083500000| Untracked 
|  30|0x0000000083600000, 0x0000000083600000, 0x0000000083700000|  0%| F|  |TAMS 0x0000000083600000, 0x0000000083600000| Untracked 
|  31|0x0000000083700000, 0x0000000083700000, 0x0000000083800000|  0%| F|  |TAMS 0x0000000083700000, 0x0000000083700000| Untracked 
|  32|0x0000000083800000, 0x0000000083800000, 0x0000000083900000|  0%| F|  |TAMS 0x0000000083800000, 0x0000000083800000| Untracked 
|  33|0x0000000083900000, 0x0000000083900000, 0x0000000083a00000|  0%| F|  |TAMS 0x0000000083900000, 0x0000000083900000| Untracked 
|  34|0x0000000083a00000, 0x0000000083a00000, 0x0000000083b00000|  0%| F|  |TAMS 0x0000000083a00000, 0x0000000083a00000| Untracked 
|  35|0x0000000083b00000, 0x0000000083b00000, 0x0000000083c00000|  0%| F|  |TAMS 0x0000000083b00000, 0x0000000083b00000| Untracked 
|  36|0x0000000083c00000, 0x0000000083c00000, 0x0000000083d00000|  0%| F|  |TAMS 0x0000000083c00000, 0x0000000083c00000| Untracked 
|  37|0x0000000083d00000, 0x0000000083d00000, 0x0000000083e00000|  0%| F|  |TAMS 0x0000000083d00000, 0x0000000083d00000| Untracked 
|  38|0x0000000083e00000, 0x0000000083e00000, 0x0000000083f00000|  0%| F|  |TAMS 0x0000000083e00000, 0x0000000083e00000| Untracked 
|  39|0x0000000083f00000, 0x0000000083f00000, 0x0000000084000000|  0%| F|  |TAMS 0x0000000083f00000, 0x0000000083f00000| Untracked 
|  40|0x0000000084000000, 0x0000000084000000, 0x0000000084100000|  0%| F|  |TAMS 0x0000000084000000, 0x0000000084000000| Untracked 
|  41|0x0000000084100000, 0x0000000084100000, 0x0000000084200000|  0%| F|  |TAMS 0x0000000084100000, 0x0000000084100000| Untracked 
|  42|0x0000000084200000, 0x0000000084200000, 0x0000000084300000|  0%| F|  |TAMS 0x0000000084200000, 0x0000000084200000| Untracked 
|  43|0x0000000084300000, 0x0000000084300000, 0x0000000084400000|  0%| F|  |TAMS 0x0000000084300000, 0x0000000084300000| Untracked 
|  44|0x0000000084400000, 0x0000000084400000, 0x0000000084500000|  0%| F|  |TAMS 0x0000000084400000, 0x0000000084400000| Untracked 
|  45|0x0000000084500000, 0x0000000084500000, 0x0000000084600000|  0%| F|  |TAMS 0x0000000084500000, 0x0000000084500000| Untracked 
|  46|0x0000000084600000, 0x0000000084600000, 0x0000000084700000|  0%| F|  |TAMS 0x0000000084600000, 0x0000000084600000| Untracked 
|  47|0x0000000084700000, 0x0000000084700000, 0x0000000084800000|  0%| F|  |TAMS 0x0000000084700000, 0x0000000084700000| Untracked 
|  48|0x0000000084800000, 0x0000000084800000, 0x0000000084900000|  0%| F|  |TAMS 0x0000000084800000, 0x0000000084800000| Untracked 
|  49|0x0000000084900000, 0x0000000084900000, 0x0000000084a00000|  0%| F|  |TAMS 0x0000000084900000, 0x0000000084900000| Untracked 
|  50|0x0000000084a00000, 0x0000000084a00000, 0x0000000084b00000|  0%| F|  |TAMS 0x0000000084a00000, 0x0000000084a00000| Untracked 
|  51|0x0000000084b00000, 0x0000000084b00000, 0x0000000084c00000|  0%| F|  |TAMS 0x0000000084b00000, 0x0000000084b00000| Untracked 
|  52|0x0000000084c00000, 0x0000000084c00000, 0x0000000084d00000|  0%| F|  |TAMS 0x0000000084c00000, 0x0000000084c00000| Untracked 
|  53|0x0000000084d00000, 0x0000000084d00000, 0x0000000084e00000|  0%| F|  |TAMS 0x0000000084d00000, 0x0000000084d00000| Untracked 
|  54|0x0000000084e00000, 0x0000000084e00000, 0x0000000084f00000|  0%| F|  |TAMS 0x0000000084e00000, 0x0000000084e00000| Untracked 
|  55|0x0000000084f00000, 0x0000000084f00000, 0x0000000085000000|  0%| F|  |TAMS 0x0000000084f00000, 0x0000000084f00000| Untracked 
|  56|0x0000000085000000, 0x0000000085000000, 0x0000000085100000|  0%| F|  |TAMS 0x0000000085000000, 0x0000000085000000| Untracked 
|  57|0x0000000085100000, 0x0000000085100000, 0x0000000085200000|  0%| F|  |TAMS 0x0000000085100000, 0x0000000085100000| Untracked 
|  58|0x0000000085200000, 0x0000000085200000, 0x0000000085300000|  0%| F|  |TAMS 0x0000000085200000, 0x0000000085200000| Untracked 
|  59|0x0000000085300000, 0x0000000085300000, 0x0000000085400000|  0%| F|  |TAMS 0x0000000085300000, 0x0000000085300000| Untracked 
|  60|0x0000000085400000, 0x0000000085400000, 0x0000000085500000|  0%| F|  |TAMS 0x0000000085400000, 0x0000000085400000| Untracked 
|  61|0x0000000085500000, 0x0000000085500000, 0x0000000085600000|  0%| F|  |TAMS 0x0000000085500000, 0x0000000085500000| Untracked 
|  62|0x0000000085600000, 0x0000000085600000, 0x0000000085700000|  0%| F|  |TAMS 0x0000000085600000, 0x0000000085600000| Untracked 
|  63|0x0000000085700000, 0x0000000085700000, 0x0000000085800000|  0%| F|  |TAMS 0x0000000085700000, 0x0000000085700000| Untracked 
|  64|0x0000000085800000, 0x0000000085800000, 0x0000000085900000|  0%| F|  |TAMS 0x0000000085800000, 0x0000000085800000| Untracked 
|  65|0x0000000085900000, 0x0000000085900000, 0x0000000085a00000|  0%| F|  |TAMS 0x0000000085900000, 0x0000000085900000| Untracked 
|  66|0x0000000085a00000, 0x0000000085a00000, 0x0000000085b00000|  0%| F|  |TAMS 0x0000000085a00000, 0x0000000085a00000| Untracked 
|  67|0x0000000085b00000, 0x0000000085b00000, 0x0000000085c00000|  0%| F|  |TAMS 0x0000000085b00000, 0x0000000085b00000| Untracked 
|  68|0x0000000085c00000, 0x0000000085c00000, 0x0000000085d00000|  0%| F|  |TAMS 0x0000000085c00000, 0x0000000085c00000| Untracked 
|  69|0x0000000085d00000, 0x0000000085d00000, 0x0000000085e00000|  0%| F|  |TAMS 0x0000000085d00000, 0x0000000085d00000| Untracked 
|  70|0x0000000085e00000, 0x0000000085e00000, 0x0000000085f00000|  0%| F|  |TAMS 0x0000000085e00000, 0x0000000085e00000| Untracked 
|  71|0x0000000085f00000, 0x0000000085f00000, 0x0000000086000000|  0%| F|  |TAMS 0x0000000085f00000, 0x0000000085f00000| Untracked 
|  72|0x0000000086000000, 0x0000000086000000, 0x0000000086100000|  0%| F|  |TAMS 0x0000000086000000, 0x0000000086000000| Untracked 
|  73|0x0000000086100000, 0x0000000086100000, 0x0000000086200000|  0%| F|  |TAMS 0x0000000086100000, 0x0000000086100000| Untracked 
|  74|0x0000000086200000, 0x0000000086200000, 0x0000000086300000|  0%| F|  |TAMS 0x0000000086200000, 0x0000000086200000| Untracked 
|  75|0x0000000086300000, 0x0000000086300000, 0x0000000086400000|  0%| F|  |TAMS 0x0000000086300000, 0x0000000086300000| Untracked 
|  76|0x0000000086400000, 0x0000000086400000, 0x0000000086500000|  0%| F|  |TAMS 0x0000000086400000, 0x0000000086400000| Untracked 
|  77|0x0000000086500000, 0x0000000086500000, 0x0000000086600000|  0%| F|  |TAMS 0x0000000086500000, 0x0000000086500000| Untracked 
|  78|0x0000000086600000, 0x0000000086600000, 0x0000000086700000|  0%| F|  |TAMS 0x0000000086600000, 0x0000000086600000| Untracked 
|  79|0x0000000086700000, 0x0000000086700000, 0x0000000086800000|  0%| F|  |TAMS 0x0000000086700000, 0x0000000086700000| Untracked 
|  80|0x0000000086800000, 0x0000000086800000, 0x0000000086900000|  0%| F|  |TAMS 0x0000000086800000, 0x0000000086800000| Untracked 
|  81|0x0000000086900000, 0x0000000086900000, 0x0000000086a00000|  0%| F|  |TAMS 0x0000000086900000, 0x0000000086900000| Untracked 
|  82|0x0000000086a00000, 0x0000000086a00000, 0x0000000086b00000|  0%| F|  |TAMS 0x0000000086a00000, 0x0000000086a00000| Untracked 
|  83|0x0000000086b00000, 0x0000000086b00000, 0x0000000086c00000|  0%| F|  |TAMS 0x0000000086b00000, 0x0000000086b00000| Untracked 
|  84|0x0000000086c00000, 0x0000000086c00000, 0x0000000086d00000|  0%| F|  |TAMS 0x0000000086c00000, 0x0000000086c00000| Untracked 
|  85|0x0000000086d00000, 0x0000000086d00000, 0x0000000086e00000|  0%| F|  |TAMS 0x0000000086d00000, 0x0000000086d00000| Untracked 
|  86|0x0000000086e00000, 0x0000000086e00000, 0x0000000086f00000|  0%| F|  |TAMS 0x0000000086e00000, 0x0000000086e00000| Untracked 
|  87|0x0000000086f00000, 0x0000000086f00000, 0x0000000087000000|  0%| F|  |TAMS 0x0000000086f00000, 0x0000000086f00000| Untracked 
|  88|0x0000000087000000, 0x0000000087000000, 0x0000000087100000|  0%| F|  |TAMS 0x0000000087000000, 0x0000000087000000| Untracked 
|  89|0x0000000087100000, 0x0000000087100000, 0x0000000087200000|  0%| F|  |TAMS 0x0000000087100000, 0x0000000087100000| Untracked 
|  90|0x0000000087200000, 0x0000000087200000, 0x0000000087300000|  0%| F|  |TAMS 0x0000000087200000, 0x0000000087200000| Untracked 
|  91|0x0000000087300000, 0x0000000087300000, 0x0000000087400000|  0%| F|  |TAMS 0x0000000087300000, 0x0000000087300000| Untracked 
|  92|0x0000000087400000, 0x0000000087400000, 0x0000000087500000|  0%| F|  |TAMS 0x0000000087400000, 0x0000000087400000| Untracked 
|  93|0x0000000087500000, 0x0000000087500000, 0x0000000087600000|  0%| F|  |TAMS 0x0000000087500000, 0x0000000087500000| Untracked 
|  94|0x0000000087600000, 0x0000000087600000, 0x0000000087700000|  0%| F|  |TAMS 0x0000000087600000, 0x0000000087600000| Untracked 
|  95|0x0000000087700000, 0x0000000087700000, 0x0000000087800000|  0%| F|  |TAMS 0x0000000087700000, 0x0000000087700000| Untracked 
|  96|0x0000000087800000, 0x0000000087800000, 0x0000000087900000|  0%| F|  |TAMS 0x0000000087800000, 0x0000000087800000| Untracked 
|  97|0x0000000087900000, 0x0000000087900000, 0x0000000087a00000|  0%| F|  |TAMS 0x0000000087900000, 0x0000000087900000| Untracked 
|  98|0x0000000087a00000, 0x0000000087a00000, 0x0000000087b00000|  0%| F|  |TAMS 0x0000000087a00000, 0x0000000087a00000| Untracked 
|  99|0x0000000087b00000, 0x0000000087b00000, 0x0000000087c00000|  0%| F|  |TAMS 0x0000000087b00000, 0x0000000087b00000| Untracked 
| 100|0x0000000087c00000, 0x0000000087c00000, 0x0000000087d00000|  0%| F|  |TAMS 0x0000000087c00000, 0x0000000087c00000| Untracked 
| 101|0x0000000087d00000, 0x0000000087d00000, 0x0000000087e00000|  0%| F|  |TAMS 0x0000000087d00000, 0x0000000087d00000| Untracked 
| 102|0x0000000087e00000, 0x0000000087e00000, 0x0000000087f00000|  0%| F|  |TAMS 0x0000000087e00000, 0x0000000087e00000| Untracked 
| 103|0x0000000087f00000, 0x0000000087f00000, 0x0000000088000000|  0%| F|  |TAMS 0x0000000087f00000, 0x0000000087f00000| Untracked 
| 104|0x0000000088000000, 0x0000000088000000, 0x0000000088100000|  0%| F|  |TAMS 0x0000000088000000, 0x0000000088000000| Untracked 
| 105|0x0000000088100000, 0x0000000088100000, 0x0000000088200000|  0%| F|  |TAMS 0x0000000088100000, 0x0000000088100000| Untracked 
| 106|0x0000000088200000, 0x0000000088200000, 0x0000000088300000|  0%| F|  |TAMS 0x0000000088200000, 0x0000000088200000| Untracked 
| 107|0x0000000088300000, 0x0000000088300000, 0x0000000088400000|  0%| F|  |TAMS 0x0000000088300000, 0x0000000088300000| Untracked 
| 108|0x0000000088400000, 0x0000000088400000, 0x0000000088500000|  0%| F|  |TAMS 0x0000000088400000, 0x0000000088400000| Untracked 
| 109|0x0000000088500000, 0x0000000088500000, 0x0000000088600000|  0%| F|  |TAMS 0x0000000088500000, 0x0000000088500000| Untracked 
| 110|0x0000000088600000, 0x0000000088600000, 0x0000000088700000|  0%| F|  |TAMS 0x0000000088600000, 0x0000000088600000| Untracked 
| 111|0x0000000088700000, 0x0000000088700000, 0x0000000088800000|  0%| F|  |TAMS 0x0000000088700000, 0x0000000088700000| Untracked 
| 112|0x0000000088800000, 0x0000000088800000, 0x0000000088900000|  0%| F|  |TAMS 0x0000000088800000, 0x0000000088800000| Untracked 
| 113|0x0000000088900000, 0x0000000088900000, 0x0000000088a00000|  0%| F|  |TAMS 0x0000000088900000, 0x0000000088900000| Untracked 
| 114|0x0000000088a00000, 0x0000000088a00000, 0x0000000088b00000|  0%| F|  |TAMS 0x0000000088a00000, 0x0000000088a00000| Untracked 
| 115|0x0000000088b00000, 0x0000000088b00000, 0x0000000088c00000|  0%| F|  |TAMS 0x0000000088b00000, 0x0000000088b00000| Untracked 
| 116|0x0000000088c00000, 0x0000000088c00000, 0x0000000088d00000|  0%| F|  |TAMS 0x0000000088c00000, 0x0000000088c00000| Untracked 
| 117|0x0000000088d00000, 0x0000000088d00000, 0x0000000088e00000|  0%| F|  |TAMS 0x0000000088d00000, 0x0000000088d00000| Untracked 
| 118|0x0000000088e00000, 0x0000000088e00000, 0x0000000088f00000|  0%| F|  |TAMS 0x0000000088e00000, 0x0000000088e00000| Untracked 
| 119|0x0000000088f00000, 0x0000000088f00000, 0x0000000089000000|  0%| F|  |TAMS 0x0000000088f00000, 0x0000000088f00000| Untracked 
| 120|0x0000000089000000, 0x0000000089043108, 0x0000000089100000| 26%| E|  |TAMS 0x0000000089000000, 0x0000000089000000| Complete 
| 121|0x0000000089100000, 0x0000000089200000, 0x0000000089200000|100%| E|CS|TAMS 0x0000000089100000, 0x0000000089100000| Complete 
| 122|0x0000000089200000, 0x0000000089300000, 0x0000000089300000|100%| E|CS|TAMS 0x0000000089200000, 0x0000000089200000| Complete 
| 123|0x0000000089300000, 0x0000000089400000, 0x0000000089400000|100%| E|CS|TAMS 0x0000000089300000, 0x0000000089300000| Complete 
| 124|0x0000000089400000, 0x0000000089500000, 0x0000000089500000|100%| E|CS|TAMS 0x0000000089400000, 0x0000000089400000| Complete 
| 125|0x0000000089500000, 0x0000000089600000, 0x0000000089600000|100%| E|CS|TAMS 0x0000000089500000, 0x0000000089500000| Complete 
| 126|0x0000000089600000, 0x0000000089700000, 0x0000000089700000|100%| E|CS|TAMS 0x0000000089600000, 0x0000000089600000| Complete 
| 127|0x0000000089700000, 0x0000000089800000, 0x0000000089800000|100%| E|CS|TAMS 0x0000000089700000, 0x0000000089700000| Complete 

Card table byte_map: [0x000001ab319b0000,0x000001ab31db0000] _byte_map_base: 0x000001ab315a4000

Marking Bits (Prev, Next): (CMBitMap*) 0x000001ab1d238bd0, (CMBitMap*) 0x000001ab1d238c10
 Prev Bits: [0x000001ab321b0000, 0x000001ab34150000)
 Next Bits: [0x000001ab34150000, 0x000001ab360f0000)

Polling page: 0x000001ab1cfe0000

Metaspace:

Usage:
  Non-class:     14.05 MB used.
      Class:      1.60 MB used.
       Both:     15.65 MB used.

Virtual space:
  Non-class space:       16.00 MB reserved,      14.12 MB ( 88%) committed,  2 nodes.
      Class space:        1.00 GB reserved,       1.69 MB ( <1%) committed,  1 nodes.
              Both:        1.02 GB reserved,      15.81 MB (  2%) committed. 

Chunk freelists:
   Non-Class:  1.00 MB
       Class:  2.24 MB
        Both:  3.24 MB

MaxMetaspaceSize: 17179869184.00 GB
CompressedClassSpaceSize: 1.00 GB
 - commit_granule_bytes: 65536.
 - commit_granule_words: 8192.
 - virtual_space_node_default_size: 1048576.
 - enlarge_chunks_in_place: 1.
 - new_chunks_are_fully_committed: 0.
 - uncommit_free_chunks: 1.
 - use_allocation_guard: 0.
 - handle_deallocations: 1.


Internal statistics:

num_allocs_failed_limit: 0.
num_arena_births: 110.
num_arena_deaths: 0.
num_vsnodes_births: 3.
num_vsnodes_deaths: 0.
num_space_committed: 253.
num_space_uncommitted: 0.
num_chunks_returned_to_freelist: 0.
num_chunks_taken_from_freelist: 174.
num_chunk_merges: 0.
num_chunk_splits: 92.
num_chunks_enlarged: 49.
num_purges: 0.

CodeHeap 'non-profiled nmethods': size=120000Kb used=261Kb max_used=261Kb free=119738Kb
 bounds [0x000001ab29a60000, 0x000001ab29cd0000, 0x000001ab30f90000]
CodeHeap 'profiled nmethods': size=120000Kb used=1349Kb max_used=1349Kb free=118650Kb
 bounds [0x000001ab22530000, 0x000001ab227a0000, 0x000001ab29a60000]
CodeHeap 'non-nmethods': size=5760Kb used=1276Kb max_used=1292Kb free=4483Kb
 bounds [0x000001ab21f90000, 0x000001ab22200000, 0x000001ab22530000]
 total_blobs=1552 nmethods=952 adapters=513
 compilation: enabled
              stopped_count=0, restarted_count=0
 full_count=0

Compilation events (20 events):
Event: 2.984 Thread 0x000001ab39019d00 nmethod 915 0x000001ab2266d190 code [0x000001ab2266d4e0, 0x000001ab2266e838]
Event: 2.986 Thread 0x000001ab39019d00  916       1       java.awt.Component::isCoalescingEnabled (5 bytes)
Event: 2.987 Thread 0x000001ab39019d00 nmethod 916 0x000001ab29a9df10 code [0x000001ab29a9e0a0, 0x000001ab29a9e178]
Event: 2.989 Thread 0x000001ab39019d00  917       3       java.awt.GraphicsEnvironment::isHeadless (4 bytes)
Event: 2.989 Thread 0x000001ab39019d00 nmethod 917 0x000001ab2266ee90 code [0x000001ab2266f0a0, 0x000001ab2266f738]
Event: 2.989 Thread 0x000001ab39019d00  918       3       java.awt.GraphicsEnvironment::getHeadlessProperty (22 bytes)
Event: 2.990 Thread 0x000001ab39019d00 nmethod 918 0x000001ab2266f990 code [0x000001ab2266fba0, 0x000001ab226701d8]
Event: 2.990 Thread 0x000001ab39019d00  919  s    3       java.awt.KeyboardFocusManager::getCurrentKeyboardFocusManager (32 bytes)
Event: 2.990 Thread 0x000001ab39019d00 nmethod 919 0x000001ab22670410 code [0x000001ab226705e0, 0x000001ab226709c8]
Event: 2.990 Thread 0x000001ab39019d00  920       3       java.awt.KeyboardFocusManager::getCurrentKeyboardFocusManager (7 bytes)
Event: 2.990 Thread 0x000001ab39019d00 nmethod 920 0x000001ab22670b10 code [0x000001ab22670d00, 0x000001ab226711b8]
Event: 2.990 Thread 0x000001ab39019d00  921       3       java.awt.event.MouseEvent::getModifiersEx (29 bytes)
Event: 2.991 Thread 0x000001ab39019d00 nmethod 921 0x000001ab22671410 code [0x000001ab226715e0, 0x000001ab226719f8]
Event: 2.991 Thread 0x000001ab39019d00  923   !   3       java.awt.Container::getMouseEventTargetImpl (255 bytes)
Event: 2.991 Thread 0x000001ab39017bc0  925       4       jdk.internal.logger.SurrogateLogger::defaultPlatformLevel (4 bytes)
Event: 2.991 Thread 0x000001ab39017bc0 nmethod 925 0x000001ab29a9e210 code [0x000001ab29a9e3a0, 0x000001ab29a9e418]
Event: 2.992 Thread 0x000001ab39019d00 nmethod 923 0x000001ab22671b90 code [0x000001ab22671e40, 0x000001ab22673128]
Event: 2.992 Thread 0x000001ab39019d00  922       3       java.awt.Container::getMouseEventTarget (50 bytes)
Event: 2.992 Thread 0x000001ab39019d00 nmethod 922 0x000001ab22673790 code [0x000001ab22673940, 0x000001ab22673c18]
Event: 2.992 Thread 0x000001ab39019d00  924       3       javax.swing.UIDefaults$TextAndMnemonicHashMap::get (358 bytes)

GC Heap History (0 events):
No events

Deoptimization events (20 events):
Event: 0.552 Thread 0x000001ab1d1f9590 DEOPT PACKING pc=0x000001ab29a7f9c4 sp=0x000000418b0fe840
Event: 0.552 Thread 0x000001ab1d1f9590 DEOPT UNPACKING pc=0x000001ab21fdd72e sp=0x000000418b0fe7e8 mode 2
Event: 0.652 Thread 0x000001ab1d1f9590 DEOPT PACKING pc=0x000001ab22548e67 sp=0x000000418b0fd2e0
Event: 0.652 Thread 0x000001ab1d1f9590 DEOPT UNPACKING pc=0x000001ab21fddece sp=0x000000418b0fc700 mode 0
Event: 0.779 Thread 0x000001ab395e46b0 Uncommon trap: trap_request=0xffffffc6 fr.pc=0x000001ab29a911e4 relative=0x0000000000000624
Event: 0.779 Thread 0x000001ab395e46b0 Uncommon trap: reason=bimorphic_or_optimized_type_check action=maybe_recompile pc=0x000001ab29a911e4 method=java.util.HashMap.getNode(Ljava/lang/Object;)Ljava/util/HashMap$Node; @ 63 c2
Event: 0.779 Thread 0x000001ab395e46b0 DEOPT PACKING pc=0x000001ab29a911e4 sp=0x000000418c6fcf40
Event: 0.780 Thread 0x000001ab395e46b0 DEOPT UNPACKING pc=0x000001ab21fdd72e sp=0x000000418c6fceb8 mode 2
Event: 0.780 Thread 0x000001ab395e46b0 Uncommon trap: trap_request=0xffffffc6 fr.pc=0x000001ab29a911e4 relative=0x0000000000000624
Event: 0.780 Thread 0x000001ab395e46b0 Uncommon trap: reason=bimorphic_or_optimized_type_check action=maybe_recompile pc=0x000001ab29a911e4 method=java.util.HashMap.getNode(Ljava/lang/Object;)Ljava/util/HashMap$Node; @ 63 c2
Event: 0.780 Thread 0x000001ab395e46b0 DEOPT PACKING pc=0x000001ab29a911e4 sp=0x000000418c6fcf30
Event: 0.780 Thread 0x000001ab395e46b0 DEOPT UNPACKING pc=0x000001ab21fdd72e sp=0x000000418c6fcea8 mode 2
Event: 0.781 Thread 0x000001ab395e46b0 Uncommon trap: trap_request=0xffffffc6 fr.pc=0x000001ab29a911e4 relative=0x0000000000000624
Event: 0.781 Thread 0x000001ab395e46b0 Uncommon trap: reason=bimorphic_or_optimized_type_check action=maybe_recompile pc=0x000001ab29a911e4 method=java.util.HashMap.getNode(Ljava/lang/Object;)Ljava/util/HashMap$Node; @ 63 c2
Event: 0.781 Thread 0x000001ab395e46b0 DEOPT PACKING pc=0x000001ab29a911e4 sp=0x000000418c6fcfd0
Event: 0.781 Thread 0x000001ab395e46b0 DEOPT UNPACKING pc=0x000001ab21fdd72e sp=0x000000418c6fcf48 mode 2
Event: 0.781 Thread 0x000001ab395e46b0 Uncommon trap: trap_request=0xffffffc6 fr.pc=0x000001ab29a911e4 relative=0x0000000000000624
Event: 0.781 Thread 0x000001ab395e46b0 Uncommon trap: reason=bimorphic_or_optimized_type_check action=maybe_recompile pc=0x000001ab29a911e4 method=java.util.HashMap.getNode(Ljava/lang/Object;)Ljava/util/HashMap$Node; @ 63 c2
Event: 0.781 Thread 0x000001ab395e46b0 DEOPT PACKING pc=0x000001ab29a911e4 sp=0x000000418c6fcfd0
Event: 0.781 Thread 0x000001ab395e46b0 DEOPT UNPACKING pc=0x000001ab21fdd72e sp=0x000000418c6fcf48 mode 2

Classes unloaded (0 events):
No events

Classes redefined (0 events):
No events

Internal exceptions (13 events):
Event: 0.222 Thread 0x000001ab1d1f9590 Exception <a 'java/lang/NoSuchMethodError'{0x000000008962c350}: 'void java.lang.invoke.DirectMethodHandle$Holder.invokeSpecial(java.lang.Object, java.lang.Object, java.lang.Object)'> (0x000000008962c350) 
thrown [t:\workspace\open\src\hotspot\share\interpreter\linkResolver.cpp, line 790]
Event: 0.260 Thread 0x000001ab1d1f9590 Exception <a 'java/lang/ClassNotFoundException'{0x00000000896562e0}: sun/awt/resources/spi/awtProvider> (0x00000000896562e0) 
thrown [t:\workspace\open\src\hotspot\share\classfile\systemDictionary.cpp, line 256]
Event: 0.304 Thread 0x000001ab1d1f9590 Exception <a 'java/io/FileNotFoundException'{0x00000000896b2e68}> (0x00000000896b2e68) 
thrown [t:\workspace\open\src\hotspot\share\prims\jni.cpp, line 579]
Event: 0.316 Thread 0x000001ab1d1f9590 Exception <a 'java/io/FileNotFoundException'{0x00000000896e1ce8}> (0x00000000896e1ce8) 
thrown [t:\workspace\open\src\hotspot\share\prims\jni.cpp, line 579]
Event: 0.317 Thread 0x000001ab1d1f9590 Exception <a 'java/lang/NoSuchMethodError'{0x00000000896e3408}: 'java.lang.Object java.lang.invoke.DirectMethodHandle$Holder.invokeStatic(java.lang.Object)'> (0x00000000896e3408) 
thrown [t:\workspace\open\src\hotspot\share\interpreter\linkResolver.cpp, line 790]
Event: 0.399 Thread 0x000001ab1d1f9590 Exception <a 'java/lang/NoSuchMethodError'{0x0000000089547870}: 'java.lang.Object java.lang.invoke.DirectMethodHandle$Holder.invokeStaticInit(java.lang.Object)'> (0x0000000089547870) 
thrown [t:\workspace\open\src\hotspot\share\interpreter\linkResolver.cpp, line 790]
Event: 0.454 Thread 0x000001ab1d1f9590 Exception <a 'java/lang/NoSuchMethodError'{0x00000000895fb4f8}: 'java.lang.Object java.lang.invoke.DirectMethodHandle$Holder.newInvokeSpecial(java.lang.Object, java.lang.Object, java.lang.Object, java.lang.Object, java.lang.Object)'> (0x00000000895fb4f8) 
thrown [t:\workspace\open\src\hotspot\share\interpreter\linkResolver.cpp, line 790]
Event: 0.456 Thread 0x000001ab1d1f9590 Exception <a 'java/lang/NoSuchMethodError'{0x0000000089407a20}: 'java.lang.Object java.lang.invoke.DirectMethodHandle$Holder.invokeStatic(java.lang.Object, int, java.lang.Object, java.lang.Object, java.lang.Object, java.lang.Object)'> (0x0000000089407a20) 
thrown [t:\workspace\open\src\hotspot\share\interpreter\linkResolver.cpp, line 790]
Event: 0.462 Thread 0x000001ab1d1f9590 Exception <a 'java/lang/NoSuchMethodError'{0x000000008942dae8}: 'java.lang.Object java.lang.invoke.DirectMethodHandle$Holder.invokeStatic(java.lang.Object, int, java.lang.Object)'> (0x000000008942dae8) 
thrown [t:\workspace\open\src\hotspot\share\interpreter\linkResolver.cpp, line 790]
Event: 0.497 Thread 0x000001ab1d1f9590 Exception <a 'java/lang/ClassNotFoundException'{0x00000000894e6340}: com/sun/swing/internal/plaf/metal/resources/spi/metalProvider> (0x00000000894e6340) 
thrown [t:\workspace\open\src\hotspot\share\classfile\systemDictionary.cpp, line 256]
Event: 0.499 Thread 0x000001ab1d1f9590 Exception <a 'java/lang/ClassNotFoundException'{0x00000000894ec348}: com/sun/swing/internal/plaf/basic/resources/spi/basicProvider> (0x00000000894ec348) 
thrown [t:\workspace\open\src\hotspot\share\classfile\systemDictionary.cpp, line 256]
Event: 0.596 Thread 0x000001ab39587020 Exception <a 'java/lang/NoSuchMethodError'{0x0000000089595330}: 'void java.lang.invoke.DirectMethodHandle$Holder.invokeVirtual(java.lang.Object, java.lang.Object)'> (0x0000000089595330) 
thrown [t:\workspace\open\src\hotspot\share\interpreter\linkResolver.cpp, line 790]
Event: 0.615 Thread 0x000001ab1d1f9590 Exception <a 'java/lang/NoSuchMethodError'{0x00000000893fc220}: 'void java.lang.invoke.DirectMethodHandle$Holder.invokeStaticInit(java.lang.Object)'> (0x00000000893fc220) 
thrown [t:\workspace\open\src\hotspot\share\interpreter\linkResolver.cpp, line 790]

Events (20 events):
Event: 2.984 loading class java/util/concurrent/atomic/Striped64 done
Event: 2.984 loading class java/util/concurrent/atomic/LongAdder done
Event: 2.984 loading class java/util/concurrent/ConcurrentSkipListMap$Node
Event: 2.984 loading class java/util/concurrent/ConcurrentSkipListMap$Node done
Event: 2.984 loading class java/net/InetAddressImplFactory
Event: 2.984 loading class java/net/InetAddressImplFactory done
Event: 2.984 loading class java/net/Inet6AddressImpl
Event: 2.984 loading class java/net/InetAddressImpl
Event: 2.984 loading class java/net/InetAddressImpl done
Event: 2.984 loading class java/net/Inet6AddressImpl done
Event: 2.984 loading class java/net/InetAddress$PlatformNameService
Event: 2.984 loading class java/net/InetAddress$NameService
Event: 2.984 loading class java/net/InetAddress$NameService done
Event: 2.984 loading class java/net/InetAddress$PlatformNameService done
Event: 2.984 loading class java/net/Inet6Address
Event: 2.984 loading class java/net/Inet6Address done
Event: 2.985 loading class java/net/Inet6Address$Inet6AddressHolder
Event: 2.985 loading class java/net/Inet6Address$Inet6AddressHolder done
Event: 2.986 loading class javax/swing/JList$4
Event: 2.986 loading class javax/swing/JList$4 done


Dynamic libraries:
0x00007ff750330000 - 0x00007ff75033e000 	C:\Users\71041\.p2\pool\plugins\org.eclipse.justj.openjdk.hotspot.jre.full.win32.x86_64_16.0.2.v20210721-1149\jre\bin\javaw.exe
0x00007ff8802f0000 - 0x00007ff8804e5000 	C:\WINDOWS\SYSTEM32\ntdll.dll
0x00007ff8801f0000 - 0x00007ff8802ae000 	C:\WINDOWS\System32\KERNEL32.DLL
0x00007ff87da70000 - 0x00007ff87dd38000 	C:\WINDOWS\System32\KERNELBASE.dll
0x00007ff87dd40000 - 0x00007ff87de40000 	C:\WINDOWS\System32\ucrtbase.dll
0x00007ff877d00000 - 0x00007ff877d18000 	C:\Users\71041\.p2\pool\plugins\org.eclipse.justj.openjdk.hotspot.jre.full.win32.x86_64_16.0.2.v20210721-1149\jre\bin\jli.dll
0x00007ff8775f0000 - 0x00007ff877609000 	C:\Users\71041\.p2\pool\plugins\org.eclipse.justj.openjdk.hotspot.jre.full.win32.x86_64_16.0.2.v20210721-1149\jre\bin\VCRUNTIME140.dll
0x00007ff87f0e0000 - 0x00007ff87f281000 	C:\WINDOWS\System32\USER32.dll
0x00007ff87e020000 - 0x00007ff87e042000 	C:\WINDOWS\System32\win32u.dll
0x00007ff87f790000 - 0x00007ff87f7bb000 	C:\WINDOWS\System32\GDI32.dll
0x00007ff868480000 - 0x00007ff86871a000 	C:\WINDOWS\WinSxS\amd64_microsoft.windows.common-controls_6595b64144ccf1df_6.0.19041.1110_none_60b5254171f9507e\COMCTL32.dll
0x00007ff87e050000 - 0x00007ff87e15b000 	C:\WINDOWS\System32\gdi32full.dll
0x00007ff87ef30000 - 0x00007ff87efce000 	C:\WINDOWS\System32\msvcrt.dll
0x00007ff87e2a0000 - 0x00007ff87e33d000 	C:\WINDOWS\System32\msvcp_win.dll
0x00007ff87f760000 - 0x00007ff87f790000 	C:\WINDOWS\System32\IMM32.DLL
0x00007ff878970000 - 0x00007ff87897c000 	C:\Users\71041\.p2\pool\plugins\org.eclipse.justj.openjdk.hotspot.jre.full.win32.x86_64_16.0.2.v20210721-1149\jre\bin\vcruntime140_1.dll
0x00007ff8771a0000 - 0x00007ff877231000 	C:\Users\71041\.p2\pool\plugins\org.eclipse.justj.openjdk.hotspot.jre.full.win32.x86_64_16.0.2.v20210721-1149\jre\bin\msvcp140.dll
0x00007ff82e6a0000 - 0x00007ff82f24b000 	C:\Users\71041\.p2\pool\plugins\org.eclipse.justj.openjdk.hotspot.jre.full.win32.x86_64_16.0.2.v20210721-1149\jre\bin\server\jvm.dll
0x00007ff87f290000 - 0x00007ff87f33c000 	C:\WINDOWS\System32\ADVAPI32.dll
0x00007ff87efd0000 - 0x00007ff87f06b000 	C:\WINDOWS\System32\sechost.dll
0x00007ff87fe00000 - 0x00007ff87ff2a000 	C:\WINDOWS\System32\RPCRT4.dll
0x00007ff87ea80000 - 0x00007ff87ea88000 	C:\WINDOWS\System32\PSAPI.DLL
0x00007ff864350000 - 0x00007ff864359000 	C:\WINDOWS\SYSTEM32\WSOCK32.dll
0x00007ff87f400000 - 0x00007ff87f46b000 	C:\WINDOWS\System32\WS2_32.dll
0x00007ff87d4e0000 - 0x00007ff87d4ea000 	C:\WINDOWS\SYSTEM32\VERSION.dll
0x00007ff8676f0000 - 0x00007ff867717000 	C:\WINDOWS\SYSTEM32\WINMM.dll
0x00007ff87c230000 - 0x00007ff87c242000 	C:\WINDOWS\SYSTEM32\kernel.appcore.dll
0x00007ff8674e0000 - 0x00007ff8674ea000 	C:\Users\71041\.p2\pool\plugins\org.eclipse.justj.openjdk.hotspot.jre.full.win32.x86_64_16.0.2.v20210721-1149\jre\bin\jimage.dll
0x00007ff87beb0000 - 0x00007ff87c094000 	C:\WINDOWS\SYSTEM32\DBGHELP.DLL
0x00007ff862fd0000 - 0x00007ff862ffc000 	C:\WINDOWS\SYSTEM32\dbgcore.DLL
0x00007ff87e160000 - 0x00007ff87e1e3000 	C:\WINDOWS\System32\bcryptPrimitives.dll
0x00007ff852760000 - 0x00007ff852785000 	C:\Users\71041\.p2\pool\plugins\org.eclipse.justj.openjdk.hotspot.jre.full.win32.x86_64_16.0.2.v20210721-1149\jre\bin\java.dll
0x00007ff862a90000 - 0x00007ff862aa8000 	C:\Users\71041\.p2\pool\plugins\org.eclipse.justj.openjdk.hotspot.jre.full.win32.x86_64_16.0.2.v20210721-1149\jre\bin\zip.dll
0x00007ff87e340000 - 0x00007ff87ea7f000 	C:\WINDOWS\System32\SHELL32.dll
0x00007ff87b650000 - 0x00007ff87bde0000 	C:\WINDOWS\SYSTEM32\windows.storage.dll
0x00007ff87eaf0000 - 0x00007ff87ee45000 	C:\WINDOWS\System32\combase.dll
0x00007ff87d240000 - 0x00007ff87d26e000 	C:\WINDOWS\SYSTEM32\Wldp.dll
0x00007ff87f350000 - 0x00007ff87f3fd000 	C:\WINDOWS\System32\SHCORE.dll
0x00007ff87ee50000 - 0x00007ff87eea5000 	C:\WINDOWS\System32\shlwapi.dll
0x00007ff87d950000 - 0x00007ff87d96f000 	C:\WINDOWS\SYSTEM32\profapi.dll
0x00007ff84bd50000 - 0x00007ff84bd69000 	C:\Users\71041\.p2\pool\plugins\org.eclipse.justj.openjdk.hotspot.jre.full.win32.x86_64_16.0.2.v20210721-1149\jre\bin\net.dll
0x00007ff875030000 - 0x00007ff87513c000 	C:\WINDOWS\SYSTEM32\WINHTTP.dll
0x00007ff87d020000 - 0x00007ff87d08a000 	C:\WINDOWS\system32\mswsock.dll
0x00007ff84bd30000 - 0x00007ff84bd43000 	C:\Users\71041\.p2\pool\plugins\org.eclipse.justj.openjdk.hotspot.jre.full.win32.x86_64_16.0.2.v20210721-1149\jre\bin\nio.dll
0x00007ff866e00000 - 0x00007ff866e10000 	C:\Users\71041\.p2\pool\plugins\org.eclipse.justj.openjdk.hotspot.jre.full.win32.x86_64_16.0.2.v20210721-1149\jre\bin\verify.dll
0x00007ff84ba00000 - 0x00007ff84bb7f000 	C:\Users\71041\.p2\pool\plugins\org.eclipse.justj.openjdk.hotspot.jre.full.win32.x86_64_16.0.2.v20210721-1149\jre\bin\awt.dll
0x00007ff87f690000 - 0x00007ff87f75d000 	C:\WINDOWS\System32\OLEAUT32.dll
0x00007ff87ae60000 - 0x00007ff87aef0000 	C:\WINDOWS\SYSTEM32\apphelp.dll
0x00007ff87b180000 - 0x00007ff87b1af000 	C:\WINDOWS\system32\DWMAPI.DLL
0x00007ff87af90000 - 0x00007ff87b02e000 	C:\WINDOWS\system32\uxtheme.dll
0x00007ff85eca0000 - 0x00007ff85edc5000 	C:\WINDOWS\system32\opengl32.dll
0x00007ff860550000 - 0x00007ff86057c000 	C:\WINDOWS\SYSTEM32\GLU32.dll
0x00007ff87f570000 - 0x00007ff87f685000 	C:\WINDOWS\System32\MSCTF.dll
0x00007ff87fcd0000 - 0x00007ff87fdfa000 	C:\WINDOWS\System32\ole32.dll
0x00007ff875fc0000 - 0x00007ff876049000 	C:\Users\71041\.p2\pool\plugins\org.eclipse.justj.openjdk.hotspot.jre.full.win32.x86_64_16.0.2.v20210721-1149\jre\bin\freetype.dll
0x00007ff869890000 - 0x00007ff869986000 	C:\Users\71041\.p2\pool\plugins\org.eclipse.justj.openjdk.hotspot.jre.full.win32.x86_64_16.0.2.v20210721-1149\jre\bin\harfbuzz.dll
0x00007ff877710000 - 0x00007ff877722000 	C:\Users\71041\.p2\pool\plugins\org.eclipse.justj.openjdk.hotspot.jre.full.win32.x86_64_16.0.2.v20210721-1149\jre\bin\fontmanager.dll
0x00007ff880140000 - 0x00007ff8801e9000 	C:\WINDOWS\System32\clbcatq.dll
0x00007ff86f1f0000 - 0x00007ff86f3a4000 	C:\WINDOWS\SYSTEM32\WindowsCodecs.dll
0x00007ff87dfa0000 - 0x00007ff87dfc7000 	C:\WINDOWS\System32\bcrypt.dll
0x00007ff855bb0000 - 0x00007ff855bee000 	C:\WINDOWS\system32\dataexchange.dll
0x00007ff87a110000 - 0x00007ff87a2f5000 	C:\WINDOWS\system32\dcomp.dll
0x00007ff879d60000 - 0x00007ff879fc4000 	C:\WINDOWS\system32\d3d11.dll
0x00007ff87c250000 - 0x00007ff87c344000 	C:\WINDOWS\system32\dxgi.dll
0x00007ff875470000 - 0x00007ff875671000 	C:\WINDOWS\system32\twinapi.appcore.dll
0x00007ff871b80000 - 0x00007ff871c79000 	C:\WINDOWS\SYSTEM32\textinputframework.dll
0x00007ff87a7e0000 - 0x00007ff87ab3e000 	C:\WINDOWS\System32\CoreUIComponents.dll
0x00007ff87ab40000 - 0x00007ff87ac32000 	C:\WINDOWS\System32\CoreMessaging.dll
0x00007ff87a680000 - 0x00007ff87a7d4000 	C:\WINDOWS\SYSTEM32\wintypes.dll
0x00007ff87c690000 - 0x00007ff87c6c3000 	C:\WINDOWS\SYSTEM32\ntmarta.dll
0x00007ff877160000 - 0x00007ff877199000 	D:\jdk\bin\jpcap.dll
0x00007ff87cd30000 - 0x00007ff87cd6b000 	C:\WINDOWS\SYSTEM32\IPHLPAPI.DLL
0x0000000180000000 - 0x0000000180065000 	C:\WINDOWS\SYSTEM32\wpcap.dll
0x000001ab39fa0000 - 0x000001ab39fbf000 	C:\WINDOWS\SYSTEM32\packet.dll
0x00007ff87f340000 - 0x00007ff87f348000 	C:\WINDOWS\System32\NSI.dll
0x00007ff8744d0000 - 0x00007ff8744e7000 	C:\WINDOWS\SYSTEM32\dhcpcsvc6.DLL
0x00007ff8743d0000 - 0x00007ff8743ed000 	C:\WINDOWS\SYSTEM32\dhcpcsvc.DLL
0x00007ff87cd70000 - 0x00007ff87ce3b000 	C:\WINDOWS\SYSTEM32\DNSAPI.dll
0x00007ff84ddd0000 - 0x00007ff84dfd8000 	C:\WINDOWS\system32\SogouTSF.ime
0x00007ff86d310000 - 0x00007ff86d317000 	C:\WINDOWS\system32\MSIMG32.dll
0x00007ff84d4a0000 - 0x00007ff84ddcc000 	C:\WINDOWS\system32\SogouPy.ime
0x00007ff867680000 - 0x00007ff8676e6000 	C:\WINDOWS\SYSTEM32\OLEACC.dll
0x0000000010000000 - 0x00000000101c1000 	C:\Program Files (x86)\SogouInput\11.1.0.5032\Resource.dll
0x00007ff84be90000 - 0x00007ff84c0fa000 	C:\Program Files (x86)\SogouInput\Components\PicFace\1.1.0.1881\PicFace64.dll
0x00007ff87f470000 - 0x00007ff87f54a000 	C:\WINDOWS\System32\COMDLG32.dll
0x00007ff868c30000 - 0x00007ff868cdc000 	C:\WINDOWS\SYSTEM32\TextShaping.dll

dbghelp: loaded successfully - version: 4.0.5 - missing functions: none
symbol engine: initialized successfully - sym options: 0x614 - pdb path: .;C:\Users\71041\.p2\pool\plugins\org.eclipse.justj.openjdk.hotspot.jre.full.win32.x86_64_16.0.2.v20210721-1149\jre\bin;C:\WINDOWS\SYSTEM32;C:\WINDOWS\WinSxS\amd64_microsoft.windows.common-controls_6595b64144ccf1df_6.0.19041.1110_none_60b5254171f9507e;C:\Users\71041\.p2\pool\plugins\org.eclipse.justj.openjdk.hotspot.jre.full.win32.x86_64_16.0.2.v20210721-1149\jre\bin\server;D:\jdk\bin;C:\Program Files (x86)\SogouInput\11.1.0.5032;C:\Program Files (x86)\SogouInput\Components\PicFace\1.1.0.1881

VM Arguments:
jvm_args: -Dfile.encoding=GBK -XX:+ShowCodeDetailsInExceptionMessages 
java_command: control.SnifferDriver
java_class_path (initial): D:\5004\final_project\Network_Packet_Sniffer\bin;C:\Users\71041\Desktop\jpcap\jpcap.jar;C:\Users\71041\Downloads\jaxb-ri-2.3.1\jaxb-ri\mod\jaxb-api.jar
Launcher Type: SUN_STANDARD

[Global flags]
     intx CICompilerCount                          = 3                                         {product} {ergonomic}
     uint ConcGCThreads                            = 1                                         {product} {ergonomic}
     uint G1ConcRefinementThreads                  = 4                                         {product} {ergonomic}
   size_t G1HeapRegionSize                         = 1048576                                   {product} {ergonomic}
    uintx GCDrainStackTargetSize                   = 64                                        {product} {ergonomic}
   size_t InitialHeapSize                          = 134217728                                 {product} {ergonomic}
   size_t MarkStackSize                            = 4194304                                   {product} {ergonomic}
   size_t MaxHeapSize                              = 2122317824                                {product} {ergonomic}
   size_t MaxNewSize                               = 1272971264                                {product} {ergonomic}
   size_t MinHeapDeltaBytes                        = 1048576                                   {product} {ergonomic}
   size_t MinHeapSize                              = 8388608                                   {product} {ergonomic}
    uintx NonNMethodCodeHeapSize                   = 5832780                                {pd product} {ergonomic}
    uintx NonProfiledCodeHeapSize                  = 122912730                              {pd product} {ergonomic}
    uintx ProfiledCodeHeapSize                     = 122912730                              {pd product} {ergonomic}
    uintx ReservedCodeCacheSize                    = 251658240                              {pd product} {ergonomic}
     bool SegmentedCodeCache                       = true                                      {product} {ergonomic}
     bool ShowCodeDetailsInExceptionMessages       = true                                   {manageable} {command line}
   size_t SoftMaxHeapSize                          = 2122317824                             {manageable} {ergonomic}
     bool UseCompressedClassPointers               = true                           {product lp64_product} {ergonomic}
     bool UseCompressedOops                        = true                           {product lp64_product} {ergonomic}
     bool UseG1GC                                  = true                                      {product} {ergonomic}
     bool UseLargePagesIndividualAllocation        = false                                  {pd product} {ergonomic}

Logging:
Log output configuration:
 #0: stdout all=warning uptime,level,tags
 #1: stderr all=off uptime,level,tags

Environment Variables:
JAVA_HOME=D:\jdk
CLASSPATH=.;D:\jdk\lib\dt.jar;D:\jdk\lib\tools.jar;
PATH=C:/Users/71041/.p2/pool/plugins/org.eclipse.justj.openjdk.hotspot.jre.full.win32.x86_64_16.0.2.v20210721-1149/jre/bin/server;C:/Users/71041/.p2/pool/plugins/org.eclipse.justj.openjdk.hotspot.jre.full.win32.x86_64_16.0.2.v20210721-1149/jre/bin;D:\jdk\bin;D:\IntelliJ IDEA Community Edition 2021.2.1\bin;C:\Program Files\NVIDIA GPU Computing Toolkit\CUDA\v10.1\libnvvp;C:\WINDOWS\system32;C:\WINDOWS;C:\WINDOWS\System32\Wbem;C:\WINDOWS\System32\WindowsPowerShell\v1.0\;C:\Program Files (x86)\NVIDIA Corporation\PhysX\Common;C:\Program Files\NVIDIA Corporation\NVIDIA NvDLISR;D:\anaconda\Scripts;D:\anaconda;C:\WINDOWS\system32;C:\WINDOWS;C:\WINDOWS\System32\Wbem;C:\WINDOWS\System32\WindowsPowerShell\v1.0\;C:\WINDOWS\System32\OpenSSH\;D:\puuty\;C:\Program Files\Git\cmd;D:\jdk\bin;C:\Program Files\MySQL\MySQL Shell 8.0\bin\;C:\Users\71041\Anaconda3;C:\Users\71041\Anaconda3\Library\mingw-w64\bin;C:\Users\71041\Anaconda3\Library\usr\bin;C:\Users\71041\Anaconda3\Library\bin;C:\Users\71041\Anaconda3\Scripts;C:\Users\71041\AppData\Local\Microsoft\WindowsApps;E:\PyCharm Community Edition 2021.1.3\bin;?C:\Users\71041\anaconda3\Scripts;D:\IntelliJ IDEA Community Edition 2021.2.1\bin;D:\IntelliJ IDEA Community Edition 2021.2.1\bin;D:\latex\miktex\bin\x64\;C:\ProgramData\71041\atom\bin;D:\Hyper\resources\bin;C:\WINDOWS\system32;
USERNAME=71041
OS=Windows_NT
PROCESSOR_IDENTIFIER=Intel64 Family 6 Model 142 Stepping 9, GenuineIntel



---------------  S Y S T E M  ---------------

OS:
 Windows 10 , 64 bit Build 19041 (10.0.19041.1348)
OS uptime: 1 days 11:34 hours
Hyper-V role detected

CPU: total 4 (initial active 4) (2 cores per cpu, 2 threads per core) family 6 model 142 stepping 9 microcode 0xb4, cx8, cmov, fxsr, ht, mmx, 3dnowpref, sse, sse2, sse3, ssse3, sse4.1, sse4.2, popcnt, lzcnt, tsc, tscinvbit, avx, avx2, aes, erms, clmul, bmi1, bmi2, adx, fma, vzeroupper, clflush, clflushopt, hv

Memory: 4k page, system-wide physical 8090M (2050M free)
TotalPageFile size 16026M (AvailPageFile size 4820M)
current process WorkingSet (physical memory assigned to process): 89M, peak: 89M
current process commit charge ("private bytes"): 222M, peak: 225M

vm_info: OpenJDK 64-Bit Server VM (16.0.2+7-67) for windows-amd64 JRE (16.0.2+7-67), built on Jun  8 2021 23:21:43 by "mach5one" with MS VC++ 16.7 (VS2019)

END.
