#
# A fatal error has been detected by the Java Runtime Environment:
#
#  EXCEPTION_ACCESS_VIOLATION (0xc0000005) at pc=0x0000020687b0dbab, pid=16448, tid=10008
#
# JRE version: OpenJDK Runtime Environment (16.0.2+7) (build 16.0.2+7-67)
# Java VM: OpenJDK 64-Bit Server VM (16.0.2+7-67, mixed mode, tiered, compressed oops, compressed class ptrs, g1 gc, windows-amd64)
# Problematic frame:
# J 936 c2 java.util.HashMap.get(Ljava/lang/Object;)Ljava/lang/Object; java.base@16.0.2 (19 bytes) @ 0x0000020687b0dbab [0x0000020687b0db40+0x000000000000006b]
#
# No core dump will be written. Minidumps are not enabled by default on client versions of Windows
#
# If you would like to submit a bug report, please visit:
#   https://bugreport.java.com/bugreport/crash.jsp
#

---------------  S U M M A R Y ------------

Command Line: -Dfile.encoding=GBK -XX:+ShowCodeDetailsInExceptionMessages control.SnifferDriver

Host: Intel(R) Core(TM) i5-7200U CPU @ 2.50GHz, 4 cores, 7G,  Windows 10 , 64 bit Build 19041 (10.0.19041.1348)
Time: Sat Dec 11 03:06:07 2021  Windows 10 , 64 bit Build 19041 (10.0.19041.1348) elapsed time: 3.652167 seconds (0d 0h 0m 3s)

---------------  T H R E A D  ---------------

Current thread (0x000002069181e500):  JavaThread "Unknown thread" [_thread_in_Java, id=10008, stack(0x000000303f900000,0x000000303fa00000)]

Stack: [0x000000303f900000,0x000000303fa00000],  sp=0x000000303f9fd600,  free space=1013k
Native frames: (J=compiled Java code, j=interpreted, Vv=VM code, C=native code)
C  0x0000020687b0dbab


siginfo: EXCEPTION_ACCESS_VIOLATION (0xc0000005), reading address 0x00000000000001e0


Register to memory mapping:

RIP=0x0000020687b0dbab is at entry_point+107 in (nmethod*)0x0000020687b0d990
RAX=0x000000010005ed60 is a pointer to class: 
java.util.HashMap {0x000000010005ed68}
RBX=0x000000000000003f is an unknown value
RCX=0x0 is NULL
RDX=0x0000000089513588 points into unknown readable memory: 0x0000000000000000 | 00 00 00 00 00 00 00 00
RSP=0x000000303f9fd600 is pointing into the stack for thread: 0x000002069181e500
RBP=0x000000303f9fd868 is pointing into the stack for thread: 0x000002069181e500
RSI=0x0000000089513588 points into unknown readable memory: 0x0000000000000000 | 00 00 00 00 00 00 00 00
RDI=0x0000000089513588 points into unknown readable memory: 0x0000000000000000 | 00 00 00 00 00 00 00 00
R8 ={method} {0x0000020691000678} 'hashCode' '()I' in 'java/lang/Object'
R9 =0x000000008931d200 points into unknown readable memory: 0x0000000000000000 | 00 00 00 00 00 00 00 00
R10=0x0 is NULL
R11=0x000000008914ce68 is an oop: [Ljava.util.HashMap$Node; 
{0x000000008914ce68} - klass: 'java/util/HashMap$Node'[]
 - length: 64
R12=0x0 is NULL
R13=0x000000303f9fd7e8 is pointing into the stack for thread: 0x000002069181e500
R14=0x0 is NULL
R15=0x000002069181e500 is a thread


Registers:
RAX=0x000000010005ed60, RBX=0x000000000000003f, RCX=0x0000000000000000, RDX=0x0000000089513588
RSP=0x000000303f9fd600, RBP=0x000000303f9fd868, RSI=0x0000000089513588, RDI=0x0000000089513588
R8 =0x0000020691000670, R9 =0x000000008931d200, R10=0x0000000000000000, R11=0x000000008914ce68
R12=0x0000000000000000, R13=0x000000303f9fd7e8, R14=0x0000000000000000, R15=0x000002069181e500
RIP=0x0000020687b0dbab, EFLAGS=0x0000000000010246

Top of Stack: (sp=0x000000303f9fd600)
0x000000303f9fd600:   0000020600000000 000000303f9fd8e8
0x000000303f9fd610:   000000303f9fd878 000000303f9fd8e8
0x000000303f9fd620:   0000000100012850 00000206915588b0
0x000000303f9fd630:   000002069181e500 00000206915588b0
0x000000303f9fd640:   000000303f9fd868 0000020680656c84
0x000000303f9fd650:   0000000000000000 0000000000000000
0x000000303f9fd660:   0000020692af9a98 000002069181e500
0x000000303f9fd670:   000000303f9fd918 000002069181e500
0x000000303f9fd680:   0000020692c4a8b0 00000000000000b6
0x000000303f9fd690:   000000303f9fd7a0 00007ff82ea19338
0x000000303f9fd6a0:   0000000089513550 000000008931d200
0x000000303f9fd6b0:   0000000089513588 0000000000000001
0x000000303f9fd6c0:   0000000089513588 0000000000000000
0x000000303f9fd6d0:   000000303f9fd868 000002068067bfcc
0x000000303f9fd6e0:   0000256d5ac80c87 0000000000000000
0x000000303f9fd6f0:   000000303f9fd898 0000020692c4a8b0 

Instructions: (pc=0x0000020687b0dbab)
0x0000020687b0daab:   00 68 09 00 00 68 09 00 00 98 09 00 00 b0 09 00
0x0000020687b0dabb:   00 b0 09 00 00 b0 09 00 00 30 00 00 00 a8 03 00
0x0000020687b0dacb:   00 04 00 00 00 00 00 00 00 02 00 00 00 00 00 00
0x0000020687b0dadb:   00 00 00 00 00 e0 01 00 00 02 00 00 00 ff ff ff
0x0000020687b0daeb:   ff ff ff ff ff 0b 60 4f c0 01 f0 8f cc 02 f0 40
0x0000020687b0dafb:   cc 03 f0 17 cc 03 f0 2a cc 0a c1 4b 64 27 a0 16
0x0000020687b0db0b:   b0 0a f0 37 24 0a f0 80 24 38 64 1c 64 1c 64 14
0x0000020687b0db1b:   64 20 64 28 64 15 64 17 64 20 64 d4 f1 05 80 11
0x0000020687b0db2b:   64 1f 00 00 64 0f 64 00 00 00 00 00 00 00 00 00
0x0000020687b0db3b:   00 00 00 00 00 44 8b 52 08 49 c1 e2 03 49 3b c2
0x0000020687b0db4b:   0f 85 2f ef 53 f8 66 66 90 0f 1f 84 00 00 00 00
0x0000020687b0db5b:   00 66 66 66 90 89 84 24 00 90 ff ff 55 48 83 ec
0x0000020687b0db6b:   40 44 8b 5a 24 45 85 db 0f 84 b9 02 00 00 41 8b
0x0000020687b0db7b:   5b 0c 66 66 90 85 db 0f 86 90 03 00 00 4d 8b c8
0x0000020687b0db8b:   4d 85 c0 0f 84 f9 02 00 00 45 8b 50 08 ff cb 49
0x0000020687b0db9b:   b8 70 06 00 91 06 02 00 00 48 33 c9 4a 8d 0c d1
0x0000020687b0dbab:   4c 8b 91 e0 01 00 00 4d 3b d0 0f 85 18 03 00 00
0x0000020687b0dbbb:   4d 8b 11 4d 8b c2 49 83 e0 07 49 83 f8 01 0f 85
0x0000020687b0dbcb:   04 03 00 00 49 c1 ea 08 41 8b c2 81 e0 ff ff ff
0x0000020687b0dbdb:   7f 0f 1f 40 00 85 c0 0f 84 eb 02 00 00 44 8b d0
0x0000020687b0dbeb:   41 c1 ea 10 44 33 d0 41 23 da 41 8b 6c 9b 10 85
0x0000020687b0dbfb:   ed 0f 1f 40 00 0f 84 2c 02 00 00 44 8b 45 0c 45
0x0000020687b0dc0b:   3b c2 0f 84 f1 01 00 00 44 8b 45 18 45 85 c0 66
0x0000020687b0dc1b:   0f 1f 44 00 00 0f 84 0c 02 00 00 8b 4d 08 81 f9
0x0000020687b0dc2b:   0b c1 00 20 0f 84 fb 02 00 00 4d 8b d8 45 33 c0
0x0000020687b0dc3b:   41 8b 4b 0c 90 41 3b ca 0f 85 d2 01 00 00 41 8b
0x0000020687b0dc4b:   4b 10 48 8b d9 49 3b d9 0f 84 b9 01 00 00 0f 1f
0x0000020687b0dc5b:   80 00 00 00 00 41 8b 79 08 b8 01 00 00 00 81 ff
0x0000020687b0dc6b:   0e e7 01 20 0f 84 39 01 00 00 66 66 66 0f 1f 84
0x0000020687b0dc7b:   00 00 00 00 00 81 ff 6b 83 00 20 0f 85 f0 02 00
0x0000020687b0dc8b:   00 49 8b f9 48 3b fb 0f 84 11 01 00 00 85 c9 66
0x0000020687b0dc9b:   0f 1f 44 00 00 0f 84 64 02 00 00 44 8b 41 08 41 


Stack slot to memory mapping:
stack at sp + 0 slots: 0x0000020600000000 is an unknown value
stack at sp + 1 slots: 0x000000303f9fd8e8 is pointing into the stack for thread: 0x000002069181e500
stack at sp + 2 slots: 0x000000303f9fd878 is pointing into the stack for thread: 0x000002069181e500
stack at sp + 3 slots: 0x000000303f9fd8e8 is pointing into the stack for thread: 0x000002069181e500
stack at sp + 4 slots: 0x0000000100012850 is a pointer to class: 
java.awt.Component {0x0000000100012858}
stack at sp + 5 slots: {method} {0x00000206915588b8} 'repaint' '(IIII)V' in 'java/awt/Component'
stack at sp + 6 slots: 0x000002069181e500 is a thread
stack at sp + 7 slots: {method} {0x00000206915588b8} 'repaint' '(IIII)V' in 'java/awt/Component'

--------------------------------------------------------------------------------
[Constant Pool (empty)]

--------------------------------------------------------------------------------

[MachCode]
  0x0000020687b0db40: 448b 5208 | 49c1 e203 | 493b c20f | 852f ef53 | f866 6690 | 0f1f 8400 | 0000 0000 | 6666 6690 
  0x0000020687b0db60: 8984 2400 | 90ff ff55 | 4883 ec40 | 448b 5a24 | 4585 db0f | 84b9 0200 | 0041 8b5b | 0c66 6690 
  0x0000020687b0db80: 85db 0f86 | 9003 0000 | 4d8b c84d | 85c0 0f84 | f902 0000 | 458b 5008 | ffcb 49b8 | 7006 0091 
  0x0000020687b0dba0: 0602 0000 | 4833 c94a | 8d0c d14c | 8b91 e001 | 0000 4d3b | d00f 8518 | 0300 004d | 8b11 4d8b 
  0x0000020687b0dbc0: c249 83e0 | 0749 83f8 | 010f 8504 | 0300 0049 | c1ea 0841 | 8bc2 81e0 | ffff ff7f | 0f1f 4000 
  0x0000020687b0dbe0: 85c0 0f84 | eb02 0000 | 448b d041 | c1ea 1044 | 33d0 4123 | da41 8b6c | 9b10 85ed | 0f1f 4000 
  0x0000020687b0dc00: 0f84 2c02 | 0000 448b | 450c 453b | c20f 84f1 | 0100 0044 | 8b45 1845 | 85c0 660f | 1f44 0000 
  0x0000020687b0dc20: 0f84 0c02 | 0000 8b4d | 0881 f90b | c100 200f | 84fb 0200 | 004d 8bd8 | 4533 c041 | 8b4b 0c90 
  0x0000020687b0dc40: 413b ca0f | 85d2 0100 | 0041 8b4b | 1048 8bd9 | 493b d90f | 84b9 0100 | 000f 1f80 | 0000 0000 
  0x0000020687b0dc60: 418b 7908 | b801 0000 | 0081 ff0e | e701 200f | 8439 0100 | 0066 6666 | 0f1f 8400 | 0000 0000 
  0x0000020687b0dc80: 81ff 6b83 | 0020 0f85 | f002 0000 | 498b f948 | 3bfb 0f84 | 1101 0000 | 85c9 660f | 1f44 0000 
  0x0000020687b0dca0: 0f84 6402 | 0000 448b | 4108 4181 | f86b 8300 | 200f 8553 | 0200 0044 | 0fbe 4710 | 0fbe 6910 
  0x0000020687b0dcc0: 443b c50f | 85d3 0200 | 008b 5914 | 448b 4714 | 8b53 0c41 | 8b48 0c3b | ca0f 8532 | 0200 0048 
  0x0000020687b0dce0: 8bfb 488d | 7310 498b | d849 8d78 | 1085 c90f | 84a3 0000 | 008b c183 | e01f 83e1 | e00f 844b 
  0x0000020687b0dd00: 0000 0048 | 8d3c 0f48 | 8d34 0e48 | f7d9 c5fe | 6f0c 0fc5 | fe6f 040e | c5f5 efc8 | c4e2 7d17 
  0x0000020687b0dd20: c90f 8578 | 0000 0048 | 83c1 2075 | e185 c00f | 8463 0000 | 00c5 fe6f | 4c07 e0c5 | fe6f 4406 
  0x0000020687b0dd40: e0c5 f5ef | c8c4 e27d | 17c9 7553 | eb4a 8bc8 | 83e1 fc74 | 1948 8d3c | 0f48 8d34 | 0e48 f7d9 
  0x0000020687b0dd60: 8b1c 0f3b | 1c0e 7537 | 4883 c104 | 75f2 a902 | 0000 0074 | 120f b71f | 0fb7 0e3b | d975 2048 
  0x0000020687b0dd80: 8d7f 0248 | 8d76 02a9 | 0100 0000 | 740a 0fb6 | 1f0f b60e | 3bd9 7507 | b801 0000 | 00eb 0233 
  0x0000020687b0dda0: c0c5 f5ef | c9c5 fdef | c044 8bc0 | eb30 498b | e98b 4108 | 48bb 8830 | 0f00 0100 | 0000 4833 
  0x0000020687b0ddc0: ff48 8d3c | c748 8b7f | 3848 3bfb | 7510 0fb7 | 5d14 0fb7 | 7914 3bfb | 0f84 b900 | 0000 6690 
  0x0000020687b0dde0: 4585 c075 | 2dba 45ff | ffff 498b | e94c 891c | 2444 8954 | 2408 4489 | 4424 0c90 | c5f8 77e8 
  0x0000020687b0de00: 7cf8 53f8 | 8b5d 104c | 8bdd 4c8b | c34d 3bc1 | 7538 458b | 5314 498b | c2eb 1945 | 8b5b 1849 
  0x0000020687b0de20: 8b8f 2001 | 0000 8501 | 4585 db74 | 05e9 09fe | ffff 33c0 | c5f8 7748 | 83c4 405d | 493b a718 
  0x0000020687b0de40: 0100 000f | 87c7 0100 | 00c3 4d85 | c90f 84f9 | 0000 004c | 895c 2410 | 4489 5424 | 084c 890c 
  0x0000020687b0de60: 2449 8bd1 | 6690 c5f8 | 7748 b800 | f786 9406 | 0200 00e8 | 300d 54f8 | 85c0 660f | 1f44 0000 
  0x0000020687b0de80: 0f84 e200 | 0000 4c8b | 5c24 10eb | 8533 db45 | 33d2 e95e | fdff ff8b | 590c 8b55 | 0c66 6690 
  0x0000020687b0dea0: 3bda 0f85 | 36ff ffff | 0fb6 7916 | 0fb6 5d16 | 3bfb 0f85 | 26ff ffff | 8b49 108b | 7d10 6690 
  0x0000020687b0dec0: 3bcf 0f85 | 16ff ffff | 41b8 0100 | 0000 e90b | ffff ff89 | 5c24 0c4c | 890c 2449 | 8beb 4489 
  0x0000020687b0dee0: 5c24 0849 | 8bd1 c5f8 | 7748 b8ff | ffff ffff | ffff ffe8 | 983e 5ff8 | 4c8b 0c24 | 448b 5c24 
  0x0000020687b0df00: 088b 5c24 | 0ce9 defc | ffff 33c0 | e998 feff | ff33 c0e9 | 91fe ffff | ba45 ffff | ff49 8be8 
  0x0000020687b0df20: 4489 1c24 | 895c 2408 | c5f8 77e8 | 50f7 53f8 | ba45 ffff | ff4c 890c | 2444 8944 | 2408 4489 
  0x0000020687b0df40: 5424 0c90 | c5f8 77e8 | 34f7 53f8 | ba45 ffff | ff44 8954 | 2408 895c | 240c 4c89 | 4c24 1090 
  0x0000020687b0df60: c5f8 77e8 | 18f7 53f8 | ba45 ffff | ff89 4424 | 0c66 6690 | c5f8 77e8 | 04f7 53f8 | bac6 ffff 
  0x0000020687b0df80: ff4c 891c | 2444 8954 | 2408 4c89 | 4c24 1089 | 4c24 0c90 | c5f8 77e8 | e4f6 53f8 | ba45 ffff 
  0x0000020687b0dfa0: ff4c 891c | 2444 8954 | 2408 4889 | 7c24 1848 | 894c 2420 | 4489 4424 | 0c66 6690 | c5f8 77e8 
  0x0000020687b0dfc0: bcf6 53f8 | 488b d0eb | 0348 8bd0 | c5f8 7748 | 83c4 405d | e927 e45e | f8ba f4ff | ffff 4c89 
  0x0000020687b0dfe0: 1c24 4489 | 5424 0890 | c5f8 77e8 | 90f6 53f8 | ba45 ffff | ff4c 891c | 2444 8954 | 2408 4c89 
  0x0000020687b0e000: 4c24 1089 | 4c24 0c90 | c5f8 77e8 | 70f6 53f8 | 49ba 3cde | b087 0602 | 0000 4d89 | 9790 0300 
  0x0000020687b0e020: 00e9 da02 | 54f8 f4f4 | f4f4 f4f4 | f4f4 f4f4 | f4f4 f4f4 | f4f4 f4f4 | f4f4 f4f4 | f4f4 f4f4 
  0x0000020687b0e040: e9bb 6a5e | f8e8 0000 | 0000 4883 | 2c24 05e9 | ccf9 53f8 | f4f4 f4f4 
[/MachCode]
--------------------------------------------------------------------------------


---------------  P R O C E S S  ---------------

Threads class SMR info:
_java_thread_list=0x00000206948742b0, length=17, elements={
0x00000206f790b690, 0x00000206ffeab410, 0x00000206ffeac550, 0x00000206ffed7f30,
0x00000206ffed9e00, 0x00000206ffedb1a0, 0x000002069181dfb0, 0x0000020691821b40,
0x0000020691822d20, 0x0000020691834720, 0x00000206918204e0, 0x000002069181fa40,
0x000002069181d510, 0x000002069181efa0, 0x000002069181da60, 0x000002069181e500,
0x000002069181ea50
}

Java Threads: ( => current thread )
  0x00000206f790b690 JavaThread "Unknown thread" [_thread_in_vm, id=14004, stack(0x000000303e300000,0x000000303e400000)]
  0x00000206ffeab410 JavaThread "Unknown thread" [_thread_blocked, id=13720, stack(0x000000303ea00000,0x000000303eb00000)]
  0x00000206ffeac550 JavaThread "Unknown thread" [_thread_blocked, id=3012, stack(0x000000303eb00000,0x000000303ec00000)]
  0x00000206ffed7f30 JavaThread "Unknown thread" [_thread_blocked, id=8044, stack(0x000000303ec00000,0x000000303ed00000)]
  0x00000206ffed9e00 JavaThread "Unknown thread" [_thread_blocked, id=13588, stack(0x000000303ed00000,0x000000303ee00000)]
  0x00000206ffedb1a0 JavaThread "Unknown thread" [_thread_blocked, id=8652, stack(0x000000303ee00000,0x000000303ef00000)]
  0x000002069181dfb0 JavaThread "Unknown thread" [_thread_blocked, id=18096, stack(0x000000303ef00000,0x000000303f000000)]
  0x0000020691821b40 JavaThread "Unknown thread" [_thread_blocked, id=6056, stack(0x000000303f000000,0x000000303f100000)]
  0x0000020691822d20 JavaThread "Unknown thread" [_thread_blocked, id=144, stack(0x000000303f100000,0x000000303f200000)]
  0x0000020691834720 JavaThread "Unknown thread" [_thread_blocked, id=9340, stack(0x000000303f200000,0x000000303f300000)]
  0x00000206918204e0 JavaThread "Unknown thread" [_thread_blocked, id=14312, stack(0x000000303f300000,0x000000303f400000)]
  0x000002069181fa40 JavaThread "Unknown thread" [_thread_blocked, id=13624, stack(0x000000303f500000,0x000000303f600000)]
  0x000002069181d510 JavaThread "Unknown thread" [_thread_blocked, id=6244, stack(0x000000303f600000,0x000000303f700000)]
  0x000002069181efa0 JavaThread "Unknown thread" [_thread_blocked, id=16260, stack(0x000000303f700000,0x000000303f800000)]
  0x000002069181da60 JavaThread "Unknown thread" [_thread_in_Java, id=13380, stack(0x000000303f800000,0x000000303f900000)]
=>0x000002069181e500 JavaThread "Unknown thread" [_thread_in_Java, id=10008, stack(0x000000303f900000,0x000000303fa00000)]
  0x000002069181ea50 JavaThread "TimerQueue" daemon [_thread_blocked, id=17136, stack(0x000000303fe00000,0x000000303ff00000)]

Other Threads:
  0x00000206ffe4d240 VMThread "VM Thread" [stack: 0x000000303e900000,0x000000303ea00000] [id=2980]
  0x0000020691982160 WatcherThread [stack: 0x000000303f400000,0x000000303f500000] [id=6556]
  0x00000206f7948530 GCTaskThread "GC Thread#0" [stack: 0x000000303e400000,0x000000303e500000] [id=17256]
  0x00000206f795aa20 ConcurrentGCThread "G1 Main Marker" [stack: 0x000000303e500000,0x000000303e600000] [id=8248]
  0x00000206f795b490 ConcurrentGCThread "G1 Conc#0" [stack: 0x000000303e600000,0x000000303e700000] [id=6900]
  0x00000206f79d5bb0 ConcurrentGCThread "G1 Refine#0" [stack: 0x000000303e700000,0x000000303e800000] [id=3104]
  0x00000206f79d6630 ConcurrentGCThread "G1 Service" [stack: 0x000000303e800000,0x000000303e900000] [id=10052]

Threads with active compile tasks:

VM state: not at safepoint (normal execution)

VM Mutex/Monitor currently owned by a thread: None

Heap address: 0x0000000081800000, size: 2024 MB, Compressed Oops mode: 32-bit

CDS disabled.
Compressed class space mapped at: 0x0000000100000000-0x0000000140000000, reserved size: 1073741824
Narrow klass base: 0x0000000000000000, Narrow klass shift: 3, Narrow klass range: 0x140000000

GC Precious Log:
 CPUs: 4 total, 4 available
 Memory: 8090M
 Large Page Support: Disabled
 NUMA Support: Disabled
 Compressed Oops: Enabled (32-bit)
 Heap Region Size: 1M
 Heap Min Capacity: 8M
 Heap Initial Capacity: 128M
 Heap Max Capacity: 2024M
 Pre-touch: Disabled
 Parallel Workers: 4
 Concurrent Workers: 1
 Concurrent Refinement Workers: 4
 Periodic GC: Disabled

Heap:
 garbage-first heap   total 131072K, used 14336K [0x0000000081800000, 0x0000000100000000)
  region size 1024K, 7 young (7168K), 0 survivors (0K)
 Metaspace       used 15982K, committed 16128K, reserved 1064960K
  class space    used 1643K, committed 1728K, reserved 1048576K

Heap Regions: E=young(eden), S=young(survivor), O=old, HS=humongous(starts), HC=humongous(continues), CS=collection set, F=free, OA=open archive, CA=closed archive, TAMS=top-at-mark-start (previous, next)
|   0|0x0000000081800000, 0x0000000081900000, 0x0000000081900000|100%|HS|  |TAMS 0x0000000081800000, 0x0000000081800000| Complete 
|   1|0x0000000081900000, 0x0000000081a00000, 0x0000000081a00000|100%|HS|  |TAMS 0x0000000081900000, 0x0000000081900000| Complete 
|   2|0x0000000081a00000, 0x0000000081b00000, 0x0000000081b00000|100%|HS|  |TAMS 0x0000000081a00000, 0x0000000081a00000| Complete 
|   3|0x0000000081b00000, 0x0000000081c00000, 0x0000000081c00000|100%|HC|  |TAMS 0x0000000081b00000, 0x0000000081b00000| Complete 
|   4|0x0000000081c00000, 0x0000000081d00000, 0x0000000081d00000|100%|HC|  |TAMS 0x0000000081c00000, 0x0000000081c00000| Complete 
|   5|0x0000000081d00000, 0x0000000081e00000, 0x0000000081e00000|100%|HC|  |TAMS 0x0000000081d00000, 0x0000000081d00000| Complete 
|   6|0x0000000081e00000, 0x0000000081f00000, 0x0000000081f00000|100%|HC|  |TAMS 0x0000000081e00000, 0x0000000081e00000| Complete 
|   7|0x0000000081f00000, 0x0000000082000000, 0x0000000082000000|100%|HS|  |TAMS 0x0000000081f00000, 0x0000000081f00000| Complete 
|   8|0x0000000082000000, 0x0000000082000000, 0x0000000082100000|  0%| F|  |TAMS 0x0000000082000000, 0x0000000082000000| Untracked 
|   9|0x0000000082100000, 0x0000000082100000, 0x0000000082200000|  0%| F|  |TAMS 0x0000000082100000, 0x0000000082100000| Untracked 
|  10|0x0000000082200000, 0x0000000082200000, 0x0000000082300000|  0%| F|  |TAMS 0x0000000082200000, 0x0000000082200000| Untracked 
|  11|0x0000000082300000, 0x0000000082300000, 0x0000000082400000|  0%| F|  |TAMS 0x0000000082300000, 0x0000000082300000| Untracked 
|  12|0x0000000082400000, 0x0000000082400000, 0x0000000082500000|  0%| F|  |TAMS 0x0000000082400000, 0x0000000082400000| Untracked 
|  13|0x0000000082500000, 0x0000000082500000, 0x0000000082600000|  0%| F|  |TAMS 0x0000000082500000, 0x0000000082500000| Untracked 
|  14|0x0000000082600000, 0x0000000082600000, 0x0000000082700000|  0%| F|  |TAMS 0x0000000082600000, 0x0000000082600000| Untracked 
|  15|0x0000000082700000, 0x0000000082700000, 0x0000000082800000|  0%| F|  |TAMS 0x0000000082700000, 0x0000000082700000| Untracked 
|  16|0x0000000082800000, 0x0000000082800000, 0x0000000082900000|  0%| F|  |TAMS 0x0000000082800000, 0x0000000082800000| Untracked 
|  17|0x0000000082900000, 0x0000000082900000, 0x0000000082a00000|  0%| F|  |TAMS 0x0000000082900000, 0x0000000082900000| Untracked 
|  18|0x0000000082a00000, 0x0000000082a00000, 0x0000000082b00000|  0%| F|  |TAMS 0x0000000082a00000, 0x0000000082a00000| Untracked 
|  19|0x0000000082b00000, 0x0000000082b00000, 0x0000000082c00000|  0%| F|  |TAMS 0x0000000082b00000, 0x0000000082b00000| Untracked 
|  20|0x0000000082c00000, 0x0000000082c00000, 0x0000000082d00000|  0%| F|  |TAMS 0x0000000082c00000, 0x0000000082c00000| Untracked 
|  21|0x0000000082d00000, 0x0000000082d00000, 0x0000000082e00000|  0%| F|  |TAMS 0x0000000082d00000, 0x0000000082d00000| Untracked 
|  22|0x0000000082e00000, 0x0000000082e00000, 0x0000000082f00000|  0%| F|  |TAMS 0x0000000082e00000, 0x0000000082e00000| Untracked 
|  23|0x0000000082f00000, 0x0000000082f00000, 0x0000000083000000|  0%| F|  |TAMS 0x0000000082f00000, 0x0000000082f00000| Untracked 
|  24|0x0000000083000000, 0x0000000083000000, 0x0000000083100000|  0%| F|  |TAMS 0x0000000083000000, 0x0000000083000000| Untracked 
|  25|0x0000000083100000, 0x0000000083100000, 0x0000000083200000|  0%| F|  |TAMS 0x0000000083100000, 0x0000000083100000| Untracked 
|  26|0x0000000083200000, 0x0000000083200000, 0x0000000083300000|  0%| F|  |TAMS 0x0000000083200000, 0x0000000083200000| Untracked 
|  27|0x0000000083300000, 0x0000000083300000, 0x0000000083400000|  0%| F|  |TAMS 0x0000000083300000, 0x0000000083300000| Untracked 
|  28|0x0000000083400000, 0x0000000083400000, 0x0000000083500000|  0%| F|  |TAMS 0x0000000083400000, 0x0000000083400000| Untracked 
|  29|0x0000000083500000, 0x0000000083500000, 0x0000000083600000|  0%| F|  |TAMS 0x0000000083500000, 0x0000000083500000| Untracked 
|  30|0x0000000083600000, 0x0000000083600000, 0x0000000083700000|  0%| F|  |TAMS 0x0000000083600000, 0x0000000083600000| Untracked 
|  31|0x0000000083700000, 0x0000000083700000, 0x0000000083800000|  0%| F|  |TAMS 0x0000000083700000, 0x0000000083700000| Untracked 
|  32|0x0000000083800000, 0x0000000083800000, 0x0000000083900000|  0%| F|  |TAMS 0x0000000083800000, 0x0000000083800000| Untracked 
|  33|0x0000000083900000, 0x0000000083900000, 0x0000000083a00000|  0%| F|  |TAMS 0x0000000083900000, 0x0000000083900000| Untracked 
|  34|0x0000000083a00000, 0x0000000083a00000, 0x0000000083b00000|  0%| F|  |TAMS 0x0000000083a00000, 0x0000000083a00000| Untracked 
|  35|0x0000000083b00000, 0x0000000083b00000, 0x0000000083c00000|  0%| F|  |TAMS 0x0000000083b00000, 0x0000000083b00000| Untracked 
|  36|0x0000000083c00000, 0x0000000083c00000, 0x0000000083d00000|  0%| F|  |TAMS 0x0000000083c00000, 0x0000000083c00000| Untracked 
|  37|0x0000000083d00000, 0x0000000083d00000, 0x0000000083e00000|  0%| F|  |TAMS 0x0000000083d00000, 0x0000000083d00000| Untracked 
|  38|0x0000000083e00000, 0x0000000083e00000, 0x0000000083f00000|  0%| F|  |TAMS 0x0000000083e00000, 0x0000000083e00000| Untracked 
|  39|0x0000000083f00000, 0x0000000083f00000, 0x0000000084000000|  0%| F|  |TAMS 0x0000000083f00000, 0x0000000083f00000| Untracked 
|  40|0x0000000084000000, 0x0000000084000000, 0x0000000084100000|  0%| F|  |TAMS 0x0000000084000000, 0x0000000084000000| Untracked 
|  41|0x0000000084100000, 0x0000000084100000, 0x0000000084200000|  0%| F|  |TAMS 0x0000000084100000, 0x0000000084100000| Untracked 
|  42|0x0000000084200000, 0x0000000084200000, 0x0000000084300000|  0%| F|  |TAMS 0x0000000084200000, 0x0000000084200000| Untracked 
|  43|0x0000000084300000, 0x0000000084300000, 0x0000000084400000|  0%| F|  |TAMS 0x0000000084300000, 0x0000000084300000| Untracked 
|  44|0x0000000084400000, 0x0000000084400000, 0x0000000084500000|  0%| F|  |TAMS 0x0000000084400000, 0x0000000084400000| Untracked 
|  45|0x0000000084500000, 0x0000000084500000, 0x0000000084600000|  0%| F|  |TAMS 0x0000000084500000, 0x0000000084500000| Untracked 
|  46|0x0000000084600000, 0x0000000084600000, 0x0000000084700000|  0%| F|  |TAMS 0x0000000084600000, 0x0000000084600000| Untracked 
|  47|0x0000000084700000, 0x0000000084700000, 0x0000000084800000|  0%| F|  |TAMS 0x0000000084700000, 0x0000000084700000| Untracked 
|  48|0x0000000084800000, 0x0000000084800000, 0x0000000084900000|  0%| F|  |TAMS 0x0000000084800000, 0x0000000084800000| Untracked 
|  49|0x0000000084900000, 0x0000000084900000, 0x0000000084a00000|  0%| F|  |TAMS 0x0000000084900000, 0x0000000084900000| Untracked 
|  50|0x0000000084a00000, 0x0000000084a00000, 0x0000000084b00000|  0%| F|  |TAMS 0x0000000084a00000, 0x0000000084a00000| Untracked 
|  51|0x0000000084b00000, 0x0000000084b00000, 0x0000000084c00000|  0%| F|  |TAMS 0x0000000084b00000, 0x0000000084b00000| Untracked 
|  52|0x0000000084c00000, 0x0000000084c00000, 0x0000000084d00000|  0%| F|  |TAMS 0x0000000084c00000, 0x0000000084c00000| Untracked 
|  53|0x0000000084d00000, 0x0000000084d00000, 0x0000000084e00000|  0%| F|  |TAMS 0x0000000084d00000, 0x0000000084d00000| Untracked 
|  54|0x0000000084e00000, 0x0000000084e00000, 0x0000000084f00000|  0%| F|  |TAMS 0x0000000084e00000, 0x0000000084e00000| Untracked 
|  55|0x0000000084f00000, 0x0000000084f00000, 0x0000000085000000|  0%| F|  |TAMS 0x0000000084f00000, 0x0000000084f00000| Untracked 
|  56|0x0000000085000000, 0x0000000085000000, 0x0000000085100000|  0%| F|  |TAMS 0x0000000085000000, 0x0000000085000000| Untracked 
|  57|0x0000000085100000, 0x0000000085100000, 0x0000000085200000|  0%| F|  |TAMS 0x0000000085100000, 0x0000000085100000| Untracked 
|  58|0x0000000085200000, 0x0000000085200000, 0x0000000085300000|  0%| F|  |TAMS 0x0000000085200000, 0x0000000085200000| Untracked 
|  59|0x0000000085300000, 0x0000000085300000, 0x0000000085400000|  0%| F|  |TAMS 0x0000000085300000, 0x0000000085300000| Untracked 
|  60|0x0000000085400000, 0x0000000085400000, 0x0000000085500000|  0%| F|  |TAMS 0x0000000085400000, 0x0000000085400000| Untracked 
|  61|0x0000000085500000, 0x0000000085500000, 0x0000000085600000|  0%| F|  |TAMS 0x0000000085500000, 0x0000000085500000| Untracked 
|  62|0x0000000085600000, 0x0000000085600000, 0x0000000085700000|  0%| F|  |TAMS 0x0000000085600000, 0x0000000085600000| Untracked 
|  63|0x0000000085700000, 0x0000000085700000, 0x0000000085800000|  0%| F|  |TAMS 0x0000000085700000, 0x0000000085700000| Untracked 
|  64|0x0000000085800000, 0x0000000085800000, 0x0000000085900000|  0%| F|  |TAMS 0x0000000085800000, 0x0000000085800000| Untracked 
|  65|0x0000000085900000, 0x0000000085900000, 0x0000000085a00000|  0%| F|  |TAMS 0x0000000085900000, 0x0000000085900000| Untracked 
|  66|0x0000000085a00000, 0x0000000085a00000, 0x0000000085b00000|  0%| F|  |TAMS 0x0000000085a00000, 0x0000000085a00000| Untracked 
|  67|0x0000000085b00000, 0x0000000085b00000, 0x0000000085c00000|  0%| F|  |TAMS 0x0000000085b00000, 0x0000000085b00000| Untracked 
|  68|0x0000000085c00000, 0x0000000085c00000, 0x0000000085d00000|  0%| F|  |TAMS 0x0000000085c00000, 0x0000000085c00000| Untracked 
|  69|0x0000000085d00000, 0x0000000085d00000, 0x0000000085e00000|  0%| F|  |TAMS 0x0000000085d00000, 0x0000000085d00000| Untracked 
|  70|0x0000000085e00000, 0x0000000085e00000, 0x0000000085f00000|  0%| F|  |TAMS 0x0000000085e00000, 0x0000000085e00000| Untracked 
|  71|0x0000000085f00000, 0x0000000085f00000, 0x0000000086000000|  0%| F|  |TAMS 0x0000000085f00000, 0x0000000085f00000| Untracked 
|  72|0x0000000086000000, 0x0000000086000000, 0x0000000086100000|  0%| F|  |TAMS 0x0000000086000000, 0x0000000086000000| Untracked 
|  73|0x0000000086100000, 0x0000000086100000, 0x0000000086200000|  0%| F|  |TAMS 0x0000000086100000, 0x0000000086100000| Untracked 
|  74|0x0000000086200000, 0x0000000086200000, 0x0000000086300000|  0%| F|  |TAMS 0x0000000086200000, 0x0000000086200000| Untracked 
|  75|0x0000000086300000, 0x0000000086300000, 0x0000000086400000|  0%| F|  |TAMS 0x0000000086300000, 0x0000000086300000| Untracked 
|  76|0x0000000086400000, 0x0000000086400000, 0x0000000086500000|  0%| F|  |TAMS 0x0000000086400000, 0x0000000086400000| Untracked 
|  77|0x0000000086500000, 0x0000000086500000, 0x0000000086600000|  0%| F|  |TAMS 0x0000000086500000, 0x0000000086500000| Untracked 
|  78|0x0000000086600000, 0x0000000086600000, 0x0000000086700000|  0%| F|  |TAMS 0x0000000086600000, 0x0000000086600000| Untracked 
|  79|0x0000000086700000, 0x0000000086700000, 0x0000000086800000|  0%| F|  |TAMS 0x0000000086700000, 0x0000000086700000| Untracked 
|  80|0x0000000086800000, 0x0000000086800000, 0x0000000086900000|  0%| F|  |TAMS 0x0000000086800000, 0x0000000086800000| Untracked 
|  81|0x0000000086900000, 0x0000000086900000, 0x0000000086a00000|  0%| F|  |TAMS 0x0000000086900000, 0x0000000086900000| Untracked 
|  82|0x0000000086a00000, 0x0000000086a00000, 0x0000000086b00000|  0%| F|  |TAMS 0x0000000086a00000, 0x0000000086a00000| Untracked 
|  83|0x0000000086b00000, 0x0000000086b00000, 0x0000000086c00000|  0%| F|  |TAMS 0x0000000086b00000, 0x0000000086b00000| Untracked 
|  84|0x0000000086c00000, 0x0000000086c00000, 0x0000000086d00000|  0%| F|  |TAMS 0x0000000086c00000, 0x0000000086c00000| Untracked 
|  85|0x0000000086d00000, 0x0000000086d00000, 0x0000000086e00000|  0%| F|  |TAMS 0x0000000086d00000, 0x0000000086d00000| Untracked 
|  86|0x0000000086e00000, 0x0000000086e00000, 0x0000000086f00000|  0%| F|  |TAMS 0x0000000086e00000, 0x0000000086e00000| Untracked 
|  87|0x0000000086f00000, 0x0000000086f00000, 0x0000000087000000|  0%| F|  |TAMS 0x0000000086f00000, 0x0000000086f00000| Untracked 
|  88|0x0000000087000000, 0x0000000087000000, 0x0000000087100000|  0%| F|  |TAMS 0x0000000087000000, 0x0000000087000000| Untracked 
|  89|0x0000000087100000, 0x0000000087100000, 0x0000000087200000|  0%| F|  |TAMS 0x0000000087100000, 0x0000000087100000| Untracked 
|  90|0x0000000087200000, 0x0000000087200000, 0x0000000087300000|  0%| F|  |TAMS 0x0000000087200000, 0x0000000087200000| Untracked 
|  91|0x0000000087300000, 0x0000000087300000, 0x0000000087400000|  0%| F|  |TAMS 0x0000000087300000, 0x0000000087300000| Untracked 
|  92|0x0000000087400000, 0x0000000087400000, 0x0000000087500000|  0%| F|  |TAMS 0x0000000087400000, 0x0000000087400000| Untracked 
|  93|0x0000000087500000, 0x0000000087500000, 0x0000000087600000|  0%| F|  |TAMS 0x0000000087500000, 0x0000000087500000| Untracked 
|  94|0x0000000087600000, 0x0000000087600000, 0x0000000087700000|  0%| F|  |TAMS 0x0000000087600000, 0x0000000087600000| Untracked 
|  95|0x0000000087700000, 0x0000000087700000, 0x0000000087800000|  0%| F|  |TAMS 0x0000000087700000, 0x0000000087700000| Untracked 
|  96|0x0000000087800000, 0x0000000087800000, 0x0000000087900000|  0%| F|  |TAMS 0x0000000087800000, 0x0000000087800000| Untracked 
|  97|0x0000000087900000, 0x0000000087900000, 0x0000000087a00000|  0%| F|  |TAMS 0x0000000087900000, 0x0000000087900000| Untracked 
|  98|0x0000000087a00000, 0x0000000087a00000, 0x0000000087b00000|  0%| F|  |TAMS 0x0000000087a00000, 0x0000000087a00000| Untracked 
|  99|0x0000000087b00000, 0x0000000087b00000, 0x0000000087c00000|  0%| F|  |TAMS 0x0000000087b00000, 0x0000000087b00000| Untracked 
| 100|0x0000000087c00000, 0x0000000087c00000, 0x0000000087d00000|  0%| F|  |TAMS 0x0000000087c00000, 0x0000000087c00000| Untracked 
| 101|0x0000000087d00000, 0x0000000087d00000, 0x0000000087e00000|  0%| F|  |TAMS 0x0000000087d00000, 0x0000000087d00000| Untracked 
| 102|0x0000000087e00000, 0x0000000087e00000, 0x0000000087f00000|  0%| F|  |TAMS 0x0000000087e00000, 0x0000000087e00000| Untracked 
| 103|0x0000000087f00000, 0x0000000087f00000, 0x0000000088000000|  0%| F|  |TAMS 0x0000000087f00000, 0x0000000087f00000| Untracked 
| 104|0x0000000088000000, 0x0000000088000000, 0x0000000088100000|  0%| F|  |TAMS 0x0000000088000000, 0x0000000088000000| Untracked 
| 105|0x0000000088100000, 0x0000000088100000, 0x0000000088200000|  0%| F|  |TAMS 0x0000000088100000, 0x0000000088100000| Untracked 
| 106|0x0000000088200000, 0x0000000088200000, 0x0000000088300000|  0%| F|  |TAMS 0x0000000088200000, 0x0000000088200000| Untracked 
| 107|0x0000000088300000, 0x0000000088300000, 0x0000000088400000|  0%| F|  |TAMS 0x0000000088300000, 0x0000000088300000| Untracked 
| 108|0x0000000088400000, 0x0000000088400000, 0x0000000088500000|  0%| F|  |TAMS 0x0000000088400000, 0x0000000088400000| Untracked 
| 109|0x0000000088500000, 0x0000000088500000, 0x0000000088600000|  0%| F|  |TAMS 0x0000000088500000, 0x0000000088500000| Untracked 
| 110|0x0000000088600000, 0x0000000088600000, 0x0000000088700000|  0%| F|  |TAMS 0x0000000088600000, 0x0000000088600000| Untracked 
| 111|0x0000000088700000, 0x0000000088700000, 0x0000000088800000|  0%| F|  |TAMS 0x0000000088700000, 0x0000000088700000| Untracked 
| 112|0x0000000088800000, 0x0000000088800000, 0x0000000088900000|  0%| F|  |TAMS 0x0000000088800000, 0x0000000088800000| Untracked 
| 113|0x0000000088900000, 0x0000000088900000, 0x0000000088a00000|  0%| F|  |TAMS 0x0000000088900000, 0x0000000088900000| Untracked 
| 114|0x0000000088a00000, 0x0000000088a00000, 0x0000000088b00000|  0%| F|  |TAMS 0x0000000088a00000, 0x0000000088a00000| Untracked 
| 115|0x0000000088b00000, 0x0000000088b00000, 0x0000000088c00000|  0%| F|  |TAMS 0x0000000088b00000, 0x0000000088b00000| Untracked 
| 116|0x0000000088c00000, 0x0000000088c00000, 0x0000000088d00000|  0%| F|  |TAMS 0x0000000088c00000, 0x0000000088c00000| Untracked 
| 117|0x0000000088d00000, 0x0000000088d00000, 0x0000000088e00000|  0%| F|  |TAMS 0x0000000088d00000, 0x0000000088d00000| Untracked 
| 118|0x0000000088e00000, 0x0000000088e00000, 0x0000000088f00000|  0%| F|  |TAMS 0x0000000088e00000, 0x0000000088e00000| Untracked 
| 119|0x0000000088f00000, 0x0000000088f00000, 0x0000000089000000|  0%| F|  |TAMS 0x0000000088f00000, 0x0000000088f00000| Untracked 
| 120|0x0000000089000000, 0x0000000089000000, 0x0000000089100000|  0%| F|  |TAMS 0x0000000089000000, 0x0000000089000000| Untracked 
| 121|0x0000000089100000, 0x00000000891caea0, 0x0000000089200000| 79%| E|  |TAMS 0x0000000089100000, 0x0000000089100000| Complete 
| 122|0x0000000089200000, 0x0000000089300000, 0x0000000089300000|100%| E|CS|TAMS 0x0000000089200000, 0x0000000089200000| Complete 
| 123|0x0000000089300000, 0x0000000089400000, 0x0000000089400000|100%| E|CS|TAMS 0x0000000089300000, 0x0000000089300000| Complete 
| 124|0x0000000089400000, 0x0000000089500000, 0x0000000089500000|100%| E|CS|TAMS 0x0000000089400000, 0x0000000089400000| Complete 
| 125|0x0000000089500000, 0x0000000089600000, 0x0000000089600000|100%| E|CS|TAMS 0x0000000089500000, 0x0000000089500000| Complete 
| 126|0x0000000089600000, 0x0000000089700000, 0x0000000089700000|100%| E|CS|TAMS 0x0000000089600000, 0x0000000089600000| Complete 
| 127|0x0000000089700000, 0x0000000089800000, 0x0000000089800000|100%| E|CS|TAMS 0x0000000089700000, 0x0000000089700000| Complete 

Card table byte_map: [0x00000206fb290000,0x00000206fb690000] _byte_map_base: 0x00000206fae84000

Marking Bits (Prev, Next): (CMBitMap*) 0x00000206f7949bb0, (CMBitMap*) 0x00000206f7949bf0
 Prev Bits: [0x00000206fba90000, 0x00000206fda30000)
 Next Bits: [0x00000206fda30000, 0x00000206ff9d0000)

Polling page: 0x00000206f5840000

Metaspace:

Usage:
  Non-class:     14.00 MB used.
      Class:      1.61 MB used.
       Both:     15.61 MB used.

Virtual space:
  Non-class space:       16.00 MB reserved,      14.06 MB ( 88%) committed,  2 nodes.
      Class space:        1.00 GB reserved,       1.69 MB ( <1%) committed,  1 nodes.
              Both:        1.02 GB reserved,      15.75 MB (  2%) committed. 

Chunk freelists:
   Non-Class:  1.00 MB
       Class:  2.24 MB
        Both:  3.24 MB

MaxMetaspaceSize: 17179869184.00 GB
CompressedClassSpaceSize: 1.00 GB
 - commit_granule_bytes: 65536.
 - commit_granule_words: 8192.
 - virtual_space_node_default_size: 1048576.
 - enlarge_chunks_in_place: 1.
 - new_chunks_are_fully_committed: 0.
 - uncommit_free_chunks: 1.
 - use_allocation_guard: 0.
 - handle_deallocations: 1.


Internal statistics:

num_allocs_failed_limit: 0.
num_arena_births: 112.
num_arena_deaths: 0.
num_vsnodes_births: 3.
num_vsnodes_deaths: 0.
num_space_committed: 252.
num_space_uncommitted: 0.
num_chunks_returned_to_freelist: 0.
num_chunks_taken_from_freelist: 174.
num_chunk_merges: 0.
num_chunk_splits: 93.
num_chunks_enlarged: 49.
num_purges: 0.

CodeHeap 'non-profiled nmethods': size=120000Kb used=254Kb max_used=254Kb free=119745Kb
 bounds [0x0000020687ad0000, 0x0000020687d40000, 0x000002068f000000]
CodeHeap 'profiled nmethods': size=120000Kb used=1351Kb max_used=1351Kb free=118648Kb
 bounds [0x00000206805a0000, 0x0000020680810000, 0x0000020687ad0000]
CodeHeap 'non-nmethods': size=5760Kb used=1276Kb max_used=1291Kb free=4483Kb
 bounds [0x0000020680000000, 0x0000020680270000, 0x00000206805a0000]
 total_blobs=1556 nmethods=957 adapters=512
 compilation: enabled
              stopped_count=0, restarted_count=0
 full_count=0

Compilation events (20 events):
Event: 1.951 Thread 0x0000020691821b40 nmethod 946 0x0000020687b0e790 code [0x0000020687b0e900, 0x0000020687b0e998]
Event: 1.955 Thread 0x0000020691822d20  947       3       sun.awt.SunHints$Value::get (8 bytes)
Event: 1.956 Thread 0x0000020691822d20 nmethod 947 0x00000206806eef90 code [0x00000206806ef140, 0x00000206806ef298]
Event: 1.956 Thread 0x0000020691822d20  949       3       java.util.ArrayList::<init> (12 bytes)
Event: 1.956 Thread 0x0000020691822d20 nmethod 949 0x00000206806ef390 code [0x00000206806ef540, 0x00000206806ef7d8]
Event: 1.956 Thread 0x0000020691822d20  948       1       java.awt.RenderingHints$Key::intKey (5 bytes)
Event: 1.956 Thread 0x0000020691822d20 nmethod 948 0x0000020687b0ea90 code [0x0000020687b0ec20, 0x0000020687b0ecf8]
Event: 2.059 Thread 0x0000020691822d20  950       3       java.awt.event.MouseEvent::getModifiersEx (29 bytes)
Event: 2.059 Thread 0x0000020691822d20 nmethod 950 0x00000206806ef910 code [0x00000206806efae0, 0x00000206806efef8]
Event: 2.059 Thread 0x0000020691822d20  952       3       java.awt.AWTEvent::<init> (81 bytes)
Event: 2.060 Thread 0x0000020691822d20 nmethod 952 0x00000206806f0090 code [0x00000206806f0260, 0x00000206806f06f8]
Event: 2.060 Thread 0x0000020691822d20  951       1       java.awt.event.InputEvent::getWhen (5 bytes)
Event: 2.060 Thread 0x0000020691822d20 nmethod 951 0x0000020687b0ed90 code [0x0000020687b0ef20, 0x0000020687b0eff8]
Event: 3.378 Thread 0x0000020691822d20  954       3       sun.awt.AWTAccessor::getEventQueueAccessor (15 bytes)
Event: 3.379 Thread 0x0000020691822d20 nmethod 954 0x00000206806f0890 code [0x00000206806f0a80, 0x00000206806f0e28]
Event: 3.648 Thread 0x0000020691822d20  955       1       javax.swing.text.CompositeView::getBottomInset (5 bytes)
Event: 3.648 Thread 0x0000020691822d20 nmethod 955 0x0000020687b0f490 code [0x0000020687b0f620, 0x0000020687b0f6f8]
Event: 3.648 Thread 0x0000020691822d20  956       1       java.awt.Component::isCoalescingEnabled (5 bytes)
Event: 3.648 Thread 0x0000020691822d20 nmethod 956 0x0000020687b0f790 code [0x0000020687b0f920, 0x0000020687b0f9f8]
Event: 3.648 Thread 0x0000020691822d20  957   !   3       java.awt.EventQueue::postEventPrivate (104 bytes)

GC Heap History (0 events):
No events

Deoptimization events (20 events):
Event: 0.793 Thread 0x00000206f790b690 DEOPT PACKING pc=0x0000020687aefcc4 sp=0x000000303e3fe6f0
Event: 0.793 Thread 0x00000206f790b690 DEOPT UNPACKING pc=0x000002068004d72e sp=0x000000303e3fe698 mode 2
Event: 0.917 Thread 0x00000206f790b690 DEOPT PACKING pc=0x00000206805b6ee7 sp=0x000000303e3fd180
Event: 0.917 Thread 0x00000206f790b690 DEOPT UNPACKING pc=0x000002068004dece sp=0x000000303e3fc5a0 mode 0
Event: 1.020 Thread 0x00000206f790b690 Uncommon trap: trap_request=0xffffffc6 fr.pc=0x0000020687afbc50 relative=0x0000000000000610
Event: 1.020 Thread 0x00000206f790b690 Uncommon trap: reason=bimorphic_or_optimized_type_check action=maybe_recompile pc=0x0000020687afbc50 method=java.util.HashMap.getNode(Ljava/lang/Object;)Ljava/util/HashMap$Node; @ 63 c2
Event: 1.020 Thread 0x00000206f790b690 DEOPT PACKING pc=0x0000020687afbc50 sp=0x000000303e3fe160
Event: 1.020 Thread 0x00000206f790b690 DEOPT UNPACKING pc=0x000002068004d72e sp=0x000000303e3fe0d8 mode 2
Event: 1.020 Thread 0x00000206f790b690 Uncommon trap: trap_request=0xffffffc6 fr.pc=0x0000020687afbc50 relative=0x0000000000000610
Event: 1.020 Thread 0x00000206f790b690 Uncommon trap: reason=bimorphic_or_optimized_type_check action=maybe_recompile pc=0x0000020687afbc50 method=java.util.HashMap.getNode(Ljava/lang/Object;)Ljava/util/HashMap$Node; @ 63 c2
Event: 1.020 Thread 0x00000206f790b690 DEOPT PACKING pc=0x0000020687afbc50 sp=0x000000303e3fe160
Event: 1.020 Thread 0x00000206f790b690 DEOPT UNPACKING pc=0x000002068004d72e sp=0x000000303e3fe0d8 mode 2
Event: 1.020 Thread 0x00000206f790b690 Uncommon trap: trap_request=0xffffffc6 fr.pc=0x0000020687afbc50 relative=0x0000000000000610
Event: 1.020 Thread 0x00000206f790b690 Uncommon trap: reason=bimorphic_or_optimized_type_check action=maybe_recompile pc=0x0000020687afbc50 method=java.util.HashMap.getNode(Ljava/lang/Object;)Ljava/util/HashMap$Node; @ 63 c2
Event: 1.021 Thread 0x00000206f790b690 DEOPT PACKING pc=0x0000020687afbc50 sp=0x000000303e3fe200
Event: 1.021 Thread 0x00000206f790b690 DEOPT UNPACKING pc=0x000002068004d72e sp=0x000000303e3fe178 mode 2
Event: 1.021 Thread 0x00000206f790b690 Uncommon trap: trap_request=0xffffffc6 fr.pc=0x0000020687afbc50 relative=0x0000000000000610
Event: 1.021 Thread 0x00000206f790b690 Uncommon trap: reason=bimorphic_or_optimized_type_check action=maybe_recompile pc=0x0000020687afbc50 method=java.util.HashMap.getNode(Ljava/lang/Object;)Ljava/util/HashMap$Node; @ 63 c2
Event: 1.021 Thread 0x00000206f790b690 DEOPT PACKING pc=0x0000020687afbc50 sp=0x000000303e3fe200
Event: 1.021 Thread 0x00000206f790b690 DEOPT UNPACKING pc=0x000002068004d72e sp=0x000000303e3fe178 mode 2

Classes unloaded (0 events):
No events

Classes redefined (0 events):
No events

Internal exceptions (14 events):
Event: 0.272 Thread 0x00000206f790b690 Exception <a 'java/lang/NoSuchMethodError'{0x000000008962c6d0}: 'void java.lang.invoke.DirectMethodHandle$Holder.invokeSpecial(java.lang.Object, java.lang.Object, java.lang.Object)'> (0x000000008962c6d0) 
thrown [t:\workspace\open\src\hotspot\share\interpreter\linkResolver.cpp, line 790]
Event: 0.313 Thread 0x00000206f790b690 Exception <a 'java/lang/ClassNotFoundException'{0x0000000089656690}: sun/awt/resources/spi/awtProvider> (0x0000000089656690) 
thrown [t:\workspace\open\src\hotspot\share\classfile\systemDictionary.cpp, line 256]
Event: 0.386 Thread 0x00000206f790b690 Exception <a 'java/io/FileNotFoundException'{0x00000000896b3208}> (0x00000000896b3208) 
thrown [t:\workspace\open\src\hotspot\share\prims\jni.cpp, line 579]
Event: 0.409 Thread 0x00000206f790b690 Exception <a 'java/io/FileNotFoundException'{0x00000000896e1ec8}> (0x00000000896e1ec8) 
thrown [t:\workspace\open\src\hotspot\share\prims\jni.cpp, line 579]
Event: 0.410 Thread 0x00000206f790b690 Exception <a 'java/lang/NoSuchMethodError'{0x00000000896e35e8}: 'java.lang.Object java.lang.invoke.DirectMethodHandle$Holder.invokeStatic(java.lang.Object)'> (0x00000000896e35e8) 
thrown [t:\workspace\open\src\hotspot\share\interpreter\linkResolver.cpp, line 790]
Event: 0.551 Thread 0x00000206f790b690 Exception <a 'java/lang/NoSuchMethodError'{0x000000008958a2f0}: 'java.lang.Object java.lang.invoke.DirectMethodHandle$Holder.invokeStaticInit(java.lang.Object)'> (0x000000008958a2f0) 
thrown [t:\workspace\open\src\hotspot\share\interpreter\linkResolver.cpp, line 790]
Event: 0.658 Thread 0x00000206f790b690 Exception <a 'java/lang/NoSuchMethodError'{0x0000000089433808}: 'java.lang.Object java.lang.invoke.DirectMethodHandle$Holder.newInvokeSpecial(java.lang.Object, java.lang.Object, java.lang.Object, java.lang.Object, java.lang.Object)'> (0x0000000089433808) 
thrown [t:\workspace\open\src\hotspot\share\interpreter\linkResolver.cpp, line 790]
Event: 0.661 Thread 0x00000206f790b690 Exception <a 'java/lang/NoSuchMethodError'{0x000000008943f2f0}: 'java.lang.Object java.lang.invoke.DirectMethodHandle$Holder.invokeStatic(java.lang.Object, int, java.lang.Object, java.lang.Object, java.lang.Object, java.lang.Object)'> (0x000000008943f2f0) 
thrown [t:\workspace\open\src\hotspot\share\interpreter\linkResolver.cpp, line 790]
Event: 0.671 Thread 0x00000206f790b690 Exception <a 'java/lang/NoSuchMethodError'{0x0000000089465650}: 'java.lang.Object java.lang.invoke.DirectMethodHandle$Holder.invokeStatic(java.lang.Object, int, java.lang.Object)'> (0x0000000089465650) 
thrown [t:\workspace\open\src\hotspot\share\interpreter\linkResolver.cpp, line 790]
Event: 0.723 Thread 0x00000206f790b690 Exception <a 'java/lang/ClassNotFoundException'{0x000000008931dff0}: com/sun/swing/internal/plaf/metal/resources/spi/metalProvider> (0x000000008931dff0) 
thrown [t:\workspace\open\src\hotspot\share\classfile\systemDictionary.cpp, line 256]
Event: 0.726 Thread 0x00000206f790b690 Exception <a 'java/lang/ClassNotFoundException'{0x0000000089323ff8}: com/sun/swing/internal/plaf/basic/resources/spi/basicProvider> (0x0000000089323ff8) 
thrown [t:\workspace\open\src\hotspot\share\classfile\systemDictionary.cpp, line 256]
Event: 0.855 Thread 0x000002069181da60 Exception <a 'java/lang/NoSuchMethodError'{0x00000000895d79f0}: 'void java.lang.invoke.DirectMethodHandle$Holder.invokeVirtual(java.lang.Object, java.lang.Object)'> (0x00000000895d79f0) 
thrown [t:\workspace\open\src\hotspot\share\interpreter\linkResolver.cpp, line 790]
Event: 0.874 Thread 0x00000206f790b690 Exception <a 'java/lang/NoSuchMethodError'{0x000000008923ae58}: 'void java.lang.invoke.DirectMethodHandle$Holder.invokeStaticInit(java.lang.Object)'> (0x000000008923ae58) 
thrown [t:\workspace\open\src\hotspot\share\interpreter\linkResolver.cpp, line 790]
Event: 3.648 Thread 0x000002069181e500 Implicit null exception at 0x0000020687b0dbab to 0x0000000000000000

Events (20 events):
Event: 1.321 loading class java/time/temporal/TemporalAmount done
Event: 1.321 loading class java/time/Duration done
Event: 1.322 loading class java/math/BigInteger
Event: 1.324 loading class java/math/BigInteger done
Event: 2.193 Executing  VM operation: Cleanup
Event: 2.193 Executing  VM operation: Cleanup done
Event: 2.209 loading class javax/swing/Timer$1
Event: 2.209 loading class javax/swing/Timer$1 done
Event: 3.646 loading class java/io/StringReader
Event: 3.646 loading class java/io/Reader
Event: 3.647 loading class java/io/Reader done
Event: 3.647 loading class java/io/StringReader done
Event: 3.647 loading class javax/swing/text/GapContent$InsertUndo
Event: 3.647 loading class javax/swing/text/GapContent$InsertUndo done
Event: 3.647 loading class javax/swing/text/DefaultStyledDocument$ElementSpec
Event: 3.647 loading class javax/swing/text/DefaultStyledDocument$ElementSpec done
Event: 3.647 loading class javax/swing/text/DefaultStyledDocument$ElementBuffer$ElemChanges
Event: 3.647 loading class javax/swing/text/DefaultStyledDocument$ElementBuffer$ElemChanges done
Event: 3.647 loading class javax/swing/event/DocumentEvent$ElementChange
Event: 3.647 loading class javax/swing/event/DocumentEvent$ElementChange done


Dynamic libraries:
0x00007ff79e250000 - 0x00007ff79e25e000 	C:\Users\71041\.p2\pool\plugins\org.eclipse.justj.openjdk.hotspot.jre.full.win32.x86_64_16.0.2.v20210721-1149\jre\bin\javaw.exe
0x00007ff8802f0000 - 0x00007ff8804e5000 	C:\WINDOWS\SYSTEM32\ntdll.dll
0x00007ff8801f0000 - 0x00007ff8802ae000 	C:\WINDOWS\System32\KERNEL32.DLL
0x00007ff87da70000 - 0x00007ff87dd38000 	C:\WINDOWS\System32\KERNELBASE.dll
0x00007ff87dd40000 - 0x00007ff87de40000 	C:\WINDOWS\System32\ucrtbase.dll
0x00007ff877d00000 - 0x00007ff877d18000 	C:\Users\71041\.p2\pool\plugins\org.eclipse.justj.openjdk.hotspot.jre.full.win32.x86_64_16.0.2.v20210721-1149\jre\bin\jli.dll
0x00007ff87f0e0000 - 0x00007ff87f281000 	C:\WINDOWS\System32\USER32.dll
0x00007ff87e020000 - 0x00007ff87e042000 	C:\WINDOWS\System32\win32u.dll
0x00007ff87f790000 - 0x00007ff87f7bb000 	C:\WINDOWS\System32\GDI32.dll
0x00007ff87e050000 - 0x00007ff87e15b000 	C:\WINDOWS\System32\gdi32full.dll
0x00007ff87e2a0000 - 0x00007ff87e33d000 	C:\WINDOWS\System32\msvcp_win.dll
0x00007ff878970000 - 0x00007ff878989000 	C:\Users\71041\.p2\pool\plugins\org.eclipse.justj.openjdk.hotspot.jre.full.win32.x86_64_16.0.2.v20210721-1149\jre\bin\VCRUNTIME140.dll
0x00007ff868480000 - 0x00007ff86871a000 	C:\WINDOWS\WinSxS\amd64_microsoft.windows.common-controls_6595b64144ccf1df_6.0.19041.1110_none_60b5254171f9507e\COMCTL32.dll
0x00007ff87ef30000 - 0x00007ff87efce000 	C:\WINDOWS\System32\msvcrt.dll
0x00007ff87f760000 - 0x00007ff87f790000 	C:\WINDOWS\System32\IMM32.DLL
0x00007ff8789f0000 - 0x00007ff8789fc000 	C:\Users\71041\.p2\pool\plugins\org.eclipse.justj.openjdk.hotspot.jre.full.win32.x86_64_16.0.2.v20210721-1149\jre\bin\vcruntime140_1.dll
0x00007ff8562a0000 - 0x00007ff856331000 	C:\Users\71041\.p2\pool\plugins\org.eclipse.justj.openjdk.hotspot.jre.full.win32.x86_64_16.0.2.v20210721-1149\jre\bin\msvcp140.dll
0x00007ff82e6a0000 - 0x00007ff82f24b000 	C:\Users\71041\.p2\pool\plugins\org.eclipse.justj.openjdk.hotspot.jre.full.win32.x86_64_16.0.2.v20210721-1149\jre\bin\server\jvm.dll
0x00007ff87f290000 - 0x00007ff87f33c000 	C:\WINDOWS\System32\ADVAPI32.dll
0x00007ff87efd0000 - 0x00007ff87f06b000 	C:\WINDOWS\System32\sechost.dll
0x00007ff87fe00000 - 0x00007ff87ff2a000 	C:\WINDOWS\System32\RPCRT4.dll
0x00007ff87ea80000 - 0x00007ff87ea88000 	C:\WINDOWS\System32\PSAPI.DLL
0x00007ff864350000 - 0x00007ff864359000 	C:\WINDOWS\SYSTEM32\WSOCK32.dll
0x00007ff87f400000 - 0x00007ff87f46b000 	C:\WINDOWS\System32\WS2_32.dll
0x00007ff87d4e0000 - 0x00007ff87d4ea000 	C:\WINDOWS\SYSTEM32\VERSION.dll
0x00007ff8676f0000 - 0x00007ff867717000 	C:\WINDOWS\SYSTEM32\WINMM.dll
0x00007ff87c230000 - 0x00007ff87c242000 	C:\WINDOWS\SYSTEM32\kernel.appcore.dll
0x00007ff8674e0000 - 0x00007ff8674ea000 	C:\Users\71041\.p2\pool\plugins\org.eclipse.justj.openjdk.hotspot.jre.full.win32.x86_64_16.0.2.v20210721-1149\jre\bin\jimage.dll
0x00007ff87beb0000 - 0x00007ff87c094000 	C:\WINDOWS\SYSTEM32\DBGHELP.DLL
0x00007ff862fd0000 - 0x00007ff862ffc000 	C:\WINDOWS\SYSTEM32\dbgcore.DLL
0x00007ff87e160000 - 0x00007ff87e1e3000 	C:\WINDOWS\System32\bcryptPrimitives.dll
0x00007ff852760000 - 0x00007ff852785000 	C:\Users\71041\.p2\pool\plugins\org.eclipse.justj.openjdk.hotspot.jre.full.win32.x86_64_16.0.2.v20210721-1149\jre\bin\java.dll
0x00007ff862a90000 - 0x00007ff862aa8000 	C:\Users\71041\.p2\pool\plugins\org.eclipse.justj.openjdk.hotspot.jre.full.win32.x86_64_16.0.2.v20210721-1149\jre\bin\zip.dll
0x00007ff87e340000 - 0x00007ff87ea7f000 	C:\WINDOWS\System32\SHELL32.dll
0x00007ff87b650000 - 0x00007ff87bde0000 	C:\WINDOWS\SYSTEM32\windows.storage.dll
0x00007ff87eaf0000 - 0x00007ff87ee45000 	C:\WINDOWS\System32\combase.dll
0x00007ff87d240000 - 0x00007ff87d26e000 	C:\WINDOWS\SYSTEM32\Wldp.dll
0x00007ff87f350000 - 0x00007ff87f3fd000 	C:\WINDOWS\System32\SHCORE.dll
0x00007ff87ee50000 - 0x00007ff87eea5000 	C:\WINDOWS\System32\shlwapi.dll
0x00007ff87d950000 - 0x00007ff87d96f000 	C:\WINDOWS\SYSTEM32\profapi.dll
0x00007ff84bd50000 - 0x00007ff84bd69000 	C:\Users\71041\.p2\pool\plugins\org.eclipse.justj.openjdk.hotspot.jre.full.win32.x86_64_16.0.2.v20210721-1149\jre\bin\net.dll
0x00007ff875030000 - 0x00007ff87513c000 	C:\WINDOWS\SYSTEM32\WINHTTP.dll
0x00007ff87d020000 - 0x00007ff87d08a000 	C:\WINDOWS\system32\mswsock.dll
0x00007ff84bd30000 - 0x00007ff84bd43000 	C:\Users\71041\.p2\pool\plugins\org.eclipse.justj.openjdk.hotspot.jre.full.win32.x86_64_16.0.2.v20210721-1149\jre\bin\nio.dll
0x00007ff866e00000 - 0x00007ff866e10000 	C:\Users\71041\.p2\pool\plugins\org.eclipse.justj.openjdk.hotspot.jre.full.win32.x86_64_16.0.2.v20210721-1149\jre\bin\verify.dll
0x00007ff84ba00000 - 0x00007ff84bb7f000 	C:\Users\71041\.p2\pool\plugins\org.eclipse.justj.openjdk.hotspot.jre.full.win32.x86_64_16.0.2.v20210721-1149\jre\bin\awt.dll
0x00007ff87f690000 - 0x00007ff87f75d000 	C:\WINDOWS\System32\OLEAUT32.dll
0x00007ff87ae60000 - 0x00007ff87aef0000 	C:\WINDOWS\SYSTEM32\apphelp.dll
0x00007ff87b180000 - 0x00007ff87b1af000 	C:\WINDOWS\system32\DWMAPI.DLL
0x00007ff87af90000 - 0x00007ff87b02e000 	C:\WINDOWS\system32\uxtheme.dll
0x00007ff85eca0000 - 0x00007ff85edc5000 	C:\WINDOWS\system32\opengl32.dll
0x00007ff860550000 - 0x00007ff86057c000 	C:\WINDOWS\SYSTEM32\GLU32.dll
0x00007ff87f570000 - 0x00007ff87f685000 	C:\WINDOWS\System32\MSCTF.dll
0x00007ff87fcd0000 - 0x00007ff87fdfa000 	C:\WINDOWS\System32\ole32.dll
0x00007ff875fc0000 - 0x00007ff876049000 	C:\Users\71041\.p2\pool\plugins\org.eclipse.justj.openjdk.hotspot.jre.full.win32.x86_64_16.0.2.v20210721-1149\jre\bin\freetype.dll
0x00007ff869890000 - 0x00007ff869986000 	C:\Users\71041\.p2\pool\plugins\org.eclipse.justj.openjdk.hotspot.jre.full.win32.x86_64_16.0.2.v20210721-1149\jre\bin\harfbuzz.dll
0x00007ff877710000 - 0x00007ff877722000 	C:\Users\71041\.p2\pool\plugins\org.eclipse.justj.openjdk.hotspot.jre.full.win32.x86_64_16.0.2.v20210721-1149\jre\bin\fontmanager.dll
0x00007ff880140000 - 0x00007ff8801e9000 	C:\WINDOWS\System32\clbcatq.dll
0x00007ff86f1f0000 - 0x00007ff86f3a4000 	C:\WINDOWS\SYSTEM32\WindowsCodecs.dll
0x00007ff87dfa0000 - 0x00007ff87dfc7000 	C:\WINDOWS\System32\bcrypt.dll
0x00007ff855bb0000 - 0x00007ff855bee000 	C:\WINDOWS\system32\dataexchange.dll
0x00007ff87a110000 - 0x00007ff87a2f5000 	C:\WINDOWS\system32\dcomp.dll
0x00007ff879d60000 - 0x00007ff879fc4000 	C:\WINDOWS\system32\d3d11.dll
0x00007ff87c250000 - 0x00007ff87c344000 	C:\WINDOWS\system32\dxgi.dll
0x00007ff875470000 - 0x00007ff875671000 	C:\WINDOWS\system32\twinapi.appcore.dll
0x00007ff871b80000 - 0x00007ff871c79000 	C:\WINDOWS\SYSTEM32\textinputframework.dll
0x00007ff87ab40000 - 0x00007ff87ac32000 	C:\WINDOWS\System32\CoreMessaging.dll
0x00007ff87a7e0000 - 0x00007ff87ab3e000 	C:\WINDOWS\System32\CoreUIComponents.dll
0x00007ff87a680000 - 0x00007ff87a7d4000 	C:\WINDOWS\SYSTEM32\wintypes.dll
0x00007ff87c690000 - 0x00007ff87c6c3000 	C:\WINDOWS\SYSTEM32\ntmarta.dll
0x00007ff8775d0000 - 0x00007ff877609000 	D:\jdk\bin\jpcap.dll
0x0000000180000000 - 0x0000000180065000 	C:\WINDOWS\SYSTEM32\wpcap.dll
0x00007ff87cd30000 - 0x00007ff87cd6b000 	C:\WINDOWS\SYSTEM32\IPHLPAPI.DLL
0x0000020693c40000 - 0x0000020693c5f000 	C:\WINDOWS\SYSTEM32\packet.dll
0x00007ff87f340000 - 0x00007ff87f348000 	C:\WINDOWS\System32\NSI.dll
0x00007ff8744d0000 - 0x00007ff8744e7000 	C:\WINDOWS\SYSTEM32\dhcpcsvc6.DLL
0x00007ff8743d0000 - 0x00007ff8743ed000 	C:\WINDOWS\SYSTEM32\dhcpcsvc.DLL
0x00007ff87cd70000 - 0x00007ff87ce3b000 	C:\WINDOWS\SYSTEM32\DNSAPI.dll
0x00007ff84ddd0000 - 0x00007ff84dfd8000 	C:\WINDOWS\system32\SogouTSF.ime
0x00007ff86d310000 - 0x00007ff86d317000 	C:\WINDOWS\system32\MSIMG32.dll
0x00007ff84d4a0000 - 0x00007ff84ddcc000 	C:\WINDOWS\system32\SogouPy.ime
0x00007ff867680000 - 0x00007ff8676e6000 	C:\WINDOWS\SYSTEM32\OLEACC.dll
0x0000000010000000 - 0x00000000101c1000 	C:\Program Files (x86)\SogouInput\11.1.0.5032\Resource.dll
0x00007ff84be90000 - 0x00007ff84c0fa000 	C:\Program Files (x86)\SogouInput\Components\PicFace\1.1.0.1881\PicFace64.dll
0x00007ff87f470000 - 0x00007ff87f54a000 	C:\WINDOWS\System32\COMDLG32.dll
0x00007ff868c30000 - 0x00007ff868cdc000 	C:\WINDOWS\SYSTEM32\TextShaping.dll

dbghelp: loaded successfully - version: 4.0.5 - missing functions: none
symbol engine: initialized successfully - sym options: 0x614 - pdb path: .;C:\Users\71041\.p2\pool\plugins\org.eclipse.justj.openjdk.hotspot.jre.full.win32.x86_64_16.0.2.v20210721-1149\jre\bin;C:\WINDOWS\SYSTEM32;C:\WINDOWS\WinSxS\amd64_microsoft.windows.common-controls_6595b64144ccf1df_6.0.19041.1110_none_60b5254171f9507e;C:\Users\71041\.p2\pool\plugins\org.eclipse.justj.openjdk.hotspot.jre.full.win32.x86_64_16.0.2.v20210721-1149\jre\bin\server;D:\jdk\bin;C:\Program Files (x86)\SogouInput\11.1.0.5032;C:\Program Files (x86)\SogouInput\Components\PicFace\1.1.0.1881

VM Arguments:
jvm_args: -Dfile.encoding=GBK -XX:+ShowCodeDetailsInExceptionMessages 
java_command: control.SnifferDriver
java_class_path (initial): D:\5004\final_project\Network_Packet_Sniffer\bin;C:\Users\71041\Desktop\jpcap\jpcap.jar;C:\Users\71041\Downloads\jaxb-ri-2.3.1\jaxb-ri\mod\jaxb-api.jar
Launcher Type: SUN_STANDARD

[Global flags]
     intx CICompilerCount                          = 3                                         {product} {ergonomic}
     uint ConcGCThreads                            = 1                                         {product} {ergonomic}
     uint G1ConcRefinementThreads                  = 4                                         {product} {ergonomic}
   size_t G1HeapRegionSize                         = 1048576                                   {product} {ergonomic}
    uintx GCDrainStackTargetSize                   = 64                                        {product} {ergonomic}
   size_t InitialHeapSize                          = 134217728                                 {product} {ergonomic}
   size_t MarkStackSize                            = 4194304                                   {product} {ergonomic}
   size_t MaxHeapSize                              = 2122317824                                {product} {ergonomic}
   size_t MaxNewSize                               = 1272971264                                {product} {ergonomic}
   size_t MinHeapDeltaBytes                        = 1048576                                   {product} {ergonomic}
   size_t MinHeapSize                              = 8388608                                   {product} {ergonomic}
    uintx NonNMethodCodeHeapSize                   = 5832780                                {pd product} {ergonomic}
    uintx NonProfiledCodeHeapSize                  = 122912730                              {pd product} {ergonomic}
    uintx ProfiledCodeHeapSize                     = 122912730                              {pd product} {ergonomic}
    uintx ReservedCodeCacheSize                    = 251658240                              {pd product} {ergonomic}
     bool SegmentedCodeCache                       = true                                      {product} {ergonomic}
     bool ShowCodeDetailsInExceptionMessages       = true                                   {manageable} {command line}
   size_t SoftMaxHeapSize                          = 2122317824                             {manageable} {ergonomic}
     bool UseCompressedClassPointers               = true                           {product lp64_product} {ergonomic}
     bool UseCompressedOops                        = true                           {product lp64_product} {ergonomic}
     bool UseG1GC                                  = true                                      {product} {ergonomic}
     bool UseLargePagesIndividualAllocation        = false                                  {pd product} {ergonomic}

Logging:
Log output configuration:
 #0: stdout all=warning uptime,level,tags
 #1: stderr all=off uptime,level,tags

Environment Variables:
JAVA_HOME=D:\jdk
CLASSPATH=.;D:\jdk\lib\dt.jar;D:\jdk\lib\tools.jar;
PATH=C:/Users/71041/.p2/pool/plugins/org.eclipse.justj.openjdk.hotspot.jre.full.win32.x86_64_16.0.2.v20210721-1149/jre/bin/server;C:/Users/71041/.p2/pool/plugins/org.eclipse.justj.openjdk.hotspot.jre.full.win32.x86_64_16.0.2.v20210721-1149/jre/bin;D:\jdk\bin;D:\IntelliJ IDEA Community Edition 2021.2.1\bin;C:\Program Files\NVIDIA GPU Computing Toolkit\CUDA\v10.1\libnvvp;C:\WINDOWS\system32;C:\WINDOWS;C:\WINDOWS\System32\Wbem;C:\WINDOWS\System32\WindowsPowerShell\v1.0\;C:\Program Files (x86)\NVIDIA Corporation\PhysX\Common;C:\Program Files\NVIDIA Corporation\NVIDIA NvDLISR;D:\anaconda\Scripts;D:\anaconda;C:\WINDOWS\system32;C:\WINDOWS;C:\WINDOWS\System32\Wbem;C:\WINDOWS\System32\WindowsPowerShell\v1.0\;C:\WINDOWS\System32\OpenSSH\;D:\puuty\;C:\Program Files\Git\cmd;D:\jdk\bin;C:\Program Files\MySQL\MySQL Shell 8.0\bin\;C:\Users\71041\Anaconda3;C:\Users\71041\Anaconda3\Library\mingw-w64\bin;C:\Users\71041\Anaconda3\Library\usr\bin;C:\Users\71041\Anaconda3\Library\bin;C:\Users\71041\Anaconda3\Scripts;C:\Users\71041\AppData\Local\Microsoft\WindowsApps;E:\PyCharm Community Edition 2021.1.3\bin;?C:\Users\71041\anaconda3\Scripts;D:\IntelliJ IDEA Community Edition 2021.2.1\bin;D:\IntelliJ IDEA Community Edition 2021.2.1\bin;D:\latex\miktex\bin\x64\;C:\ProgramData\71041\atom\bin;D:\Hyper\resources\bin;C:\WINDOWS\system32;
USERNAME=71041
OS=Windows_NT
PROCESSOR_IDENTIFIER=Intel64 Family 6 Model 142 Stepping 9, GenuineIntel



---------------  S Y S T E M  ---------------

OS:
 Windows 10 , 64 bit Build 19041 (10.0.19041.1348)
OS uptime: 1 days 14:27 hours
Hyper-V role detected

CPU: total 4 (initial active 4) (2 cores per cpu, 2 threads per core) family 6 model 142 stepping 9 microcode 0xb4, cx8, cmov, fxsr, ht, mmx, 3dnowpref, sse, sse2, sse3, ssse3, sse4.1, sse4.2, popcnt, lzcnt, tsc, tscinvbit, avx, avx2, aes, erms, clmul, bmi1, bmi2, adx, fma, vzeroupper, clflush, clflushopt, hv

Memory: 4k page, system-wide physical 8090M (1738M free)
TotalPageFile size 16026M (AvailPageFile size 3758M)
current process WorkingSet (physical memory assigned to process): 89M, peak: 89M
current process commit charge ("private bytes"): 222M, peak: 225M

vm_info: OpenJDK 64-Bit Server VM (16.0.2+7-67) for windows-amd64 JRE (16.0.2+7-67), built on Jun  8 2021 23:21:43 by "mach5one" with MS VC++ 16.7 (VS2019)

END.
